[ 2016-10-07T11:28:21+08:00 ] 127.0.0.1 /
INFO: [ app_init ] --START--
INFO: Run Behavior\BuildLiteBehavior [ RunTime:0.000015s ]
INFO: [ app_init ] --END-- [ RunTime:0.000129s ]
INFO: [ app_begin ] --START--
INFO: Run Behavior\ReadHtmlCacheBehavior [ RunTime:0.000051s ]
INFO: [ app_begin ] --END-- [ RunTime:0.000084s ]
INFO: [ view_parse ] --START--
INFO: [ template_filter ] --START--
INFO: Run Behavior\ContentReplaceBehavior [ RunTime:0.000195s ]
INFO: [ template_filter ] --END-- [ RunTime:0.000239s ]
NOTIC: [8] Undefined index: is_login /var/www/shop/App/Runtime/Cache/Home/cab9ec1f0b89a360204f3694ccc01daa.php 第 28 行.
INFO: Run Behavior\ParseTemplateBehavior [ RunTime:0.034088s ]
INFO: [ view_parse ] --END-- [ RunTime:0.034118s ]
INFO: [ view_filter ] --START--
INFO: Run Behavior\WriteHtmlCacheBehavior [ RunTime:0.000037s ]
INFO: [ view_filter ] --END-- [ RunTime:0.000059s ]
INFO: [ app_end ] --START--
INFO: Run Behavior\ShowPageTraceBehavior [ RunTime:0.000036s ]
INFO: [ app_end ] --END-- [ RunTime:0.000063s ]

[ 2016-10-07T11:28:27+08:00 ] 127.0.0.1 /home/introduction?id=8&sn=1000011
INFO: [ app_init ] --START--
INFO: Run Behavior\BuildLiteBehavior [ RunTime:0.000009s ]
INFO: [ app_init ] --END-- [ RunTime:0.000062s ]
INFO: [ app_begin ] --START--
INFO: Run Behavior\ReadHtmlCacheBehavior [ RunTime:0.000028s ]
INFO: [ app_begin ] --END-- [ RunTime:0.000053s ]
NOTIC: [8] Use of undefined constant int - assumed 'int' /var/www/shop/App/Home/Controller/IntroductionController.class.php 第 6 行.
NOTIC: [8] Use of undefined constant int - assumed 'int' /var/www/shop/App/Home/Controller/IntroductionController.class.php 第 7 行.
SQL: SHOW COLUMNS FROM `think_goods` [ RunTime:0.0010s ]
SQL: SELECT * FROM `think_goods` WHERE `goods_id` = 8 LIMIT 1   [ RunTime:0.0006s ]
SQL: SHOW COLUMNS FROM `think_thumb` [ RunTime:0.0009s ]
SQL: SELECT * FROM `think_thumb` WHERE ( goods_sn=1000011 ) LIMIT 1   [ RunTime:0.0005s ]
INFO: [ view_parse ] --START--
INFO: [ template_filter ] --START--
INFO: Run Behavior\ContentReplaceBehavior [ RunTime:0.000100s ]
INFO: [ template_filter ] --END-- [ RunTime:0.000141s ]
INFO: Run Behavior\ParseTemplateBehavior [ RunTime:0.021288s ]
INFO: [ view_parse ] --END-- [ RunTime:0.021333s ]
INFO: [ view_filter ] --START--
INFO: Run Behavior\WriteHtmlCacheBehavior [ RunTime:0.000034s ]
INFO: [ view_filter ] --END-- [ RunTime:0.000055s ]
INFO: [ app_end ] --START--
INFO: Run Behavior\ShowPageTraceBehavior [ RunTime:0.000045s ]
INFO: [ app_end ] --END-- [ RunTime:0.000072s ]

[ 2016-10-07T11:29:29+08:00 ] 127.0.0.1 /home/introduction?id=8&sn=1000011
INFO: [ app_init ] --START--
INFO: Run Behavior\BuildLiteBehavior [ RunTime:0.000013s ]
INFO: [ app_init ] --END-- [ RunTime:0.000149s ]
INFO: [ app_begin ] --START--
INFO: Run Behavior\ReadHtmlCacheBehavior [ RunTime:0.000039s ]
INFO: [ app_begin ] --END-- [ RunTime:0.000076s ]
NOTIC: [8] Use of undefined constant int - assumed 'int' /var/www/shop/App/Home/Controller/IntroductionController.class.php 第 6 行.
NOTIC: [8] Use of undefined constant int - assumed 'int' /var/www/shop/App/Home/Controller/IntroductionController.class.php 第 7 行.
SQL: SHOW COLUMNS FROM `think_goods` [ RunTime:0.0006s ]
SQL: SELECT * FROM `think_goods` WHERE `goods_id` = 8 LIMIT 1   [ RunTime:0.0001s ]
SQL: SHOW COLUMNS FROM `think_thumb` [ RunTime:0.0005s ]
SQL: SELECT * FROM `think_thumb` WHERE ( goods_sn=1000011 ) LIMIT 1   [ RunTime:0.0001s ]
INFO: [ view_parse ] --START--
INFO: [ template_filter ] --START--
INFO: Run Behavior\ContentReplaceBehavior [ RunTime:0.000108s ]
INFO: [ template_filter ] --END-- [ RunTime:0.000160s ]
INFO: Run Behavior\ParseTemplateBehavior [ RunTime:0.023336s ]
INFO: [ view_parse ] --END-- [ RunTime:0.023396s ]
INFO: [ view_filter ] --START--
INFO: Run Behavior\WriteHtmlCacheBehavior [ RunTime:0.000042s ]
INFO: [ view_filter ] --END-- [ RunTime:0.000071s ]
INFO: [ app_end ] --START--
INFO: Run Behavior\ShowPageTraceBehavior [ RunTime:0.000037s ]
INFO: [ app_end ] --END-- [ RunTime:0.000070s ]

[ 2016-10-07T11:29:42+08:00 ] 127.0.0.1 /home/introduction?id=8&sn=1000011
INFO: [ app_init ] --START--
INFO: Run Behavior\BuildLiteBehavior [ RunTime:0.000018s ]
INFO: [ app_init ] --END-- [ RunTime:0.000132s ]
INFO: [ app_begin ] --START--
INFO: Run Behavior\ReadHtmlCacheBehavior [ RunTime:0.000063s ]
INFO: [ app_begin ] --END-- [ RunTime:0.000119s ]
NOTIC: [8] Use of undefined constant int - assumed 'int' /var/www/shop/App/Home/Controller/IntroductionController.class.php 第 6 行.
NOTIC: [8] Use of undefined constant int - assumed 'int' /var/www/shop/App/Home/Controller/IntroductionController.class.php 第 7 行.
SQL: SHOW COLUMNS FROM `think_goods` [ RunTime:0.0008s ]
SQL: SELECT * FROM `think_goods` WHERE `goods_id` = 8 LIMIT 1   [ RunTime:0.0002s ]
SQL: SHOW COLUMNS FROM `think_thumb` [ RunTime:0.0008s ]
SQL: SELECT * FROM `think_thumb` WHERE ( goods_sn=1000011 ) LIMIT 1   [ RunTime:0.0002s ]
INFO: [ view_parse ] --START--
INFO: [ template_filter ] --START--
INFO: Run Behavior\ContentReplaceBehavior [ RunTime:0.000106s ]
INFO: [ template_filter ] --END-- [ RunTime:0.000145s ]
INFO: Run Behavior\ParseTemplateBehavior [ RunTime:0.020214s ]
INFO: [ view_parse ] --END-- [ RunTime:0.020255s ]
INFO: [ view_filter ] --START--
INFO: Run Behavior\WriteHtmlCacheBehavior [ RunTime:0.000036s ]
INFO: [ view_filter ] --END-- [ RunTime:0.000056s ]
INFO: [ app_end ] --START--
INFO: Run Behavior\ShowPageTraceBehavior [ RunTime:0.000030s ]
INFO: [ app_end ] --END-- [ RunTime:0.000054s ]

[ 2016-10-07T11:30:09+08:00 ] 127.0.0.1 /home/introduction?id=8&sn=1000011
INFO: [ app_init ] --START--
INFO: Run Behavior\BuildLiteBehavior [ RunTime:0.000011s ]
INFO: [ app_init ] --END-- [ RunTime:0.000078s ]
INFO: [ app_begin ] --START--
INFO: Run Behavior\ReadHtmlCacheBehavior [ RunTime:0.000037s ]
INFO: [ app_begin ] --END-- [ RunTime:0.000070s ]
NOTIC: [8] Use of undefined constant int - assumed 'int' /var/www/shop/App/Home/Controller/IntroductionController.class.php 第 6 行.
NOTIC: [8] Use of undefined constant int - assumed 'int' /var/www/shop/App/Home/Controller/IntroductionController.class.php 第 7 行.
SQL: SHOW COLUMNS FROM `think_goods` [ RunTime:0.0006s ]
SQL: SELECT * FROM `think_goods` WHERE `goods_id` = 8 LIMIT 1   [ RunTime:0.0001s ]
SQL: SHOW COLUMNS FROM `think_thumb` [ RunTime:0.0006s ]
SQL: SELECT * FROM `think_thumb` WHERE ( goods_sn=1000011 ) LIMIT 1   [ RunTime:0.0001s ]
INFO: [ view_parse ] --START--
INFO: [ template_filter ] --START--
INFO: Run Behavior\ContentReplaceBehavior [ RunTime:0.000088s ]
INFO: [ template_filter ] --END-- [ RunTime:0.000128s ]
INFO: Run Behavior\ParseTemplateBehavior [ RunTime:0.020986s ]
INFO: [ view_parse ] --END-- [ RunTime:0.021022s ]
INFO: [ view_filter ] --START--
INFO: Run Behavior\WriteHtmlCacheBehavior [ RunTime:0.000037s ]
INFO: [ view_filter ] --END-- [ RunTime:0.000058s ]
INFO: [ app_end ] --START--
INFO: Run Behavior\ShowPageTraceBehavior [ RunTime:0.000031s ]
INFO: [ app_end ] --END-- [ RunTime:0.000057s ]

[ 2016-10-07T11:30:13+08:00 ] 127.0.0.1 /home/introduction?id=7&sn=1000001
INFO: [ app_init ] --START--
INFO: Run Behavior\BuildLiteBehavior [ RunTime:0.000019s ]
INFO: [ app_init ] --END-- [ RunTime:0.000136s ]
INFO: [ app_begin ] --START--
INFO: Run Behavior\ReadHtmlCacheBehavior [ RunTime:0.000098s ]
INFO: [ app_begin ] --END-- [ RunTime:0.000163s ]
NOTIC: [8] Use of undefined constant int - assumed 'int' /var/www/shop/App/Home/Controller/IntroductionController.class.php 第 6 行.
NOTIC: [8] Use of undefined constant int - assumed 'int' /var/www/shop/App/Home/Controller/IntroductionController.class.php 第 7 行.
SQL: SHOW COLUMNS FROM `think_goods` [ RunTime:0.0007s ]
SQL: SELECT * FROM `think_goods` WHERE `goods_id` = 7 LIMIT 1   [ RunTime:0.0003s ]
SQL: SHOW COLUMNS FROM `think_thumb` [ RunTime:0.0005s ]
SQL: SELECT * FROM `think_thumb` WHERE ( goods_sn=1000001 ) LIMIT 1   [ RunTime:0.0004s ]
INFO: [ view_parse ] --START--
INFO: [ template_filter ] --START--
INFO: Run Behavior\ContentReplaceBehavior [ RunTime:0.000092s ]
INFO: [ template_filter ] --END-- [ RunTime:0.000134s ]
INFO: Run Behavior\ParseTemplateBehavior [ RunTime:0.019565s ]
INFO: [ view_parse ] --END-- [ RunTime:0.019609s ]
INFO: [ view_filter ] --START--
INFO: Run Behavior\WriteHtmlCacheBehavior [ RunTime:0.000037s ]
INFO: [ view_filter ] --END-- [ RunTime:0.000058s ]
INFO: [ app_end ] --START--
INFO: Run Behavior\ShowPageTraceBehavior [ RunTime:0.000031s ]
INFO: [ app_end ] --END-- [ RunTime:0.000059s ]

[ 2016-10-07T11:30:21+08:00 ] 127.0.0.1 /home/introduction?id=7&sn=1000001
INFO: [ app_init ] --START--
INFO: Run Behavior\BuildLiteBehavior [ RunTime:0.000033s ]
INFO: [ app_init ] --END-- [ RunTime:0.000272s ]
INFO: [ app_begin ] --START--
INFO: Run Behavior\ReadHtmlCacheBehavior [ RunTime:0.000095s ]
INFO: [ app_begin ] --END-- [ RunTime:0.000169s ]
NOTIC: [8] Use of undefined constant int - assumed 'int' /var/www/shop/App/Home/Controller/IntroductionController.class.php 第 6 行.
NOTIC: [8] Use of undefined constant int - assumed 'int' /var/www/shop/App/Home/Controller/IntroductionController.class.php 第 7 行.
SQL: SHOW COLUMNS FROM `think_goods` [ RunTime:0.0010s ]
SQL: SELECT * FROM `think_goods` WHERE `goods_id` = 7 LIMIT 1   [ RunTime:0.0002s ]
SQL: SHOW COLUMNS FROM `think_thumb` [ RunTime:0.0008s ]
SQL: SELECT * FROM `think_thumb` WHERE ( goods_sn=1000001 ) LIMIT 1   [ RunTime:0.0002s ]
INFO: [ view_parse ] --START--
INFO: [ template_filter ] --START--
INFO: Run Behavior\ContentReplaceBehavior [ RunTime:0.000116s ]
INFO: [ template_filter ] --END-- [ RunTime:0.000160s ]
INFO: Run Behavior\ParseTemplateBehavior [ RunTime:0.020936s ]
INFO: [ view_parse ] --END-- [ RunTime:0.020985s ]
INFO: [ view_filter ] --START--
INFO: Run Behavior\WriteHtmlCacheBehavior [ RunTime:0.000040s ]
INFO: [ view_filter ] --END-- [ RunTime:0.000060s ]
INFO: [ app_end ] --START--
INFO: Run Behavior\ShowPageTraceBehavior [ RunTime:0.000037s ]
INFO: [ app_end ] --END-- [ RunTime:0.000064s ]

[ 2016-10-07T11:33:26+08:00 ] 127.0.0.1 /home/introduction?id=7&sn=1000001
INFO: [ app_init ] --START--
INFO: Run Behavior\BuildLiteBehavior [ RunTime:0.000021s ]
INFO: [ app_init ] --END-- [ RunTime:0.000144s ]
INFO: [ app_begin ] --START--
INFO: Run Behavior\ReadHtmlCacheBehavior [ RunTime:0.000062s ]
INFO: [ app_begin ] --END-- [ RunTime:0.000124s ]
NOTIC: [8] Use of undefined constant int - assumed 'int' /var/www/shop/App/Home/Controller/IntroductionController.class.php 第 6 行.
NOTIC: [8] Use of undefined constant int - assumed 'int' /var/www/shop/App/Home/Controller/IntroductionController.class.php 第 7 行.
SQL: SHOW COLUMNS FROM `think_goods` [ RunTime:0.0006s ]
SQL: SELECT * FROM `think_goods` WHERE `goods_id` = 7 LIMIT 1   [ RunTime:0.0001s ]
SQL: SHOW COLUMNS FROM `think_thumb` [ RunTime:0.0010s ]
SQL: SELECT * FROM `think_thumb` WHERE ( goods_sn=1000001 ) LIMIT 1   [ RunTime:0.0002s ]
INFO: [ view_parse ] --START--
INFO: [ template_filter ] --START--
INFO: Run Behavior\ContentReplaceBehavior [ RunTime:0.000120s ]
INFO: [ template_filter ] --END-- [ RunTime:0.000166s ]
INFO: Run Behavior\ParseTemplateBehavior [ RunTime:0.018388s ]
INFO: [ view_parse ] --END-- [ RunTime:0.018450s ]
INFO: [ view_filter ] --START--
INFO: Run Behavior\WriteHtmlCacheBehavior [ RunTime:0.000059s ]
INFO: [ view_filter ] --END-- [ RunTime:0.000090s ]
INFO: [ app_end ] --START--
INFO: Run Behavior\ShowPageTraceBehavior [ RunTime:0.000037s ]
INFO: [ app_end ] --END-- [ RunTime:0.000068s ]

[ 2016-10-07T11:33:34+08:00 ] 127.0.0.1 /home/introduction?id=7&sn=1000001
INFO: [ app_init ] --START--
INFO: Run Behavior\BuildLiteBehavior [ RunTime:0.000012s ]
INFO: [ app_init ] --END-- [ RunTime:0.000081s ]
INFO: [ app_begin ] --START--
INFO: Run Behavior\ReadHtmlCacheBehavior [ RunTime:0.000067s ]
INFO: [ app_begin ] --END-- [ RunTime:0.000129s ]
NOTIC: [8] Use of undefined constant int - assumed 'int' /var/www/shop/App/Home/Controller/IntroductionController.class.php 第 6 行.
NOTIC: [8] Use of undefined constant int - assumed 'int' /var/www/shop/App/Home/Controller/IntroductionController.class.php 第 7 行.
SQL: SHOW COLUMNS FROM `think_goods` [ RunTime:0.0009s ]
SQL: SELECT * FROM `think_goods` WHERE `goods_id` = 7 LIMIT 1   [ RunTime:0.0002s ]
SQL: SHOW COLUMNS FROM `think_thumb` [ RunTime:0.0008s ]
SQL: SELECT * FROM `think_thumb` WHERE ( goods_sn=1000001 ) LIMIT 1   [ RunTime:0.0002s ]
INFO: [ view_parse ] --START--
INFO: [ template_filter ] --START--
INFO: Run Behavior\ContentReplaceBehavior [ RunTime:0.000139s ]
INFO: [ template_filter ] --END-- [ RunTime:0.000207s ]
INFO: Run Behavior\ParseTemplateBehavior [ RunTime:0.020137s ]
INFO: [ view_parse ] --END-- [ RunTime:0.020192s ]
INFO: [ view_filter ] --START--
INFO: Run Behavior\WriteHtmlCacheBehavior [ RunTime:0.000051s ]
INFO: [ view_filter ] --END-- [ RunTime:0.000080s ]
INFO: [ app_end ] --START--
INFO: Run Behavior\ShowPageTraceBehavior [ RunTime:0.000042s ]
INFO: [ app_end ] --END-- [ RunTime:0.000077s ]

[ 2016-10-07T11:35:52+08:00 ] 127.0.0.1 /home/introduction?id=7&sn=1000001
INFO: [ app_init ] --START--
INFO: Run Behavior\BuildLiteBehavior [ RunTime:0.000015s ]
INFO: [ app_init ] --END-- [ RunTime:0.000110s ]
INFO: [ app_begin ] --START--
INFO: Run Behavior\ReadHtmlCacheBehavior [ RunTime:0.000063s ]
INFO: [ app_begin ] --END-- [ RunTime:0.000120s ]
NOTIC: [8] Use of undefined constant int - assumed 'int' /var/www/shop/App/Home/Controller/IntroductionController.class.php 第 6 行.
NOTIC: [8] Use of undefined constant int - assumed 'int' /var/www/shop/App/Home/Controller/IntroductionController.class.php 第 7 行.
SQL: SHOW COLUMNS FROM `think_goods` [ RunTime:0.0010s ]
SQL: SELECT * FROM `think_goods` WHERE `goods_id` = 7 LIMIT 1   [ RunTime:0.0001s ]
SQL: SHOW COLUMNS FROM `think_thumb` [ RunTime:0.0007s ]
SQL: SELECT * FROM `think_thumb` WHERE ( goods_sn=1000001 ) LIMIT 1   [ RunTime:0.0002s ]
INFO: [ view_parse ] --START--
INFO: [ template_filter ] --START--
INFO: Run Behavior\ContentReplaceBehavior [ RunTime:0.000090s ]
INFO: [ template_filter ] --END-- [ RunTime:0.000130s ]
INFO: Run Behavior\ParseTemplateBehavior [ RunTime:0.021007s ]
INFO: [ view_parse ] --END-- [ RunTime:0.021050s ]
INFO: [ view_filter ] --START--
INFO: Run Behavior\WriteHtmlCacheBehavior [ RunTime:0.000036s ]
INFO: [ view_filter ] --END-- [ RunTime:0.000057s ]
INFO: [ app_end ] --START--
INFO: Run Behavior\ShowPageTraceBehavior [ RunTime:0.000030s ]
INFO: [ app_end ] --END-- [ RunTime:0.000054s ]

