[ 2016-10-02T14:49:11+08:00 ] 127.0.0.1 /
INFO: [ app_init ] --START--
INFO: Run Behavior\BuildLiteBehavior [ RunTime:0.000015s ]
INFO: [ app_init ] --END-- [ RunTime:0.000106s ]
INFO: [ app_begin ] --START--
INFO: Run Behavior\ReadHtmlCacheBehavior [ RunTime:0.000062s ]
INFO: [ app_begin ] --END-- [ RunTime:0.000120s ]
INFO: [ view_parse ] --START--
INFO: [ template_filter ] --START--
INFO: Run Behavior\ContentReplaceBehavior [ RunTime:0.000228s ]
INFO: [ template_filter ] --END-- [ RunTime:0.000288s ]
NOTIC: [8] Undefined index: is_login /var/www/shop/App/Runtime/Cache/Home/cab9ec1f0b89a360204f3694ccc01daa.php 第 28 行.
INFO: Run Behavior\ParseTemplateBehavior [ RunTime:0.051977s ]
INFO: [ view_parse ] --END-- [ RunTime:0.052020s ]
INFO: [ view_filter ] --START--
INFO: Run Behavior\WriteHtmlCacheBehavior [ RunTime:0.000051s ]
INFO: [ view_filter ] --END-- [ RunTime:0.000082s ]
INFO: [ app_end ] --START--
INFO: Run Behavior\ShowPageTraceBehavior [ RunTime:0.000070s ]
INFO: [ app_end ] --END-- [ RunTime:0.000127s ]

[ 2016-10-02T14:49:14+08:00 ] 127.0.0.1 /home/login.html
INFO: [ app_init ] --START--
INFO: Run Behavior\BuildLiteBehavior [ RunTime:0.000017s ]
INFO: [ app_init ] --END-- [ RunTime:0.000140s ]
INFO: [ app_begin ] --START--
INFO: Run Behavior\ReadHtmlCacheBehavior [ RunTime:0.000054s ]
INFO: [ app_begin ] --END-- [ RunTime:0.000107s ]
INFO: [ view_parse ] --START--
INFO: [ template_filter ] --START--
INFO: Run Behavior\ContentReplaceBehavior [ RunTime:0.000060s ]
INFO: [ template_filter ] --END-- [ RunTime:0.000142s ]
INFO: Run Behavior\ParseTemplateBehavior [ RunTime:0.003530s ]
INFO: [ view_parse ] --END-- [ RunTime:0.003592s ]
INFO: [ view_filter ] --START--
INFO: Run Behavior\WriteHtmlCacheBehavior [ RunTime:0.000054s ]
INFO: [ view_filter ] --END-- [ RunTime:0.000090s ]
INFO: [ app_end ] --START--
INFO: Run Behavior\ShowPageTraceBehavior [ RunTime:0.000043s ]
INFO: [ app_end ] --END-- [ RunTime:0.000078s ]

[ 2016-10-02T14:49:20+08:00 ] 127.0.0.1 /index.php/Home/Login/login
INFO: [ app_init ] --START--
INFO: Run Behavior\BuildLiteBehavior [ RunTime:0.000018s ]
INFO: [ app_init ] --END-- [ RunTime:0.000128s ]
INFO: [ app_begin ] --START--
INFO: Run Behavior\ReadHtmlCacheBehavior [ RunTime:0.000046s ]
INFO: [ app_begin ] --END-- [ RunTime:0.000091s ]
SQL: SHOW COLUMNS FROM `think_user` [ RunTime:0.0007s ]
SQL: SELECT * FROM `think_user` WHERE `email` = 'penn' OR `account` = 'penn' LIMIT 1   [ RunTime:0.0003s ]

[ 2016-10-02T14:49:22+08:00 ] 127.0.0.1 /home/login
INFO: [ app_init ] --START--
INFO: Run Behavior\BuildLiteBehavior [ RunTime:0.000031s ]
INFO: [ app_init ] --END-- [ RunTime:0.000200s ]
INFO: [ app_begin ] --START--
INFO: Run Behavior\ReadHtmlCacheBehavior [ RunTime:0.000034s ]
INFO: [ app_begin ] --END-- [ RunTime:0.000067s ]
INFO: [ view_parse ] --START--
INFO: [ template_filter ] --START--
INFO: Run Behavior\ContentReplaceBehavior [ RunTime:0.000032s ]
INFO: [ template_filter ] --END-- [ RunTime:0.000086s ]
INFO: Run Behavior\ParseTemplateBehavior [ RunTime:0.003095s ]
INFO: [ view_parse ] --END-- [ RunTime:0.003132s ]
INFO: [ view_filter ] --START--
INFO: Run Behavior\WriteHtmlCacheBehavior [ RunTime:0.000045s ]
INFO: [ view_filter ] --END-- [ RunTime:0.000070s ]
INFO: [ app_end ] --START--
INFO: Run Behavior\ShowPageTraceBehavior [ RunTime:0.000031s ]
INFO: [ app_end ] --END-- [ RunTime:0.000056s ]

[ 2016-10-02T14:49:26+08:00 ] 127.0.0.1 /index.php/Home/Login/login
INFO: [ app_init ] --START--
INFO: Run Behavior\BuildLiteBehavior [ RunTime:0.000013s ]
INFO: [ app_init ] --END-- [ RunTime:0.000091s ]
INFO: [ app_begin ] --START--
INFO: Run Behavior\ReadHtmlCacheBehavior [ RunTime:0.000038s ]
INFO: [ app_begin ] --END-- [ RunTime:0.000077s ]
SQL: SHOW COLUMNS FROM `think_user` [ RunTime:0.0010s ]
SQL: SELECT * FROM `think_user` WHERE `email` = 'penn' OR `account` = 'penn' LIMIT 1   [ RunTime:0.0002s ]

[ 2016-10-02T14:49:28+08:00 ] 127.0.0.1 /home/
INFO: [ app_init ] --START--
INFO: Run Behavior\BuildLiteBehavior [ RunTime:0.000019s ]
INFO: [ app_init ] --END-- [ RunTime:0.000127s ]
INFO: [ app_begin ] --START--
INFO: Run Behavior\ReadHtmlCacheBehavior [ RunTime:0.000039s ]
INFO: [ app_begin ] --END-- [ RunTime:0.000079s ]
INFO: [ view_parse ] --START--
INFO: [ template_filter ] --START--
INFO: Run Behavior\ContentReplaceBehavior [ RunTime:0.000230s ]
INFO: [ template_filter ] --END-- [ RunTime:0.000292s ]
INFO: Run Behavior\ParseTemplateBehavior [ RunTime:0.054882s ]
INFO: [ view_parse ] --END-- [ RunTime:0.054933s ]
INFO: [ view_filter ] --START--
INFO: Run Behavior\WriteHtmlCacheBehavior [ RunTime:0.000051s ]
INFO: [ view_filter ] --END-- [ RunTime:0.000083s ]
INFO: [ app_end ] --START--
INFO: Run Behavior\ShowPageTraceBehavior [ RunTime:0.000054s ]
INFO: [ app_end ] --END-- [ RunTime:0.000104s ]

[ 2016-10-02T14:49:33+08:00 ] 127.0.0.1 /home/login
INFO: [ app_init ] --START--
INFO: Run Behavior\BuildLiteBehavior [ RunTime:0.000011s ]
INFO: [ app_init ] --END-- [ RunTime:0.000101s ]
INFO: [ app_begin ] --START--
INFO: Run Behavior\ReadHtmlCacheBehavior [ RunTime:0.000069s ]
INFO: [ app_begin ] --END-- [ RunTime:0.000132s ]
INFO: [ view_parse ] --START--
INFO: [ template_filter ] --START--
INFO: Run Behavior\ContentReplaceBehavior [ RunTime:0.000049s ]
INFO: [ template_filter ] --END-- [ RunTime:0.000118s ]
INFO: Run Behavior\ParseTemplateBehavior [ RunTime:0.002630s ]
INFO: [ view_parse ] --END-- [ RunTime:0.002684s ]
INFO: [ view_filter ] --START--
INFO: Run Behavior\WriteHtmlCacheBehavior [ RunTime:0.000051s ]
INFO: [ view_filter ] --END-- [ RunTime:0.000128s ]
INFO: [ app_end ] --START--
INFO: Run Behavior\ShowPageTraceBehavior [ RunTime:0.000053s ]
INFO: [ app_end ] --END-- [ RunTime:0.000095s ]

[ 2016-10-02T14:49:35+08:00 ] 127.0.0.1 /index.php/Home/Login/login
INFO: [ app_init ] --START--
INFO: Run Behavior\BuildLiteBehavior [ RunTime:0.000012s ]
INFO: [ app_init ] --END-- [ RunTime:0.000088s ]
INFO: [ app_begin ] --START--
INFO: Run Behavior\ReadHtmlCacheBehavior [ RunTime:0.000051s ]
INFO: [ app_begin ] --END-- [ RunTime:0.000115s ]
SQL: SHOW COLUMNS FROM `think_user` [ RunTime:0.0008s ]
SQL: SELECT * FROM `think_user` WHERE `email` = 'penn' OR `account` = 'penn' LIMIT 1   [ RunTime:0.0001s ]

[ 2016-10-02T14:49:36+08:00 ] 127.0.0.1 /home/
INFO: [ app_init ] --START--
INFO: Run Behavior\BuildLiteBehavior [ RunTime:0.000028s ]
INFO: [ app_init ] --END-- [ RunTime:0.000204s ]
INFO: [ app_begin ] --START--
INFO: Run Behavior\ReadHtmlCacheBehavior [ RunTime:0.000107s ]
INFO: [ app_begin ] --END-- [ RunTime:0.000207s ]
INFO: [ view_parse ] --START--
INFO: [ template_filter ] --START--
INFO: Run Behavior\ContentReplaceBehavior [ RunTime:0.000201s ]
INFO: [ template_filter ] --END-- [ RunTime:0.000248s ]
INFO: Run Behavior\ParseTemplateBehavior [ RunTime:0.040682s ]
INFO: [ view_parse ] --END-- [ RunTime:0.040742s ]
INFO: [ view_filter ] --START--
INFO: Run Behavior\WriteHtmlCacheBehavior [ RunTime:0.000034s ]
INFO: [ view_filter ] --END-- [ RunTime:0.000055s ]
INFO: [ app_end ] --START--
INFO: Run Behavior\ShowPageTraceBehavior [ RunTime:0.000031s ]
INFO: [ app_end ] --END-- [ RunTime:0.000068s ]

[ 2016-10-02T14:49:37+08:00 ] 127.0.0.1 /home/person
INFO: [ app_init ] --START--
INFO: Run Behavior\BuildLiteBehavior [ RunTime:0.000010s ]
INFO: [ app_init ] --END-- [ RunTime:0.000069s ]
INFO: [ app_begin ] --START--
INFO: Run Behavior\ReadHtmlCacheBehavior [ RunTime:0.000029s ]
INFO: [ app_begin ] --END-- [ RunTime:0.000060s ]
INFO: [ view_parse ] --START--
INFO: [ template_filter ] --START--
INFO: Run Behavior\ContentReplaceBehavior [ RunTime:0.000082s ]
INFO: [ template_filter ] --END-- [ RunTime:0.000147s ]
INFO: Run Behavior\ParseTemplateBehavior [ RunTime:0.012872s ]
INFO: [ view_parse ] --END-- [ RunTime:0.012932s ]
INFO: [ view_filter ] --START--
INFO: Run Behavior\WriteHtmlCacheBehavior [ RunTime:0.000045s ]
INFO: [ view_filter ] --END-- [ RunTime:0.000078s ]
INFO: [ app_end ] --START--
INFO: Run Behavior\ShowPageTraceBehavior [ RunTime:0.000039s ]
INFO: [ app_end ] --END-- [ RunTime:0.000079s ]

[ 2016-10-02T14:49:40+08:00 ] 127.0.0.1 /home/information/address.html
INFO: [ app_init ] --START--
INFO: Run Behavior\BuildLiteBehavior [ RunTime:0.000013s ]
INFO: [ app_init ] --END-- [ RunTime:0.000095s ]
INFO: [ app_begin ] --START--
INFO: Run Behavior\ReadHtmlCacheBehavior [ RunTime:0.000046s ]
INFO: [ app_begin ] --END-- [ RunTime:0.000089s ]
SQL: SHOW COLUMNS FROM `think_address` [ RunTime:0.0010s ]
SQL: SELECT * FROM `think_address` WHERE ( user_id='4' ) ORDER BY is_default desc  [ RunTime:0.0005s ]
INFO: [ view_parse ] --START--
INFO: [ template_filter ] --START--
INFO: Run Behavior\ContentReplaceBehavior [ RunTime:0.000044s ]
INFO: [ template_filter ] --END-- [ RunTime:0.000085s ]
NOTIC: [8] Undefined variable: single /var/www/shop/App/Runtime/Cache/Home/5db0bbd2d45b6eb7d04e47b02ff99ebd.php 第 178 行.
NOTIC: [8] Undefined variable: single /var/www/shop/App/Runtime/Cache/Home/5db0bbd2d45b6eb7d04e47b02ff99ebd.php 第 185 行.
NOTIC: [8] Undefined variable: single /var/www/shop/App/Runtime/Cache/Home/5db0bbd2d45b6eb7d04e47b02ff99ebd.php 第 200 行.
NOTIC: [8] Undefined variable: single /var/www/shop/App/Runtime/Cache/Home/5db0bbd2d45b6eb7d04e47b02ff99ebd.php 第 204 行.
NOTIC: [8] Undefined variable: single /var/www/shop/App/Runtime/Cache/Home/5db0bbd2d45b6eb7d04e47b02ff99ebd.php 第 208 行.
NOTIC: [8] Undefined variable: single /var/www/shop/App/Runtime/Cache/Home/5db0bbd2d45b6eb7d04e47b02ff99ebd.php 第 224 行.
INFO: Run Behavior\ParseTemplateBehavior [ RunTime:0.011321s ]
INFO: [ view_parse ] --END-- [ RunTime:0.011385s ]
INFO: [ view_filter ] --START--
INFO: Run Behavior\WriteHtmlCacheBehavior [ RunTime:0.000035s ]
INFO: [ view_filter ] --END-- [ RunTime:0.000056s ]
INFO: [ app_end ] --START--
INFO: Run Behavior\ShowPageTraceBehavior [ RunTime:0.000030s ]
INFO: [ app_end ] --END-- [ RunTime:0.000053s ]

[ 2016-10-02T14:53:03+08:00 ] 127.0.0.1 /home/information/address.html
INFO: [ app_init ] --START--
INFO: Run Behavior\BuildLiteBehavior [ RunTime:0.000021s ]
INFO: [ app_init ] --END-- [ RunTime:0.000147s ]
INFO: [ app_begin ] --START--
INFO: Run Behavior\ReadHtmlCacheBehavior [ RunTime:0.000073s ]
INFO: [ app_begin ] --END-- [ RunTime:0.000184s ]
SQL: SHOW COLUMNS FROM `think_address` [ RunTime:0.0007s ]
SQL: SELECT * FROM `think_address` WHERE ( user_id='4' ) ORDER BY is_default desc  [ RunTime:0.0003s ]
INFO: [ view_parse ] --START--
INFO: [ template_filter ] --START--
INFO: Run Behavior\ContentReplaceBehavior [ RunTime:0.000107s ]
INFO: [ template_filter ] --END-- [ RunTime:0.000199s ]
NOTIC: [8] Undefined variable: single /var/www/shop/App/Runtime/Cache/Home/5db0bbd2d45b6eb7d04e47b02ff99ebd.php 第 178 行.
NOTIC: [8] Undefined variable: single /var/www/shop/App/Runtime/Cache/Home/5db0bbd2d45b6eb7d04e47b02ff99ebd.php 第 185 行.
NOTIC: [8] Undefined variable: single /var/www/shop/App/Runtime/Cache/Home/5db0bbd2d45b6eb7d04e47b02ff99ebd.php 第 200 行.
NOTIC: [8] Undefined variable: single /var/www/shop/App/Runtime/Cache/Home/5db0bbd2d45b6eb7d04e47b02ff99ebd.php 第 204 行.
NOTIC: [8] Undefined variable: single /var/www/shop/App/Runtime/Cache/Home/5db0bbd2d45b6eb7d04e47b02ff99ebd.php 第 208 行.
NOTIC: [8] Undefined variable: single /var/www/shop/App/Runtime/Cache/Home/5db0bbd2d45b6eb7d04e47b02ff99ebd.php 第 224 行.
INFO: Run Behavior\ParseTemplateBehavior [ RunTime:0.010724s ]
INFO: [ view_parse ] --END-- [ RunTime:0.010782s ]
INFO: [ view_filter ] --START--
INFO: Run Behavior\WriteHtmlCacheBehavior [ RunTime:0.000079s ]
INFO: [ view_filter ] --END-- [ RunTime:0.000136s ]
INFO: [ app_end ] --START--
INFO: Run Behavior\ShowPageTraceBehavior [ RunTime:0.000050s ]
INFO: [ app_end ] --END-- [ RunTime:0.000089s ]

[ 2016-10-02T14:53:09+08:00 ] 127.0.0.1 /home/information/address.html
INFO: [ app_init ] --START--
INFO: Run Behavior\BuildLiteBehavior [ RunTime:0.000019s ]
INFO: [ app_init ] --END-- [ RunTime:0.000173s ]
INFO: [ app_begin ] --START--
INFO: Run Behavior\ReadHtmlCacheBehavior [ RunTime:0.000046s ]
INFO: [ app_begin ] --END-- [ RunTime:0.000094s ]
SQL: SHOW COLUMNS FROM `think_address` [ RunTime:0.0011s ]
SQL: SELECT * FROM `think_address` WHERE ( user_id='4' ) ORDER BY is_default desc  [ RunTime:0.0004s ]
INFO: [ view_parse ] --START--
INFO: [ template_filter ] --START--
INFO: Run Behavior\ContentReplaceBehavior [ RunTime:0.000078s ]
INFO: [ template_filter ] --END-- [ RunTime:0.000143s ]
NOTIC: [8] Undefined variable: single /var/www/shop/App/Runtime/Cache/Home/5db0bbd2d45b6eb7d04e47b02ff99ebd.php 第 178 行.
NOTIC: [8] Undefined variable: single /var/www/shop/App/Runtime/Cache/Home/5db0bbd2d45b6eb7d04e47b02ff99ebd.php 第 185 行.
NOTIC: [8] Undefined variable: single /var/www/shop/App/Runtime/Cache/Home/5db0bbd2d45b6eb7d04e47b02ff99ebd.php 第 200 行.
NOTIC: [8] Undefined variable: single /var/www/shop/App/Runtime/Cache/Home/5db0bbd2d45b6eb7d04e47b02ff99ebd.php 第 204 行.
NOTIC: [8] Undefined variable: single /var/www/shop/App/Runtime/Cache/Home/5db0bbd2d45b6eb7d04e47b02ff99ebd.php 第 208 行.
NOTIC: [8] Undefined variable: single /var/www/shop/App/Runtime/Cache/Home/5db0bbd2d45b6eb7d04e47b02ff99ebd.php 第 224 行.
INFO: Run Behavior\ParseTemplateBehavior [ RunTime:0.011669s ]
INFO: [ view_parse ] --END-- [ RunTime:0.011709s ]
INFO: [ view_filter ] --START--
INFO: Run Behavior\WriteHtmlCacheBehavior [ RunTime:0.000033s ]
INFO: [ view_filter ] --END-- [ RunTime:0.000054s ]
INFO: [ app_end ] --START--
INFO: Run Behavior\ShowPageTraceBehavior [ RunTime:0.000029s ]
INFO: [ app_end ] --END-- [ RunTime:0.000059s ]

[ 2016-10-02T14:53:12+08:00 ] 127.0.0.1 /home/information/address.html
INFO: [ app_init ] --START--
INFO: Run Behavior\BuildLiteBehavior [ RunTime:0.000014s ]
INFO: [ app_init ] --END-- [ RunTime:0.000097s ]
INFO: [ app_begin ] --START--
INFO: Run Behavior\ReadHtmlCacheBehavior [ RunTime:0.000066s ]
INFO: [ app_begin ] --END-- [ RunTime:0.000118s ]
SQL: SHOW COLUMNS FROM `think_address` [ RunTime:0.0009s ]
SQL: SELECT * FROM `think_address` WHERE ( user_id='4' ) ORDER BY is_default desc  [ RunTime:0.0003s ]
INFO: [ view_parse ] --START--
INFO: [ template_filter ] --START--
INFO: Run Behavior\ContentReplaceBehavior [ RunTime:0.000063s ]
INFO: [ template_filter ] --END-- [ RunTime:0.000109s ]
NOTIC: [8] Undefined variable: single /var/www/shop/App/Runtime/Cache/Home/5db0bbd2d45b6eb7d04e47b02ff99ebd.php 第 178 行.
NOTIC: [8] Undefined variable: single /var/www/shop/App/Runtime/Cache/Home/5db0bbd2d45b6eb7d04e47b02ff99ebd.php 第 185 行.
NOTIC: [8] Undefined variable: single /var/www/shop/App/Runtime/Cache/Home/5db0bbd2d45b6eb7d04e47b02ff99ebd.php 第 200 行.
NOTIC: [8] Undefined variable: single /var/www/shop/App/Runtime/Cache/Home/5db0bbd2d45b6eb7d04e47b02ff99ebd.php 第 204 行.
NOTIC: [8] Undefined variable: single /var/www/shop/App/Runtime/Cache/Home/5db0bbd2d45b6eb7d04e47b02ff99ebd.php 第 208 行.
NOTIC: [8] Undefined variable: single /var/www/shop/App/Runtime/Cache/Home/5db0bbd2d45b6eb7d04e47b02ff99ebd.php 第 224 行.
INFO: Run Behavior\ParseTemplateBehavior [ RunTime:0.009518s ]
INFO: [ view_parse ] --END-- [ RunTime:0.009571s ]
INFO: [ view_filter ] --START--
INFO: Run Behavior\WriteHtmlCacheBehavior [ RunTime:0.000044s ]
INFO: [ view_filter ] --END-- [ RunTime:0.000070s ]
INFO: [ app_end ] --START--
INFO: Run Behavior\ShowPageTraceBehavior [ RunTime:0.000038s ]
INFO: [ app_end ] --END-- [ RunTime:0.000070s ]

[ 2016-10-02T14:53:14+08:00 ] 127.0.0.1 /home/information/address.html
INFO: [ app_init ] --START--
INFO: Run Behavior\BuildLiteBehavior [ RunTime:0.000009s ]
INFO: [ app_init ] --END-- [ RunTime:0.000058s ]
INFO: [ app_begin ] --START--
INFO: Run Behavior\ReadHtmlCacheBehavior [ RunTime:0.000023s ]
INFO: [ app_begin ] --END-- [ RunTime:0.000048s ]
SQL: SHOW COLUMNS FROM `think_address` [ RunTime:0.0006s ]
SQL: SELECT * FROM `think_address` WHERE ( user_id='4' ) ORDER BY is_default desc  [ RunTime:0.0003s ]
INFO: [ view_parse ] --START--
INFO: [ template_filter ] --START--
INFO: Run Behavior\ContentReplaceBehavior [ RunTime:0.000052s ]
INFO: [ template_filter ] --END-- [ RunTime:0.000100s ]
NOTIC: [8] Undefined variable: single /var/www/shop/App/Runtime/Cache/Home/5db0bbd2d45b6eb7d04e47b02ff99ebd.php 第 178 行.
NOTIC: [8] Undefined variable: single /var/www/shop/App/Runtime/Cache/Home/5db0bbd2d45b6eb7d04e47b02ff99ebd.php 第 185 行.
NOTIC: [8] Undefined variable: single /var/www/shop/App/Runtime/Cache/Home/5db0bbd2d45b6eb7d04e47b02ff99ebd.php 第 200 行.
NOTIC: [8] Undefined variable: single /var/www/shop/App/Runtime/Cache/Home/5db0bbd2d45b6eb7d04e47b02ff99ebd.php 第 204 行.
NOTIC: [8] Undefined variable: single /var/www/shop/App/Runtime/Cache/Home/5db0bbd2d45b6eb7d04e47b02ff99ebd.php 第 208 行.
NOTIC: [8] Undefined variable: single /var/www/shop/App/Runtime/Cache/Home/5db0bbd2d45b6eb7d04e47b02ff99ebd.php 第 224 行.
INFO: Run Behavior\ParseTemplateBehavior [ RunTime:0.007344s ]
INFO: [ view_parse ] --END-- [ RunTime:0.007381s ]
INFO: [ view_filter ] --START--
INFO: Run Behavior\WriteHtmlCacheBehavior [ RunTime:0.000054s ]
INFO: [ view_filter ] --END-- [ RunTime:0.000098s ]
INFO: [ app_end ] --START--
INFO: Run Behavior\ShowPageTraceBehavior [ RunTime:0.000036s ]
INFO: [ app_end ] --END-- [ RunTime:0.000070s ]

[ 2016-10-02T14:53:17+08:00 ] 127.0.0.1 /home/information/address.html
INFO: [ app_init ] --START--
INFO: Run Behavior\BuildLiteBehavior [ RunTime:0.000012s ]
INFO: [ app_init ] --END-- [ RunTime:0.000075s ]
INFO: [ app_begin ] --START--
INFO: Run Behavior\ReadHtmlCacheBehavior [ RunTime:0.000044s ]
INFO: [ app_begin ] --END-- [ RunTime:0.000090s ]
SQL: SHOW COLUMNS FROM `think_address` [ RunTime:0.0007s ]
SQL: SELECT * FROM `think_address` WHERE ( user_id='4' ) ORDER BY is_default desc  [ RunTime:0.0003s ]
INFO: [ view_parse ] --START--
INFO: [ template_filter ] --START--
INFO: Run Behavior\ContentReplaceBehavior [ RunTime:0.000062s ]
INFO: [ template_filter ] --END-- [ RunTime:0.000115s ]
NOTIC: [8] Undefined variable: single /var/www/shop/App/Runtime/Cache/Home/5db0bbd2d45b6eb7d04e47b02ff99ebd.php 第 178 行.
NOTIC: [8] Undefined variable: single /var/www/shop/App/Runtime/Cache/Home/5db0bbd2d45b6eb7d04e47b02ff99ebd.php 第 185 行.
NOTIC: [8] Undefined variable: single /var/www/shop/App/Runtime/Cache/Home/5db0bbd2d45b6eb7d04e47b02ff99ebd.php 第 200 行.
NOTIC: [8] Undefined variable: single /var/www/shop/App/Runtime/Cache/Home/5db0bbd2d45b6eb7d04e47b02ff99ebd.php 第 204 行.
NOTIC: [8] Undefined variable: single /var/www/shop/App/Runtime/Cache/Home/5db0bbd2d45b6eb7d04e47b02ff99ebd.php 第 208 行.
NOTIC: [8] Undefined variable: single /var/www/shop/App/Runtime/Cache/Home/5db0bbd2d45b6eb7d04e47b02ff99ebd.php 第 224 行.
INFO: Run Behavior\ParseTemplateBehavior [ RunTime:0.011933s ]
INFO: [ view_parse ] --END-- [ RunTime:0.011987s ]
INFO: [ view_filter ] --START--
INFO: Run Behavior\WriteHtmlCacheBehavior [ RunTime:0.000044s ]
INFO: [ view_filter ] --END-- [ RunTime:0.000074s ]
INFO: [ app_end ] --START--
INFO: Run Behavior\ShowPageTraceBehavior [ RunTime:0.000035s ]
INFO: [ app_end ] --END-- [ RunTime:0.000068s ]

[ 2016-10-02T14:53:46+08:00 ] 127.0.0.1 /home/information/address.html
INFO: [ app_init ] --START--
INFO: Run Behavior\BuildLiteBehavior [ RunTime:0.000010s ]
INFO: [ app_init ] --END-- [ RunTime:0.000065s ]
INFO: [ app_begin ] --START--
INFO: Run Behavior\ReadHtmlCacheBehavior [ RunTime:0.000039s ]
INFO: [ app_begin ] --END-- [ RunTime:0.000076s ]
SQL: SHOW COLUMNS FROM `think_address` [ RunTime:0.0007s ]
SQL: SELECT * FROM `think_address` WHERE ( user_id='4' ) ORDER BY is_default desc  [ RunTime:0.0002s ]
INFO: [ view_parse ] --START--
INFO: [ template_filter ] --START--
INFO: Run Behavior\ContentReplaceBehavior [ RunTime:0.000057s ]
INFO: [ template_filter ] --END-- [ RunTime:0.000109s ]
NOTIC: [8] Undefined variable: single /var/www/shop/App/Runtime/Cache/Home/5db0bbd2d45b6eb7d04e47b02ff99ebd.php 第 178 行.
NOTIC: [8] Undefined variable: single /var/www/shop/App/Runtime/Cache/Home/5db0bbd2d45b6eb7d04e47b02ff99ebd.php 第 185 行.
NOTIC: [8] Undefined variable: single /var/www/shop/App/Runtime/Cache/Home/5db0bbd2d45b6eb7d04e47b02ff99ebd.php 第 200 行.
NOTIC: [8] Undefined variable: single /var/www/shop/App/Runtime/Cache/Home/5db0bbd2d45b6eb7d04e47b02ff99ebd.php 第 204 行.
NOTIC: [8] Undefined variable: single /var/www/shop/App/Runtime/Cache/Home/5db0bbd2d45b6eb7d04e47b02ff99ebd.php 第 208 行.
NOTIC: [8] Undefined variable: single /var/www/shop/App/Runtime/Cache/Home/5db0bbd2d45b6eb7d04e47b02ff99ebd.php 第 224 行.
INFO: Run Behavior\ParseTemplateBehavior [ RunTime:0.010081s ]
INFO: [ view_parse ] --END-- [ RunTime:0.010122s ]
INFO: [ view_filter ] --START--
INFO: Run Behavior\WriteHtmlCacheBehavior [ RunTime:0.000046s ]
INFO: [ view_filter ] --END-- [ RunTime:0.000075s ]
INFO: [ app_end ] --START--
INFO: Run Behavior\ShowPageTraceBehavior [ RunTime:0.000041s ]
INFO: [ app_end ] --END-- [ RunTime:0.000072s ]

[ 2016-10-02T14:55:03+08:00 ] 127.0.0.1 /home/information/address.html
INFO: [ app_init ] --START--
INFO: Run Behavior\BuildLiteBehavior [ RunTime:0.000011s ]
INFO: [ app_init ] --END-- [ RunTime:0.000075s ]
INFO: [ app_begin ] --START--
INFO: Run Behavior\ReadHtmlCacheBehavior [ RunTime:0.000034s ]
INFO: [ app_begin ] --END-- [ RunTime:0.000066s ]
SQL: SHOW COLUMNS FROM `think_address` [ RunTime:0.0010s ]
SQL: SELECT * FROM `think_address` WHERE ( user_id='4' ) ORDER BY is_default desc  [ RunTime:0.0003s ]
INFO: [ view_parse ] --START--
INFO: [ template_filter ] --START--
INFO: Run Behavior\ContentReplaceBehavior [ RunTime:0.000059s ]
INFO: [ template_filter ] --END-- [ RunTime:0.000111s ]
NOTIC: [8] Undefined variable: single /var/www/shop/App/Runtime/Cache/Home/5db0bbd2d45b6eb7d04e47b02ff99ebd.php 第 178 行.
NOTIC: [8] Undefined variable: single /var/www/shop/App/Runtime/Cache/Home/5db0bbd2d45b6eb7d04e47b02ff99ebd.php 第 185 行.
NOTIC: [8] Undefined variable: single /var/www/shop/App/Runtime/Cache/Home/5db0bbd2d45b6eb7d04e47b02ff99ebd.php 第 200 行.
NOTIC: [8] Undefined variable: single /var/www/shop/App/Runtime/Cache/Home/5db0bbd2d45b6eb7d04e47b02ff99ebd.php 第 204 行.
NOTIC: [8] Undefined variable: single /var/www/shop/App/Runtime/Cache/Home/5db0bbd2d45b6eb7d04e47b02ff99ebd.php 第 208 行.
NOTIC: [8] Undefined variable: single /var/www/shop/App/Runtime/Cache/Home/5db0bbd2d45b6eb7d04e47b02ff99ebd.php 第 224 行.
INFO: Run Behavior\ParseTemplateBehavior [ RunTime:0.010511s ]
INFO: [ view_parse ] --END-- [ RunTime:0.010580s ]
INFO: [ view_filter ] --START--
INFO: Run Behavior\WriteHtmlCacheBehavior [ RunTime:0.000067s ]
INFO: [ view_filter ] --END-- [ RunTime:0.000116s ]
INFO: [ app_end ] --START--
INFO: Run Behavior\ShowPageTraceBehavior [ RunTime:0.000056s ]
INFO: [ app_end ] --END-- [ RunTime:0.000109s ]

[ 2016-10-02T15:03:38+08:00 ] 127.0.0.1 /home/information/address.html
INFO: [ app_init ] --START--
INFO: Run Behavior\BuildLiteBehavior [ RunTime:0.000015s ]
INFO: [ app_init ] --END-- [ RunTime:0.000138s ]
INFO: [ app_begin ] --START--
INFO: Run Behavior\ReadHtmlCacheBehavior [ RunTime:0.000044s ]
INFO: [ app_begin ] --END-- [ RunTime:0.000084s ]
SQL: SHOW COLUMNS FROM `think_address` [ RunTime:0.0006s ]
SQL: SELECT * FROM `think_address` WHERE ( user_id='4' ) ORDER BY is_default desc  [ RunTime:0.0004s ]
INFO: [ view_parse ] --START--
INFO: [ template_filter ] --START--
INFO: Run Behavior\ContentReplaceBehavior [ RunTime:0.000045s ]
INFO: [ template_filter ] --END-- [ RunTime:0.000083s ]
NOTIC: [8] Undefined variable: single /var/www/shop/App/Runtime/Cache/Home/5db0bbd2d45b6eb7d04e47b02ff99ebd.php 第 178 行.
NOTIC: [8] Undefined variable: single /var/www/shop/App/Runtime/Cache/Home/5db0bbd2d45b6eb7d04e47b02ff99ebd.php 第 185 行.
NOTIC: [8] Undefined variable: single /var/www/shop/App/Runtime/Cache/Home/5db0bbd2d45b6eb7d04e47b02ff99ebd.php 第 200 行.
NOTIC: [8] Undefined variable: single /var/www/shop/App/Runtime/Cache/Home/5db0bbd2d45b6eb7d04e47b02ff99ebd.php 第 204 行.
NOTIC: [8] Undefined variable: single /var/www/shop/App/Runtime/Cache/Home/5db0bbd2d45b6eb7d04e47b02ff99ebd.php 第 208 行.
NOTIC: [8] Undefined variable: single /var/www/shop/App/Runtime/Cache/Home/5db0bbd2d45b6eb7d04e47b02ff99ebd.php 第 224 行.
INFO: Run Behavior\ParseTemplateBehavior [ RunTime:0.007286s ]
INFO: [ view_parse ] --END-- [ RunTime:0.007318s ]
INFO: [ view_filter ] --START--
INFO: Run Behavior\WriteHtmlCacheBehavior [ RunTime:0.000033s ]
INFO: [ view_filter ] --END-- [ RunTime:0.000052s ]
INFO: [ app_end ] --START--
INFO: Run Behavior\ShowPageTraceBehavior [ RunTime:0.000028s ]
INFO: [ app_end ] --END-- [ RunTime:0.000049s ]

[ 2016-10-02T15:05:05+08:00 ] 127.0.0.1 /home/information/address.html
INFO: [ app_init ] --START--
INFO: Run Behavior\BuildLiteBehavior [ RunTime:0.000033s ]
INFO: [ app_init ] --END-- [ RunTime:0.000167s ]
INFO: [ app_begin ] --START--
INFO: Run Behavior\ReadHtmlCacheBehavior [ RunTime:0.000064s ]
INFO: [ app_begin ] --END-- [ RunTime:0.000117s ]
SQL: SHOW COLUMNS FROM `think_address` [ RunTime:0.0008s ]
SQL: SELECT * FROM `think_address` WHERE ( user_id='4' ) ORDER BY is_default desc  [ RunTime:0.0004s ]
INFO: [ view_parse ] --START--
INFO: [ template_filter ] --START--
INFO: Run Behavior\ContentReplaceBehavior [ RunTime:0.000062s ]
INFO: [ template_filter ] --END-- [ RunTime:0.000114s ]
NOTIC: [8] Undefined variable: single /var/www/shop/App/Runtime/Cache/Home/5db0bbd2d45b6eb7d04e47b02ff99ebd.php 第 178 行.
NOTIC: [8] Undefined variable: single /var/www/shop/App/Runtime/Cache/Home/5db0bbd2d45b6eb7d04e47b02ff99ebd.php 第 185 行.
NOTIC: [8] Undefined variable: single /var/www/shop/App/Runtime/Cache/Home/5db0bbd2d45b6eb7d04e47b02ff99ebd.php 第 200 行.
NOTIC: [8] Undefined variable: single /var/www/shop/App/Runtime/Cache/Home/5db0bbd2d45b6eb7d04e47b02ff99ebd.php 第 204 行.
NOTIC: [8] Undefined variable: single /var/www/shop/App/Runtime/Cache/Home/5db0bbd2d45b6eb7d04e47b02ff99ebd.php 第 208 行.
NOTIC: [8] Undefined variable: single /var/www/shop/App/Runtime/Cache/Home/5db0bbd2d45b6eb7d04e47b02ff99ebd.php 第 224 行.
INFO: Run Behavior\ParseTemplateBehavior [ RunTime:0.011418s ]
INFO: [ view_parse ] --END-- [ RunTime:0.011460s ]
INFO: [ view_filter ] --START--
INFO: Run Behavior\WriteHtmlCacheBehavior [ RunTime:0.000045s ]
INFO: [ view_filter ] --END-- [ RunTime:0.000074s ]
INFO: [ app_end ] --START--
INFO: Run Behavior\ShowPageTraceBehavior [ RunTime:0.000076s ]
INFO: [ app_end ] --END-- [ RunTime:0.000145s ]

[ 2016-10-02T15:06:17+08:00 ] 127.0.0.1 /home/information/address.html
INFO: [ app_init ] --START--
INFO: Run Behavior\BuildLiteBehavior [ RunTime:0.000009s ]
INFO: [ app_init ] --END-- [ RunTime:0.000061s ]
INFO: [ app_begin ] --START--
INFO: Run Behavior\ReadHtmlCacheBehavior [ RunTime:0.000027s ]
INFO: [ app_begin ] --END-- [ RunTime:0.000052s ]
SQL: SHOW COLUMNS FROM `think_address` [ RunTime:0.0008s ]
SQL: SELECT * FROM `think_address` WHERE ( user_id='4' ) ORDER BY is_default desc  [ RunTime:0.0004s ]
INFO: [ view_parse ] --START--
INFO: [ template_filter ] --START--
INFO: Run Behavior\ContentReplaceBehavior [ RunTime:0.000061s ]
INFO: [ template_filter ] --END-- [ RunTime:0.000141s ]
NOTIC: [8] Undefined variable: single /var/www/shop/App/Runtime/Cache/Home/5db0bbd2d45b6eb7d04e47b02ff99ebd.php 第 178 行.
NOTIC: [8] Undefined variable: single /var/www/shop/App/Runtime/Cache/Home/5db0bbd2d45b6eb7d04e47b02ff99ebd.php 第 185 行.
NOTIC: [8] Undefined variable: single /var/www/shop/App/Runtime/Cache/Home/5db0bbd2d45b6eb7d04e47b02ff99ebd.php 第 200 行.
NOTIC: [8] Undefined variable: single /var/www/shop/App/Runtime/Cache/Home/5db0bbd2d45b6eb7d04e47b02ff99ebd.php 第 204 行.
NOTIC: [8] Undefined variable: single /var/www/shop/App/Runtime/Cache/Home/5db0bbd2d45b6eb7d04e47b02ff99ebd.php 第 208 行.
NOTIC: [8] Undefined variable: single /var/www/shop/App/Runtime/Cache/Home/5db0bbd2d45b6eb7d04e47b02ff99ebd.php 第 224 行.
INFO: Run Behavior\ParseTemplateBehavior [ RunTime:0.010976s ]
INFO: [ view_parse ] --END-- [ RunTime:0.011016s ]
INFO: [ view_filter ] --START--
INFO: Run Behavior\WriteHtmlCacheBehavior [ RunTime:0.000060s ]
INFO: [ view_filter ] --END-- [ RunTime:0.000087s ]
INFO: [ app_end ] --START--
INFO: Run Behavior\ShowPageTraceBehavior [ RunTime:0.000047s ]
INFO: [ app_end ] --END-- [ RunTime:0.000084s ]

[ 2016-10-02T15:06:29+08:00 ] 127.0.0.1 /home/information/address.html
INFO: [ app_init ] --START--
INFO: Run Behavior\BuildLiteBehavior [ RunTime:0.000012s ]
INFO: [ app_init ] --END-- [ RunTime:0.000073s ]
INFO: [ app_begin ] --START--
INFO: Run Behavior\ReadHtmlCacheBehavior [ RunTime:0.000031s ]
INFO: [ app_begin ] --END-- [ RunTime:0.000058s ]
SQL: SHOW COLUMNS FROM `think_address` [ RunTime:0.0006s ]
SQL: SELECT * FROM `think_address` WHERE ( user_id='4' ) ORDER BY is_default desc  [ RunTime:0.0003s ]
INFO: [ view_parse ] --START--
INFO: [ template_filter ] --START--
INFO: Run Behavior\ContentReplaceBehavior [ RunTime:0.000059s ]
INFO: [ template_filter ] --END-- [ RunTime:0.000103s ]
NOTIC: [8] Undefined variable: single /var/www/shop/App/Runtime/Cache/Home/5db0bbd2d45b6eb7d04e47b02ff99ebd.php 第 178 行.
NOTIC: [8] Undefined variable: single /var/www/shop/App/Runtime/Cache/Home/5db0bbd2d45b6eb7d04e47b02ff99ebd.php 第 185 行.
NOTIC: [8] Undefined variable: single /var/www/shop/App/Runtime/Cache/Home/5db0bbd2d45b6eb7d04e47b02ff99ebd.php 第 200 行.
NOTIC: [8] Undefined variable: single /var/www/shop/App/Runtime/Cache/Home/5db0bbd2d45b6eb7d04e47b02ff99ebd.php 第 204 行.
NOTIC: [8] Undefined variable: single /var/www/shop/App/Runtime/Cache/Home/5db0bbd2d45b6eb7d04e47b02ff99ebd.php 第 208 行.
NOTIC: [8] Undefined variable: single /var/www/shop/App/Runtime/Cache/Home/5db0bbd2d45b6eb7d04e47b02ff99ebd.php 第 224 行.
INFO: Run Behavior\ParseTemplateBehavior [ RunTime:0.009519s ]
INFO: [ view_parse ] --END-- [ RunTime:0.009567s ]
INFO: [ view_filter ] --START--
INFO: Run Behavior\WriteHtmlCacheBehavior [ RunTime:0.000042s ]
INFO: [ view_filter ] --END-- [ RunTime:0.000071s ]
INFO: [ app_end ] --START--
INFO: Run Behavior\ShowPageTraceBehavior [ RunTime:0.000040s ]
INFO: [ app_end ] --END-- [ RunTime:0.000074s ]

[ 2016-10-02T15:06:34+08:00 ] 127.0.0.1 /home/information/address.html
INFO: [ app_init ] --START--
INFO: Run Behavior\BuildLiteBehavior [ RunTime:0.000031s ]
INFO: [ app_init ] --END-- [ RunTime:0.000201s ]
INFO: [ app_begin ] --START--
INFO: Run Behavior\ReadHtmlCacheBehavior [ RunTime:0.000059s ]
INFO: [ app_begin ] --END-- [ RunTime:0.000123s ]
SQL: SHOW COLUMNS FROM `think_address` [ RunTime:0.0008s ]
SQL: SELECT * FROM `think_address` WHERE ( user_id='4' ) ORDER BY is_default desc  [ RunTime:0.0004s ]
INFO: [ view_parse ] --START--
INFO: [ template_filter ] --START--
INFO: Run Behavior\ContentReplaceBehavior [ RunTime:0.000057s ]
INFO: [ template_filter ] --END-- [ RunTime:0.000099s ]
NOTIC: [8] Undefined variable: single /var/www/shop/App/Runtime/Cache/Home/5db0bbd2d45b6eb7d04e47b02ff99ebd.php 第 178 行.
NOTIC: [8] Undefined variable: single /var/www/shop/App/Runtime/Cache/Home/5db0bbd2d45b6eb7d04e47b02ff99ebd.php 第 185 行.
NOTIC: [8] Undefined variable: single /var/www/shop/App/Runtime/Cache/Home/5db0bbd2d45b6eb7d04e47b02ff99ebd.php 第 200 行.
NOTIC: [8] Undefined variable: single /var/www/shop/App/Runtime/Cache/Home/5db0bbd2d45b6eb7d04e47b02ff99ebd.php 第 204 行.
NOTIC: [8] Undefined variable: single /var/www/shop/App/Runtime/Cache/Home/5db0bbd2d45b6eb7d04e47b02ff99ebd.php 第 208 行.
NOTIC: [8] Undefined variable: single /var/www/shop/App/Runtime/Cache/Home/5db0bbd2d45b6eb7d04e47b02ff99ebd.php 第 224 行.
INFO: Run Behavior\ParseTemplateBehavior [ RunTime:0.009123s ]
INFO: [ view_parse ] --END-- [ RunTime:0.009163s ]
INFO: [ view_filter ] --START--
INFO: Run Behavior\WriteHtmlCacheBehavior [ RunTime:0.000042s ]
INFO: [ view_filter ] --END-- [ RunTime:0.000073s ]
INFO: [ app_end ] --START--
INFO: Run Behavior\ShowPageTraceBehavior [ RunTime:0.000034s ]
INFO: [ app_end ] --END-- [ RunTime:0.000067s ]

[ 2016-10-02T15:06:38+08:00 ] 127.0.0.1 /home/information/address.html
INFO: [ app_init ] --START--
INFO: Run Behavior\BuildLiteBehavior [ RunTime:0.000016s ]
INFO: [ app_init ] --END-- [ RunTime:0.000098s ]
INFO: [ app_begin ] --START--
INFO: Run Behavior\ReadHtmlCacheBehavior [ RunTime:0.000029s ]
INFO: [ app_begin ] --END-- [ RunTime:0.000059s ]
SQL: SHOW COLUMNS FROM `think_address` [ RunTime:0.0006s ]
SQL: SELECT * FROM `think_address` WHERE ( user_id='4' ) ORDER BY is_default desc  [ RunTime:0.0005s ]
INFO: [ view_parse ] --START--
INFO: [ template_filter ] --START--
INFO: Run Behavior\ContentReplaceBehavior [ RunTime:0.000059s ]
INFO: [ template_filter ] --END-- [ RunTime:0.000106s ]
NOTIC: [8] Undefined variable: single /var/www/shop/App/Runtime/Cache/Home/5db0bbd2d45b6eb7d04e47b02ff99ebd.php 第 178 行.
NOTIC: [8] Undefined variable: single /var/www/shop/App/Runtime/Cache/Home/5db0bbd2d45b6eb7d04e47b02ff99ebd.php 第 185 行.
NOTIC: [8] Undefined variable: single /var/www/shop/App/Runtime/Cache/Home/5db0bbd2d45b6eb7d04e47b02ff99ebd.php 第 200 行.
NOTIC: [8] Undefined variable: single /var/www/shop/App/Runtime/Cache/Home/5db0bbd2d45b6eb7d04e47b02ff99ebd.php 第 204 行.
NOTIC: [8] Undefined variable: single /var/www/shop/App/Runtime/Cache/Home/5db0bbd2d45b6eb7d04e47b02ff99ebd.php 第 208 行.
NOTIC: [8] Undefined variable: single /var/www/shop/App/Runtime/Cache/Home/5db0bbd2d45b6eb7d04e47b02ff99ebd.php 第 224 行.
INFO: Run Behavior\ParseTemplateBehavior [ RunTime:0.008575s ]
INFO: [ view_parse ] --END-- [ RunTime:0.008618s ]
INFO: [ view_filter ] --START--
INFO: Run Behavior\WriteHtmlCacheBehavior [ RunTime:0.000044s ]
INFO: [ view_filter ] --END-- [ RunTime:0.000072s ]
INFO: [ app_end ] --START--
INFO: Run Behavior\ShowPageTraceBehavior [ RunTime:0.000031s ]
INFO: [ app_end ] --END-- [ RunTime:0.000063s ]

[ 2016-10-02T15:07:03+08:00 ] 127.0.0.1 /home/information/address.html
INFO: [ app_init ] --START--
INFO: Run Behavior\BuildLiteBehavior [ RunTime:0.000021s ]
INFO: [ app_init ] --END-- [ RunTime:0.000130s ]
INFO: [ app_begin ] --START--
INFO: Run Behavior\ReadHtmlCacheBehavior [ RunTime:0.000068s ]
INFO: [ app_begin ] --END-- [ RunTime:0.000132s ]
SQL: SHOW COLUMNS FROM `think_address` [ RunTime:0.0006s ]
SQL: SELECT * FROM `think_address` WHERE ( user_id='4' ) ORDER BY is_default desc  [ RunTime:0.0001s ]
INFO: [ view_parse ] --START--
INFO: [ template_filter ] --START--
INFO: Run Behavior\ContentReplaceBehavior [ RunTime:0.000062s ]
INFO: [ template_filter ] --END-- [ RunTime:0.000110s ]
NOTIC: [8] Undefined variable: single /var/www/shop/App/Runtime/Cache/Home/5db0bbd2d45b6eb7d04e47b02ff99ebd.php 第 178 行.
NOTIC: [8] Undefined variable: single /var/www/shop/App/Runtime/Cache/Home/5db0bbd2d45b6eb7d04e47b02ff99ebd.php 第 185 行.
NOTIC: [8] Undefined variable: single /var/www/shop/App/Runtime/Cache/Home/5db0bbd2d45b6eb7d04e47b02ff99ebd.php 第 200 行.
NOTIC: [8] Undefined variable: single /var/www/shop/App/Runtime/Cache/Home/5db0bbd2d45b6eb7d04e47b02ff99ebd.php 第 204 行.
NOTIC: [8] Undefined variable: single /var/www/shop/App/Runtime/Cache/Home/5db0bbd2d45b6eb7d04e47b02ff99ebd.php 第 208 行.
NOTIC: [8] Undefined variable: single /var/www/shop/App/Runtime/Cache/Home/5db0bbd2d45b6eb7d04e47b02ff99ebd.php 第 224 行.
INFO: Run Behavior\ParseTemplateBehavior [ RunTime:0.011259s ]
INFO: [ view_parse ] --END-- [ RunTime:0.011305s ]
INFO: [ view_filter ] --START--
INFO: Run Behavior\WriteHtmlCacheBehavior [ RunTime:0.000049s ]
INFO: [ view_filter ] --END-- [ RunTime:0.000076s ]
INFO: [ app_end ] --START--
INFO: Run Behavior\ShowPageTraceBehavior [ RunTime:0.000062s ]
INFO: [ app_end ] --END-- [ RunTime:0.000118s ]

[ 2016-10-02T15:07:10+08:00 ] 127.0.0.1 /home/information/address.html
INFO: [ app_init ] --START--
INFO: Run Behavior\BuildLiteBehavior [ RunTime:0.000013s ]
INFO: [ app_init ] --END-- [ RunTime:0.000094s ]
INFO: [ app_begin ] --START--
INFO: Run Behavior\ReadHtmlCacheBehavior [ RunTime:0.000044s ]
INFO: [ app_begin ] --END-- [ RunTime:0.000086s ]
SQL: SHOW COLUMNS FROM `think_address` [ RunTime:0.0006s ]
SQL: SELECT * FROM `think_address` WHERE ( user_id='4' ) ORDER BY is_default desc  [ RunTime:0.0004s ]
INFO: [ view_parse ] --START--
INFO: [ template_filter ] --START--
INFO: Run Behavior\ContentReplaceBehavior [ RunTime:0.000085s ]
INFO: [ template_filter ] --END-- [ RunTime:0.000145s ]
NOTIC: [8] Undefined variable: single /var/www/shop/App/Runtime/Cache/Home/5db0bbd2d45b6eb7d04e47b02ff99ebd.php 第 178 行.
NOTIC: [8] Undefined variable: single /var/www/shop/App/Runtime/Cache/Home/5db0bbd2d45b6eb7d04e47b02ff99ebd.php 第 185 行.
NOTIC: [8] Undefined variable: single /var/www/shop/App/Runtime/Cache/Home/5db0bbd2d45b6eb7d04e47b02ff99ebd.php 第 200 行.
NOTIC: [8] Undefined variable: single /var/www/shop/App/Runtime/Cache/Home/5db0bbd2d45b6eb7d04e47b02ff99ebd.php 第 204 行.
NOTIC: [8] Undefined variable: single /var/www/shop/App/Runtime/Cache/Home/5db0bbd2d45b6eb7d04e47b02ff99ebd.php 第 208 行.
NOTIC: [8] Undefined variable: single /var/www/shop/App/Runtime/Cache/Home/5db0bbd2d45b6eb7d04e47b02ff99ebd.php 第 224 行.
INFO: Run Behavior\ParseTemplateBehavior [ RunTime:0.012417s ]
INFO: [ view_parse ] --END-- [ RunTime:0.012478s ]
INFO: [ view_filter ] --START--
INFO: Run Behavior\WriteHtmlCacheBehavior [ RunTime:0.000056s ]
INFO: [ view_filter ] --END-- [ RunTime:0.000090s ]
INFO: [ app_end ] --START--
INFO: Run Behavior\ShowPageTraceBehavior [ RunTime:0.000045s ]
INFO: [ app_end ] --END-- [ RunTime:0.000084s ]

[ 2016-10-02T15:11:15+08:00 ] 127.0.0.1 /home/information/address.html
INFO: [ app_init ] --START--
INFO: Run Behavior\BuildLiteBehavior [ RunTime:0.000011s ]
INFO: [ app_init ] --END-- [ RunTime:0.000070s ]
INFO: [ app_begin ] --START--
INFO: Run Behavior\ReadHtmlCacheBehavior [ RunTime:0.000030s ]
INFO: [ app_begin ] --END-- [ RunTime:0.000055s ]
SQL: SHOW COLUMNS FROM `think_address` [ RunTime:0.0006s ]
SQL: SELECT * FROM `think_address` WHERE ( user_id='4' ) ORDER BY is_default desc  [ RunTime:0.0001s ]
INFO: [ view_parse ] --START--
INFO: [ template_filter ] --START--
INFO: Run Behavior\ContentReplaceBehavior [ RunTime:0.000063s ]
INFO: [ template_filter ] --END-- [ RunTime:0.000117s ]
NOTIC: [8] Undefined variable: single /var/www/shop/App/Runtime/Cache/Home/5db0bbd2d45b6eb7d04e47b02ff99ebd.php 第 178 行.
NOTIC: [8] Undefined variable: single /var/www/shop/App/Runtime/Cache/Home/5db0bbd2d45b6eb7d04e47b02ff99ebd.php 第 185 行.
NOTIC: [8] Undefined variable: single /var/www/shop/App/Runtime/Cache/Home/5db0bbd2d45b6eb7d04e47b02ff99ebd.php 第 200 行.
NOTIC: [8] Undefined variable: single /var/www/shop/App/Runtime/Cache/Home/5db0bbd2d45b6eb7d04e47b02ff99ebd.php 第 204 行.
NOTIC: [8] Undefined variable: single /var/www/shop/App/Runtime/Cache/Home/5db0bbd2d45b6eb7d04e47b02ff99ebd.php 第 208 行.
NOTIC: [8] Undefined variable: single /var/www/shop/App/Runtime/Cache/Home/5db0bbd2d45b6eb7d04e47b02ff99ebd.php 第 224 行.
INFO: Run Behavior\ParseTemplateBehavior [ RunTime:0.009543s ]
INFO: [ view_parse ] --END-- [ RunTime:0.009579s ]
INFO: [ view_filter ] --START--
INFO: Run Behavior\WriteHtmlCacheBehavior [ RunTime:0.000048s ]
INFO: [ view_filter ] --END-- [ RunTime:0.000077s ]
INFO: [ app_end ] --START--
INFO: Run Behavior\ShowPageTraceBehavior [ RunTime:0.000040s ]
INFO: [ app_end ] --END-- [ RunTime:0.000073s ]

[ 2016-10-02T15:11:31+08:00 ] 127.0.0.1 /home/information/address.html
INFO: [ app_init ] --START--
INFO: Run Behavior\BuildLiteBehavior [ RunTime:0.000017s ]
INFO: [ app_init ] --END-- [ RunTime:0.000107s ]
INFO: [ app_begin ] --START--
INFO: Run Behavior\ReadHtmlCacheBehavior [ RunTime:0.000064s ]
INFO: [ app_begin ] --END-- [ RunTime:0.000123s ]
SQL: SHOW COLUMNS FROM `think_address` [ RunTime:0.0005s ]
SQL: SELECT * FROM `think_address` WHERE ( user_id='4' ) ORDER BY is_default desc  [ RunTime:0.0003s ]
INFO: [ view_parse ] --START--
INFO: [ template_filter ] --START--
INFO: Run Behavior\ContentReplaceBehavior [ RunTime:0.000062s ]
INFO: [ template_filter ] --END-- [ RunTime:0.000117s ]
NOTIC: [8] Undefined variable: single /var/www/shop/App/Runtime/Cache/Home/5db0bbd2d45b6eb7d04e47b02ff99ebd.php 第 178 行.
NOTIC: [8] Undefined variable: single /var/www/shop/App/Runtime/Cache/Home/5db0bbd2d45b6eb7d04e47b02ff99ebd.php 第 185 行.
NOTIC: [8] Undefined variable: single /var/www/shop/App/Runtime/Cache/Home/5db0bbd2d45b6eb7d04e47b02ff99ebd.php 第 200 行.
NOTIC: [8] Undefined variable: single /var/www/shop/App/Runtime/Cache/Home/5db0bbd2d45b6eb7d04e47b02ff99ebd.php 第 204 行.
NOTIC: [8] Undefined variable: single /var/www/shop/App/Runtime/Cache/Home/5db0bbd2d45b6eb7d04e47b02ff99ebd.php 第 208 行.
NOTIC: [8] Undefined variable: single /var/www/shop/App/Runtime/Cache/Home/5db0bbd2d45b6eb7d04e47b02ff99ebd.php 第 224 行.
INFO: Run Behavior\ParseTemplateBehavior [ RunTime:0.009997s ]
INFO: [ view_parse ] --END-- [ RunTime:0.010036s ]
INFO: [ view_filter ] --START--
INFO: Run Behavior\WriteHtmlCacheBehavior [ RunTime:0.000047s ]
INFO: [ view_filter ] --END-- [ RunTime:0.000077s ]
INFO: [ app_end ] --START--
INFO: Run Behavior\ShowPageTraceBehavior [ RunTime:0.000039s ]
INFO: [ app_end ] --END-- [ RunTime:0.000073s ]

[ 2016-10-02T15:11:31+08:00 ] 127.0.0.1 /home/information/index.js.map
INFO: [ app_init ] --START--
INFO: Run Behavior\BuildLiteBehavior [ RunTime:0.000016s ]
INFO: [ app_init ] --END-- [ RunTime:0.000095s ]
INFO: [ app_begin ] --START--
INFO: Run Behavior\ReadHtmlCacheBehavior [ RunTime:0.000049s ]
INFO: [ app_begin ] --END-- [ RunTime:0.000174s ]
ERR: 非法操作:index.js.map

[ 2016-10-02T15:14:11+08:00 ] 127.0.0.1 /home/information/address.html
INFO: [ app_init ] --START--
INFO: Run Behavior\BuildLiteBehavior [ RunTime:0.000023s ]
INFO: [ app_init ] --END-- [ RunTime:0.000160s ]
INFO: [ app_begin ] --START--
INFO: Run Behavior\ReadHtmlCacheBehavior [ RunTime:0.000084s ]
INFO: [ app_begin ] --END-- [ RunTime:0.000164s ]
SQL: SHOW COLUMNS FROM `think_address` [ RunTime:0.0007s ]
SQL: SELECT * FROM `think_address` WHERE ( user_id='4' ) ORDER BY is_default desc  [ RunTime:0.0004s ]
INFO: [ view_parse ] --START--
INFO: [ template_filter ] --START--
INFO: Run Behavior\ContentReplaceBehavior [ RunTime:0.000075s ]
INFO: [ template_filter ] --END-- [ RunTime:0.000136s ]
NOTIC: [8] Undefined variable: single /var/www/shop/App/Runtime/Cache/Home/5db0bbd2d45b6eb7d04e47b02ff99ebd.php 第 178 行.
NOTIC: [8] Undefined variable: single /var/www/shop/App/Runtime/Cache/Home/5db0bbd2d45b6eb7d04e47b02ff99ebd.php 第 185 行.
NOTIC: [8] Undefined variable: single /var/www/shop/App/Runtime/Cache/Home/5db0bbd2d45b6eb7d04e47b02ff99ebd.php 第 200 行.
NOTIC: [8] Undefined variable: single /var/www/shop/App/Runtime/Cache/Home/5db0bbd2d45b6eb7d04e47b02ff99ebd.php 第 204 行.
NOTIC: [8] Undefined variable: single /var/www/shop/App/Runtime/Cache/Home/5db0bbd2d45b6eb7d04e47b02ff99ebd.php 第 208 行.
NOTIC: [8] Undefined variable: single /var/www/shop/App/Runtime/Cache/Home/5db0bbd2d45b6eb7d04e47b02ff99ebd.php 第 224 行.
INFO: Run Behavior\ParseTemplateBehavior [ RunTime:0.009790s ]
INFO: [ view_parse ] --END-- [ RunTime:0.009837s ]
INFO: [ view_filter ] --START--
INFO: Run Behavior\WriteHtmlCacheBehavior [ RunTime:0.000046s ]
INFO: [ view_filter ] --END-- [ RunTime:0.000076s ]
INFO: [ app_end ] --START--
INFO: Run Behavior\ShowPageTraceBehavior [ RunTime:0.000041s ]
INFO: [ app_end ] --END-- [ RunTime:0.000076s ]

[ 2016-10-02T15:14:12+08:00 ] 127.0.0.1 /home/information/index.js.map
INFO: [ app_init ] --START--
INFO: Run Behavior\BuildLiteBehavior [ RunTime:0.000008s ]
INFO: [ app_init ] --END-- [ RunTime:0.000055s ]
INFO: [ app_begin ] --START--
INFO: Run Behavior\ReadHtmlCacheBehavior [ RunTime:0.000022s ]
INFO: [ app_begin ] --END-- [ RunTime:0.000047s ]
ERR: 非法操作:index.js.map

[ 2016-10-02T15:14:30+08:00 ] 127.0.0.1 /home/information/address.html
INFO: [ app_init ] --START--
INFO: Run Behavior\BuildLiteBehavior [ RunTime:0.000014s ]
INFO: [ app_init ] --END-- [ RunTime:0.000091s ]
INFO: [ app_begin ] --START--
INFO: Run Behavior\ReadHtmlCacheBehavior [ RunTime:0.000042s ]
INFO: [ app_begin ] --END-- [ RunTime:0.000085s ]
SQL: SHOW COLUMNS FROM `think_address` [ RunTime:0.0008s ]
SQL: SELECT * FROM `think_address` WHERE ( user_id='4' ) ORDER BY is_default desc  [ RunTime:0.0005s ]
INFO: [ view_parse ] --START--
INFO: [ template_filter ] --START--
INFO: Run Behavior\ContentReplaceBehavior [ RunTime:0.000077s ]
INFO: [ template_filter ] --END-- [ RunTime:0.000142s ]
NOTIC: [8] Undefined variable: single /var/www/shop/App/Runtime/Cache/Home/5db0bbd2d45b6eb7d04e47b02ff99ebd.php 第 178 行.
NOTIC: [8] Undefined variable: single /var/www/shop/App/Runtime/Cache/Home/5db0bbd2d45b6eb7d04e47b02ff99ebd.php 第 185 行.
NOTIC: [8] Undefined variable: single /var/www/shop/App/Runtime/Cache/Home/5db0bbd2d45b6eb7d04e47b02ff99ebd.php 第 200 行.
NOTIC: [8] Undefined variable: single /var/www/shop/App/Runtime/Cache/Home/5db0bbd2d45b6eb7d04e47b02ff99ebd.php 第 204 行.
NOTIC: [8] Undefined variable: single /var/www/shop/App/Runtime/Cache/Home/5db0bbd2d45b6eb7d04e47b02ff99ebd.php 第 208 行.
NOTIC: [8] Undefined variable: single /var/www/shop/App/Runtime/Cache/Home/5db0bbd2d45b6eb7d04e47b02ff99ebd.php 第 224 行.
INFO: Run Behavior\ParseTemplateBehavior [ RunTime:0.013332s ]
INFO: [ view_parse ] --END-- [ RunTime:0.013391s ]
INFO: [ view_filter ] --START--
INFO: Run Behavior\WriteHtmlCacheBehavior [ RunTime:0.000056s ]
INFO: [ view_filter ] --END-- [ RunTime:0.000093s ]
INFO: [ app_end ] --START--
INFO: Run Behavior\ShowPageTraceBehavior [ RunTime:0.000041s ]
INFO: [ app_end ] --END-- [ RunTime:0.000081s ]

[ 2016-10-02T15:14:34+08:00 ] 127.0.0.1 /home/information/address.html
INFO: [ app_init ] --START--
INFO: Run Behavior\BuildLiteBehavior [ RunTime:0.000014s ]
INFO: [ app_init ] --END-- [ RunTime:0.000093s ]
INFO: [ app_begin ] --START--
INFO: Run Behavior\ReadHtmlCacheBehavior [ RunTime:0.000051s ]
INFO: [ app_begin ] --END-- [ RunTime:0.000108s ]
SQL: SHOW COLUMNS FROM `think_address` [ RunTime:0.0007s ]
SQL: SELECT * FROM `think_address` WHERE ( user_id='4' ) ORDER BY is_default desc  [ RunTime:0.0003s ]
INFO: [ view_parse ] --START--
INFO: [ template_filter ] --START--
INFO: Run Behavior\ContentReplaceBehavior [ RunTime:0.000091s ]
INFO: [ template_filter ] --END-- [ RunTime:0.000151s ]
NOTIC: [8] Undefined variable: single /var/www/shop/App/Runtime/Cache/Home/5db0bbd2d45b6eb7d04e47b02ff99ebd.php 第 178 行.
NOTIC: [8] Undefined variable: single /var/www/shop/App/Runtime/Cache/Home/5db0bbd2d45b6eb7d04e47b02ff99ebd.php 第 185 行.
NOTIC: [8] Undefined variable: single /var/www/shop/App/Runtime/Cache/Home/5db0bbd2d45b6eb7d04e47b02ff99ebd.php 第 200 行.
NOTIC: [8] Undefined variable: single /var/www/shop/App/Runtime/Cache/Home/5db0bbd2d45b6eb7d04e47b02ff99ebd.php 第 204 行.
NOTIC: [8] Undefined variable: single /var/www/shop/App/Runtime/Cache/Home/5db0bbd2d45b6eb7d04e47b02ff99ebd.php 第 208 行.
NOTIC: [8] Undefined variable: single /var/www/shop/App/Runtime/Cache/Home/5db0bbd2d45b6eb7d04e47b02ff99ebd.php 第 224 行.
INFO: Run Behavior\ParseTemplateBehavior [ RunTime:0.010940s ]
INFO: [ view_parse ] --END-- [ RunTime:0.010980s ]
INFO: [ view_filter ] --START--
INFO: Run Behavior\WriteHtmlCacheBehavior [ RunTime:0.000048s ]
INFO: [ view_filter ] --END-- [ RunTime:0.000077s ]
INFO: [ app_end ] --START--
INFO: Run Behavior\ShowPageTraceBehavior [ RunTime:0.000034s ]
INFO: [ app_end ] --END-- [ RunTime:0.000068s ]

[ 2016-10-02T15:14:36+08:00 ] 127.0.0.1 /home/information/address.html
INFO: [ app_init ] --START--
INFO: Run Behavior\BuildLiteBehavior [ RunTime:0.000014s ]
INFO: [ app_init ] --END-- [ RunTime:0.000100s ]
INFO: [ app_begin ] --START--
INFO: Run Behavior\ReadHtmlCacheBehavior [ RunTime:0.000070s ]
INFO: [ app_begin ] --END-- [ RunTime:0.000131s ]
SQL: SHOW COLUMNS FROM `think_address` [ RunTime:0.0008s ]
SQL: SELECT * FROM `think_address` WHERE ( user_id='4' ) ORDER BY is_default desc  [ RunTime:0.0004s ]
INFO: [ view_parse ] --START--
INFO: [ template_filter ] --START--
INFO: Run Behavior\ContentReplaceBehavior [ RunTime:0.000073s ]
INFO: [ template_filter ] --END-- [ RunTime:0.000120s ]
NOTIC: [8] Undefined variable: single /var/www/shop/App/Runtime/Cache/Home/5db0bbd2d45b6eb7d04e47b02ff99ebd.php 第 178 行.
NOTIC: [8] Undefined variable: single /var/www/shop/App/Runtime/Cache/Home/5db0bbd2d45b6eb7d04e47b02ff99ebd.php 第 185 行.
NOTIC: [8] Undefined variable: single /var/www/shop/App/Runtime/Cache/Home/5db0bbd2d45b6eb7d04e47b02ff99ebd.php 第 200 行.
NOTIC: [8] Undefined variable: single /var/www/shop/App/Runtime/Cache/Home/5db0bbd2d45b6eb7d04e47b02ff99ebd.php 第 204 行.
NOTIC: [8] Undefined variable: single /var/www/shop/App/Runtime/Cache/Home/5db0bbd2d45b6eb7d04e47b02ff99ebd.php 第 208 行.
NOTIC: [8] Undefined variable: single /var/www/shop/App/Runtime/Cache/Home/5db0bbd2d45b6eb7d04e47b02ff99ebd.php 第 224 行.
INFO: Run Behavior\ParseTemplateBehavior [ RunTime:0.009940s ]
INFO: [ view_parse ] --END-- [ RunTime:0.009987s ]
INFO: [ view_filter ] --START--
INFO: Run Behavior\WriteHtmlCacheBehavior [ RunTime:0.000037s ]
INFO: [ view_filter ] --END-- [ RunTime:0.000057s ]
INFO: [ app_end ] --START--
INFO: Run Behavior\ShowPageTraceBehavior [ RunTime:0.000029s ]
INFO: [ app_end ] --END-- [ RunTime:0.000051s ]

[ 2016-10-02T15:15:08+08:00 ] 127.0.0.1 /home/information/editAddress?id=15
INFO: [ app_init ] --START--
INFO: Run Behavior\BuildLiteBehavior [ RunTime:0.000019s ]
INFO: [ app_init ] --END-- [ RunTime:0.000139s ]
INFO: [ app_begin ] --START--
INFO: Run Behavior\ReadHtmlCacheBehavior [ RunTime:0.000064s ]
INFO: [ app_begin ] --END-- [ RunTime:0.000170s ]
SQL: SHOW COLUMNS FROM `think_address` [ RunTime:0.0006s ]
SQL: SELECT * FROM `think_address` WHERE ( id=15 ) LIMIT 1   [ RunTime:0.0002s ]
SQL: SELECT * FROM `think_address` WHERE ( user_id='4' ) ORDER BY is_default desc  [ RunTime:0.0001s ]
INFO: [ view_parse ] --START--
INFO: [ template_filter ] --START--
INFO: Run Behavior\ContentReplaceBehavior [ RunTime:0.000054s ]
INFO: [ template_filter ] --END-- [ RunTime:0.000102s ]
INFO: Run Behavior\ParseTemplateBehavior [ RunTime:0.011685s ]
INFO: [ view_parse ] --END-- [ RunTime:0.011729s ]
INFO: [ view_filter ] --START--
INFO: Run Behavior\WriteHtmlCacheBehavior [ RunTime:0.000041s ]
INFO: [ view_filter ] --END-- [ RunTime:0.000068s ]
INFO: [ app_end ] --START--
INFO: Run Behavior\ShowPageTraceBehavior [ RunTime:0.000037s ]
INFO: [ app_end ] --END-- [ RunTime:0.000066s ]

[ 2016-10-02T15:15:14+08:00 ] 127.0.0.1 /home/information/editAddress?id=15
INFO: [ app_init ] --START--
INFO: Run Behavior\BuildLiteBehavior [ RunTime:0.000015s ]
INFO: [ app_init ] --END-- [ RunTime:0.000092s ]
INFO: [ app_begin ] --START--
INFO: Run Behavior\ReadHtmlCacheBehavior [ RunTime:0.000039s ]
INFO: [ app_begin ] --END-- [ RunTime:0.000080s ]
SQL: SHOW COLUMNS FROM `think_address` [ RunTime:0.0007s ]
SQL: SELECT * FROM `think_address` WHERE ( id=15 ) LIMIT 1   [ RunTime:0.0005s ]
SQL: SELECT * FROM `think_address` WHERE ( user_id='4' ) ORDER BY is_default desc  [ RunTime:0.0003s ]
INFO: [ view_parse ] --START--
INFO: [ template_filter ] --START--
INFO: Run Behavior\ContentReplaceBehavior [ RunTime:0.000064s ]
INFO: [ template_filter ] --END-- [ RunTime:0.000111s ]
INFO: Run Behavior\ParseTemplateBehavior [ RunTime:0.008538s ]
INFO: [ view_parse ] --END-- [ RunTime:0.008579s ]
INFO: [ view_filter ] --START--
INFO: Run Behavior\WriteHtmlCacheBehavior [ RunTime:0.000042s ]
INFO: [ view_filter ] --END-- [ RunTime:0.000071s ]
INFO: [ app_end ] --START--
INFO: Run Behavior\ShowPageTraceBehavior [ RunTime:0.000034s ]
INFO: [ app_end ] --END-- [ RunTime:0.000067s ]

[ 2016-10-02T15:15:16+08:00 ] 127.0.0.1 /home/information/editAddress?id=15
INFO: [ app_init ] --START--
INFO: Run Behavior\BuildLiteBehavior [ RunTime:0.000021s ]
INFO: [ app_init ] --END-- [ RunTime:0.000147s ]
INFO: [ app_begin ] --START--
INFO: Run Behavior\ReadHtmlCacheBehavior [ RunTime:0.000082s ]
INFO: [ app_begin ] --END-- [ RunTime:0.000158s ]
SQL: SHOW COLUMNS FROM `think_address` [ RunTime:0.0010s ]
SQL: SELECT * FROM `think_address` WHERE ( id=15 ) LIMIT 1   [ RunTime:0.0002s ]
SQL: SELECT * FROM `think_address` WHERE ( user_id='4' ) ORDER BY is_default desc  [ RunTime:0.0002s ]
INFO: [ view_parse ] --START--
INFO: [ template_filter ] --START--
INFO: Run Behavior\ContentReplaceBehavior [ RunTime:0.000068s ]
INFO: [ template_filter ] --END-- [ RunTime:0.000119s ]
INFO: Run Behavior\ParseTemplateBehavior [ RunTime:0.011449s ]
INFO: [ view_parse ] --END-- [ RunTime:0.011527s ]
INFO: [ view_filter ] --START--
INFO: Run Behavior\WriteHtmlCacheBehavior [ RunTime:0.000050s ]
INFO: [ view_filter ] --END-- [ RunTime:0.000095s ]
INFO: [ app_end ] --START--
INFO: Run Behavior\ShowPageTraceBehavior [ RunTime:0.000044s ]
INFO: [ app_end ] --END-- [ RunTime:0.000080s ]

[ 2016-10-02T15:15:18+08:00 ] 127.0.0.1 /home/information/editAddress?act=edit&id=17
INFO: [ app_init ] --START--
INFO: Run Behavior\BuildLiteBehavior [ RunTime:0.000014s ]
INFO: [ app_init ] --END-- [ RunTime:0.000128s ]
INFO: [ app_begin ] --START--
INFO: Run Behavior\ReadHtmlCacheBehavior [ RunTime:0.000037s ]
INFO: [ app_begin ] --END-- [ RunTime:0.000079s ]
SQL: SHOW COLUMNS FROM `think_address` [ RunTime:0.0007s ]
SQL: SELECT * FROM `think_address` WHERE ( id=17 ) LIMIT 1   [ RunTime:0.0003s ]
SQL: SELECT * FROM `think_address` WHERE ( user_id='4' ) ORDER BY is_default desc  [ RunTime:0.0002s ]
INFO: [ view_parse ] --START--
INFO: [ template_filter ] --START--
INFO: Run Behavior\ContentReplaceBehavior [ RunTime:0.000064s ]
INFO: [ template_filter ] --END-- [ RunTime:0.000122s ]
INFO: Run Behavior\ParseTemplateBehavior [ RunTime:0.009647s ]
INFO: [ view_parse ] --END-- [ RunTime:0.009704s ]
INFO: [ view_filter ] --START--
INFO: Run Behavior\WriteHtmlCacheBehavior [ RunTime:0.000051s ]
INFO: [ view_filter ] --END-- [ RunTime:0.000090s ]
INFO: [ app_end ] --START--
INFO: Run Behavior\ShowPageTraceBehavior [ RunTime:0.000048s ]
INFO: [ app_end ] --END-- [ RunTime:0.000095s ]

[ 2016-10-02T15:15:28+08:00 ] 127.0.0.1 /home/information/address
INFO: [ app_init ] --START--
INFO: Run Behavior\BuildLiteBehavior [ RunTime:0.000017s ]
INFO: [ app_init ] --END-- [ RunTime:0.000124s ]
INFO: [ app_begin ] --START--
INFO: Run Behavior\ReadHtmlCacheBehavior [ RunTime:0.000060s ]
INFO: [ app_begin ] --END-- [ RunTime:0.000121s ]
SQL: SHOW COLUMNS FROM `think_address` [ RunTime:0.0005s ]
SQL: SELECT * FROM `think_address` WHERE ( user_id='4' ) ORDER BY is_default desc  [ RunTime:0.0001s ]
INFO: [ view_parse ] --START--
INFO: [ template_filter ] --START--
INFO: Run Behavior\ContentReplaceBehavior [ RunTime:0.000055s ]
INFO: [ template_filter ] --END-- [ RunTime:0.000096s ]
NOTIC: [8] Undefined variable: single /var/www/shop/App/Runtime/Cache/Home/5db0bbd2d45b6eb7d04e47b02ff99ebd.php 第 178 行.
NOTIC: [8] Undefined variable: single /var/www/shop/App/Runtime/Cache/Home/5db0bbd2d45b6eb7d04e47b02ff99ebd.php 第 185 行.
NOTIC: [8] Undefined variable: single /var/www/shop/App/Runtime/Cache/Home/5db0bbd2d45b6eb7d04e47b02ff99ebd.php 第 200 行.
NOTIC: [8] Undefined variable: single /var/www/shop/App/Runtime/Cache/Home/5db0bbd2d45b6eb7d04e47b02ff99ebd.php 第 204 行.
NOTIC: [8] Undefined variable: single /var/www/shop/App/Runtime/Cache/Home/5db0bbd2d45b6eb7d04e47b02ff99ebd.php 第 208 行.
NOTIC: [8] Undefined variable: single /var/www/shop/App/Runtime/Cache/Home/5db0bbd2d45b6eb7d04e47b02ff99ebd.php 第 224 行.
INFO: Run Behavior\ParseTemplateBehavior [ RunTime:0.011355s ]
INFO: [ view_parse ] --END-- [ RunTime:0.011395s ]
INFO: [ view_filter ] --START--
INFO: Run Behavior\WriteHtmlCacheBehavior [ RunTime:0.000033s ]
INFO: [ view_filter ] --END-- [ RunTime:0.000053s ]
INFO: [ app_end ] --START--
INFO: Run Behavior\ShowPageTraceBehavior [ RunTime:0.000027s ]
INFO: [ app_end ] --END-- [ RunTime:0.000048s ]

[ 2016-10-02T15:15:29+08:00 ] 127.0.0.1 /home/information/address
INFO: [ app_init ] --START--
INFO: Run Behavior\BuildLiteBehavior [ RunTime:0.000010s ]
INFO: [ app_init ] --END-- [ RunTime:0.000065s ]
INFO: [ app_begin ] --START--
INFO: Run Behavior\ReadHtmlCacheBehavior [ RunTime:0.000027s ]
INFO: [ app_begin ] --END-- [ RunTime:0.000057s ]
SQL: SHOW COLUMNS FROM `think_address` [ RunTime:0.0008s ]
SQL: SELECT * FROM `think_address` WHERE ( user_id='4' ) ORDER BY is_default desc  [ RunTime:0.0002s ]
INFO: [ view_parse ] --START--
INFO: [ template_filter ] --START--
INFO: Run Behavior\ContentReplaceBehavior [ RunTime:0.000074s ]
INFO: [ template_filter ] --END-- [ RunTime:0.000135s ]
NOTIC: [8] Undefined variable: single /var/www/shop/App/Runtime/Cache/Home/5db0bbd2d45b6eb7d04e47b02ff99ebd.php 第 178 行.
NOTIC: [8] Undefined variable: single /var/www/shop/App/Runtime/Cache/Home/5db0bbd2d45b6eb7d04e47b02ff99ebd.php 第 185 行.
NOTIC: [8] Undefined variable: single /var/www/shop/App/Runtime/Cache/Home/5db0bbd2d45b6eb7d04e47b02ff99ebd.php 第 200 行.
NOTIC: [8] Undefined variable: single /var/www/shop/App/Runtime/Cache/Home/5db0bbd2d45b6eb7d04e47b02ff99ebd.php 第 204 行.
NOTIC: [8] Undefined variable: single /var/www/shop/App/Runtime/Cache/Home/5db0bbd2d45b6eb7d04e47b02ff99ebd.php 第 208 行.
NOTIC: [8] Undefined variable: single /var/www/shop/App/Runtime/Cache/Home/5db0bbd2d45b6eb7d04e47b02ff99ebd.php 第 224 行.
INFO: Run Behavior\ParseTemplateBehavior [ RunTime:0.011162s ]
INFO: [ view_parse ] --END-- [ RunTime:0.011206s ]
INFO: [ view_filter ] --START--
INFO: Run Behavior\WriteHtmlCacheBehavior [ RunTime:0.000048s ]
INFO: [ view_filter ] --END-- [ RunTime:0.000084s ]
INFO: [ app_end ] --START--
INFO: Run Behavior\ShowPageTraceBehavior [ RunTime:0.000064s ]
INFO: [ app_end ] --END-- [ RunTime:0.000108s ]

[ 2016-10-02T15:15:41+08:00 ] 127.0.0.1 /home/information/editAddress?id=10
INFO: [ app_init ] --START--
INFO: Run Behavior\BuildLiteBehavior [ RunTime:0.000032s ]
INFO: [ app_init ] --END-- [ RunTime:0.000257s ]
INFO: [ app_begin ] --START--
INFO: Run Behavior\ReadHtmlCacheBehavior [ RunTime:0.000121s ]
INFO: [ app_begin ] --END-- [ RunTime:0.000200s ]
SQL: SHOW COLUMNS FROM `think_address` [ RunTime:0.0006s ]
SQL: SELECT * FROM `think_address` WHERE ( id=10 ) LIMIT 1   [ RunTime:0.0002s ]
SQL: SELECT * FROM `think_address` WHERE ( user_id='4' ) ORDER BY is_default desc  [ RunTime:0.0003s ]
INFO: [ view_parse ] --START--
INFO: [ template_filter ] --START--
INFO: Run Behavior\ContentReplaceBehavior [ RunTime:0.000073s ]
INFO: [ template_filter ] --END-- [ RunTime:0.000139s ]
INFO: Run Behavior\ParseTemplateBehavior [ RunTime:0.014345s ]
INFO: [ view_parse ] --END-- [ RunTime:0.014404s ]
INFO: [ view_filter ] --START--
INFO: Run Behavior\WriteHtmlCacheBehavior [ RunTime:0.000059s ]
INFO: [ view_filter ] --END-- [ RunTime:0.000099s ]
INFO: [ app_end ] --START--
INFO: Run Behavior\ShowPageTraceBehavior [ RunTime:0.000044s ]
INFO: [ app_end ] --END-- [ RunTime:0.000072s ]

[ 2016-10-02T15:15:47+08:00 ] 127.0.0.1 /home/information/address.html
INFO: [ app_init ] --START--
INFO: Run Behavior\BuildLiteBehavior [ RunTime:0.000018s ]
INFO: [ app_init ] --END-- [ RunTime:0.000118s ]
INFO: [ app_begin ] --START--
INFO: Run Behavior\ReadHtmlCacheBehavior [ RunTime:0.000055s ]
INFO: [ app_begin ] --END-- [ RunTime:0.000117s ]
SQL: SHOW COLUMNS FROM `think_address` [ RunTime:0.0011s ]
SQL: SELECT * FROM `think_address` WHERE ( user_id='4' ) ORDER BY is_default desc  [ RunTime:0.0005s ]
INFO: [ view_parse ] --START--
INFO: [ template_filter ] --START--
INFO: Run Behavior\ContentReplaceBehavior [ RunTime:0.000068s ]
INFO: [ template_filter ] --END-- [ RunTime:0.000126s ]
NOTIC: [8] Undefined variable: single /var/www/shop/App/Runtime/Cache/Home/5db0bbd2d45b6eb7d04e47b02ff99ebd.php 第 178 行.
NOTIC: [8] Undefined variable: single /var/www/shop/App/Runtime/Cache/Home/5db0bbd2d45b6eb7d04e47b02ff99ebd.php 第 185 行.
NOTIC: [8] Undefined variable: single /var/www/shop/App/Runtime/Cache/Home/5db0bbd2d45b6eb7d04e47b02ff99ebd.php 第 200 行.
NOTIC: [8] Undefined variable: single /var/www/shop/App/Runtime/Cache/Home/5db0bbd2d45b6eb7d04e47b02ff99ebd.php 第 204 行.
NOTIC: [8] Undefined variable: single /var/www/shop/App/Runtime/Cache/Home/5db0bbd2d45b6eb7d04e47b02ff99ebd.php 第 208 行.
NOTIC: [8] Undefined variable: single /var/www/shop/App/Runtime/Cache/Home/5db0bbd2d45b6eb7d04e47b02ff99ebd.php 第 224 行.
INFO: Run Behavior\ParseTemplateBehavior [ RunTime:0.010976s ]
INFO: [ view_parse ] --END-- [ RunTime:0.011038s ]
INFO: [ view_filter ] --START--
INFO: Run Behavior\WriteHtmlCacheBehavior [ RunTime:0.000066s ]
INFO: [ view_filter ] --END-- [ RunTime:0.000116s ]
INFO: [ app_end ] --START--
INFO: Run Behavior\ShowPageTraceBehavior [ RunTime:0.000058s ]
INFO: [ app_end ] --END-- [ RunTime:0.000119s ]

