[ 2016-10-27T00:04:23+08:00 ] 127.0.0.1 /home/MyDeal/change.html
INFO: [ app_init ] --START--
INFO: Run Behavior\BuildLiteBehavior [ RunTime:0.000028s ]
INFO: [ app_init ] --END-- [ RunTime:0.000245s ]
INFO: [ app_begin ] --START--
INFO: Run Behavior\ReadHtmlCacheBehavior [ RunTime:0.000090s ]
INFO: [ app_begin ] --END-- [ RunTime:0.000159s ]

[ 2016-10-27T00:04:39+08:00 ] 127.0.0.1 /home/MyDeal/change.html
INFO: [ app_init ] --START--
INFO: Run Behavior\BuildLiteBehavior [ RunTime:0.000022s ]
INFO: [ app_init ] --END-- [ RunTime:0.000184s ]
INFO: [ app_begin ] --START--
INFO: Run Behavior\ReadHtmlCacheBehavior [ RunTime:0.000065s ]
INFO: [ app_begin ] --END-- [ RunTime:0.000113s ]
SQL: SHOW COLUMNS FROM `think_refund` [ RunTime:0.0013s ]
SQL: SELECT * FROM `think_refund` WHERE ( user_id=4 )  [ RunTime:0.0002s ]
SQL: SHOW COLUMNS FROM `think_order_detail` [ RunTime:0.0009s ]
SQL: SELECT * FROM `think_order_detail` WHERE ( order_id=147735985800041151 AND goods_sn=1000001 ) LIMIT 1   [ RunTime:0.0002s ]
INFO: [ view_parse ] --START--
INFO: [ template_filter ] --START--
INFO: Run Behavior\ContentReplaceBehavior [ RunTime:0.000093s ]
INFO: [ template_filter ] --END-- [ RunTime:0.000148s ]
INFO: Run Behavior\ParseTemplateBehavior [ RunTime:0.009218s ]
INFO: [ view_parse ] --END-- [ RunTime:0.009262s ]
INFO: [ view_filter ] --START--
INFO: Run Behavior\WriteHtmlCacheBehavior [ RunTime:0.000054s ]
INFO: [ view_filter ] --END-- [ RunTime:0.000087s ]
INFO: [ app_end ] --START--
INFO: Run Behavior\ShowPageTraceBehavior [ RunTime:0.000056s ]
INFO: [ app_end ] --END-- [ RunTime:0.000093s ]

[ 2016-10-27T00:13:23+08:00 ] 127.0.0.1 /home/MyDeal/change.html
INFO: [ app_init ] --START--
INFO: Run Behavior\BuildLiteBehavior [ RunTime:0.000015s ]
INFO: [ app_init ] --END-- [ RunTime:0.000107s ]
INFO: [ app_begin ] --START--
INFO: Run Behavior\ReadHtmlCacheBehavior [ RunTime:0.000052s ]
INFO: [ app_begin ] --END-- [ RunTime:0.000099s ]
SQL: SHOW COLUMNS FROM `think_refund` [ RunTime:0.0005s ]
SQL: SELECT * FROM `think_refund` WHERE ( user_id=4 )  [ RunTime:0.0001s ]
SQL: SHOW COLUMNS FROM `think_order_detail` [ RunTime:0.0003s ]
SQL: SELECT * FROM `think_order_detail` WHERE ( order_id=147735985800041151 AND goods_sn=1000001 ) LIMIT 1   [ RunTime:0.0001s ]
INFO: [ view_parse ] --START--
INFO: [ template_filter ] --START--
INFO: Run Behavior\ContentReplaceBehavior [ RunTime:0.000049s ]
INFO: [ template_filter ] --END-- [ RunTime:0.000094s ]
INFO: Run Behavior\ParseTemplateBehavior [ RunTime:0.007489s ]
INFO: [ view_parse ] --END-- [ RunTime:0.007519s ]
INFO: [ view_filter ] --START--
INFO: Run Behavior\WriteHtmlCacheBehavior [ RunTime:0.000038s ]
INFO: [ view_filter ] --END-- [ RunTime:0.000060s ]
INFO: [ app_end ] --START--
INFO: Run Behavior\ShowPageTraceBehavior [ RunTime:0.000032s ]
INFO: [ app_end ] --END-- [ RunTime:0.000056s ]

[ 2016-10-27T00:13:24+08:00 ] 127.0.0.1 /home/MyDeal/refund.html?order_id=147735985800041151&goods_sn=1000001&goods_status=1
INFO: [ app_init ] --START--
INFO: Run Behavior\BuildLiteBehavior [ RunTime:0.000009s ]
INFO: [ app_init ] --END-- [ RunTime:0.000056s ]
INFO: [ app_begin ] --START--
INFO: Run Behavior\ReadHtmlCacheBehavior [ RunTime:0.000023s ]
INFO: [ app_begin ] --END-- [ RunTime:0.000048s ]
SQL: SHOW COLUMNS FROM `think_order_detail` [ RunTime:0.0006s ]
SQL: SELECT * FROM `think_order_detail` WHERE ( order_id=147735985800041151 AND goods_sn=1000001 ) LIMIT 1   [ RunTime:0.0001s ]
SQL: SHOW COLUMNS FROM `think_order` [ RunTime:0.0006s ]
SQL: SELECT `express_fee` FROM `think_order` WHERE ( order_id=147735985800041151 ) LIMIT 1   [ RunTime:0.0001s ]
SQL: SHOW COLUMNS FROM `think_refund` [ RunTime:0.0005s ]
SQL: SELECT * FROM `think_refund` WHERE ( order_id=147735985800041151 AND goods_sn=1000001 ) LIMIT 1   [ RunTime:0.0001s ]
INFO: [ view_parse ] --START--
INFO: [ template_filter ] --START--
INFO: Run Behavior\ContentReplaceBehavior [ RunTime:0.000054s ]
INFO: [ template_filter ] --END-- [ RunTime:0.000092s ]
NOTIC: [8] Undefined index: type1_name /var/www/shop/App/Runtime/Cache/Home/158d6d15c01943f80eb05d4f5478539b.php 第 160 行.
NOTIC: [8] Undefined index: type2_name /var/www/shop/App/Runtime/Cache/Home/158d6d15c01943f80eb05d4f5478539b.php 第 161 行.
NOTIC: [8] Undefined index: status /var/www/shop/App/Runtime/Cache/Home/158d6d15c01943f80eb05d4f5478539b.php 第 194 行.
INFO: Run Behavior\ParseTemplateBehavior [ RunTime:0.005775s ]
INFO: [ view_parse ] --END-- [ RunTime:0.005807s ]
INFO: [ view_filter ] --START--
INFO: Run Behavior\WriteHtmlCacheBehavior [ RunTime:0.000029s ]
INFO: [ view_filter ] --END-- [ RunTime:0.000049s ]
INFO: [ app_end ] --START--
INFO: Run Behavior\ShowPageTraceBehavior [ RunTime:0.000024s ]
INFO: [ app_end ] --END-- [ RunTime:0.000047s ]

[ 2016-10-27T00:13:26+08:00 ] 127.0.0.1 /home/MyDeal/change.html
INFO: [ app_init ] --START--
INFO: Run Behavior\BuildLiteBehavior [ RunTime:0.000013s ]
INFO: [ app_init ] --END-- [ RunTime:0.000086s ]
INFO: [ app_begin ] --START--
INFO: Run Behavior\ReadHtmlCacheBehavior [ RunTime:0.000031s ]
INFO: [ app_begin ] --END-- [ RunTime:0.000061s ]
SQL: SHOW COLUMNS FROM `think_refund` [ RunTime:0.0006s ]
SQL: SELECT * FROM `think_refund` WHERE ( user_id=4 )  [ RunTime:0.0001s ]
SQL: SHOW COLUMNS FROM `think_order_detail` [ RunTime:0.0003s ]
SQL: SELECT * FROM `think_order_detail` WHERE ( order_id=147735985800041151 AND goods_sn=1000001 ) LIMIT 1   [ RunTime:0.0001s ]
INFO: [ view_parse ] --START--
INFO: [ template_filter ] --START--
INFO: Run Behavior\ContentReplaceBehavior [ RunTime:0.000068s ]
INFO: [ template_filter ] --END-- [ RunTime:0.000120s ]
INFO: Run Behavior\ParseTemplateBehavior [ RunTime:0.006544s ]
INFO: [ view_parse ] --END-- [ RunTime:0.006574s ]
INFO: [ view_filter ] --START--
INFO: Run Behavior\WriteHtmlCacheBehavior [ RunTime:0.000033s ]
INFO: [ view_filter ] --END-- [ RunTime:0.000056s ]
INFO: [ app_end ] --START--
INFO: Run Behavior\ShowPageTraceBehavior [ RunTime:0.000024s ]
INFO: [ app_end ] --END-- [ RunTime:0.000049s ]

[ 2016-10-27T00:13:28+08:00 ] 127.0.0.1 /home/MyDeal/refundCancel?order_id=147735985800041151&goods_sn=1000001
INFO: [ app_init ] --START--
INFO: Run Behavior\BuildLiteBehavior [ RunTime:0.000014s ]
INFO: [ app_init ] --END-- [ RunTime:0.000091s ]
INFO: [ app_begin ] --START--
INFO: Run Behavior\ReadHtmlCacheBehavior [ RunTime:0.000041s ]
INFO: [ app_begin ] --END-- [ RunTime:0.000083s ]
SQL: SHOW COLUMNS FROM `think_refund` [ RunTime:0.0006s ]
SQL: SELECT `path` FROM `think_refund` WHERE ( order_id=147735985800041151 AND goods_sn=1000001 ) LIMIT 1   [ RunTime:0.0001s ]

[ 2016-10-27T00:14:16+08:00 ] 127.0.0.1 /home/MyDeal/change.html
INFO: [ app_init ] --START--
INFO: Run Behavior\BuildLiteBehavior [ RunTime:0.000016s ]
INFO: [ app_init ] --END-- [ RunTime:0.000123s ]
INFO: [ app_begin ] --START--
INFO: Run Behavior\ReadHtmlCacheBehavior [ RunTime:0.000054s ]
INFO: [ app_begin ] --END-- [ RunTime:0.000100s ]
SQL: SHOW COLUMNS FROM `think_refund` [ RunTime:0.0005s ]
SQL: SELECT * FROM `think_refund` WHERE ( user_id=4 )  [ RunTime:0.0001s ]
SQL: SHOW COLUMNS FROM `think_order_detail` [ RunTime:0.0005s ]
SQL: SELECT * FROM `think_order_detail` WHERE ( order_id=147735985800041151 AND goods_sn=1000001 ) LIMIT 1   [ RunTime:0.0001s ]
INFO: [ view_parse ] --START--
INFO: [ template_filter ] --START--
INFO: Run Behavior\ContentReplaceBehavior [ RunTime:0.000050s ]
INFO: [ template_filter ] --END-- [ RunTime:0.000091s ]
INFO: Run Behavior\ParseTemplateBehavior [ RunTime:0.007634s ]
INFO: [ view_parse ] --END-- [ RunTime:0.007677s ]
INFO: [ view_filter ] --START--
INFO: Run Behavior\WriteHtmlCacheBehavior [ RunTime:0.000042s ]
INFO: [ view_filter ] --END-- [ RunTime:0.000067s ]
INFO: [ app_end ] --START--
INFO: Run Behavior\ShowPageTraceBehavior [ RunTime:0.000044s ]
INFO: [ app_end ] --END-- [ RunTime:0.000071s ]

[ 2016-10-27T00:14:18+08:00 ] 127.0.0.1 /home/MyDeal/refundCancel?order_id=147735985800041151&goods_sn=1000001
INFO: [ app_init ] --START--
INFO: Run Behavior\BuildLiteBehavior [ RunTime:0.000013s ]
INFO: [ app_init ] --END-- [ RunTime:0.000091s ]
INFO: [ app_begin ] --START--
INFO: Run Behavior\ReadHtmlCacheBehavior [ RunTime:0.000042s ]
INFO: [ app_begin ] --END-- [ RunTime:0.000083s ]
SQL: SHOW COLUMNS FROM `think_refund` [ RunTime:0.0006s ]
SQL: SELECT `path` FROM `think_refund` WHERE ( order_id=147735985800041151 AND goods_sn=1000001 ) LIMIT 1   [ RunTime:0.0001s ]
INFO: [ app_end ] --START--
INFO: Run Behavior\ShowPageTraceBehavior [ RunTime:0.000040s ]
INFO: [ app_end ] --END-- [ RunTime:0.000087s ]

[ 2016-10-27T00:14:45+08:00 ] 127.0.0.1 /home/MyDeal/change.html
INFO: [ app_init ] --START--
INFO: Run Behavior\BuildLiteBehavior [ RunTime:0.000011s ]
INFO: [ app_init ] --END-- [ RunTime:0.000080s ]
INFO: [ app_begin ] --START--
INFO: Run Behavior\ReadHtmlCacheBehavior [ RunTime:0.000049s ]
INFO: [ app_begin ] --END-- [ RunTime:0.000092s ]
SQL: SHOW COLUMNS FROM `think_refund` [ RunTime:0.0007s ]
SQL: SELECT * FROM `think_refund` WHERE ( user_id=4 )  [ RunTime:0.0001s ]
SQL: SHOW COLUMNS FROM `think_order_detail` [ RunTime:0.0005s ]
SQL: SELECT * FROM `think_order_detail` WHERE ( order_id=147735985800041151 AND goods_sn=1000001 ) LIMIT 1   [ RunTime:0.0001s ]
INFO: [ view_parse ] --START--
INFO: [ template_filter ] --START--
INFO: Run Behavior\ContentReplaceBehavior [ RunTime:0.000050s ]
INFO: [ template_filter ] --END-- [ RunTime:0.000088s ]
INFO: Run Behavior\ParseTemplateBehavior [ RunTime:0.006891s ]
INFO: [ view_parse ] --END-- [ RunTime:0.006930s ]
INFO: [ view_filter ] --START--
INFO: Run Behavior\WriteHtmlCacheBehavior [ RunTime:0.000036s ]
INFO: [ view_filter ] --END-- [ RunTime:0.000058s ]
INFO: [ app_end ] --START--
INFO: Run Behavior\ShowPageTraceBehavior [ RunTime:0.000037s ]
INFO: [ app_end ] --END-- [ RunTime:0.000061s ]

[ 2016-10-27T00:14:47+08:00 ] 127.0.0.1 /home/MyDeal/refundCancel?order_id=147735985800041151&goods_sn=1000001
INFO: [ app_init ] --START--
INFO: Run Behavior\BuildLiteBehavior [ RunTime:0.000014s ]
INFO: [ app_init ] --END-- [ RunTime:0.000093s ]
INFO: [ app_begin ] --START--
INFO: Run Behavior\ReadHtmlCacheBehavior [ RunTime:0.000038s ]
INFO: [ app_begin ] --END-- [ RunTime:0.000074s ]
SQL: SHOW COLUMNS FROM `think_refund` [ RunTime:0.0006s ]
SQL: SELECT `path` FROM `think_refund` WHERE ( order_id=147735985800041151 AND goods_sn=1000001 ) LIMIT 1   [ RunTime:0.0001s ]
INFO: [ app_end ] --START--
INFO: Run Behavior\ShowPageTraceBehavior [ RunTime:0.000037s ]
INFO: [ app_end ] --END-- [ RunTime:0.000092s ]

[ 2016-10-27T00:19:28+08:00 ] 127.0.0.1 /home/MyDeal/change.html
INFO: [ app_init ] --START--
INFO: Run Behavior\BuildLiteBehavior [ RunTime:0.000013s ]
INFO: [ app_init ] --END-- [ RunTime:0.000088s ]
INFO: [ app_begin ] --START--
INFO: Run Behavior\ReadHtmlCacheBehavior [ RunTime:0.000041s ]
INFO: [ app_begin ] --END-- [ RunTime:0.000078s ]
SQL: SHOW COLUMNS FROM `think_refund` [ RunTime:0.0008s ]
SQL: SELECT * FROM `think_refund` WHERE ( user_id=4 )  [ RunTime:0.0001s ]
SQL: SHOW COLUMNS FROM `think_order_detail` [ RunTime:0.0006s ]
SQL: SELECT * FROM `think_order_detail` WHERE ( order_id=147735985800041151 AND goods_sn=1000001 ) LIMIT 1   [ RunTime:0.0001s ]
INFO: [ view_parse ] --START--
INFO: [ template_filter ] --START--
INFO: Run Behavior\ContentReplaceBehavior [ RunTime:0.000097s ]
INFO: [ template_filter ] --END-- [ RunTime:0.000190s ]
INFO: Run Behavior\ParseTemplateBehavior [ RunTime:0.014071s ]
INFO: [ view_parse ] --END-- [ RunTime:0.014131s ]
INFO: [ view_filter ] --START--
INFO: Run Behavior\WriteHtmlCacheBehavior [ RunTime:0.000056s ]
INFO: [ view_filter ] --END-- [ RunTime:0.000089s ]
INFO: [ app_end ] --START--
INFO: Run Behavior\ShowPageTraceBehavior [ RunTime:0.000045s ]
INFO: [ app_end ] --END-- [ RunTime:0.000082s ]

[ 2016-10-27T00:19:29+08:00 ] 127.0.0.1 /home/MyDeal/refundCancel?order_id=147735985800041151&goods_sn=1000001
INFO: [ app_init ] --START--
INFO: Run Behavior\BuildLiteBehavior [ RunTime:0.000009s ]
INFO: [ app_init ] --END-- [ RunTime:0.000059s ]
INFO: [ app_begin ] --START--
INFO: Run Behavior\ReadHtmlCacheBehavior [ RunTime:0.000024s ]
INFO: [ app_begin ] --END-- [ RunTime:0.000049s ]
SQL: SHOW COLUMNS FROM `think_refund` [ RunTime:0.0005s ]
SQL: SELECT `path` FROM `think_refund` WHERE ( order_id=147735985800041151 AND goods_sn=1000001 ) LIMIT 1   [ RunTime:0.0001s ]
INFO: [ app_end ] --START--
INFO: Run Behavior\ShowPageTraceBehavior [ RunTime:0.000024s ]
INFO: [ app_end ] --END-- [ RunTime:0.000060s ]

[ 2016-10-27T00:23:21+08:00 ] 127.0.0.1 /home/MyDeal/change.html
INFO: [ app_init ] --START--
INFO: Run Behavior\BuildLiteBehavior [ RunTime:0.000009s ]
INFO: [ app_init ] --END-- [ RunTime:0.000063s ]
INFO: [ app_begin ] --START--
INFO: Run Behavior\ReadHtmlCacheBehavior [ RunTime:0.000027s ]
INFO: [ app_begin ] --END-- [ RunTime:0.000052s ]
SQL: SHOW COLUMNS FROM `think_refund` [ RunTime:0.0006s ]
SQL: SELECT * FROM `think_refund` WHERE ( user_id=4 )  [ RunTime:0.0001s ]
SQL: SHOW COLUMNS FROM `think_order_detail` [ RunTime:0.0004s ]
SQL: SELECT * FROM `think_order_detail` WHERE ( order_id=147735985800041151 AND goods_sn=1000001 ) LIMIT 1   [ RunTime:0.0001s ]
INFO: [ view_parse ] --START--
INFO: [ template_filter ] --START--
INFO: Run Behavior\ContentReplaceBehavior [ RunTime:0.000053s ]
INFO: [ template_filter ] --END-- [ RunTime:0.000097s ]
INFO: Run Behavior\ParseTemplateBehavior [ RunTime:0.009067s ]
INFO: [ view_parse ] --END-- [ RunTime:0.009108s ]
INFO: [ view_filter ] --START--
INFO: Run Behavior\WriteHtmlCacheBehavior [ RunTime:0.000040s ]
INFO: [ view_filter ] --END-- [ RunTime:0.000062s ]
INFO: [ app_end ] --START--
INFO: Run Behavior\ShowPageTraceBehavior [ RunTime:0.000030s ]
INFO: [ app_end ] --END-- [ RunTime:0.000054s ]

[ 2016-10-27T00:23:23+08:00 ] 127.0.0.1 /home/MyDeal/refundCancel?order_id=147735985800041151&goods_sn=1000001
INFO: [ app_init ] --START--
INFO: Run Behavior\BuildLiteBehavior [ RunTime:0.000017s ]
INFO: [ app_init ] --END-- [ RunTime:0.000093s ]
INFO: [ app_begin ] --START--
INFO: Run Behavior\ReadHtmlCacheBehavior [ RunTime:0.000044s ]
INFO: [ app_begin ] --END-- [ RunTime:0.000081s ]
SQL: SHOW COLUMNS FROM `think_refund` [ RunTime:0.0006s ]
SQL: SELECT `path` FROM `think_refund` WHERE ( order_id=147735985800041151 AND goods_sn=1000001 ) LIMIT 1   [ RunTime:0.0001s ]
INFO: [ app_end ] --START--
INFO: Run Behavior\ShowPageTraceBehavior [ RunTime:0.000036s ]
INFO: [ app_end ] --END-- [ RunTime:0.000077s ]

[ 2016-10-27T00:23:34+08:00 ] 127.0.0.1 /home/MyDeal/change.html
INFO: [ app_init ] --START--
INFO: Run Behavior\BuildLiteBehavior [ RunTime:0.000011s ]
INFO: [ app_init ] --END-- [ RunTime:0.000081s ]
INFO: [ app_begin ] --START--
INFO: Run Behavior\ReadHtmlCacheBehavior [ RunTime:0.000033s ]
INFO: [ app_begin ] --END-- [ RunTime:0.000067s ]
SQL: SHOW COLUMNS FROM `think_refund` [ RunTime:0.0005s ]
SQL: SELECT * FROM `think_refund` WHERE ( user_id=4 )  [ RunTime:0.0001s ]
SQL: SHOW COLUMNS FROM `think_order_detail` [ RunTime:0.0004s ]
SQL: SELECT * FROM `think_order_detail` WHERE ( order_id=147735985800041151 AND goods_sn=1000001 ) LIMIT 1   [ RunTime:0.0001s ]
INFO: [ view_parse ] --START--
INFO: [ template_filter ] --START--
INFO: Run Behavior\ContentReplaceBehavior [ RunTime:0.000087s ]
INFO: [ template_filter ] --END-- [ RunTime:0.000139s ]
INFO: Run Behavior\ParseTemplateBehavior [ RunTime:0.008764s ]
INFO: [ view_parse ] --END-- [ RunTime:0.008808s ]
INFO: [ view_filter ] --START--
INFO: Run Behavior\WriteHtmlCacheBehavior [ RunTime:0.000047s ]
INFO: [ view_filter ] --END-- [ RunTime:0.000077s ]
INFO: [ app_end ] --START--
INFO: Run Behavior\ShowPageTraceBehavior [ RunTime:0.000041s ]
INFO: [ app_end ] --END-- [ RunTime:0.000074s ]

[ 2016-10-27T00:23:36+08:00 ] 127.0.0.1 /home/MyDeal/refundCancel?order_id=147735985800041151&goods_sn=1000001
INFO: [ app_init ] --START--
INFO: Run Behavior\BuildLiteBehavior [ RunTime:0.000009s ]
INFO: [ app_init ] --END-- [ RunTime:0.000057s ]
INFO: [ app_begin ] --START--
INFO: Run Behavior\ReadHtmlCacheBehavior [ RunTime:0.000023s ]
INFO: [ app_begin ] --END-- [ RunTime:0.000045s ]
SQL: SHOW COLUMNS FROM `think_refund` [ RunTime:0.0006s ]
SQL: SELECT `path` FROM `think_refund` WHERE ( order_id=147735985800041151 AND goods_sn=1000001 ) LIMIT 1   [ RunTime:0.0001s ]
INFO: [ app_end ] --START--
INFO: Run Behavior\ShowPageTraceBehavior [ RunTime:0.000052s ]
INFO: [ app_end ] --END-- [ RunTime:0.000099s ]

[ 2016-10-27T00:26:18+08:00 ] 127.0.0.1 /home/MyDeal/change.html
INFO: [ app_init ] --START--
INFO: Run Behavior\BuildLiteBehavior [ RunTime:0.000009s ]
INFO: [ app_init ] --END-- [ RunTime:0.000078s ]
INFO: [ app_begin ] --START--
INFO: Run Behavior\ReadHtmlCacheBehavior [ RunTime:0.000037s ]
INFO: [ app_begin ] --END-- [ RunTime:0.000071s ]
SQL: SHOW COLUMNS FROM `think_refund` [ RunTime:0.0005s ]
SQL: SELECT * FROM `think_refund` WHERE ( user_id=4 )  [ RunTime:0.0001s ]
SQL: SHOW COLUMNS FROM `think_order_detail` [ RunTime:0.0004s ]
SQL: SELECT * FROM `think_order_detail` WHERE ( order_id=147735985800041151 AND goods_sn=1000001 ) LIMIT 1   [ RunTime:0.0001s ]
INFO: [ view_parse ] --START--
INFO: [ template_filter ] --START--
INFO: Run Behavior\ContentReplaceBehavior [ RunTime:0.000061s ]
INFO: [ template_filter ] --END-- [ RunTime:0.000098s ]
INFO: Run Behavior\ParseTemplateBehavior [ RunTime:0.008477s ]
INFO: [ view_parse ] --END-- [ RunTime:0.008517s ]
INFO: [ view_filter ] --START--
INFO: Run Behavior\WriteHtmlCacheBehavior [ RunTime:0.000040s ]
INFO: [ view_filter ] --END-- [ RunTime:0.000067s ]
INFO: [ app_end ] --START--
INFO: Run Behavior\ShowPageTraceBehavior [ RunTime:0.000032s ]
INFO: [ app_end ] --END-- [ RunTime:0.000058s ]

[ 2016-10-27T00:26:20+08:00 ] 127.0.0.1 /home/MyDeal/refundCancel?order_id=147735985800041151&goods_sn=1000001
INFO: [ app_init ] --START--
INFO: Run Behavior\BuildLiteBehavior [ RunTime:0.000011s ]
INFO: [ app_init ] --END-- [ RunTime:0.000078s ]
INFO: [ app_begin ] --START--
INFO: Run Behavior\ReadHtmlCacheBehavior [ RunTime:0.000033s ]
INFO: [ app_begin ] --END-- [ RunTime:0.000067s ]
SQL: SHOW COLUMNS FROM `think_refund` [ RunTime:0.0012s ]
SQL: SELECT `path` FROM `think_refund` WHERE ( order_id=147735985800041151 AND goods_sn=1000001 ) LIMIT 1   [ RunTime:0.0001s ]
INFO: [ app_end ] --START--
INFO: Run Behavior\ShowPageTraceBehavior [ RunTime:0.000055s ]
INFO: [ app_end ] --END-- [ RunTime:0.000095s ]

[ 2016-10-27T00:27:52+08:00 ] 127.0.0.1 /home/MyDeal/change.html
INFO: [ app_init ] --START--
INFO: Run Behavior\BuildLiteBehavior [ RunTime:0.000018s ]
INFO: [ app_init ] --END-- [ RunTime:0.000127s ]
INFO: [ app_begin ] --START--
INFO: Run Behavior\ReadHtmlCacheBehavior [ RunTime:0.000041s ]
INFO: [ app_begin ] --END-- [ RunTime:0.000079s ]
SQL: SHOW COLUMNS FROM `think_refund` [ RunTime:0.0008s ]
SQL: SELECT * FROM `think_refund` WHERE ( user_id=4 )  [ RunTime:0.0002s ]
SQL: SHOW COLUMNS FROM `think_order_detail` [ RunTime:0.0008s ]
SQL: SELECT * FROM `think_order_detail` WHERE ( order_id=147735985800041151 AND goods_sn=1000001 ) LIMIT 1   [ RunTime:0.0002s ]
INFO: [ view_parse ] --START--
INFO: [ template_filter ] --START--
INFO: Run Behavior\ContentReplaceBehavior [ RunTime:0.000059s ]
INFO: [ template_filter ] --END-- [ RunTime:0.000102s ]
INFO: Run Behavior\ParseTemplateBehavior [ RunTime:0.008199s ]
INFO: [ view_parse ] --END-- [ RunTime:0.008280s ]
INFO: [ view_filter ] --START--
INFO: Run Behavior\WriteHtmlCacheBehavior [ RunTime:0.000049s ]
INFO: [ view_filter ] --END-- [ RunTime:0.000079s ]
INFO: [ app_end ] --START--
INFO: Run Behavior\ShowPageTraceBehavior [ RunTime:0.000045s ]
INFO: [ app_end ] --END-- [ RunTime:0.000081s ]

[ 2016-10-27T00:27:54+08:00 ] 127.0.0.1 /home/MyDeal/refundCancel?order_id=147735985800041151&goods_sn=1000001
INFO: [ app_init ] --START--
INFO: Run Behavior\BuildLiteBehavior [ RunTime:0.000014s ]
INFO: [ app_init ] --END-- [ RunTime:0.000094s ]
INFO: [ app_begin ] --START--
INFO: Run Behavior\ReadHtmlCacheBehavior [ RunTime:0.000039s ]
INFO: [ app_begin ] --END-- [ RunTime:0.000078s ]
SQL: SHOW COLUMNS FROM `think_refund` [ RunTime:0.0006s ]
SQL: SELECT `path` FROM `think_refund` WHERE ( order_id=147735985800041151 AND goods_sn=1000001 ) LIMIT 1   [ RunTime:0.0001s ]
INFO: [ app_end ] --START--
INFO: Run Behavior\ShowPageTraceBehavior [ RunTime:0.000049s ]
INFO: [ app_end ] --END-- [ RunTime:0.000081s ]

[ 2016-10-27T00:28:46+08:00 ] 127.0.0.1 /home/MyDeal/change.html
INFO: [ app_init ] --START--
INFO: Run Behavior\BuildLiteBehavior [ RunTime:0.000022s ]
INFO: [ app_init ] --END-- [ RunTime:0.000188s ]
INFO: [ app_begin ] --START--
INFO: Run Behavior\ReadHtmlCacheBehavior [ RunTime:0.000064s ]
INFO: [ app_begin ] --END-- [ RunTime:0.000109s ]
SQL: SHOW COLUMNS FROM `think_refund` [ RunTime:0.0007s ]
SQL: SELECT * FROM `think_refund` WHERE ( user_id=4 )  [ RunTime:0.0001s ]
SQL: SHOW COLUMNS FROM `think_order_detail` [ RunTime:0.0005s ]
SQL: SELECT * FROM `think_order_detail` WHERE ( order_id=147735985800041151 AND goods_sn=1000001 ) LIMIT 1   [ RunTime:0.0001s ]
INFO: [ view_parse ] --START--
INFO: [ template_filter ] --START--
INFO: Run Behavior\ContentReplaceBehavior [ RunTime:0.000087s ]
INFO: [ template_filter ] --END-- [ RunTime:0.000146s ]
INFO: Run Behavior\ParseTemplateBehavior [ RunTime:0.012479s ]
INFO: [ view_parse ] --END-- [ RunTime:0.012533s ]
INFO: [ view_filter ] --START--
INFO: Run Behavior\WriteHtmlCacheBehavior [ RunTime:0.000056s ]
INFO: [ view_filter ] --END-- [ RunTime:0.000089s ]
INFO: [ app_end ] --START--
INFO: Run Behavior\ShowPageTraceBehavior [ RunTime:0.000040s ]
INFO: [ app_end ] --END-- [ RunTime:0.000067s ]

[ 2016-10-27T00:28:48+08:00 ] 127.0.0.1 /home/MyDeal/refundCancel?order_id=147735985800041151&goods_sn=1000001
INFO: [ app_init ] --START--
INFO: Run Behavior\BuildLiteBehavior [ RunTime:0.000009s ]
INFO: [ app_init ] --END-- [ RunTime:0.000058s ]
INFO: [ app_begin ] --START--
INFO: Run Behavior\ReadHtmlCacheBehavior [ RunTime:0.000023s ]
INFO: [ app_begin ] --END-- [ RunTime:0.000048s ]
SQL: SHOW COLUMNS FROM `think_refund` [ RunTime:0.0006s ]
SQL: SELECT `path` FROM `think_refund` WHERE ( order_id=147735985800041151 AND goods_sn=1000001 ) LIMIT 1   [ RunTime:0.0002s ]
INFO: [ app_end ] --START--
INFO: Run Behavior\ShowPageTraceBehavior [ RunTime:0.000069s ]
INFO: [ app_end ] --END-- [ RunTime:0.000130s ]

[ 2016-10-27T00:29:50+08:00 ] 127.0.0.1 /home/MyDeal/change.html
INFO: [ app_init ] --START--
INFO: Run Behavior\BuildLiteBehavior [ RunTime:0.000013s ]
INFO: [ app_init ] --END-- [ RunTime:0.000090s ]
INFO: [ app_begin ] --START--
INFO: Run Behavior\ReadHtmlCacheBehavior [ RunTime:0.000089s ]
INFO: [ app_begin ] --END-- [ RunTime:0.000166s ]
SQL: SHOW COLUMNS FROM `think_refund` [ RunTime:0.0007s ]
SQL: SELECT * FROM `think_refund` WHERE ( user_id=4 )  [ RunTime:0.0002s ]
SQL: SHOW COLUMNS FROM `think_order_detail` [ RunTime:0.0005s ]
SQL: SELECT * FROM `think_order_detail` WHERE ( order_id=147735985800041151 AND goods_sn=1000001 ) LIMIT 1   [ RunTime:0.0001s ]
INFO: [ view_parse ] --START--
INFO: [ template_filter ] --START--
INFO: Run Behavior\ContentReplaceBehavior [ RunTime:0.000072s ]
INFO: [ template_filter ] --END-- [ RunTime:0.000122s ]
INFO: Run Behavior\ParseTemplateBehavior [ RunTime:0.009593s ]
INFO: [ view_parse ] --END-- [ RunTime:0.009656s ]
INFO: [ view_filter ] --START--
INFO: Run Behavior\WriteHtmlCacheBehavior [ RunTime:0.000072s ]
INFO: [ view_filter ] --END-- [ RunTime:0.000123s ]
INFO: [ app_end ] --START--
INFO: Run Behavior\ShowPageTraceBehavior [ RunTime:0.000063s ]
INFO: [ app_end ] --END-- [ RunTime:0.000114s ]

[ 2016-10-27T00:29:52+08:00 ] 127.0.0.1 /home/MyDeal/refundCancel?order_id=147735985800041151&goods_sn=1000001
INFO: [ app_init ] --START--
INFO: Run Behavior\BuildLiteBehavior [ RunTime:0.000014s ]
INFO: [ app_init ] --END-- [ RunTime:0.000091s ]
INFO: [ app_begin ] --START--
INFO: Run Behavior\ReadHtmlCacheBehavior [ RunTime:0.000045s ]
INFO: [ app_begin ] --END-- [ RunTime:0.000090s ]
SQL: SHOW COLUMNS FROM `think_refund` [ RunTime:0.0007s ]
SQL: SELECT `path` FROM `think_refund` WHERE ( order_id=147735985800041151 AND goods_sn=1000001 ) LIMIT 1   [ RunTime:0.0003s ]
INFO: [ app_end ] --START--
INFO: Run Behavior\ShowPageTraceBehavior [ RunTime:0.000058s ]
INFO: [ app_end ] --END-- [ RunTime:0.000106s ]

[ 2016-10-27T00:33:11+08:00 ] 127.0.0.1 /home/MyDeal/change.html
INFO: [ app_init ] --START--
INFO: Run Behavior\BuildLiteBehavior [ RunTime:0.000013s ]
INFO: [ app_init ] --END-- [ RunTime:0.000092s ]
INFO: [ app_begin ] --START--
INFO: Run Behavior\ReadHtmlCacheBehavior [ RunTime:0.000043s ]
INFO: [ app_begin ] --END-- [ RunTime:0.000081s ]
SQL: SHOW COLUMNS FROM `think_refund` [ RunTime:0.0007s ]
SQL: SELECT * FROM `think_refund` WHERE ( user_id=4 )  [ RunTime:0.0001s ]
SQL: SHOW COLUMNS FROM `think_order_detail` [ RunTime:0.0005s ]
SQL: SELECT * FROM `think_order_detail` WHERE ( order_id=147735985800041151 AND goods_sn=1000001 ) LIMIT 1   [ RunTime:0.0001s ]
INFO: [ view_parse ] --START--
INFO: [ template_filter ] --START--
INFO: Run Behavior\ContentReplaceBehavior [ RunTime:0.000064s ]
INFO: [ template_filter ] --END-- [ RunTime:0.000114s ]
INFO: Run Behavior\ParseTemplateBehavior [ RunTime:0.009443s ]
INFO: [ view_parse ] --END-- [ RunTime:0.009487s ]
INFO: [ view_filter ] --START--
INFO: Run Behavior\WriteHtmlCacheBehavior [ RunTime:0.000046s ]
INFO: [ view_filter ] --END-- [ RunTime:0.000075s ]
INFO: [ app_end ] --START--
INFO: Run Behavior\ShowPageTraceBehavior [ RunTime:0.000041s ]
INFO: [ app_end ] --END-- [ RunTime:0.000071s ]

[ 2016-10-27T00:33:14+08:00 ] 127.0.0.1 /home/MyDeal/refundCancel?order_id=147735985800041151&goods_sn=1000001
INFO: [ app_init ] --START--
INFO: Run Behavior\BuildLiteBehavior [ RunTime:0.000015s ]
INFO: [ app_init ] --END-- [ RunTime:0.000100s ]
INFO: [ app_begin ] --START--
INFO: Run Behavior\ReadHtmlCacheBehavior [ RunTime:0.000050s ]
INFO: [ app_begin ] --END-- [ RunTime:0.000098s ]
SQL: SHOW COLUMNS FROM `think_refund` [ RunTime:0.0009s ]
SQL: SELECT `path` FROM `think_refund` WHERE ( order_id=147735985800041151 AND goods_sn=1000001 ) LIMIT 1   [ RunTime:0.0001s ]
INFO: [ app_end ] --START--
INFO: Run Behavior\ShowPageTraceBehavior [ RunTime:0.000044s ]
INFO: [ app_end ] --END-- [ RunTime:0.000113s ]

[ 2016-10-27T00:35:33+08:00 ] 127.0.0.1 /home/MyDeal/change.html
INFO: [ app_init ] --START--
INFO: Run Behavior\BuildLiteBehavior [ RunTime:0.000009s ]
INFO: [ app_init ] --END-- [ RunTime:0.000061s ]
INFO: [ app_begin ] --START--
INFO: Run Behavior\ReadHtmlCacheBehavior [ RunTime:0.000027s ]
INFO: [ app_begin ] --END-- [ RunTime:0.000051s ]
SQL: SHOW COLUMNS FROM `think_refund` [ RunTime:0.0005s ]
SQL: SELECT * FROM `think_refund` WHERE ( user_id=4 )  [ RunTime:0.0001s ]
SQL: SHOW COLUMNS FROM `think_order_detail` [ RunTime:0.0004s ]
SQL: SELECT * FROM `think_order_detail` WHERE ( order_id=147735985800041151 AND goods_sn=1000001 ) LIMIT 1   [ RunTime:0.0001s ]
INFO: [ view_parse ] --START--
INFO: [ template_filter ] --START--
INFO: Run Behavior\ContentReplaceBehavior [ RunTime:0.000080s ]
INFO: [ template_filter ] --END-- [ RunTime:0.000167s ]
INFO: Run Behavior\ParseTemplateBehavior [ RunTime:0.006788s ]
INFO: [ view_parse ] --END-- [ RunTime:0.006833s ]
INFO: [ view_filter ] --START--
INFO: Run Behavior\WriteHtmlCacheBehavior [ RunTime:0.000059s ]
INFO: [ view_filter ] --END-- [ RunTime:0.000099s ]
INFO: [ app_end ] --START--
INFO: Run Behavior\ShowPageTraceBehavior [ RunTime:0.000040s ]
INFO: [ app_end ] --END-- [ RunTime:0.000073s ]

[ 2016-10-27T00:35:34+08:00 ] 127.0.0.1 /home/MyDeal/refundCancel?order_id=147735985800041151&goods_sn=1000001
INFO: [ app_init ] --START--
INFO: Run Behavior\BuildLiteBehavior [ RunTime:0.000015s ]
INFO: [ app_init ] --END-- [ RunTime:0.000099s ]
INFO: [ app_begin ] --START--
INFO: Run Behavior\ReadHtmlCacheBehavior [ RunTime:0.000052s ]
INFO: [ app_begin ] --END-- [ RunTime:0.000100s ]
SQL: SHOW COLUMNS FROM `think_refund` [ RunTime:0.0006s ]
SQL: SELECT `path` FROM `think_refund` WHERE ( order_id=147735985800041151 AND goods_sn=1000001 ) LIMIT 1   [ RunTime:0.0001s ]
ERR: Think\Controller:test_t("555")方法不存在！

[ 2016-10-27T00:35:41+08:00 ] 127.0.0.1 /home/MyDeal/refundCancel?order_id=147735985800041151&goods_sn=1000001
INFO: [ app_init ] --START--
INFO: Run Behavior\BuildLiteBehavior [ RunTime:0.000009s ]
INFO: [ app_init ] --END-- [ RunTime:0.000064s ]
INFO: [ app_begin ] --START--
INFO: Run Behavior\ReadHtmlCacheBehavior [ RunTime:0.000027s ]
INFO: [ app_begin ] --END-- [ RunTime:0.000052s ]
SQL: SHOW COLUMNS FROM `think_refund` [ RunTime:0.0004s ]
SQL: SELECT `path` FROM `think_refund` WHERE ( order_id=147735985800041151 AND goods_sn=1000001 ) LIMIT 1   [ RunTime:0.0001s ]
ERR: Think\Controller:test_t("555")方法不存在！

[ 2016-10-27T00:39:55+08:00 ] 127.0.0.1 /home/MyDeal/change.html
INFO: [ app_init ] --START--
INFO: Run Behavior\BuildLiteBehavior [ RunTime:0.000015s ]
INFO: [ app_init ] --END-- [ RunTime:0.000105s ]
INFO: [ app_begin ] --START--
INFO: Run Behavior\ReadHtmlCacheBehavior [ RunTime:0.000049s ]
INFO: [ app_begin ] --END-- [ RunTime:0.000093s ]
SQL: SHOW COLUMNS FROM `think_refund` [ RunTime:0.0008s ]
SQL: SELECT * FROM `think_refund` WHERE ( user_id=4 )  [ RunTime:0.0001s ]
SQL: SHOW COLUMNS FROM `think_order_detail` [ RunTime:0.0006s ]
SQL: SELECT * FROM `think_order_detail` WHERE ( order_id=147735985800041151 AND goods_sn=1000001 ) LIMIT 1   [ RunTime:0.0001s ]
INFO: [ view_parse ] --START--
INFO: [ template_filter ] --START--
INFO: Run Behavior\ContentReplaceBehavior [ RunTime:0.000081s ]
INFO: [ template_filter ] --END-- [ RunTime:0.000149s ]
INFO: Run Behavior\ParseTemplateBehavior [ RunTime:0.008485s ]
INFO: [ view_parse ] --END-- [ RunTime:0.008664s ]
INFO: [ view_filter ] --START--
INFO: Run Behavior\WriteHtmlCacheBehavior [ RunTime:0.000062s ]
INFO: [ view_filter ] --END-- [ RunTime:0.000102s ]
INFO: [ app_end ] --START--
INFO: Run Behavior\ShowPageTraceBehavior [ RunTime:0.000054s ]
INFO: [ app_end ] --END-- [ RunTime:0.000098s ]

[ 2016-10-27T00:39:56+08:00 ] 127.0.0.1 /home/MyDeal/index.js.map
INFO: [ app_init ] --START--
INFO: Run Behavior\BuildLiteBehavior [ RunTime:0.000008s ]
INFO: [ app_init ] --END-- [ RunTime:0.000055s ]
INFO: [ app_begin ] --START--
INFO: Run Behavior\ReadHtmlCacheBehavior [ RunTime:0.000024s ]
INFO: [ app_begin ] --END-- [ RunTime:0.000049s ]
ERR: 非法操作:index.js.map

[ 2016-10-27T00:39:57+08:00 ] 127.0.0.1 /home/MyDeal/refundCancel?order_id=147735985800041151&goods_sn=1000001
INFO: [ app_init ] --START--
INFO: Run Behavior\BuildLiteBehavior [ RunTime:0.000012s ]
INFO: [ app_init ] --END-- [ RunTime:0.000081s ]
INFO: [ app_begin ] --START--
INFO: Run Behavior\ReadHtmlCacheBehavior [ RunTime:0.000041s ]
INFO: [ app_begin ] --END-- [ RunTime:0.000080s ]
SQL: SHOW COLUMNS FROM `think_refund` [ RunTime:0.0007s ]
SQL: SELECT `path` FROM `think_refund` WHERE ( order_id=147735985800041151 AND goods_sn=1000001 ) LIMIT 1   [ RunTime:0.0001s ]
ERR: Think\Controller:test_t("555")方法不存在！

[ 2016-10-27T00:40:52+08:00 ] 127.0.0.1 /home/MyDeal/change.html
INFO: [ app_init ] --START--
INFO: Run Behavior\BuildLiteBehavior [ RunTime:0.000013s ]
INFO: [ app_init ] --END-- [ RunTime:0.000103s ]
INFO: [ app_begin ] --START--
INFO: Run Behavior\ReadHtmlCacheBehavior [ RunTime:0.000048s ]
INFO: [ app_begin ] --END-- [ RunTime:0.000092s ]
SQL: SHOW COLUMNS FROM `think_refund` [ RunTime:0.0008s ]
SQL: SELECT * FROM `think_refund` WHERE ( user_id=4 )  [ RunTime:0.0001s ]
SQL: SHOW COLUMNS FROM `think_order_detail` [ RunTime:0.0008s ]
SQL: SELECT * FROM `think_order_detail` WHERE ( order_id=147735985800041151 AND goods_sn=1000001 ) LIMIT 1   [ RunTime:0.0002s ]
INFO: [ view_parse ] --START--
INFO: [ template_filter ] --START--
INFO: Run Behavior\ContentReplaceBehavior [ RunTime:0.000053s ]
INFO: [ template_filter ] --END-- [ RunTime:0.000099s ]
INFO: Run Behavior\ParseTemplateBehavior [ RunTime:0.012101s ]
INFO: [ view_parse ] --END-- [ RunTime:0.012142s ]
INFO: [ view_filter ] --START--
INFO: Run Behavior\WriteHtmlCacheBehavior [ RunTime:0.000037s ]
INFO: [ view_filter ] --END-- [ RunTime:0.000061s ]
INFO: [ app_end ] --START--
INFO: Run Behavior\ShowPageTraceBehavior [ RunTime:0.000032s ]
INFO: [ app_end ] --END-- [ RunTime:0.000056s ]

[ 2016-10-27T00:40:53+08:00 ] 127.0.0.1 /home/MyDeal/index.js.map
INFO: [ app_init ] --START--
INFO: Run Behavior\BuildLiteBehavior [ RunTime:0.000015s ]
INFO: [ app_init ] --END-- [ RunTime:0.000090s ]
INFO: [ app_begin ] --START--
INFO: Run Behavior\ReadHtmlCacheBehavior [ RunTime:0.000029s ]
INFO: [ app_begin ] --END-- [ RunTime:0.000059s ]
ERR: 非法操作:index.js.map

[ 2016-10-27T00:40:54+08:00 ] 127.0.0.1 /home/MyDeal/refundCancel?order_id=147735985800041151&goods_sn=1000001
INFO: [ app_init ] --START--
INFO: Run Behavior\BuildLiteBehavior [ RunTime:0.000012s ]
INFO: [ app_init ] --END-- [ RunTime:0.000080s ]
INFO: [ app_begin ] --START--
INFO: Run Behavior\ReadHtmlCacheBehavior [ RunTime:0.000033s ]
INFO: [ app_begin ] --END-- [ RunTime:0.000067s ]
SQL: SHOW COLUMNS FROM `think_refund` [ RunTime:0.0011s ]
SQL: SELECT `path` FROM `think_refund` WHERE ( order_id=147735985800041151 AND goods_sn=1000001 ) LIMIT 1   [ RunTime:0.0002s ]
INFO: [ app_end ] --START--
INFO: Run Behavior\ShowPageTraceBehavior [ RunTime:0.000038s ]
INFO: [ app_end ] --END-- [ RunTime:0.000086s ]

[ 2016-10-27T00:40:57+08:00 ] 127.0.0.1 /home/MyDeal/refundCancel?order_id=147735985800041151&goods_sn=1000001
INFO: [ app_init ] --START--
INFO: Run Behavior\BuildLiteBehavior [ RunTime:0.000019s ]
INFO: [ app_init ] --END-- [ RunTime:0.000136s ]
INFO: [ app_begin ] --START--
INFO: Run Behavior\ReadHtmlCacheBehavior [ RunTime:0.000065s ]
INFO: [ app_begin ] --END-- [ RunTime:0.000119s ]
SQL: SHOW COLUMNS FROM `think_refund` [ RunTime:0.0006s ]
SQL: SELECT `path` FROM `think_refund` WHERE ( order_id=147735985800041151 AND goods_sn=1000001 ) LIMIT 1   [ RunTime:0.0001s ]
INFO: [ app_end ] --START--
INFO: Run Behavior\ShowPageTraceBehavior [ RunTime:0.000029s ]
INFO: [ app_end ] --END-- [ RunTime:0.000058s ]

[ 2016-10-27T00:41:00+08:00 ] 127.0.0.1 /home/MyDeal/refundCancel?order_id=147735985800041151&goods_sn=1000001
INFO: [ app_init ] --START--
INFO: Run Behavior\BuildLiteBehavior [ RunTime:0.000010s ]
INFO: [ app_init ] --END-- [ RunTime:0.000064s ]
INFO: [ app_begin ] --START--
INFO: Run Behavior\ReadHtmlCacheBehavior [ RunTime:0.000055s ]
INFO: [ app_begin ] --END-- [ RunTime:0.000103s ]
SQL: SHOW COLUMNS FROM `think_refund` [ RunTime:0.0007s ]
SQL: SELECT `path` FROM `think_refund` WHERE ( order_id=147735985800041151 AND goods_sn=1000001 ) LIMIT 1   [ RunTime:0.0001s ]
INFO: [ app_end ] --START--
INFO: Run Behavior\ShowPageTraceBehavior [ RunTime:0.000049s ]
INFO: [ app_end ] --END-- [ RunTime:0.000087s ]

[ 2016-10-27T00:41:02+08:00 ] 127.0.0.1 /home/MyDeal/refundCancel?order_id=147735985800041151&goods_sn=1000001
INFO: [ app_init ] --START--
INFO: Run Behavior\BuildLiteBehavior [ RunTime:0.000021s ]
INFO: [ app_init ] --END-- [ RunTime:0.000137s ]
INFO: [ app_begin ] --START--
INFO: Run Behavior\ReadHtmlCacheBehavior [ RunTime:0.000061s ]
INFO: [ app_begin ] --END-- [ RunTime:0.000123s ]
SQL: SHOW COLUMNS FROM `think_refund` [ RunTime:0.0008s ]
SQL: SELECT `path` FROM `think_refund` WHERE ( order_id=147735985800041151 AND goods_sn=1000001 ) LIMIT 1   [ RunTime:0.0001s ]
INFO: [ app_end ] --START--
INFO: Run Behavior\ShowPageTraceBehavior [ RunTime:0.000045s ]
INFO: [ app_end ] --END-- [ RunTime:0.000099s ]

[ 2016-10-27T00:46:27+08:00 ] 127.0.0.1 /home/MyDeal/change.html
INFO: [ app_init ] --START--
INFO: Run Behavior\BuildLiteBehavior [ RunTime:0.000023s ]
INFO: [ app_init ] --END-- [ RunTime:0.000135s ]
INFO: [ app_begin ] --START--
INFO: Run Behavior\ReadHtmlCacheBehavior [ RunTime:0.000075s ]
INFO: [ app_begin ] --END-- [ RunTime:0.000143s ]
SQL: SHOW COLUMNS FROM `think_refund` [ RunTime:0.0007s ]
SQL: SELECT * FROM `think_refund` WHERE ( user_id=4 )  [ RunTime:0.0001s ]
SQL: SHOW COLUMNS FROM `think_order_detail` [ RunTime:0.0006s ]
SQL: SELECT * FROM `think_order_detail` WHERE ( order_id=147735985800041151 AND goods_sn=1000001 ) LIMIT 1   [ RunTime:0.0001s ]
INFO: [ view_parse ] --START--
INFO: [ template_filter ] --START--
INFO: Run Behavior\ContentReplaceBehavior [ RunTime:0.000049s ]
INFO: [ template_filter ] --END-- [ RunTime:0.000091s ]
INFO: Run Behavior\ParseTemplateBehavior [ RunTime:0.010669s ]
INFO: [ view_parse ] --END-- [ RunTime:0.010717s ]
INFO: [ view_filter ] --START--
INFO: Run Behavior\WriteHtmlCacheBehavior [ RunTime:0.000049s ]
INFO: [ view_filter ] --END-- [ RunTime:0.000079s ]
INFO: [ app_end ] --START--
INFO: Run Behavior\ShowPageTraceBehavior [ RunTime:0.000034s ]
INFO: [ app_end ] --END-- [ RunTime:0.000056s ]

[ 2016-10-27T00:46:27+08:00 ] 127.0.0.1 /home/MyDeal/index.js.map
INFO: [ app_init ] --START--
INFO: Run Behavior\BuildLiteBehavior [ RunTime:0.000008s ]
INFO: [ app_init ] --END-- [ RunTime:0.000057s ]
INFO: [ app_begin ] --START--
INFO: Run Behavior\ReadHtmlCacheBehavior [ RunTime:0.000027s ]
INFO: [ app_begin ] --END-- [ RunTime:0.000054s ]
ERR: 非法操作:index.js.map

[ 2016-10-27T00:46:36+08:00 ] 127.0.0.1 /home/MyDeal/order.html
INFO: [ app_init ] --START--
INFO: Run Behavior\BuildLiteBehavior [ RunTime:0.000014s ]
INFO: [ app_init ] --END-- [ RunTime:0.000096s ]
INFO: [ app_begin ] --START--
INFO: Run Behavior\ReadHtmlCacheBehavior [ RunTime:0.000043s ]
INFO: [ app_begin ] --END-- [ RunTime:0.000084s ]
SQL: SHOW COLUMNS FROM `think_order` [ RunTime:0.0007s ]
SQL: SELECT * FROM `think_order` WHERE ( user_id=4 AND status=0 )  [ RunTime:0.0002s ]
SQL: SHOW COLUMNS FROM `think_order_detail` [ RunTime:0.0009s ]
SQL: SELECT * FROM `think_order_detail` WHERE ( order_id=147677946000042462 )  [ RunTime:0.0001s ]
SQL: SELECT * FROM `think_order_detail` WHERE ( order_id=147727269300042380 )  [ RunTime:0.0001s ]
SQL: SELECT * FROM `think_order` WHERE ( user_id=4 AND status=1 )  [ RunTime:0.0001s ]
SQL: SELECT * FROM `think_order_detail` WHERE ( order_id=147675667400041619 )  [ RunTime:0.0003s ]
SQL: SELECT * FROM `think_order_detail` WHERE ( order_id=147675661700047651 )  [ RunTime:0.0001s ]
SQL: SELECT * FROM `think_order_detail` WHERE ( order_id=147686834100044939 )  [ RunTime:0.0001s ]
SQL: SELECT * FROM `think_order_detail` WHERE ( order_id=147735985800041151 )  [ RunTime:0.0001s ]
SQL: SELECT * FROM `think_order` WHERE ( user_id=4 AND status=2 )  [ RunTime:0.0001s ]
SQL: SELECT * FROM `think_order_detail` WHERE ( order_id=147677373800044612 )  [ RunTime:0.0001s ]
SQL: SELECT * FROM `think_order_detail` WHERE ( order_id=147675658400046624 )  [ RunTime:0.0001s ]
SQL: SELECT * FROM `think_order` WHERE ( user_id=4 AND status=3 )  [ RunTime:0.0001s ]
SQL: SELECT * FROM `think_order_detail` WHERE ( order_id=147670340800040188 )  [ RunTime:0.0001s ]
SQL: SELECT * FROM `think_order` WHERE ( user_id=4 AND status=4 )  [ RunTime:0.0001s ]
SQL: SELECT * FROM `think_order_detail` WHERE ( order_id=147675653100047323 )  [ RunTime:0.0001s ]
SQL: SELECT * FROM `think_order_detail` WHERE ( order_id=147723015800046984 )  [ RunTime:0.0001s ]
SQL: SELECT * FROM `think_order_detail` WHERE ( order_id=147740627500048160 )  [ RunTime:0.0001s ]
SQL: SELECT * FROM `think_order_detail` WHERE ( order_id=147748453300042521 )  [ RunTime:0.0001s ]
SQL: SELECT * FROM `think_order_detail` WHERE ( order_id=147748455400041710 )  [ RunTime:0.0001s ]
SQL: SELECT * FROM `think_order_detail` WHERE ( order_id=147748457200049176 )  [ RunTime:0.0001s ]
SQL: SELECT * FROM `think_order_detail` WHERE ( order_id=147748459100041043 )  [ RunTime:0.0001s ]
INFO: [ view_parse ] --START--
INFO: [ template_filter ] --START--
INFO: Run Behavior\ContentReplaceBehavior [ RunTime:0.000103s ]
INFO: [ template_filter ] --END-- [ RunTime:0.000146s ]
INFO: Run Behavior\ParseTemplateBehavior [ RunTime:0.037699s ]
INFO: [ view_parse ] --END-- [ RunTime:0.037748s ]
INFO: [ view_filter ] --START--
INFO: Run Behavior\WriteHtmlCacheBehavior [ RunTime:0.000047s ]
INFO: [ view_filter ] --END-- [ RunTime:0.000073s ]
INFO: [ app_end ] --START--
INFO: Run Behavior\ShowPageTraceBehavior [ RunTime:0.000058s ]
INFO: [ app_end ] --END-- [ RunTime:0.000113s ]

[ 2016-10-27T00:46:37+08:00 ] 127.0.0.1 /home/MyDeal/index.js.map
INFO: [ app_init ] --START--
INFO: Run Behavior\BuildLiteBehavior [ RunTime:0.000009s ]
INFO: [ app_init ] --END-- [ RunTime:0.000058s ]
INFO: [ app_begin ] --START--
INFO: Run Behavior\ReadHtmlCacheBehavior [ RunTime:0.000023s ]
INFO: [ app_begin ] --END-- [ RunTime:0.000048s ]
ERR: 非法操作:index.js.map

[ 2016-10-27T00:48:02+08:00 ] 127.0.0.1 /home/MyDeal/order.html
INFO: [ app_init ] --START--
INFO: Run Behavior\BuildLiteBehavior [ RunTime:0.000017s ]
INFO: [ app_init ] --END-- [ RunTime:0.000153s ]
INFO: [ app_begin ] --START--
INFO: Run Behavior\ReadHtmlCacheBehavior [ RunTime:0.000052s ]
INFO: [ app_begin ] --END-- [ RunTime:0.000100s ]
SQL: SHOW COLUMNS FROM `think_order` [ RunTime:0.0006s ]
SQL: SELECT * FROM `think_order` WHERE ( user_id=4 AND status=0 )  [ RunTime:0.0001s ]
SQL: SHOW COLUMNS FROM `think_order_detail` [ RunTime:0.0004s ]
SQL: SELECT * FROM `think_order_detail` WHERE ( order_id=147677946000042462 )  [ RunTime:0.0001s ]
SQL: SELECT * FROM `think_order_detail` WHERE ( order_id=147727269300042380 )  [ RunTime:0.0001s ]
SQL: SELECT * FROM `think_order` WHERE ( user_id=4 AND status=1 )  [ RunTime:0.0001s ]
SQL: SELECT * FROM `think_order_detail` WHERE ( order_id=147675667400041619 )  [ RunTime:0.0001s ]
SQL: SELECT * FROM `think_order_detail` WHERE ( order_id=147675661700047651 )  [ RunTime:0.0001s ]
SQL: SELECT * FROM `think_order_detail` WHERE ( order_id=147686834100044939 )  [ RunTime:0.0001s ]
SQL: SELECT * FROM `think_order_detail` WHERE ( order_id=147735985800041151 )  [ RunTime:0.0001s ]
SQL: SELECT * FROM `think_order` WHERE ( user_id=4 AND status=2 )  [ RunTime:0.0001s ]
SQL: SELECT * FROM `think_order_detail` WHERE ( order_id=147677373800044612 )  [ RunTime:0.0001s ]
SQL: SELECT * FROM `think_order_detail` WHERE ( order_id=147675658400046624 )  [ RunTime:0.0001s ]
SQL: SELECT * FROM `think_order` WHERE ( user_id=4 AND status=3 )  [ RunTime:0.0001s ]
SQL: SELECT * FROM `think_order_detail` WHERE ( order_id=147670340800040188 )  [ RunTime:0.0001s ]
SQL: SELECT * FROM `think_order` WHERE ( user_id=4 AND status=4 )  [ RunTime:0.0001s ]
SQL: SELECT * FROM `think_order_detail` WHERE ( order_id=147675653100047323 )  [ RunTime:0.0001s ]
SQL: SELECT * FROM `think_order_detail` WHERE ( order_id=147723015800046984 )  [ RunTime:0.0001s ]
SQL: SELECT * FROM `think_order_detail` WHERE ( order_id=147740627500048160 )  [ RunTime:0.0001s ]
SQL: SELECT * FROM `think_order_detail` WHERE ( order_id=147748453300042521 )  [ RunTime:0.0004s ]
SQL: SELECT * FROM `think_order_detail` WHERE ( order_id=147748455400041710 )  [ RunTime:0.0001s ]
SQL: SELECT * FROM `think_order_detail` WHERE ( order_id=147748457200049176 )  [ RunTime:0.0001s ]
SQL: SELECT * FROM `think_order_detail` WHERE ( order_id=147748459100041043 )  [ RunTime:0.0001s ]
INFO: [ view_parse ] --START--
INFO: [ template_filter ] --START--
INFO: Run Behavior\ContentReplaceBehavior [ RunTime:0.000110s ]
INFO: [ template_filter ] --END-- [ RunTime:0.000153s ]
INFO: Run Behavior\ParseTemplateBehavior [ RunTime:0.034834s ]
INFO: [ view_parse ] --END-- [ RunTime:0.034882s ]
INFO: [ view_filter ] --START--
INFO: Run Behavior\WriteHtmlCacheBehavior [ RunTime:0.000050s ]
INFO: [ view_filter ] --END-- [ RunTime:0.000073s ]
INFO: [ app_end ] --START--
INFO: Run Behavior\ShowPageTraceBehavior [ RunTime:0.000041s ]
INFO: [ app_end ] --END-- [ RunTime:0.000078s ]

[ 2016-10-27T00:48:11+08:00 ] 127.0.0.1 /home/MyDeal/refund.html?order_id=147677373800044612&goods_sn=1011&goods_status=0&status=2
INFO: [ app_init ] --START--
INFO: Run Behavior\BuildLiteBehavior [ RunTime:0.000028s ]
INFO: [ app_init ] --END-- [ RunTime:0.000199s ]
INFO: [ app_begin ] --START--
INFO: Run Behavior\ReadHtmlCacheBehavior [ RunTime:0.000055s ]
INFO: [ app_begin ] --END-- [ RunTime:0.000111s ]
SQL: SHOW COLUMNS FROM `think_order_detail` [ RunTime:0.0006s ]
SQL: SELECT * FROM `think_order_detail` WHERE ( order_id=147677373800044612 AND goods_sn=1011 ) LIMIT 1   [ RunTime:0.0003s ]
SQL: SHOW COLUMNS FROM `think_order` [ RunTime:0.0007s ]
SQL: SELECT `express_fee` FROM `think_order` WHERE ( order_id=147677373800044612 ) LIMIT 1   [ RunTime:0.0003s ]
SQL: SHOW COLUMNS FROM `think_refund` [ RunTime:0.0007s ]
SQL: SELECT * FROM `think_refund` WHERE ( order_id=147677373800044612 AND goods_sn=1011 ) LIMIT 1   [ RunTime:0.0003s ]
INFO: [ view_parse ] --START--
INFO: [ template_filter ] --START--
INFO: Run Behavior\ContentReplaceBehavior [ RunTime:0.000093s ]
INFO: [ template_filter ] --END-- [ RunTime:0.000134s ]
NOTIC: [8] Undefined index: type1_name /var/www/shop/App/Runtime/Cache/Home/158d6d15c01943f80eb05d4f5478539b.php 第 160 行.
NOTIC: [8] Undefined index: type2_name /var/www/shop/App/Runtime/Cache/Home/158d6d15c01943f80eb05d4f5478539b.php 第 161 行.
NOTIC: [8] Undefined index: refund_info /var/www/shop/App/Runtime/Cache/Home/158d6d15c01943f80eb05d4f5478539b.php 第 227 行.
INFO: Run Behavior\ParseTemplateBehavior [ RunTime:0.007321s ]
INFO: [ view_parse ] --END-- [ RunTime:0.007358s ]
INFO: [ view_filter ] --START--
INFO: Run Behavior\WriteHtmlCacheBehavior [ RunTime:0.000042s ]
INFO: [ view_filter ] --END-- [ RunTime:0.000072s ]
INFO: [ app_end ] --START--
INFO: Run Behavior\ShowPageTraceBehavior [ RunTime:0.000043s ]
INFO: [ app_end ] --END-- [ RunTime:0.000076s ]

[ 2016-10-27T00:48:41+08:00 ] 127.0.0.1 /home/MyDeal/order.html
INFO: [ app_init ] --START--
INFO: Run Behavior\BuildLiteBehavior [ RunTime:0.000019s ]
INFO: [ app_init ] --END-- [ RunTime:0.000128s ]
INFO: [ app_begin ] --START--
INFO: Run Behavior\ReadHtmlCacheBehavior [ RunTime:0.000055s ]
INFO: [ app_begin ] --END-- [ RunTime:0.000117s ]
SQL: SHOW COLUMNS FROM `think_order` [ RunTime:0.0010s ]
SQL: SELECT * FROM `think_order` WHERE ( user_id=4 AND status=0 )  [ RunTime:0.0001s ]
SQL: SHOW COLUMNS FROM `think_order_detail` [ RunTime:0.0008s ]
SQL: SELECT * FROM `think_order_detail` WHERE ( order_id=147677946000042462 )  [ RunTime:0.0004s ]
SQL: SELECT * FROM `think_order_detail` WHERE ( order_id=147727269300042380 )  [ RunTime:0.0003s ]
SQL: SELECT * FROM `think_order` WHERE ( user_id=4 AND status=1 )  [ RunTime:0.0001s ]
SQL: SELECT * FROM `think_order_detail` WHERE ( order_id=147675667400041619 )  [ RunTime:0.0003s ]
SQL: SELECT * FROM `think_order_detail` WHERE ( order_id=147675661700047651 )  [ RunTime:0.0002s ]
SQL: SELECT * FROM `think_order_detail` WHERE ( order_id=147686834100044939 )  [ RunTime:0.0002s ]
SQL: SELECT * FROM `think_order_detail` WHERE ( order_id=147735985800041151 )  [ RunTime:0.0002s ]
SQL: SELECT * FROM `think_order` WHERE ( user_id=4 AND status=2 )  [ RunTime:0.0001s ]
SQL: SELECT * FROM `think_order_detail` WHERE ( order_id=147677373800044612 )  [ RunTime:0.0002s ]
SQL: SELECT * FROM `think_order_detail` WHERE ( order_id=147675658400046624 )  [ RunTime:0.0002s ]
SQL: SELECT * FROM `think_order` WHERE ( user_id=4 AND status=3 )  [ RunTime:0.0001s ]
SQL: SELECT * FROM `think_order_detail` WHERE ( order_id=147670340800040188 )  [ RunTime:0.0002s ]
SQL: SELECT * FROM `think_order` WHERE ( user_id=4 AND status=4 )  [ RunTime:0.0001s ]
SQL: SELECT * FROM `think_order_detail` WHERE ( order_id=147675653100047323 )  [ RunTime:0.0002s ]
SQL: SELECT * FROM `think_order_detail` WHERE ( order_id=147723015800046984 )  [ RunTime:0.0002s ]
SQL: SELECT * FROM `think_order_detail` WHERE ( order_id=147740627500048160 )  [ RunTime:0.0002s ]
SQL: SELECT * FROM `think_order_detail` WHERE ( order_id=147748453300042521 )  [ RunTime:0.0002s ]
SQL: SELECT * FROM `think_order_detail` WHERE ( order_id=147748455400041710 )  [ RunTime:0.0002s ]
SQL: SELECT * FROM `think_order_detail` WHERE ( order_id=147748457200049176 )  [ RunTime:0.0002s ]
SQL: SELECT * FROM `think_order_detail` WHERE ( order_id=147748459100041043 )  [ RunTime:0.0002s ]
INFO: [ view_parse ] --START--
INFO: [ template_filter ] --START--
INFO: Run Behavior\ContentReplaceBehavior [ RunTime:0.000111s ]
INFO: [ template_filter ] --END-- [ RunTime:0.000155s ]
INFO: Run Behavior\ParseTemplateBehavior [ RunTime:0.040691s ]
INFO: [ view_parse ] --END-- [ RunTime:0.040758s ]
INFO: [ view_filter ] --START--
INFO: Run Behavior\WriteHtmlCacheBehavior [ RunTime:0.000073s ]
INFO: [ view_filter ] --END-- [ RunTime:0.000112s ]
INFO: [ app_end ] --START--
INFO: Run Behavior\ShowPageTraceBehavior [ RunTime:0.000067s ]
INFO: [ app_end ] --END-- [ RunTime:0.000134s ]

[ 2016-10-27T00:48:46+08:00 ] 127.0.0.1 /home/MyDeal/change.html
INFO: [ app_init ] --START--
INFO: Run Behavior\BuildLiteBehavior [ RunTime:0.000023s ]
INFO: [ app_init ] --END-- [ RunTime:0.000163s ]
INFO: [ app_begin ] --START--
INFO: Run Behavior\ReadHtmlCacheBehavior [ RunTime:0.000056s ]
INFO: [ app_begin ] --END-- [ RunTime:0.000118s ]
SQL: SHOW COLUMNS FROM `think_refund` [ RunTime:0.0007s ]
SQL: SELECT * FROM `think_refund` WHERE ( user_id=4 )  [ RunTime:0.0003s ]
SQL: SHOW COLUMNS FROM `think_order_detail` [ RunTime:0.0006s ]
SQL: SELECT * FROM `think_order_detail` WHERE ( order_id=147735985800041151 AND goods_sn=1000001 ) LIMIT 1   [ RunTime:0.0003s ]
SQL: SELECT * FROM `think_order_detail` WHERE ( order_id=147677373800044612 AND goods_sn=1011 ) LIMIT 1   [ RunTime:0.0003s ]
INFO: [ view_parse ] --START--
INFO: [ template_filter ] --START--
INFO: Run Behavior\ContentReplaceBehavior [ RunTime:0.000059s ]
INFO: [ template_filter ] --END-- [ RunTime:0.000105s ]
INFO: Run Behavior\ParseTemplateBehavior [ RunTime:0.009156s ]
INFO: [ view_parse ] --END-- [ RunTime:0.009202s ]
INFO: [ view_filter ] --START--
INFO: Run Behavior\WriteHtmlCacheBehavior [ RunTime:0.000044s ]
INFO: [ view_filter ] --END-- [ RunTime:0.000072s ]
INFO: [ app_end ] --START--
INFO: Run Behavior\ShowPageTraceBehavior [ RunTime:0.000043s ]
INFO: [ app_end ] --END-- [ RunTime:0.000081s ]

[ 2016-10-27T00:48:48+08:00 ] 127.0.0.1 /home/MyDeal/refund.html?order_id=147677373800044612&goods_sn=1011&goods_status=1
INFO: [ app_init ] --START--
INFO: Run Behavior\BuildLiteBehavior [ RunTime:0.000013s ]
INFO: [ app_init ] --END-- [ RunTime:0.000110s ]
INFO: [ app_begin ] --START--
INFO: Run Behavior\ReadHtmlCacheBehavior [ RunTime:0.000059s ]
INFO: [ app_begin ] --END-- [ RunTime:0.000117s ]
SQL: SHOW COLUMNS FROM `think_order_detail` [ RunTime:0.0009s ]
SQL: SELECT * FROM `think_order_detail` WHERE ( order_id=147677373800044612 AND goods_sn=1011 ) LIMIT 1   [ RunTime:0.0002s ]
SQL: SHOW COLUMNS FROM `think_order` [ RunTime:0.0007s ]
SQL: SELECT `express_fee` FROM `think_order` WHERE ( order_id=147677373800044612 ) LIMIT 1   [ RunTime:0.0001s ]
SQL: SHOW COLUMNS FROM `think_refund` [ RunTime:0.0006s ]
SQL: SELECT * FROM `think_refund` WHERE ( order_id=147677373800044612 AND goods_sn=1011 ) LIMIT 1   [ RunTime:0.0003s ]
INFO: [ view_parse ] --START--
INFO: [ template_filter ] --START--
INFO: Run Behavior\ContentReplaceBehavior [ RunTime:0.000071s ]
INFO: [ template_filter ] --END-- [ RunTime:0.000120s ]
NOTIC: [8] Undefined index: type1_name /var/www/shop/App/Runtime/Cache/Home/158d6d15c01943f80eb05d4f5478539b.php 第 160 行.
NOTIC: [8] Undefined index: type2_name /var/www/shop/App/Runtime/Cache/Home/158d6d15c01943f80eb05d4f5478539b.php 第 161 行.
NOTIC: [8] Undefined index: status /var/www/shop/App/Runtime/Cache/Home/158d6d15c01943f80eb05d4f5478539b.php 第 194 行.
INFO: Run Behavior\ParseTemplateBehavior [ RunTime:0.008268s ]
INFO: [ view_parse ] --END-- [ RunTime:0.008338s ]
INFO: [ view_filter ] --START--
INFO: Run Behavior\WriteHtmlCacheBehavior [ RunTime:0.000069s ]
INFO: [ view_filter ] --END-- [ RunTime:0.000119s ]
INFO: [ app_end ] --START--
INFO: Run Behavior\ShowPageTraceBehavior [ RunTime:0.000073s ]
INFO: [ app_end ] --END-- [ RunTime:0.000137s ]

[ 2016-10-27T00:49:04+08:00 ] 127.0.0.1 /home/MyDeal/refundCancel?order_id=147677373800044612&goods_sn=1011
INFO: [ app_init ] --START--
INFO: Run Behavior\BuildLiteBehavior [ RunTime:0.000010s ]
INFO: [ app_init ] --END-- [ RunTime:0.000067s ]
INFO: [ app_begin ] --START--
INFO: Run Behavior\ReadHtmlCacheBehavior [ RunTime:0.000030s ]
INFO: [ app_begin ] --END-- [ RunTime:0.000054s ]
SQL: SHOW COLUMNS FROM `think_order_detail` [ RunTime:0.0005s ]
SQL: UPDATE `think_order_detail` SET `status`='0' WHERE ( order_id=147677373800044612 AND goods_sn=1011 ) [ RunTime:0.0003s ]
SQL: SHOW COLUMNS FROM `think_refund` [ RunTime:0.0005s ]
SQL: SELECT `path` FROM `think_refund` WHERE ( order_id=147677373800044612 AND goods_sn=1011 ) LIMIT 1   [ RunTime:0.0003s ]
SQL: DELETE FROM `think_refund` WHERE ( order_id=147677373800044612 AND goods_sn=1011 ) [ RunTime:0.0003s ]
INFO: [ app_end ] --START--
INFO: Run Behavior\ShowPageTraceBehavior [ RunTime:0.000056s ]
INFO: [ app_end ] --END-- [ RunTime:0.000090s ]

[ 2016-10-27T00:49:06+08:00 ] 127.0.0.1 /home/MyDeal/change.html
INFO: [ app_init ] --START--
INFO: Run Behavior\BuildLiteBehavior [ RunTime:0.000023s ]
INFO: [ app_init ] --END-- [ RunTime:0.000152s ]
INFO: [ app_begin ] --START--
INFO: Run Behavior\ReadHtmlCacheBehavior [ RunTime:0.000058s ]
INFO: [ app_begin ] --END-- [ RunTime:0.000124s ]
SQL: SHOW COLUMNS FROM `think_refund` [ RunTime:0.0009s ]
SQL: SELECT * FROM `think_refund` WHERE ( user_id=4 )  [ RunTime:0.0003s ]
SQL: SHOW COLUMNS FROM `think_order_detail` [ RunTime:0.0006s ]
SQL: SELECT * FROM `think_order_detail` WHERE ( order_id=147735985800041151 AND goods_sn=1000001 ) LIMIT 1   [ RunTime:0.0003s ]
INFO: [ view_parse ] --START--
INFO: [ template_filter ] --START--
INFO: Run Behavior\ContentReplaceBehavior [ RunTime:0.000067s ]
INFO: [ template_filter ] --END-- [ RunTime:0.000124s ]
INFO: Run Behavior\ParseTemplateBehavior [ RunTime:0.012514s ]
INFO: [ view_parse ] --END-- [ RunTime:0.012561s ]
INFO: [ view_filter ] --START--
INFO: Run Behavior\WriteHtmlCacheBehavior [ RunTime:0.000051s ]
INFO: [ view_filter ] --END-- [ RunTime:0.000083s ]
INFO: [ app_end ] --START--
INFO: Run Behavior\ShowPageTraceBehavior [ RunTime:0.000036s ]
INFO: [ app_end ] --END-- [ RunTime:0.000073s ]

[ 2016-10-27T00:51:45+08:00 ] 127.0.0.1 /home/person
INFO: [ app_init ] --START--
INFO: Run Behavior\BuildLiteBehavior [ RunTime:0.000020s ]
INFO: [ app_init ] --END-- [ RunTime:0.000141s ]
INFO: [ app_begin ] --START--
INFO: Run Behavior\ReadHtmlCacheBehavior [ RunTime:0.000065s ]
INFO: [ app_begin ] --END-- [ RunTime:0.000129s ]
INFO: [ view_parse ] --START--
INFO: [ template_filter ] --START--
INFO: Run Behavior\ContentReplaceBehavior [ RunTime:0.000068s ]
INFO: [ template_filter ] --END-- [ RunTime:0.000123s ]
INFO: Run Behavior\ParseTemplateBehavior [ RunTime:0.013887s ]
INFO: [ view_parse ] --END-- [ RunTime:0.013937s ]
INFO: [ view_filter ] --START--
INFO: Run Behavior\WriteHtmlCacheBehavior [ RunTime:0.000045s ]
INFO: [ view_filter ] --END-- [ RunTime:0.000073s ]
INFO: [ app_end ] --START--
INFO: Run Behavior\ShowPageTraceBehavior [ RunTime:0.000041s ]
INFO: [ app_end ] --END-- [ RunTime:0.000073s ]

[ 2016-10-27T00:51:46+08:00 ] 127.0.0.1 /home/information/information.html
INFO: [ app_init ] --START--
INFO: Run Behavior\BuildLiteBehavior [ RunTime:0.000013s ]
INFO: [ app_init ] --END-- [ RunTime:0.000084s ]
INFO: [ app_begin ] --START--
INFO: Run Behavior\ReadHtmlCacheBehavior [ RunTime:0.000035s ]
INFO: [ app_begin ] --END-- [ RunTime:0.000072s ]
SQL: SHOW COLUMNS FROM `think_user` [ RunTime:0.0011s ]
SQL: SELECT * FROM `think_user` WHERE ( id=4 ) LIMIT 1   [ RunTime:0.0004s ]
INFO: [ view_parse ] --START--
INFO: [ template_filter ] --START--
INFO: Run Behavior\ContentReplaceBehavior [ RunTime:0.000061s ]
INFO: [ template_filter ] --END-- [ RunTime:0.000115s ]
INFO: Run Behavior\ParseTemplateBehavior [ RunTime:0.008254s ]
INFO: [ view_parse ] --END-- [ RunTime:0.008309s ]
INFO: [ view_filter ] --START--
INFO: Run Behavior\WriteHtmlCacheBehavior [ RunTime:0.000042s ]
INFO: [ view_filter ] --END-- [ RunTime:0.000076s ]
INFO: [ app_end ] --START--
INFO: Run Behavior\ShowPageTraceBehavior [ RunTime:0.000039s ]
INFO: [ app_end ] --END-- [ RunTime:0.000076s ]

