[ 2016-10-21T00:18:34+08:00 ] 127.0.0.1 /home/
INFO: [ app_init ] --START--
INFO: Run Behavior\BuildLiteBehavior [ RunTime:0.000016s ]
INFO: [ app_init ] --END-- [ RunTime:0.000110s ]
INFO: [ app_begin ] --START--
INFO: Run Behavior\ReadHtmlCacheBehavior [ RunTime:0.000050s ]
INFO: [ app_begin ] --END-- [ RunTime:0.000095s ]
INFO: [ view_parse ] --START--
INFO: [ template_filter ] --START--
INFO: Run Behavior\ContentReplaceBehavior [ RunTime:0.000154s ]
INFO: [ template_filter ] --END-- [ RunTime:0.000197s ]
NOTIC: [8] Undefined index: is_login /var/www/shop/App/Runtime/Cache/Home/cab9ec1f0b89a360204f3694ccc01daa.php 第 28 行.
INFO: Run Behavior\ParseTemplateBehavior [ RunTime:0.039419s ]
INFO: [ view_parse ] --END-- [ RunTime:0.039454s ]
INFO: [ view_filter ] --START--
INFO: Run Behavior\WriteHtmlCacheBehavior [ RunTime:0.000037s ]
INFO: [ view_filter ] --END-- [ RunTime:0.000057s ]
INFO: [ app_end ] --START--
INFO: Run Behavior\ShowPageTraceBehavior [ RunTime:0.000034s ]
INFO: [ app_end ] --END-- [ RunTime:0.000064s ]

[ 2016-10-21T00:18:36+08:00 ] 127.0.0.1 /home/login.html
INFO: [ app_init ] --START--
INFO: Run Behavior\BuildLiteBehavior [ RunTime:0.000014s ]
INFO: [ app_init ] --END-- [ RunTime:0.000145s ]
INFO: [ app_begin ] --START--
INFO: Run Behavior\ReadHtmlCacheBehavior [ RunTime:0.000047s ]
INFO: [ app_begin ] --END-- [ RunTime:0.000096s ]
INFO: [ view_parse ] --START--
INFO: [ template_filter ] --START--
INFO: Run Behavior\ContentReplaceBehavior [ RunTime:0.000032s ]
INFO: [ template_filter ] --END-- [ RunTime:0.000079s ]
INFO: Run Behavior\ParseTemplateBehavior [ RunTime:0.002566s ]
INFO: [ view_parse ] --END-- [ RunTime:0.002626s ]
INFO: [ view_filter ] --START--
INFO: Run Behavior\WriteHtmlCacheBehavior [ RunTime:0.000064s ]
INFO: [ view_filter ] --END-- [ RunTime:0.000111s ]
INFO: [ app_end ] --START--
INFO: Run Behavior\ShowPageTraceBehavior [ RunTime:0.000048s ]
INFO: [ app_end ] --END-- [ RunTime:0.000096s ]

[ 2016-10-21T00:18:37+08:00 ] 127.0.0.1 /index.php/Home/Login/login
INFO: [ app_init ] --START--
INFO: Run Behavior\BuildLiteBehavior [ RunTime:0.000011s ]
INFO: [ app_init ] --END-- [ RunTime:0.000076s ]
INFO: [ app_begin ] --START--
INFO: Run Behavior\ReadHtmlCacheBehavior [ RunTime:0.000032s ]
INFO: [ app_begin ] --END-- [ RunTime:0.000067s ]
SQL: SHOW COLUMNS FROM `think_user` [ RunTime:0.0007s ]
SQL: SELECT * FROM `think_user` WHERE `email` = 'penn' OR `account` = 'penn' LIMIT 1   [ RunTime:0.0001s ]

[ 2016-10-21T00:18:38+08:00 ] 127.0.0.1 /home/
INFO: [ app_init ] --START--
INFO: Run Behavior\BuildLiteBehavior [ RunTime:0.000015s ]
INFO: [ app_init ] --END-- [ RunTime:0.000129s ]
INFO: [ app_begin ] --START--
INFO: Run Behavior\ReadHtmlCacheBehavior [ RunTime:0.000045s ]
INFO: [ app_begin ] --END-- [ RunTime:0.000089s ]
INFO: [ view_parse ] --START--
INFO: [ template_filter ] --START--
INFO: Run Behavior\ContentReplaceBehavior [ RunTime:0.000154s ]
INFO: [ template_filter ] --END-- [ RunTime:0.000198s ]
INFO: Run Behavior\ParseTemplateBehavior [ RunTime:0.042273s ]
INFO: [ view_parse ] --END-- [ RunTime:0.042320s ]
INFO: [ view_filter ] --START--
INFO: Run Behavior\WriteHtmlCacheBehavior [ RunTime:0.000034s ]
INFO: [ view_filter ] --END-- [ RunTime:0.000055s ]
INFO: [ app_end ] --START--
INFO: Run Behavior\ShowPageTraceBehavior [ RunTime:0.000030s ]
INFO: [ app_end ] --END-- [ RunTime:0.000058s ]

[ 2016-10-21T00:18:38+08:00 ] 127.0.0.1 /home/
INFO: [ app_init ] --START--
INFO: Run Behavior\BuildLiteBehavior [ RunTime:0.000012s ]
INFO: [ app_init ] --END-- [ RunTime:0.000075s ]
INFO: [ app_begin ] --START--
INFO: Run Behavior\ReadHtmlCacheBehavior [ RunTime:0.000032s ]
INFO: [ app_begin ] --END-- [ RunTime:0.000064s ]
INFO: [ view_parse ] --START--
INFO: [ template_filter ] --START--
INFO: Run Behavior\ContentReplaceBehavior [ RunTime:0.000154s ]
INFO: [ template_filter ] --END-- [ RunTime:0.000197s ]
INFO: Run Behavior\ParseTemplateBehavior [ RunTime:0.036635s ]
INFO: [ view_parse ] --END-- [ RunTime:0.036668s ]
INFO: [ view_filter ] --START--
INFO: Run Behavior\WriteHtmlCacheBehavior [ RunTime:0.000031s ]
INFO: [ view_filter ] --END-- [ RunTime:0.000052s ]
INFO: [ app_end ] --START--
INFO: Run Behavior\ShowPageTraceBehavior [ RunTime:0.000027s ]
INFO: [ app_end ] --END-- [ RunTime:0.000065s ]

[ 2016-10-21T00:18:39+08:00 ] 127.0.0.1 /home/introduction?id=7&sn=1000001
INFO: [ app_init ] --START--
INFO: Run Behavior\BuildLiteBehavior [ RunTime:0.000017s ]
INFO: [ app_init ] --END-- [ RunTime:0.000111s ]
INFO: [ app_begin ] --START--
INFO: Run Behavior\ReadHtmlCacheBehavior [ RunTime:0.000036s ]
INFO: [ app_begin ] --END-- [ RunTime:0.000071s ]
NOTIC: [8] Use of undefined constant int - assumed 'int' /var/www/shop/App/Home/Controller/IntroductionController.class.php 第 7 行.
NOTIC: [8] Use of undefined constant int - assumed 'int' /var/www/shop/App/Home/Controller/IntroductionController.class.php 第 8 行.
SQL: SHOW COLUMNS FROM `think_goods` [ RunTime:0.0005s ]
SQL: SELECT * FROM `think_goods` WHERE `goods_id` = 7 LIMIT 1   [ RunTime:0.0001s ]
SQL: SHOW COLUMNS FROM `think_goods_specify` [ RunTime:0.0004s ]
SQL: SELECT * FROM `think_goods_specify` WHERE ( goods_id=7 )  [ RunTime:0.0002s ]
SQL: SHOW COLUMNS FROM `think_goods_type2` [ RunTime:0.0003s ]
SQL: SELECT * FROM `think_goods_type2` WHERE ( goods_id=7 )  [ RunTime:0.0001s ]
SQL: SHOW COLUMNS FROM `think_thumb` [ RunTime:0.0004s ]
SQL: SELECT * FROM `think_thumb` WHERE ( goods_sn=1000001 ) LIMIT 1   [ RunTime:0.0002s ]
SQL: SHOW COLUMNS FROM `think_attr` [ RunTime:0.0004s ]
SQL: SELECT `picture_description` FROM `think_attr` WHERE ( goods_sn=1000001 ) LIMIT 1   [ RunTime:0.0002s ]
SQL: SHOW COLUMNS FROM `think_shopcart` [ RunTime:0.0004s ]
SQL: SELECT COUNT(*) AS tp_Count FROM `think_shopcart` WHERE ( user_id=4 ) LIMIT 1   [ RunTime:0.0001s ]
INFO: [ view_parse ] --START--
INFO: [ template_filter ] --START--
INFO: Run Behavior\ContentReplaceBehavior [ RunTime:0.000106s ]
INFO: [ template_filter ] --END-- [ RunTime:0.000147s ]
INFO: Run Behavior\ParseTemplateBehavior [ RunTime:0.021077s ]
INFO: [ view_parse ] --END-- [ RunTime:0.021114s ]
INFO: [ view_filter ] --START--
INFO: Run Behavior\WriteHtmlCacheBehavior [ RunTime:0.000032s ]
INFO: [ view_filter ] --END-- [ RunTime:0.000052s ]
INFO: [ app_end ] --START--
INFO: Run Behavior\ShowPageTraceBehavior [ RunTime:0.000024s ]
INFO: [ app_end ] --END-- [ RunTime:0.000047s ]

[ 2016-10-21T00:18:42+08:00 ] 127.0.0.1 /home/introduction?id=7&sn=1000001
INFO: [ app_init ] --START--
INFO: Run Behavior\BuildLiteBehavior [ RunTime:0.000018s ]
INFO: [ app_init ] --END-- [ RunTime:0.000126s ]
INFO: [ app_begin ] --START--
INFO: Run Behavior\ReadHtmlCacheBehavior [ RunTime:0.000056s ]
INFO: [ app_begin ] --END-- [ RunTime:0.000108s ]
NOTIC: [8] Use of undefined constant int - assumed 'int' /var/www/shop/App/Home/Controller/IntroductionController.class.php 第 7 行.
NOTIC: [8] Use of undefined constant int - assumed 'int' /var/www/shop/App/Home/Controller/IntroductionController.class.php 第 8 行.
SQL: SHOW COLUMNS FROM `think_goods` [ RunTime:0.0010s ]
SQL: SELECT * FROM `think_goods` WHERE `goods_id` = 7 LIMIT 1   [ RunTime:0.0001s ]
SQL: SHOW COLUMNS FROM `think_goods_specify` [ RunTime:0.0010s ]
SQL: SELECT * FROM `think_goods_specify` WHERE ( goods_id=7 )  [ RunTime:0.0002s ]
SQL: SHOW COLUMNS FROM `think_goods_type2` [ RunTime:0.0007s ]
SQL: SELECT * FROM `think_goods_type2` WHERE ( goods_id=7 )  [ RunTime:0.0001s ]
SQL: SHOW COLUMNS FROM `think_thumb` [ RunTime:0.0005s ]
SQL: SELECT * FROM `think_thumb` WHERE ( goods_sn=1000001 ) LIMIT 1   [ RunTime:0.0001s ]
SQL: SHOW COLUMNS FROM `think_attr` [ RunTime:0.0005s ]
SQL: SELECT `picture_description` FROM `think_attr` WHERE ( goods_sn=1000001 ) LIMIT 1   [ RunTime:0.0001s ]
SQL: SHOW COLUMNS FROM `think_shopcart` [ RunTime:0.0005s ]
SQL: SELECT COUNT(*) AS tp_Count FROM `think_shopcart` WHERE ( user_id=4 ) LIMIT 1   [ RunTime:0.0001s ]
INFO: [ view_parse ] --START--
INFO: [ template_filter ] --START--
INFO: Run Behavior\ContentReplaceBehavior [ RunTime:0.000109s ]
INFO: [ template_filter ] --END-- [ RunTime:0.000150s ]
INFO: Run Behavior\ParseTemplateBehavior [ RunTime:0.018393s ]
INFO: [ view_parse ] --END-- [ RunTime:0.018427s ]
INFO: [ view_filter ] --START--
INFO: Run Behavior\WriteHtmlCacheBehavior [ RunTime:0.000035s ]
INFO: [ view_filter ] --END-- [ RunTime:0.000056s ]
INFO: [ app_end ] --START--
INFO: Run Behavior\ShowPageTraceBehavior [ RunTime:0.000028s ]
INFO: [ app_end ] --END-- [ RunTime:0.000052s ]

[ 2016-10-21T00:18:48+08:00 ] 127.0.0.1 /home/introduction?id=20&sn=1010
INFO: [ app_init ] --START--
INFO: Run Behavior\BuildLiteBehavior [ RunTime:0.000015s ]
INFO: [ app_init ] --END-- [ RunTime:0.000105s ]
INFO: [ app_begin ] --START--
INFO: Run Behavior\ReadHtmlCacheBehavior [ RunTime:0.000051s ]
INFO: [ app_begin ] --END-- [ RunTime:0.000096s ]
NOTIC: [8] Use of undefined constant int - assumed 'int' /var/www/shop/App/Home/Controller/IntroductionController.class.php 第 7 行.
NOTIC: [8] Use of undefined constant int - assumed 'int' /var/www/shop/App/Home/Controller/IntroductionController.class.php 第 8 行.
SQL: SHOW COLUMNS FROM `think_goods` [ RunTime:0.0009s ]
SQL: SELECT * FROM `think_goods` WHERE `goods_id` = 20 LIMIT 1   [ RunTime:0.0003s ]
SQL: SHOW COLUMNS FROM `think_goods_specify` [ RunTime:0.0005s ]
SQL: SELECT * FROM `think_goods_specify` WHERE ( goods_id=20 )  [ RunTime:0.0001s ]
SQL: SHOW COLUMNS FROM `think_goods_type2` [ RunTime:0.0005s ]
SQL: SELECT * FROM `think_goods_type2` WHERE ( goods_id=20 )  [ RunTime:0.0002s ]
NOTIC: [8] Undefined variable: type2_name /var/www/shop/App/Home/Controller/IntroductionController.class.php 第 24 行.
SQL: SHOW COLUMNS FROM `think_thumb` [ RunTime:0.0006s ]
SQL: SELECT * FROM `think_thumb` WHERE ( goods_sn=1010 ) LIMIT 1   [ RunTime:0.0001s ]
SQL: SHOW COLUMNS FROM `think_attr` [ RunTime:0.0007s ]
SQL: SELECT `picture_description` FROM `think_attr` WHERE ( goods_sn=1010 ) LIMIT 1   [ RunTime:0.0002s ]
SQL: SHOW COLUMNS FROM `think_shopcart` [ RunTime:0.0008s ]
SQL: SELECT COUNT(*) AS tp_Count FROM `think_shopcart` WHERE ( user_id=4 ) LIMIT 1   [ RunTime:0.0001s ]
INFO: [ view_parse ] --START--
INFO: [ template_filter ] --START--
INFO: Run Behavior\ContentReplaceBehavior [ RunTime:0.000100s ]
INFO: [ template_filter ] --END-- [ RunTime:0.000137s ]
INFO: Run Behavior\ParseTemplateBehavior [ RunTime:0.021326s ]
INFO: [ view_parse ] --END-- [ RunTime:0.021384s ]
INFO: [ view_filter ] --START--
INFO: Run Behavior\WriteHtmlCacheBehavior [ RunTime:0.000049s ]
INFO: [ view_filter ] --END-- [ RunTime:0.000072s ]
INFO: [ app_end ] --START--
INFO: Run Behavior\ShowPageTraceBehavior [ RunTime:0.000064s ]
INFO: [ app_end ] --END-- [ RunTime:0.000110s ]

[ 2016-10-21T00:20:07+08:00 ] 127.0.0.1 /home/introduction?id=20&sn=1010
INFO: [ app_init ] --START--
INFO: Run Behavior\BuildLiteBehavior [ RunTime:0.000014s ]
INFO: [ app_init ] --END-- [ RunTime:0.000085s ]
INFO: [ app_begin ] --START--
INFO: Run Behavior\ReadHtmlCacheBehavior [ RunTime:0.000034s ]
INFO: [ app_begin ] --END-- [ RunTime:0.000062s ]
NOTIC: [8] Use of undefined constant int - assumed 'int' /var/www/shop/App/Home/Controller/IntroductionController.class.php 第 7 行.
NOTIC: [8] Use of undefined constant int - assumed 'int' /var/www/shop/App/Home/Controller/IntroductionController.class.php 第 8 行.
SQL: SHOW COLUMNS FROM `think_goods` [ RunTime:0.0005s ]
SQL: SELECT * FROM `think_goods` WHERE `goods_id` = 20 LIMIT 1   [ RunTime:0.0004s ]
SQL: SHOW COLUMNS FROM `think_goods_specify` [ RunTime:0.0009s ]
SQL: SELECT * FROM `think_goods_specify` WHERE ( goods_id=20 )  [ RunTime:0.0002s ]
SQL: SHOW COLUMNS FROM `think_goods_type2` [ RunTime:0.0007s ]
SQL: SELECT * FROM `think_goods_type2` WHERE ( goods_id=20 )  [ RunTime:0.0002s ]
NOTIC: [8] Undefined variable: type2_name /var/www/shop/App/Home/Controller/IntroductionController.class.php 第 24 行.
SQL: SHOW COLUMNS FROM `think_thumb` [ RunTime:0.0005s ]
SQL: SELECT * FROM `think_thumb` WHERE ( goods_sn=1010 ) LIMIT 1   [ RunTime:0.0001s ]
SQL: SHOW COLUMNS FROM `think_attr` [ RunTime:0.0009s ]
SQL: SELECT `picture_description` FROM `think_attr` WHERE ( goods_sn=1010 ) LIMIT 1   [ RunTime:0.0002s ]
SQL: SHOW COLUMNS FROM `think_shopcart` [ RunTime:0.0007s ]
SQL: SELECT COUNT(*) AS tp_Count FROM `think_shopcart` WHERE ( user_id=4 ) LIMIT 1   [ RunTime:0.0002s ]
INFO: [ view_parse ] --START--
INFO: [ template_filter ] --START--
INFO: Run Behavior\ContentReplaceBehavior [ RunTime:0.000099s ]
INFO: [ template_filter ] --END-- [ RunTime:0.000137s ]
INFO: Run Behavior\ParseTemplateBehavior [ RunTime:0.022447s ]
INFO: [ view_parse ] --END-- [ RunTime:0.022482s ]
INFO: [ view_filter ] --START--
INFO: Run Behavior\WriteHtmlCacheBehavior [ RunTime:0.000037s ]
INFO: [ view_filter ] --END-- [ RunTime:0.000057s ]
INFO: [ app_end ] --START--
INFO: Run Behavior\ShowPageTraceBehavior [ RunTime:0.000030s ]
INFO: [ app_end ] --END-- [ RunTime:0.000054s ]

[ 2016-10-21T00:21:36+08:00 ] 127.0.0.1 /home/introduction?id=20&sn=1010
INFO: [ app_init ] --START--
INFO: Run Behavior\BuildLiteBehavior [ RunTime:0.000013s ]
INFO: [ app_init ] --END-- [ RunTime:0.000088s ]
INFO: [ app_begin ] --START--
INFO: Run Behavior\ReadHtmlCacheBehavior [ RunTime:0.000040s ]
INFO: [ app_begin ] --END-- [ RunTime:0.000078s ]
NOTIC: [8] Use of undefined constant int - assumed 'int' /var/www/shop/App/Home/Controller/IntroductionController.class.php 第 7 行.
NOTIC: [8] Use of undefined constant int - assumed 'int' /var/www/shop/App/Home/Controller/IntroductionController.class.php 第 8 行.
SQL: SHOW COLUMNS FROM `think_goods` [ RunTime:0.0006s ]
SQL: SELECT * FROM `think_goods` WHERE `goods_id` = 20 LIMIT 1   [ RunTime:0.0001s ]
SQL: SHOW COLUMNS FROM `think_goods_specify` [ RunTime:0.0005s ]
SQL: SELECT * FROM `think_goods_specify` WHERE ( goods_id=20 )  [ RunTime:0.0001s ]
SQL: SHOW COLUMNS FROM `think_goods_type2` [ RunTime:0.0003s ]
SQL: SELECT * FROM `think_goods_type2` WHERE ( goods_id=20 )  [ RunTime:0.0002s ]
SQL: SHOW COLUMNS FROM `think_thumb` [ RunTime:0.0004s ]
SQL: SELECT * FROM `think_thumb` WHERE ( goods_sn=1010 ) LIMIT 1   [ RunTime:0.0001s ]
SQL: SHOW COLUMNS FROM `think_attr` [ RunTime:0.0004s ]
SQL: SELECT `picture_description` FROM `think_attr` WHERE ( goods_sn=1010 ) LIMIT 1   [ RunTime:0.0001s ]
SQL: SHOW COLUMNS FROM `think_shopcart` [ RunTime:0.0004s ]
SQL: SELECT COUNT(*) AS tp_Count FROM `think_shopcart` WHERE ( user_id=4 ) LIMIT 1   [ RunTime:0.0001s ]
INFO: [ view_parse ] --START--
INFO: [ template_filter ] --START--
INFO: Run Behavior\ContentReplaceBehavior [ RunTime:0.000110s ]
INFO: [ template_filter ] --END-- [ RunTime:0.000152s ]
INFO: Run Behavior\ParseTemplateBehavior [ RunTime:0.020101s ]
INFO: [ view_parse ] --END-- [ RunTime:0.020141s ]
INFO: [ view_filter ] --START--
INFO: Run Behavior\WriteHtmlCacheBehavior [ RunTime:0.000041s ]
INFO: [ view_filter ] --END-- [ RunTime:0.000063s ]
INFO: [ app_end ] --START--
INFO: Run Behavior\ShowPageTraceBehavior [ RunTime:0.000029s ]
INFO: [ app_end ] --END-- [ RunTime:0.000054s ]

[ 2016-10-21T00:21:41+08:00 ] 127.0.0.1 /home/introduction?id=20&sn=1010
INFO: [ app_init ] --START--
INFO: Run Behavior\BuildLiteBehavior [ RunTime:0.000015s ]
INFO: [ app_init ] --END-- [ RunTime:0.000104s ]
INFO: [ app_begin ] --START--
INFO: Run Behavior\ReadHtmlCacheBehavior [ RunTime:0.000044s ]
INFO: [ app_begin ] --END-- [ RunTime:0.000090s ]
NOTIC: [8] Use of undefined constant int - assumed 'int' /var/www/shop/App/Home/Controller/IntroductionController.class.php 第 7 行.
NOTIC: [8] Use of undefined constant int - assumed 'int' /var/www/shop/App/Home/Controller/IntroductionController.class.php 第 8 行.
SQL: SHOW COLUMNS FROM `think_goods` [ RunTime:0.0006s ]
SQL: SELECT * FROM `think_goods` WHERE `goods_id` = 20 LIMIT 1   [ RunTime:0.0001s ]
SQL: SHOW COLUMNS FROM `think_goods_specify` [ RunTime:0.0006s ]
SQL: SELECT * FROM `think_goods_specify` WHERE ( goods_id=20 )  [ RunTime:0.0001s ]
SQL: SHOW COLUMNS FROM `think_goods_type2` [ RunTime:0.0005s ]
SQL: SELECT * FROM `think_goods_type2` WHERE ( goods_id=20 )  [ RunTime:0.0001s ]
SQL: SHOW COLUMNS FROM `think_thumb` [ RunTime:0.0004s ]
SQL: SELECT * FROM `think_thumb` WHERE ( goods_sn=1010 ) LIMIT 1   [ RunTime:0.0001s ]
SQL: SHOW COLUMNS FROM `think_attr` [ RunTime:0.0006s ]
SQL: SELECT `picture_description` FROM `think_attr` WHERE ( goods_sn=1010 ) LIMIT 1   [ RunTime:0.0001s ]
SQL: SHOW COLUMNS FROM `think_shopcart` [ RunTime:0.0004s ]
SQL: SELECT COUNT(*) AS tp_Count FROM `think_shopcart` WHERE ( user_id=4 ) LIMIT 1   [ RunTime:0.0001s ]
INFO: [ view_parse ] --START--
INFO: [ template_filter ] --START--
INFO: Run Behavior\ContentReplaceBehavior [ RunTime:0.000098s ]
INFO: [ template_filter ] --END-- [ RunTime:0.000136s ]
INFO: Run Behavior\ParseTemplateBehavior [ RunTime:0.020573s ]
INFO: [ view_parse ] --END-- [ RunTime:0.020609s ]
INFO: [ view_filter ] --START--
INFO: Run Behavior\WriteHtmlCacheBehavior [ RunTime:0.000035s ]
INFO: [ view_filter ] --END-- [ RunTime:0.000055s ]
INFO: [ app_end ] --START--
INFO: Run Behavior\ShowPageTraceBehavior [ RunTime:0.000028s ]
INFO: [ app_end ] --END-- [ RunTime:0.000052s ]

[ 2016-10-21T00:21:50+08:00 ] 127.0.0.1 /home/introduction?id=7&sn=1000001
INFO: [ app_init ] --START--
INFO: Run Behavior\BuildLiteBehavior [ RunTime:0.000008s ]
INFO: [ app_init ] --END-- [ RunTime:0.000062s ]
INFO: [ app_begin ] --START--
INFO: Run Behavior\ReadHtmlCacheBehavior [ RunTime:0.000027s ]
INFO: [ app_begin ] --END-- [ RunTime:0.000059s ]
NOTIC: [8] Use of undefined constant int - assumed 'int' /var/www/shop/App/Home/Controller/IntroductionController.class.php 第 7 行.
NOTIC: [8] Use of undefined constant int - assumed 'int' /var/www/shop/App/Home/Controller/IntroductionController.class.php 第 8 行.
SQL: SHOW COLUMNS FROM `think_goods` [ RunTime:0.0009s ]
SQL: SELECT * FROM `think_goods` WHERE `goods_id` = 7 LIMIT 1   [ RunTime:0.0004s ]
SQL: SHOW COLUMNS FROM `think_goods_specify` [ RunTime:0.0008s ]
SQL: SELECT * FROM `think_goods_specify` WHERE ( goods_id=7 )  [ RunTime:0.0002s ]
SQL: SHOW COLUMNS FROM `think_goods_type2` [ RunTime:0.0006s ]
SQL: SELECT * FROM `think_goods_type2` WHERE ( goods_id=7 )  [ RunTime:0.0003s ]
SQL: SHOW COLUMNS FROM `think_thumb` [ RunTime:0.0007s ]
SQL: SELECT * FROM `think_thumb` WHERE ( goods_sn=1000001 ) LIMIT 1   [ RunTime:0.0001s ]
SQL: SHOW COLUMNS FROM `think_attr` [ RunTime:0.0006s ]
SQL: SELECT `picture_description` FROM `think_attr` WHERE ( goods_sn=1000001 ) LIMIT 1   [ RunTime:0.0001s ]
SQL: SHOW COLUMNS FROM `think_shopcart` [ RunTime:0.0006s ]
SQL: SELECT COUNT(*) AS tp_Count FROM `think_shopcart` WHERE ( user_id=4 ) LIMIT 1   [ RunTime:0.0001s ]
INFO: [ view_parse ] --START--
INFO: [ template_filter ] --START--
INFO: Run Behavior\ContentReplaceBehavior [ RunTime:0.000099s ]
INFO: [ template_filter ] --END-- [ RunTime:0.000137s ]
INFO: Run Behavior\ParseTemplateBehavior [ RunTime:0.021534s ]
INFO: [ view_parse ] --END-- [ RunTime:0.021573s ]
INFO: [ view_filter ] --START--
INFO: Run Behavior\WriteHtmlCacheBehavior [ RunTime:0.000037s ]
INFO: [ view_filter ] --END-- [ RunTime:0.000057s ]
INFO: [ app_end ] --START--
INFO: Run Behavior\ShowPageTraceBehavior [ RunTime:0.000030s ]
INFO: [ app_end ] --END-- [ RunTime:0.000054s ]

[ 2016-10-21T00:21:53+08:00 ] 127.0.0.1 /home/introduction?id=20&sn=1010
INFO: [ app_init ] --START--
INFO: Run Behavior\BuildLiteBehavior [ RunTime:0.000012s ]
INFO: [ app_init ] --END-- [ RunTime:0.000086s ]
INFO: [ app_begin ] --START--
INFO: Run Behavior\ReadHtmlCacheBehavior [ RunTime:0.000038s ]
INFO: [ app_begin ] --END-- [ RunTime:0.000076s ]
NOTIC: [8] Use of undefined constant int - assumed 'int' /var/www/shop/App/Home/Controller/IntroductionController.class.php 第 7 行.
NOTIC: [8] Use of undefined constant int - assumed 'int' /var/www/shop/App/Home/Controller/IntroductionController.class.php 第 8 行.
SQL: SHOW COLUMNS FROM `think_goods` [ RunTime:0.0006s ]
SQL: SELECT * FROM `think_goods` WHERE `goods_id` = 20 LIMIT 1   [ RunTime:0.0001s ]
SQL: SHOW COLUMNS FROM `think_goods_specify` [ RunTime:0.0005s ]
SQL: SELECT * FROM `think_goods_specify` WHERE ( goods_id=20 )  [ RunTime:0.0001s ]
SQL: SHOW COLUMNS FROM `think_goods_type2` [ RunTime:0.0007s ]
SQL: SELECT * FROM `think_goods_type2` WHERE ( goods_id=20 )  [ RunTime:0.0001s ]
SQL: SHOW COLUMNS FROM `think_thumb` [ RunTime:0.0008s ]
SQL: SELECT * FROM `think_thumb` WHERE ( goods_sn=1010 ) LIMIT 1   [ RunTime:0.0002s ]
SQL: SHOW COLUMNS FROM `think_attr` [ RunTime:0.0007s ]
SQL: SELECT `picture_description` FROM `think_attr` WHERE ( goods_sn=1010 ) LIMIT 1   [ RunTime:0.0001s ]
SQL: SHOW COLUMNS FROM `think_shopcart` [ RunTime:0.0008s ]
SQL: SELECT COUNT(*) AS tp_Count FROM `think_shopcart` WHERE ( user_id=4 ) LIMIT 1   [ RunTime:0.0001s ]
INFO: [ view_parse ] --START--
INFO: [ template_filter ] --START--
INFO: Run Behavior\ContentReplaceBehavior [ RunTime:0.000102s ]
INFO: [ template_filter ] --END-- [ RunTime:0.000149s ]
INFO: Run Behavior\ParseTemplateBehavior [ RunTime:0.022086s ]
INFO: [ view_parse ] --END-- [ RunTime:0.022126s ]
INFO: [ view_filter ] --START--
INFO: Run Behavior\WriteHtmlCacheBehavior [ RunTime:0.000035s ]
INFO: [ view_filter ] --END-- [ RunTime:0.000056s ]
INFO: [ app_end ] --START--
INFO: Run Behavior\ShowPageTraceBehavior [ RunTime:0.000027s ]
INFO: [ app_end ] --END-- [ RunTime:0.000050s ]

[ 2016-10-21T00:22:08+08:00 ] 127.0.0.1 /home/introduction?id=7&sn=1000001
INFO: [ app_init ] --START--
INFO: Run Behavior\BuildLiteBehavior [ RunTime:0.000021s ]
INFO: [ app_init ] --END-- [ RunTime:0.000157s ]
INFO: [ app_begin ] --START--
INFO: Run Behavior\ReadHtmlCacheBehavior [ RunTime:0.000085s ]
INFO: [ app_begin ] --END-- [ RunTime:0.000169s ]
NOTIC: [8] Use of undefined constant int - assumed 'int' /var/www/shop/App/Home/Controller/IntroductionController.class.php 第 7 行.
NOTIC: [8] Use of undefined constant int - assumed 'int' /var/www/shop/App/Home/Controller/IntroductionController.class.php 第 8 行.
SQL: SHOW COLUMNS FROM `think_goods` [ RunTime:0.0006s ]
SQL: SELECT * FROM `think_goods` WHERE `goods_id` = 7 LIMIT 1   [ RunTime:0.0001s ]
SQL: SHOW COLUMNS FROM `think_goods_specify` [ RunTime:0.0004s ]
SQL: SELECT * FROM `think_goods_specify` WHERE ( goods_id=7 )  [ RunTime:0.0001s ]
SQL: SHOW COLUMNS FROM `think_goods_type2` [ RunTime:0.0004s ]
SQL: SELECT * FROM `think_goods_type2` WHERE ( goods_id=7 )  [ RunTime:0.0001s ]
SQL: SHOW COLUMNS FROM `think_thumb` [ RunTime:0.0008s ]
SQL: SELECT * FROM `think_thumb` WHERE ( goods_sn=1000001 ) LIMIT 1   [ RunTime:0.0001s ]
SQL: SHOW COLUMNS FROM `think_attr` [ RunTime:0.0006s ]
SQL: SELECT `picture_description` FROM `think_attr` WHERE ( goods_sn=1000001 ) LIMIT 1   [ RunTime:0.0001s ]
SQL: SHOW COLUMNS FROM `think_shopcart` [ RunTime:0.0006s ]
SQL: SELECT COUNT(*) AS tp_Count FROM `think_shopcart` WHERE ( user_id=4 ) LIMIT 1   [ RunTime:0.0002s ]
INFO: [ view_parse ] --START--
INFO: [ template_filter ] --START--
INFO: Run Behavior\ContentReplaceBehavior [ RunTime:0.000101s ]
INFO: [ template_filter ] --END-- [ RunTime:0.000140s ]
INFO: Run Behavior\ParseTemplateBehavior [ RunTime:0.020081s ]
INFO: [ view_parse ] --END-- [ RunTime:0.020115s ]
INFO: [ view_filter ] --START--
INFO: Run Behavior\WriteHtmlCacheBehavior [ RunTime:0.000037s ]
INFO: [ view_filter ] --END-- [ RunTime:0.000059s ]
INFO: [ app_end ] --START--
INFO: Run Behavior\ShowPageTraceBehavior [ RunTime:0.000049s ]
INFO: [ app_end ] --END-- [ RunTime:0.000081s ]

[ 2016-10-21T00:22:18+08:00 ] 127.0.0.1 /home/introduction?id=20&sn=1010
INFO: [ app_init ] --START--
INFO: Run Behavior\BuildLiteBehavior [ RunTime:0.000017s ]
INFO: [ app_init ] --END-- [ RunTime:0.000117s ]
INFO: [ app_begin ] --START--
INFO: Run Behavior\ReadHtmlCacheBehavior [ RunTime:0.000058s ]
INFO: [ app_begin ] --END-- [ RunTime:0.000111s ]
NOTIC: [8] Use of undefined constant int - assumed 'int' /var/www/shop/App/Home/Controller/IntroductionController.class.php 第 7 行.
NOTIC: [8] Use of undefined constant int - assumed 'int' /var/www/shop/App/Home/Controller/IntroductionController.class.php 第 8 行.
SQL: SHOW COLUMNS FROM `think_goods` [ RunTime:0.0011s ]
SQL: SELECT * FROM `think_goods` WHERE `goods_id` = 20 LIMIT 1   [ RunTime:0.0002s ]
SQL: SHOW COLUMNS FROM `think_goods_specify` [ RunTime:0.0012s ]
SQL: SELECT * FROM `think_goods_specify` WHERE ( goods_id=20 )  [ RunTime:0.0002s ]
SQL: SHOW COLUMNS FROM `think_goods_type2` [ RunTime:0.0006s ]
SQL: SELECT * FROM `think_goods_type2` WHERE ( goods_id=20 )  [ RunTime:0.0002s ]
SQL: SHOW COLUMNS FROM `think_thumb` [ RunTime:0.0007s ]
SQL: SELECT * FROM `think_thumb` WHERE ( goods_sn=1010 ) LIMIT 1   [ RunTime:0.0001s ]
SQL: SHOW COLUMNS FROM `think_attr` [ RunTime:0.0006s ]
SQL: SELECT `picture_description` FROM `think_attr` WHERE ( goods_sn=1010 ) LIMIT 1   [ RunTime:0.0001s ]
SQL: SHOW COLUMNS FROM `think_shopcart` [ RunTime:0.0006s ]
SQL: SELECT COUNT(*) AS tp_Count FROM `think_shopcart` WHERE ( user_id=4 ) LIMIT 1   [ RunTime:0.0001s ]
INFO: [ view_parse ] --START--
INFO: [ template_filter ] --START--
INFO: Run Behavior\ContentReplaceBehavior [ RunTime:0.000098s ]
INFO: [ template_filter ] --END-- [ RunTime:0.000136s ]
INFO: Run Behavior\ParseTemplateBehavior [ RunTime:0.021353s ]
INFO: [ view_parse ] --END-- [ RunTime:0.021400s ]
INFO: [ view_filter ] --START--
INFO: Run Behavior\WriteHtmlCacheBehavior [ RunTime:0.000037s ]
INFO: [ view_filter ] --END-- [ RunTime:0.000058s ]
INFO: [ app_end ] --START--
INFO: Run Behavior\ShowPageTraceBehavior [ RunTime:0.000044s ]
INFO: [ app_end ] --END-- [ RunTime:0.000152s ]

[ 2016-10-21T00:22:21+08:00 ] 127.0.0.1 /home/introduction?id=20&sn=1010
INFO: [ app_init ] --START--
INFO: Run Behavior\BuildLiteBehavior [ RunTime:0.000011s ]
INFO: [ app_init ] --END-- [ RunTime:0.000074s ]
INFO: [ app_begin ] --START--
INFO: Run Behavior\ReadHtmlCacheBehavior [ RunTime:0.000075s ]
INFO: [ app_begin ] --END-- [ RunTime:0.000151s ]
NOTIC: [8] Use of undefined constant int - assumed 'int' /var/www/shop/App/Home/Controller/IntroductionController.class.php 第 7 行.
NOTIC: [8] Use of undefined constant int - assumed 'int' /var/www/shop/App/Home/Controller/IntroductionController.class.php 第 8 行.
SQL: SHOW COLUMNS FROM `think_goods` [ RunTime:0.0008s ]
SQL: SELECT * FROM `think_goods` WHERE `goods_id` = 20 LIMIT 1   [ RunTime:0.0002s ]
SQL: SHOW COLUMNS FROM `think_goods_specify` [ RunTime:0.0006s ]
SQL: SELECT * FROM `think_goods_specify` WHERE ( goods_id=20 )  [ RunTime:0.0002s ]
SQL: SHOW COLUMNS FROM `think_goods_type2` [ RunTime:0.0006s ]
SQL: SELECT * FROM `think_goods_type2` WHERE ( goods_id=20 )  [ RunTime:0.0001s ]
SQL: SHOW COLUMNS FROM `think_thumb` [ RunTime:0.0006s ]
SQL: SELECT * FROM `think_thumb` WHERE ( goods_sn=1010 ) LIMIT 1   [ RunTime:0.0001s ]
SQL: SHOW COLUMNS FROM `think_attr` [ RunTime:0.0005s ]
SQL: SELECT `picture_description` FROM `think_attr` WHERE ( goods_sn=1010 ) LIMIT 1   [ RunTime:0.0001s ]
SQL: SHOW COLUMNS FROM `think_shopcart` [ RunTime:0.0008s ]
ERR: 1064:You have an error in your SQL syntax; check the manual that corresponds to your MySQL server version for the right syntax to use near ') LIMIT 1' at line 1
 [ SQL语句 ] : SELECT COUNT(*) AS tp_Count FROM `think_shopcart` WHERE ( user_id= ) LIMIT 1  
ERR: 1064:You have an error in your SQL syntax; check the manual that corresponds to your MySQL server version for the right syntax to use near ') LIMIT 1' at line 1
 [ SQL语句 ] : SELECT COUNT(*) AS tp_Count FROM `think_shopcart` WHERE ( user_id= ) LIMIT 1  

[ 2016-10-21T00:22:28+08:00 ] 127.0.0.1 /home/
INFO: [ app_init ] --START--
INFO: Run Behavior\BuildLiteBehavior [ RunTime:0.000011s ]
INFO: [ app_init ] --END-- [ RunTime:0.000071s ]
INFO: [ app_begin ] --START--
INFO: Run Behavior\ReadHtmlCacheBehavior [ RunTime:0.000030s ]
INFO: [ app_begin ] --END-- [ RunTime:0.000056s ]
INFO: [ view_parse ] --START--
INFO: [ template_filter ] --START--
INFO: Run Behavior\ContentReplaceBehavior [ RunTime:0.000153s ]
INFO: [ template_filter ] --END-- [ RunTime:0.000196s ]
NOTIC: [8] Undefined index: is_login /var/www/shop/App/Runtime/Cache/Home/cab9ec1f0b89a360204f3694ccc01daa.php 第 28 行.
INFO: Run Behavior\ParseTemplateBehavior [ RunTime:0.040112s ]
INFO: [ view_parse ] --END-- [ RunTime:0.040149s ]
INFO: [ view_filter ] --START--
INFO: Run Behavior\WriteHtmlCacheBehavior [ RunTime:0.000035s ]
INFO: [ view_filter ] --END-- [ RunTime:0.000056s ]
INFO: [ app_end ] --START--
INFO: Run Behavior\ShowPageTraceBehavior [ RunTime:0.000031s ]
INFO: [ app_end ] --END-- [ RunTime:0.000058s ]

[ 2016-10-21T00:22:30+08:00 ] 127.0.0.1 /home/login.html
INFO: [ app_init ] --START--
INFO: Run Behavior\BuildLiteBehavior [ RunTime:0.000019s ]
INFO: [ app_init ] --END-- [ RunTime:0.000128s ]
INFO: [ app_begin ] --START--
INFO: Run Behavior\ReadHtmlCacheBehavior [ RunTime:0.000053s ]
INFO: [ app_begin ] --END-- [ RunTime:0.000113s ]
INFO: [ view_parse ] --START--
INFO: [ template_filter ] --START--
INFO: Run Behavior\ContentReplaceBehavior [ RunTime:0.000082s ]
INFO: [ template_filter ] --END-- [ RunTime:0.000197s ]
INFO: Run Behavior\ParseTemplateBehavior [ RunTime:0.005019s ]
INFO: [ view_parse ] --END-- [ RunTime:0.005108s ]
INFO: [ view_filter ] --START--
INFO: Run Behavior\WriteHtmlCacheBehavior [ RunTime:0.000091s ]
INFO: [ view_filter ] --END-- [ RunTime:0.000171s ]
INFO: [ app_end ] --START--
INFO: Run Behavior\ShowPageTraceBehavior [ RunTime:0.000082s ]
INFO: [ app_end ] --END-- [ RunTime:0.000166s ]

[ 2016-10-21T00:22:33+08:00 ] 127.0.0.1 /index.php/Home/Login/login
INFO: [ app_init ] --START--
INFO: Run Behavior\BuildLiteBehavior [ RunTime:0.000013s ]
INFO: [ app_init ] --END-- [ RunTime:0.000092s ]
INFO: [ app_begin ] --START--
INFO: Run Behavior\ReadHtmlCacheBehavior [ RunTime:0.000036s ]
INFO: [ app_begin ] --END-- [ RunTime:0.000078s ]
SQL: SHOW COLUMNS FROM `think_user` [ RunTime:0.0008s ]
SQL: SELECT * FROM `think_user` WHERE `email` = 'penn' OR `account` = 'penn' LIMIT 1   [ RunTime:0.0001s ]

[ 2016-10-21T00:22:34+08:00 ] 127.0.0.1 /home/
INFO: [ app_init ] --START--
INFO: Run Behavior\BuildLiteBehavior [ RunTime:0.000015s ]
INFO: [ app_init ] --END-- [ RunTime:0.000102s ]
INFO: [ app_begin ] --START--
INFO: Run Behavior\ReadHtmlCacheBehavior [ RunTime:0.000034s ]
INFO: [ app_begin ] --END-- [ RunTime:0.000091s ]
INFO: [ view_parse ] --START--
INFO: [ template_filter ] --START--
INFO: Run Behavior\ContentReplaceBehavior [ RunTime:0.000153s ]
INFO: [ template_filter ] --END-- [ RunTime:0.000196s ]
INFO: Run Behavior\ParseTemplateBehavior [ RunTime:0.044337s ]
INFO: [ view_parse ] --END-- [ RunTime:0.044382s ]
INFO: [ view_filter ] --START--
INFO: Run Behavior\WriteHtmlCacheBehavior [ RunTime:0.000044s ]
INFO: [ view_filter ] --END-- [ RunTime:0.000072s ]
INFO: [ app_end ] --START--
INFO: Run Behavior\ShowPageTraceBehavior [ RunTime:0.000030s ]
INFO: [ app_end ] --END-- [ RunTime:0.000057s ]

[ 2016-10-21T00:22:35+08:00 ] 127.0.0.1 /home/introduction?id=20&sn=1010
INFO: [ app_init ] --START--
INFO: Run Behavior\BuildLiteBehavior [ RunTime:0.000009s ]
INFO: [ app_init ] --END-- [ RunTime:0.000057s ]
INFO: [ app_begin ] --START--
INFO: Run Behavior\ReadHtmlCacheBehavior [ RunTime:0.000024s ]
INFO: [ app_begin ] --END-- [ RunTime:0.000048s ]
NOTIC: [8] Use of undefined constant int - assumed 'int' /var/www/shop/App/Home/Controller/IntroductionController.class.php 第 7 行.
NOTIC: [8] Use of undefined constant int - assumed 'int' /var/www/shop/App/Home/Controller/IntroductionController.class.php 第 8 行.
SQL: SHOW COLUMNS FROM `think_goods` [ RunTime:0.0005s ]
SQL: SELECT * FROM `think_goods` WHERE `goods_id` = 20 LIMIT 1   [ RunTime:0.0001s ]
SQL: SHOW COLUMNS FROM `think_goods_specify` [ RunTime:0.0004s ]
SQL: SELECT * FROM `think_goods_specify` WHERE ( goods_id=20 )  [ RunTime:0.0001s ]
SQL: SHOW COLUMNS FROM `think_goods_type2` [ RunTime:0.0003s ]
SQL: SELECT * FROM `think_goods_type2` WHERE ( goods_id=20 )  [ RunTime:0.0001s ]
SQL: SHOW COLUMNS FROM `think_thumb` [ RunTime:0.0004s ]
SQL: SELECT * FROM `think_thumb` WHERE ( goods_sn=1010 ) LIMIT 1   [ RunTime:0.0001s ]
SQL: SHOW COLUMNS FROM `think_attr` [ RunTime:0.0003s ]
SQL: SELECT `picture_description` FROM `think_attr` WHERE ( goods_sn=1010 ) LIMIT 1   [ RunTime:0.0001s ]
SQL: SHOW COLUMNS FROM `think_shopcart` [ RunTime:0.0003s ]
SQL: SELECT COUNT(*) AS tp_Count FROM `think_shopcart` WHERE ( user_id=4 ) LIMIT 1   [ RunTime:0.0001s ]
INFO: [ view_parse ] --START--
INFO: [ template_filter ] --START--
INFO: Run Behavior\ContentReplaceBehavior [ RunTime:0.000134s ]
INFO: [ template_filter ] --END-- [ RunTime:0.000187s ]
INFO: Run Behavior\ParseTemplateBehavior [ RunTime:0.023294s ]
INFO: [ view_parse ] --END-- [ RunTime:0.023332s ]
INFO: [ view_filter ] --START--
INFO: Run Behavior\WriteHtmlCacheBehavior [ RunTime:0.000039s ]
INFO: [ view_filter ] --END-- [ RunTime:0.000076s ]
INFO: [ app_end ] --START--
INFO: Run Behavior\ShowPageTraceBehavior [ RunTime:0.000035s ]
INFO: [ app_end ] --END-- [ RunTime:0.000071s ]

[ 2016-10-21T00:23:32+08:00 ] 127.0.0.1 /home/introduction?id=20&sn=1010
INFO: [ app_init ] --START--
INFO: Run Behavior\BuildLiteBehavior [ RunTime:0.000013s ]
INFO: [ app_init ] --END-- [ RunTime:0.000094s ]
INFO: [ app_begin ] --START--
INFO: Run Behavior\ReadHtmlCacheBehavior [ RunTime:0.000072s ]
INFO: [ app_begin ] --END-- [ RunTime:0.000139s ]
NOTIC: [8] Use of undefined constant int - assumed 'int' /var/www/shop/App/Home/Controller/IntroductionController.class.php 第 7 行.
NOTIC: [8] Use of undefined constant int - assumed 'int' /var/www/shop/App/Home/Controller/IntroductionController.class.php 第 8 行.
SQL: SHOW COLUMNS FROM `think_goods` [ RunTime:0.0013s ]
SQL: SELECT * FROM `think_goods` WHERE `goods_id` = 20 LIMIT 1   [ RunTime:0.0001s ]
SQL: SHOW COLUMNS FROM `think_goods_specify` [ RunTime:0.0006s ]
SQL: SELECT * FROM `think_goods_specify` WHERE ( goods_id=20 )  [ RunTime:0.0001s ]
SQL: SHOW COLUMNS FROM `think_goods_type2` [ RunTime:0.0006s ]
SQL: SELECT * FROM `think_goods_type2` WHERE ( goods_id=20 )  [ RunTime:0.0001s ]
SQL: SHOW COLUMNS FROM `think_thumb` [ RunTime:0.0005s ]
SQL: SELECT * FROM `think_thumb` WHERE ( goods_sn=1010 ) LIMIT 1   [ RunTime:0.0001s ]
SQL: SHOW COLUMNS FROM `think_shopcart` [ RunTime:0.0005s ]
SQL: SELECT COUNT(*) AS tp_Count FROM `think_shopcart` WHERE ( user_id=4 ) LIMIT 1   [ RunTime:0.0001s ]
NOTIC: [8] Undefined variable: description /var/www/shop/App/Home/Controller/IntroductionController.class.php 第 37 行.
INFO: [ view_parse ] --START--
INFO: [ template_filter ] --START--
INFO: Run Behavior\ContentReplaceBehavior [ RunTime:0.000109s ]
INFO: [ template_filter ] --END-- [ RunTime:0.000148s ]
INFO: Run Behavior\ParseTemplateBehavior [ RunTime:0.018889s ]
INFO: [ view_parse ] --END-- [ RunTime:0.018935s ]
INFO: [ view_filter ] --START--
INFO: Run Behavior\WriteHtmlCacheBehavior [ RunTime:0.000037s ]
INFO: [ view_filter ] --END-- [ RunTime:0.000058s ]
INFO: [ app_end ] --START--
INFO: Run Behavior\ShowPageTraceBehavior [ RunTime:0.000031s ]
INFO: [ app_end ] --END-- [ RunTime:0.000055s ]

[ 2016-10-21T00:25:41+08:00 ] 127.0.0.1 /home/introduction?id=20&sn=1010
INFO: [ app_init ] --START--
INFO: Run Behavior\BuildLiteBehavior [ RunTime:0.000011s ]
INFO: [ app_init ] --END-- [ RunTime:0.000078s ]
INFO: [ app_begin ] --START--
INFO: Run Behavior\ReadHtmlCacheBehavior [ RunTime:0.000037s ]
INFO: [ app_begin ] --END-- [ RunTime:0.000072s ]
NOTIC: [8] Use of undefined constant int - assumed 'int' /var/www/shop/App/Home/Controller/IntroductionController.class.php 第 7 行.
NOTIC: [8] Use of undefined constant int - assumed 'int' /var/www/shop/App/Home/Controller/IntroductionController.class.php 第 8 行.
SQL: SHOW COLUMNS FROM `think_goods` [ RunTime:0.0009s ]
SQL: SELECT * FROM `think_goods` WHERE `goods_id` = 20 LIMIT 1   [ RunTime:0.0002s ]
SQL: SHOW COLUMNS FROM `think_goods_specify` [ RunTime:0.0008s ]
SQL: SELECT * FROM `think_goods_specify` WHERE ( goods_id=20 )  [ RunTime:0.0002s ]
SQL: SHOW COLUMNS FROM `think_goods_type2` [ RunTime:0.0007s ]
SQL: SELECT * FROM `think_goods_type2` WHERE ( goods_id=20 )  [ RunTime:0.0003s ]
SQL: SHOW COLUMNS FROM `think_thumb` [ RunTime:0.0007s ]
SQL: SELECT * FROM `think_thumb` WHERE ( goods_sn=1010 ) LIMIT 1   [ RunTime:0.0002s ]
SQL: SHOW COLUMNS FROM `think_shopcart` [ RunTime:0.0006s ]
SQL: SELECT COUNT(*) AS tp_Count FROM `think_shopcart` WHERE ( user_id=4 ) LIMIT 1   [ RunTime:0.0001s ]
NOTIC: [8] Undefined variable: description /var/www/shop/App/Home/Controller/IntroductionController.class.php 第 37 行.
INFO: [ view_parse ] --START--
INFO: [ template_filter ] --START--
INFO: Run Behavior\ContentReplaceBehavior [ RunTime:0.000098s ]
INFO: [ template_filter ] --END-- [ RunTime:0.000136s ]
NOTIC: [8] Undefined index: goods_decription /var/www/shop/App/Runtime/Cache/Home/f2518f61c8419c30f9148c6fb0cc8027.php 第 623 行.
INFO: Run Behavior\ParseTemplateBehavior [ RunTime:0.021962s ]
INFO: [ view_parse ] --END-- [ RunTime:0.022003s ]
INFO: [ view_filter ] --START--
INFO: Run Behavior\WriteHtmlCacheBehavior [ RunTime:0.000038s ]
INFO: [ view_filter ] --END-- [ RunTime:0.000057s ]
INFO: [ app_end ] --START--
INFO: Run Behavior\ShowPageTraceBehavior [ RunTime:0.000029s ]
INFO: [ app_end ] --END-- [ RunTime:0.000053s ]

[ 2016-10-21T00:26:01+08:00 ] 127.0.0.1 /home/introduction?id=20&sn=1010
INFO: [ app_init ] --START--
INFO: Run Behavior\BuildLiteBehavior [ RunTime:0.000010s ]
INFO: [ app_init ] --END-- [ RunTime:0.000074s ]
INFO: [ app_begin ] --START--
INFO: Run Behavior\ReadHtmlCacheBehavior [ RunTime:0.000075s ]
INFO: [ app_begin ] --END-- [ RunTime:0.000106s ]
NOTIC: [8] Use of undefined constant int - assumed 'int' /var/www/shop/App/Home/Controller/IntroductionController.class.php 第 7 行.
NOTIC: [8] Use of undefined constant int - assumed 'int' /var/www/shop/App/Home/Controller/IntroductionController.class.php 第 8 行.
SQL: SHOW COLUMNS FROM `think_goods` [ RunTime:0.0007s ]
SQL: SELECT * FROM `think_goods` WHERE `goods_id` = 20 LIMIT 1   [ RunTime:0.0002s ]
SQL: SHOW COLUMNS FROM `think_goods_specify` [ RunTime:0.0004s ]
SQL: SELECT * FROM `think_goods_specify` WHERE ( goods_id=20 )  [ RunTime:0.0001s ]
SQL: SHOW COLUMNS FROM `think_goods_type2` [ RunTime:0.0003s ]
SQL: SELECT * FROM `think_goods_type2` WHERE ( goods_id=20 )  [ RunTime:0.0001s ]
SQL: SHOW COLUMNS FROM `think_thumb` [ RunTime:0.0004s ]
SQL: SELECT * FROM `think_thumb` WHERE ( goods_sn=1010 ) LIMIT 1   [ RunTime:0.0001s ]
SQL: SHOW COLUMNS FROM `think_shopcart` [ RunTime:0.0005s ]
SQL: SELECT COUNT(*) AS tp_Count FROM `think_shopcart` WHERE ( user_id=4 ) LIMIT 1   [ RunTime:0.0001s ]
NOTIC: [8] Undefined variable: description /var/www/shop/App/Home/Controller/IntroductionController.class.php 第 37 行.
INFO: [ view_parse ] --START--
INFO: [ template_filter ] --START--
INFO: Run Behavior\ContentReplaceBehavior [ RunTime:0.000103s ]
INFO: [ template_filter ] --END-- [ RunTime:0.000143s ]
INFO: Run Behavior\ParseTemplateBehavior [ RunTime:0.022573s ]
INFO: [ view_parse ] --END-- [ RunTime:0.022627s ]
INFO: [ view_filter ] --START--
INFO: Run Behavior\WriteHtmlCacheBehavior [ RunTime:0.000053s ]
INFO: [ view_filter ] --END-- [ RunTime:0.000083s ]
INFO: [ app_end ] --START--
INFO: Run Behavior\ShowPageTraceBehavior [ RunTime:0.000048s ]
INFO: [ app_end ] --END-- [ RunTime:0.000084s ]

[ 2016-10-21T00:26:23+08:00 ] 127.0.0.1 /home/introduction?id=20&sn=1010
INFO: [ app_init ] --START--
INFO: Run Behavior\BuildLiteBehavior [ RunTime:0.000014s ]
INFO: [ app_init ] --END-- [ RunTime:0.000093s ]
INFO: [ app_begin ] --START--
INFO: Run Behavior\ReadHtmlCacheBehavior [ RunTime:0.000049s ]
INFO: [ app_begin ] --END-- [ RunTime:0.000091s ]
NOTIC: [8] Use of undefined constant int - assumed 'int' /var/www/shop/App/Home/Controller/IntroductionController.class.php 第 7 行.
NOTIC: [8] Use of undefined constant int - assumed 'int' /var/www/shop/App/Home/Controller/IntroductionController.class.php 第 8 行.
SQL: SHOW COLUMNS FROM `think_goods` [ RunTime:0.0007s ]
SQL: SELECT * FROM `think_goods` WHERE `goods_id` = 20 LIMIT 1   [ RunTime:0.0001s ]
SQL: SHOW COLUMNS FROM `think_goods_specify` [ RunTime:0.0004s ]
SQL: SELECT * FROM `think_goods_specify` WHERE ( goods_id=20 )  [ RunTime:0.0002s ]
SQL: SHOW COLUMNS FROM `think_goods_type2` [ RunTime:0.0004s ]
SQL: SELECT * FROM `think_goods_type2` WHERE ( goods_id=20 )  [ RunTime:0.0001s ]
SQL: SHOW COLUMNS FROM `think_thumb` [ RunTime:0.0004s ]
SQL: SELECT * FROM `think_thumb` WHERE ( goods_sn=1010 ) LIMIT 1   [ RunTime:0.0001s ]
SQL: SHOW COLUMNS FROM `think_shopcart` [ RunTime:0.0004s ]
SQL: SELECT COUNT(*) AS tp_Count FROM `think_shopcart` WHERE ( user_id=4 ) LIMIT 1   [ RunTime:0.0001s ]
NOTIC: [8] Undefined variable: description /var/www/shop/App/Home/Controller/IntroductionController.class.php 第 37 行.
INFO: [ view_parse ] --START--
INFO: [ template_filter ] --START--
INFO: Run Behavior\ContentReplaceBehavior [ RunTime:0.000092s ]
INFO: [ template_filter ] --END-- [ RunTime:0.000130s ]
INFO: Run Behavior\ParseTemplateBehavior [ RunTime:0.022788s ]
INFO: [ view_parse ] --END-- [ RunTime:0.022832s ]
INFO: [ view_filter ] --START--
INFO: Run Behavior\WriteHtmlCacheBehavior [ RunTime:0.000036s ]
INFO: [ view_filter ] --END-- [ RunTime:0.000057s ]
INFO: [ app_end ] --START--
INFO: Run Behavior\ShowPageTraceBehavior [ RunTime:0.000029s ]
INFO: [ app_end ] --END-- [ RunTime:0.000054s ]

[ 2016-10-21T00:26:34+08:00 ] 127.0.0.1 /home/introduction?id=20&sn=1010
INFO: [ app_init ] --START--
INFO: Run Behavior\BuildLiteBehavior [ RunTime:0.000019s ]
INFO: [ app_init ] --END-- [ RunTime:0.000126s ]
INFO: [ app_begin ] --START--
INFO: Run Behavior\ReadHtmlCacheBehavior [ RunTime:0.000060s ]
INFO: [ app_begin ] --END-- [ RunTime:0.000113s ]
NOTIC: [8] Use of undefined constant int - assumed 'int' /var/www/shop/App/Home/Controller/IntroductionController.class.php 第 7 行.
NOTIC: [8] Use of undefined constant int - assumed 'int' /var/www/shop/App/Home/Controller/IntroductionController.class.php 第 8 行.
SQL: SHOW COLUMNS FROM `think_goods` [ RunTime:0.0010s ]
SQL: SELECT * FROM `think_goods` WHERE `goods_id` = 20 LIMIT 1   [ RunTime:0.0001s ]
SQL: SHOW COLUMNS FROM `think_goods_specify` [ RunTime:0.0005s ]
SQL: SELECT * FROM `think_goods_specify` WHERE ( goods_id=20 )  [ RunTime:0.0001s ]
SQL: SHOW COLUMNS FROM `think_goods_type2` [ RunTime:0.0004s ]
SQL: SELECT * FROM `think_goods_type2` WHERE ( goods_id=20 )  [ RunTime:0.0001s ]
SQL: SHOW COLUMNS FROM `think_thumb` [ RunTime:0.0004s ]
SQL: SELECT * FROM `think_thumb` WHERE ( goods_sn=1010 ) LIMIT 1   [ RunTime:0.0001s ]
SQL: SHOW COLUMNS FROM `think_shopcart` [ RunTime:0.0005s ]
SQL: SELECT COUNT(*) AS tp_Count FROM `think_shopcart` WHERE ( user_id=4 ) LIMIT 1   [ RunTime:0.0001s ]
NOTIC: [8] Undefined variable: description /var/www/shop/App/Home/Controller/IntroductionController.class.php 第 37 行.
INFO: [ view_parse ] --START--
INFO: [ template_filter ] --START--
INFO: Run Behavior\ContentReplaceBehavior [ RunTime:0.000210s ]
INFO: [ template_filter ] --END-- [ RunTime:0.000251s ]
INFO: Run Behavior\ParseTemplateBehavior [ RunTime:0.019560s ]
INFO: [ view_parse ] --END-- [ RunTime:0.019645s ]
INFO: [ view_filter ] --START--
INFO: Run Behavior\WriteHtmlCacheBehavior [ RunTime:0.000050s ]
INFO: [ view_filter ] --END-- [ RunTime:0.000086s ]
INFO: [ app_end ] --START--
INFO: Run Behavior\ShowPageTraceBehavior [ RunTime:0.000090s ]
INFO: [ app_end ] --END-- [ RunTime:0.000171s ]

[ 2016-10-21T00:27:08+08:00 ] 127.0.0.1 /home/introduction?id=20&sn=1010
INFO: [ app_init ] --START--
INFO: Run Behavior\BuildLiteBehavior [ RunTime:0.000012s ]
INFO: [ app_init ] --END-- [ RunTime:0.000136s ]
INFO: [ app_begin ] --START--
INFO: Run Behavior\ReadHtmlCacheBehavior [ RunTime:0.000038s ]
INFO: [ app_begin ] --END-- [ RunTime:0.000079s ]
NOTIC: [8] Use of undefined constant int - assumed 'int' /var/www/shop/App/Home/Controller/IntroductionController.class.php 第 7 行.
NOTIC: [8] Use of undefined constant int - assumed 'int' /var/www/shop/App/Home/Controller/IntroductionController.class.php 第 8 行.
SQL: SHOW COLUMNS FROM `think_goods` [ RunTime:0.0008s ]
SQL: SELECT * FROM `think_goods` WHERE `goods_id` = 20 LIMIT 1   [ RunTime:0.0002s ]
SQL: SHOW COLUMNS FROM `think_goods_specify` [ RunTime:0.0006s ]
SQL: SELECT * FROM `think_goods_specify` WHERE ( goods_id=20 )  [ RunTime:0.0001s ]
SQL: SHOW COLUMNS FROM `think_goods_type2` [ RunTime:0.0005s ]
SQL: SELECT * FROM `think_goods_type2` WHERE ( goods_id=20 )  [ RunTime:0.0003s ]
SQL: SHOW COLUMNS FROM `think_thumb` [ RunTime:0.0004s ]
SQL: SELECT * FROM `think_thumb` WHERE ( goods_sn=1010 ) LIMIT 1   [ RunTime:0.0001s ]
SQL: SHOW COLUMNS FROM `think_shopcart` [ RunTime:0.0006s ]
SQL: SELECT COUNT(*) AS tp_Count FROM `think_shopcart` WHERE ( user_id=4 ) LIMIT 1   [ RunTime:0.0001s ]
NOTIC: [8] Undefined variable: description /var/www/shop/App/Home/Controller/IntroductionController.class.php 第 37 行.
INFO: [ view_parse ] --START--
INFO: [ template_filter ] --START--
INFO: Run Behavior\ContentReplaceBehavior [ RunTime:0.000113s ]
INFO: [ template_filter ] --END-- [ RunTime:0.000152s ]
INFO: Run Behavior\ParseTemplateBehavior [ RunTime:0.021030s ]
INFO: [ view_parse ] --END-- [ RunTime:0.021072s ]
INFO: [ view_filter ] --START--
INFO: Run Behavior\WriteHtmlCacheBehavior [ RunTime:0.000038s ]
INFO: [ view_filter ] --END-- [ RunTime:0.000060s ]
INFO: [ app_end ] --START--
INFO: Run Behavior\ShowPageTraceBehavior [ RunTime:0.000034s ]
INFO: [ app_end ] --END-- [ RunTime:0.000060s ]

[ 2016-10-21T00:28:08+08:00 ] 127.0.0.1 /home/introduction?id=20&sn=1010
INFO: [ app_init ] --START--
INFO: Run Behavior\BuildLiteBehavior [ RunTime:0.000021s ]
INFO: [ app_init ] --END-- [ RunTime:0.000144s ]
INFO: [ app_begin ] --START--
INFO: Run Behavior\ReadHtmlCacheBehavior [ RunTime:0.000067s ]
INFO: [ app_begin ] --END-- [ RunTime:0.000135s ]
NOTIC: [8] Use of undefined constant int - assumed 'int' /var/www/shop/App/Home/Controller/IntroductionController.class.php 第 7 行.
NOTIC: [8] Use of undefined constant int - assumed 'int' /var/www/shop/App/Home/Controller/IntroductionController.class.php 第 8 行.
SQL: SHOW COLUMNS FROM `think_goods` [ RunTime:0.0010s ]
SQL: SELECT * FROM `think_goods` WHERE `goods_id` = 20 LIMIT 1   [ RunTime:0.0004s ]
SQL: SHOW COLUMNS FROM `think_goods_specify` [ RunTime:0.0007s ]
SQL: SELECT * FROM `think_goods_specify` WHERE ( goods_id=20 )  [ RunTime:0.0001s ]
SQL: SHOW COLUMNS FROM `think_goods_type2` [ RunTime:0.0007s ]
SQL: SELECT * FROM `think_goods_type2` WHERE ( goods_id=20 )  [ RunTime:0.0001s ]
SQL: SHOW COLUMNS FROM `think_thumb` [ RunTime:0.0005s ]
SQL: SELECT * FROM `think_thumb` WHERE ( goods_sn=1010 ) LIMIT 1   [ RunTime:0.0001s ]
SQL: SHOW COLUMNS FROM `think_shopcart` [ RunTime:0.0005s ]
SQL: SELECT COUNT(*) AS tp_Count FROM `think_shopcart` WHERE ( user_id=4 ) LIMIT 1   [ RunTime:0.0001s ]
NOTIC: [8] Undefined variable: description /var/www/shop/App/Home/Controller/IntroductionController.class.php 第 37 行.
INFO: [ view_parse ] --START--
INFO: [ template_filter ] --START--
INFO: Run Behavior\ContentReplaceBehavior [ RunTime:0.000185s ]
INFO: [ template_filter ] --END-- [ RunTime:0.000249s ]
INFO: Run Behavior\ParseTemplateBehavior [ RunTime:0.018641s ]
INFO: [ view_parse ] --END-- [ RunTime:0.018678s ]
INFO: [ view_filter ] --START--
INFO: Run Behavior\WriteHtmlCacheBehavior [ RunTime:0.000045s ]
INFO: [ view_filter ] --END-- [ RunTime:0.000073s ]
INFO: [ app_end ] --START--
INFO: Run Behavior\ShowPageTraceBehavior [ RunTime:0.000036s ]
INFO: [ app_end ] --END-- [ RunTime:0.000070s ]

[ 2016-10-21T00:28:42+08:00 ] 127.0.0.1 /home/introduction?id=20&sn=1010
INFO: [ app_init ] --START--
INFO: Run Behavior\BuildLiteBehavior [ RunTime:0.000016s ]
INFO: [ app_init ] --END-- [ RunTime:0.000112s ]
INFO: [ app_begin ] --START--
INFO: Run Behavior\ReadHtmlCacheBehavior [ RunTime:0.000058s ]
INFO: [ app_begin ] --END-- [ RunTime:0.000113s ]
NOTIC: [8] Use of undefined constant int - assumed 'int' /var/www/shop/App/Home/Controller/IntroductionController.class.php 第 7 行.
NOTIC: [8] Use of undefined constant int - assumed 'int' /var/www/shop/App/Home/Controller/IntroductionController.class.php 第 8 行.
SQL: SHOW COLUMNS FROM `think_goods` [ RunTime:0.0008s ]
SQL: SELECT * FROM `think_goods` WHERE `goods_id` = 20 LIMIT 1   [ RunTime:0.0002s ]
SQL: SHOW COLUMNS FROM `think_goods_specify` [ RunTime:0.0008s ]
SQL: SELECT * FROM `think_goods_specify` WHERE ( goods_id=20 )  [ RunTime:0.0002s ]
SQL: SHOW COLUMNS FROM `think_goods_type2` [ RunTime:0.0007s ]
SQL: SELECT * FROM `think_goods_type2` WHERE ( goods_id=20 )  [ RunTime:0.0002s ]
SQL: SHOW COLUMNS FROM `think_thumb` [ RunTime:0.0008s ]
SQL: SELECT * FROM `think_thumb` WHERE ( goods_sn=1010 ) LIMIT 1   [ RunTime:0.0002s ]
SQL: SHOW COLUMNS FROM `think_shopcart` [ RunTime:0.0008s ]
SQL: SELECT COUNT(*) AS tp_Count FROM `think_shopcart` WHERE ( user_id=4 ) LIMIT 1   [ RunTime:0.0002s ]
NOTIC: [8] Undefined variable: description /var/www/shop/App/Home/Controller/IntroductionController.class.php 第 37 行.
INFO: [ view_parse ] --START--
INFO: [ template_filter ] --START--
INFO: Run Behavior\ContentReplaceBehavior [ RunTime:0.000101s ]
INFO: [ template_filter ] --END-- [ RunTime:0.000139s ]
INFO: Run Behavior\ParseTemplateBehavior [ RunTime:0.022605s ]
INFO: [ view_parse ] --END-- [ RunTime:0.022642s ]
INFO: [ view_filter ] --START--
INFO: Run Behavior\WriteHtmlCacheBehavior [ RunTime:0.000036s ]
INFO: [ view_filter ] --END-- [ RunTime:0.000057s ]
NOTIC: [2] Cannot modify header information - headers already sent by (output started at /var/www/shop/App/Home/Controller/IntroductionController.class.php:35) /var/www/shop/ThinkPHP/Library/Think/View.class.php 第 91 行.
NOTIC: [2] Cannot modify header information - headers already sent by (output started at /var/www/shop/App/Home/Controller/IntroductionController.class.php:35) /var/www/shop/ThinkPHP/Library/Think/View.class.php 第 92 行.
NOTIC: [2] Cannot modify header information - headers already sent by (output started at /var/www/shop/App/Home/Controller/IntroductionController.class.php:35) /var/www/shop/ThinkPHP/Library/Think/View.class.php 第 93 行.
INFO: [ app_end ] --START--
INFO: Run Behavior\ShowPageTraceBehavior [ RunTime:0.000039s ]
INFO: [ app_end ] --END-- [ RunTime:0.000076s ]

[ 2016-10-21T00:28:54+08:00 ] 127.0.0.1 /home/introduction?id=20&sn=1010
INFO: [ app_init ] --START--
INFO: Run Behavior\BuildLiteBehavior [ RunTime:0.000010s ]
INFO: [ app_init ] --END-- [ RunTime:0.000077s ]
INFO: [ app_begin ] --START--
INFO: Run Behavior\ReadHtmlCacheBehavior [ RunTime:0.000034s ]
INFO: [ app_begin ] --END-- [ RunTime:0.000065s ]
NOTIC: [8] Use of undefined constant int - assumed 'int' /var/www/shop/App/Home/Controller/IntroductionController.class.php 第 7 行.
NOTIC: [8] Use of undefined constant int - assumed 'int' /var/www/shop/App/Home/Controller/IntroductionController.class.php 第 8 行.
SQL: SHOW COLUMNS FROM `think_goods` [ RunTime:0.0007s ]
SQL: SELECT * FROM `think_goods` WHERE `goods_id` = 20 LIMIT 1   [ RunTime:0.0001s ]
SQL: SHOW COLUMNS FROM `think_goods_specify` [ RunTime:0.0004s ]
SQL: SELECT * FROM `think_goods_specify` WHERE ( goods_id=20 )  [ RunTime:0.0001s ]
SQL: SHOW COLUMNS FROM `think_goods_type2` [ RunTime:0.0004s ]
SQL: SELECT * FROM `think_goods_type2` WHERE ( goods_id=20 )  [ RunTime:0.0001s ]
SQL: SHOW COLUMNS FROM `think_thumb` [ RunTime:0.0004s ]
SQL: SELECT * FROM `think_thumb` WHERE ( goods_sn=1010 ) LIMIT 1   [ RunTime:0.0001s ]
SQL: SHOW COLUMNS FROM `think_shopcart` [ RunTime:0.0004s ]
SQL: SELECT COUNT(*) AS tp_Count FROM `think_shopcart` WHERE ( user_id=4 ) LIMIT 1   [ RunTime:0.0001s ]
NOTIC: [8] Undefined variable: description /var/www/shop/App/Home/Controller/IntroductionController.class.php 第 37 行.
INFO: [ view_parse ] --START--
INFO: [ template_filter ] --START--
INFO: Run Behavior\ContentReplaceBehavior [ RunTime:0.000113s ]
INFO: [ template_filter ] --END-- [ RunTime:0.000153s ]
INFO: Run Behavior\ParseTemplateBehavior [ RunTime:0.020737s ]
INFO: [ view_parse ] --END-- [ RunTime:0.020783s ]
INFO: [ view_filter ] --START--
INFO: Run Behavior\WriteHtmlCacheBehavior [ RunTime:0.000050s ]
INFO: [ view_filter ] --END-- [ RunTime:0.000071s ]
NOTIC: [2] Cannot modify header information - headers already sent by (output started at /var/www/shop/App/Home/Controller/IntroductionController.class.php:35) /var/www/shop/ThinkPHP/Library/Think/View.class.php 第 91 行.
NOTIC: [2] Cannot modify header information - headers already sent by (output started at /var/www/shop/App/Home/Controller/IntroductionController.class.php:35) /var/www/shop/ThinkPHP/Library/Think/View.class.php 第 92 行.
NOTIC: [2] Cannot modify header information - headers already sent by (output started at /var/www/shop/App/Home/Controller/IntroductionController.class.php:35) /var/www/shop/ThinkPHP/Library/Think/View.class.php 第 93 行.
INFO: [ app_end ] --START--
INFO: Run Behavior\ShowPageTraceBehavior [ RunTime:0.000035s ]
INFO: [ app_end ] --END-- [ RunTime:0.000072s ]

[ 2016-10-21T00:29:33+08:00 ] 127.0.0.1 /home/introduction?id=20&sn=1010
INFO: [ app_init ] --START--
INFO: Run Behavior\BuildLiteBehavior [ RunTime:0.000019s ]
INFO: [ app_init ] --END-- [ RunTime:0.000137s ]
INFO: [ app_begin ] --START--
INFO: Run Behavior\ReadHtmlCacheBehavior [ RunTime:0.000064s ]
INFO: [ app_begin ] --END-- [ RunTime:0.000123s ]
NOTIC: [8] Use of undefined constant int - assumed 'int' /var/www/shop/App/Home/Controller/IntroductionController.class.php 第 7 行.
NOTIC: [8] Use of undefined constant int - assumed 'int' /var/www/shop/App/Home/Controller/IntroductionController.class.php 第 8 行.
SQL: SHOW COLUMNS FROM `think_goods` [ RunTime:0.0008s ]
SQL: SELECT * FROM `think_goods` WHERE `goods_id` = 20 LIMIT 1   [ RunTime:0.0004s ]
SQL: SHOW COLUMNS FROM `think_goods_specify` [ RunTime:0.0008s ]
SQL: SELECT * FROM `think_goods_specify` WHERE ( goods_id=20 )  [ RunTime:0.0001s ]
SQL: SHOW COLUMNS FROM `think_goods_type2` [ RunTime:0.0006s ]
SQL: SELECT * FROM `think_goods_type2` WHERE ( goods_id=20 )  [ RunTime:0.0001s ]
SQL: SHOW COLUMNS FROM `think_thumb` [ RunTime:0.0009s ]
SQL: SELECT * FROM `think_thumb` WHERE ( goods_sn=1010 ) LIMIT 1   [ RunTime:0.0001s ]
SQL: SHOW COLUMNS FROM `think_shopcart` [ RunTime:0.0008s ]
SQL: SELECT COUNT(*) AS tp_Count FROM `think_shopcart` WHERE ( user_id=4 ) LIMIT 1   [ RunTime:0.0002s ]
NOTIC: [8] Undefined variable: description /var/www/shop/App/Home/Controller/IntroductionController.class.php 第 37 行.
INFO: [ view_parse ] --START--
INFO: [ template_filter ] --START--
INFO: Run Behavior\ContentReplaceBehavior [ RunTime:0.000139s ]
INFO: [ template_filter ] --END-- [ RunTime:0.000189s ]
INFO: Run Behavior\ParseTemplateBehavior [ RunTime:0.017952s ]
INFO: [ view_parse ] --END-- [ RunTime:0.017996s ]
INFO: [ view_filter ] --START--
INFO: Run Behavior\WriteHtmlCacheBehavior [ RunTime:0.000037s ]
INFO: [ view_filter ] --END-- [ RunTime:0.000058s ]
INFO: [ app_end ] --START--
INFO: Run Behavior\ShowPageTraceBehavior [ RunTime:0.000031s ]
INFO: [ app_end ] --END-- [ RunTime:0.000057s ]

[ 2016-10-21T00:30:23+08:00 ] 127.0.0.1 /home/introduction?id=20&sn=1010
INFO: [ app_init ] --START--
INFO: Run Behavior\BuildLiteBehavior [ RunTime:0.000017s ]
INFO: [ app_init ] --END-- [ RunTime:0.000122s ]
INFO: [ app_begin ] --START--
INFO: Run Behavior\ReadHtmlCacheBehavior [ RunTime:0.000070s ]
INFO: [ app_begin ] --END-- [ RunTime:0.000135s ]
NOTIC: [8] Use of undefined constant int - assumed 'int' /var/www/shop/App/Home/Controller/IntroductionController.class.php 第 7 行.
NOTIC: [8] Use of undefined constant int - assumed 'int' /var/www/shop/App/Home/Controller/IntroductionController.class.php 第 8 行.
SQL: SHOW COLUMNS FROM `think_goods` [ RunTime:0.0008s ]
SQL: SELECT * FROM `think_goods` WHERE `goods_id` = 20 LIMIT 1   [ RunTime:0.0004s ]
SQL: SHOW COLUMNS FROM `think_goods_specify` [ RunTime:0.0007s ]
SQL: SELECT * FROM `think_goods_specify` WHERE ( goods_id=20 )  [ RunTime:0.0001s ]
SQL: SHOW COLUMNS FROM `think_goods_type2` [ RunTime:0.0006s ]
SQL: SELECT * FROM `think_goods_type2` WHERE ( goods_id=20 )  [ RunTime:0.0002s ]
SQL: SHOW COLUMNS FROM `think_thumb` [ RunTime:0.0009s ]
SQL: SELECT * FROM `think_thumb` WHERE ( goods_sn=1010 ) LIMIT 1   [ RunTime:0.0002s ]
SQL: SHOW COLUMNS FROM `think_shopcart` [ RunTime:0.0013s ]
SQL: SELECT COUNT(*) AS tp_Count FROM `think_shopcart` WHERE ( user_id=4 ) LIMIT 1   [ RunTime:0.0001s ]
NOTIC: [8] Undefined variable: description /var/www/shop/App/Home/Controller/IntroductionController.class.php 第 37 行.
INFO: [ view_parse ] --START--
INFO: [ template_filter ] --START--
INFO: Run Behavior\ContentReplaceBehavior [ RunTime:0.000137s ]
INFO: [ template_filter ] --END-- [ RunTime:0.000195s ]
INFO: Run Behavior\ParseTemplateBehavior [ RunTime:0.021740s ]
INFO: [ view_parse ] --END-- [ RunTime:0.021779s ]
INFO: [ view_filter ] --START--
INFO: Run Behavior\WriteHtmlCacheBehavior [ RunTime:0.000051s ]
INFO: [ view_filter ] --END-- [ RunTime:0.000072s ]
INFO: [ app_end ] --START--
INFO: Run Behavior\ShowPageTraceBehavior [ RunTime:0.000032s ]
INFO: [ app_end ] --END-- [ RunTime:0.000057s ]

[ 2016-10-21T00:30:27+08:00 ] 127.0.0.1 /home/introduction?id=20&sn=1010
INFO: [ app_init ] --START--
INFO: Run Behavior\BuildLiteBehavior [ RunTime:0.000021s ]
INFO: [ app_init ] --END-- [ RunTime:0.000234s ]
INFO: [ app_begin ] --START--
INFO: Run Behavior\ReadHtmlCacheBehavior [ RunTime:0.000096s ]
INFO: [ app_begin ] --END-- [ RunTime:0.000193s ]
NOTIC: [8] Use of undefined constant int - assumed 'int' /var/www/shop/App/Home/Controller/IntroductionController.class.php 第 7 行.
NOTIC: [8] Use of undefined constant int - assumed 'int' /var/www/shop/App/Home/Controller/IntroductionController.class.php 第 8 行.
SQL: SHOW COLUMNS FROM `think_goods` [ RunTime:0.0008s ]
SQL: SELECT * FROM `think_goods` WHERE `goods_id` = 20 LIMIT 1   [ RunTime:0.0001s ]
SQL: SHOW COLUMNS FROM `think_goods_specify` [ RunTime:0.0005s ]
SQL: SELECT * FROM `think_goods_specify` WHERE ( goods_id=20 )  [ RunTime:0.0001s ]
SQL: SHOW COLUMNS FROM `think_goods_type2` [ RunTime:0.0006s ]
SQL: SELECT * FROM `think_goods_type2` WHERE ( goods_id=20 )  [ RunTime:0.0001s ]
SQL: SHOW COLUMNS FROM `think_thumb` [ RunTime:0.0005s ]
SQL: SELECT * FROM `think_thumb` WHERE ( goods_sn=1010 ) LIMIT 1   [ RunTime:0.0001s ]
SQL: SHOW COLUMNS FROM `think_shopcart` [ RunTime:0.0005s ]
SQL: SELECT COUNT(*) AS tp_Count FROM `think_shopcart` WHERE ( user_id=4 ) LIMIT 1   [ RunTime:0.0002s ]
NOTIC: [8] Undefined variable: description /var/www/shop/App/Home/Controller/IntroductionController.class.php 第 36 行.
INFO: [ view_parse ] --START--
INFO: [ template_filter ] --START--
INFO: Run Behavior\ContentReplaceBehavior [ RunTime:0.000134s ]
INFO: [ template_filter ] --END-- [ RunTime:0.000182s ]
INFO: Run Behavior\ParseTemplateBehavior [ RunTime:0.019875s ]
INFO: [ view_parse ] --END-- [ RunTime:0.019910s ]
INFO: [ view_filter ] --START--
INFO: Run Behavior\WriteHtmlCacheBehavior [ RunTime:0.000036s ]
INFO: [ view_filter ] --END-- [ RunTime:0.000056s ]
INFO: [ app_end ] --START--
INFO: Run Behavior\ShowPageTraceBehavior [ RunTime:0.000030s ]
INFO: [ app_end ] --END-- [ RunTime:0.000056s ]

[ 2016-10-21T00:30:33+08:00 ] 127.0.0.1 /home/introduction?id=20&sn=1010
INFO: [ app_init ] --START--
INFO: Run Behavior\BuildLiteBehavior [ RunTime:0.000018s ]
INFO: [ app_init ] --END-- [ RunTime:0.000152s ]
INFO: [ app_begin ] --START--
INFO: Run Behavior\ReadHtmlCacheBehavior [ RunTime:0.000066s ]
INFO: [ app_begin ] --END-- [ RunTime:0.000125s ]
NOTIC: [8] Use of undefined constant int - assumed 'int' /var/www/shop/App/Home/Controller/IntroductionController.class.php 第 7 行.
NOTIC: [8] Use of undefined constant int - assumed 'int' /var/www/shop/App/Home/Controller/IntroductionController.class.php 第 8 行.
SQL: SHOW COLUMNS FROM `think_goods` [ RunTime:0.0009s ]
SQL: SELECT * FROM `think_goods` WHERE `goods_id` = 20 LIMIT 1   [ RunTime:0.0002s ]
SQL: SHOW COLUMNS FROM `think_goods_specify` [ RunTime:0.0007s ]
SQL: SELECT * FROM `think_goods_specify` WHERE ( goods_id=20 )  [ RunTime:0.0002s ]
SQL: SHOW COLUMNS FROM `think_goods_type2` [ RunTime:0.0005s ]
SQL: SELECT * FROM `think_goods_type2` WHERE ( goods_id=20 )  [ RunTime:0.0001s ]
SQL: SHOW COLUMNS FROM `think_thumb` [ RunTime:0.0005s ]
SQL: SELECT * FROM `think_thumb` WHERE ( goods_sn=1010 ) LIMIT 1   [ RunTime:0.0002s ]
SQL: SHOW COLUMNS FROM `think_shopcart` [ RunTime:0.0008s ]
SQL: SELECT COUNT(*) AS tp_Count FROM `think_shopcart` WHERE ( user_id=4 ) LIMIT 1   [ RunTime:0.0001s ]
NOTIC: [8] Undefined variable: description /var/www/shop/App/Home/Controller/IntroductionController.class.php 第 36 行.
INFO: [ view_parse ] --START--
INFO: [ template_filter ] --START--
INFO: Run Behavior\ContentReplaceBehavior [ RunTime:0.000115s ]
INFO: [ template_filter ] --END-- [ RunTime:0.000162s ]
INFO: Run Behavior\ParseTemplateBehavior [ RunTime:0.021542s ]
INFO: [ view_parse ] --END-- [ RunTime:0.021577s ]
INFO: [ view_filter ] --START--
INFO: Run Behavior\WriteHtmlCacheBehavior [ RunTime:0.000041s ]
INFO: [ view_filter ] --END-- [ RunTime:0.000063s ]
INFO: [ app_end ] --START--
INFO: Run Behavior\ShowPageTraceBehavior [ RunTime:0.000053s ]
INFO: [ app_end ] --END-- [ RunTime:0.000101s ]

[ 2016-10-21T00:30:38+08:00 ] 127.0.0.1 /home/introduction?id=20&sn=1010
INFO: [ app_init ] --START--
INFO: Run Behavior\BuildLiteBehavior [ RunTime:0.000013s ]
INFO: [ app_init ] --END-- [ RunTime:0.000084s ]
INFO: [ app_begin ] --START--
INFO: Run Behavior\ReadHtmlCacheBehavior [ RunTime:0.000037s ]
INFO: [ app_begin ] --END-- [ RunTime:0.000078s ]
NOTIC: [8] Use of undefined constant int - assumed 'int' /var/www/shop/App/Home/Controller/IntroductionController.class.php 第 7 行.
NOTIC: [8] Use of undefined constant int - assumed 'int' /var/www/shop/App/Home/Controller/IntroductionController.class.php 第 8 行.
SQL: SHOW COLUMNS FROM `think_goods` [ RunTime:0.0008s ]
SQL: SELECT * FROM `think_goods` WHERE `goods_id` = 20 LIMIT 1   [ RunTime:0.0001s ]
SQL: SHOW COLUMNS FROM `think_goods_specify` [ RunTime:0.0007s ]
SQL: SELECT * FROM `think_goods_specify` WHERE ( goods_id=20 )  [ RunTime:0.0001s ]
SQL: SHOW COLUMNS FROM `think_goods_type2` [ RunTime:0.0008s ]
SQL: SELECT * FROM `think_goods_type2` WHERE ( goods_id=20 )  [ RunTime:0.0001s ]
SQL: SHOW COLUMNS FROM `think_thumb` [ RunTime:0.0006s ]
SQL: SELECT * FROM `think_thumb` WHERE ( goods_sn=1010 ) LIMIT 1   [ RunTime:0.0001s ]
SQL: SHOW COLUMNS FROM `think_shopcart` [ RunTime:0.0006s ]
SQL: SELECT COUNT(*) AS tp_Count FROM `think_shopcart` WHERE ( user_id=4 ) LIMIT 1   [ RunTime:0.0001s ]
NOTIC: [8] Undefined variable: description /var/www/shop/App/Home/Controller/IntroductionController.class.php 第 36 行.
INFO: [ view_parse ] --START--
INFO: [ template_filter ] --START--
INFO: Run Behavior\ContentReplaceBehavior [ RunTime:0.000100s ]
INFO: [ template_filter ] --END-- [ RunTime:0.000138s ]
INFO: Run Behavior\ParseTemplateBehavior [ RunTime:0.020824s ]
INFO: [ view_parse ] --END-- [ RunTime:0.020874s ]
INFO: [ view_filter ] --START--
INFO: Run Behavior\WriteHtmlCacheBehavior [ RunTime:0.000038s ]
INFO: [ view_filter ] --END-- [ RunTime:0.000059s ]
INFO: [ app_end ] --START--
INFO: Run Behavior\ShowPageTraceBehavior [ RunTime:0.000055s ]
INFO: [ app_end ] --END-- [ RunTime:0.000109s ]

[ 2016-10-21T00:30:47+08:00 ] 127.0.0.1 /home/pay
INFO: [ app_init ] --START--
INFO: Run Behavior\BuildLiteBehavior [ RunTime:0.000018s ]
INFO: [ app_init ] --END-- [ RunTime:0.000122s ]
INFO: [ app_begin ] --START--
INFO: Run Behavior\ReadHtmlCacheBehavior [ RunTime:0.000050s ]
INFO: [ app_begin ] --END-- [ RunTime:0.000106s ]
NOTIC: [2048] Declaration of Home\Controller\PayController::success() should be compatible with Think\Controller::success($message = '', $jumpUrl = '', $ajax = false) /var/www/shop/App/Home/Controller/PayController.class.php 第 0 行.
SQL: SHOW COLUMNS FROM `think_address` [ RunTime:0.0008s ]
SQL: SELECT * FROM `think_address` WHERE ( user_id=4 ) ORDER BY is_default desc  [ RunTime:0.0001s ]
SQL: SHOW COLUMNS FROM `think_shopcart` [ RunTime:0.0009s ]
SQL: SELECT * FROM `think_shopcart` WHERE ( user_id=4 AND is_order=1 )  [ RunTime:0.0005s ]
SQL: SHOW COLUMNS FROM `think_thumb` [ RunTime:0.0008s ]
SQL: SELECT `mid` FROM `think_thumb` WHERE ( goods_sn=1010 ) LIMIT 1   [ RunTime:0.0003s ]
SQL: SHOW COLUMNS FROM `think_goods_specify` [ RunTime:0.0008s ]
SQL: SELECT `goods_price` FROM `think_goods_specify` WHERE ( goods_sn=1010 ) LIMIT 1   [ RunTime:0.0002s ]
INFO: [ view_parse ] --START--
INFO: [ template_filter ] --START--
INFO: Run Behavior\ContentReplaceBehavior [ RunTime:0.000098s ]
INFO: [ template_filter ] --END-- [ RunTime:0.000147s ]
NOTIC: [8] Undefined variable: single /var/www/shop/App/Runtime/Cache/Home/6ede099d38a78cedee8afe54e964b19d.php 第 759 行.
NOTIC: [8] Undefined variable: single /var/www/shop/App/Runtime/Cache/Home/6ede099d38a78cedee8afe54e964b19d.php 第 763 行.
NOTIC: [8] Undefined variable: single /var/www/shop/App/Runtime/Cache/Home/6ede099d38a78cedee8afe54e964b19d.php 第 767 行.
INFO: Run Behavior\ParseTemplateBehavior [ RunTime:0.017389s ]
INFO: [ view_parse ] --END-- [ RunTime:0.017439s ]
INFO: [ view_filter ] --START--
INFO: Run Behavior\WriteHtmlCacheBehavior [ RunTime:0.000046s ]
INFO: [ view_filter ] --END-- [ RunTime:0.000072s ]
INFO: [ app_end ] --START--
INFO: Run Behavior\ShowPageTraceBehavior [ RunTime:0.000049s ]
INFO: [ app_end ] --END-- [ RunTime:0.000105s ]

[ 2016-10-21T00:30:55+08:00 ] 127.0.0.1 /home/pay/shopcart
INFO: [ app_init ] --START--
INFO: Run Behavior\BuildLiteBehavior [ RunTime:0.000015s ]
INFO: [ app_init ] --END-- [ RunTime:0.000098s ]
INFO: [ app_begin ] --START--
INFO: Run Behavior\ReadHtmlCacheBehavior [ RunTime:0.000089s ]
INFO: [ app_begin ] --END-- [ RunTime:0.000203s ]
NOTIC: [2048] Declaration of Home\Controller\PayController::success() should be compatible with Think\Controller::success($message = '', $jumpUrl = '', $ajax = false) /var/www/shop/App/Home/Controller/PayController.class.php 第 0 行.
SQL: SHOW COLUMNS FROM `think_shopcart` [ RunTime:0.0010s ]
SQL: SELECT * FROM `think_shopcart` WHERE ( user_id=4 )  [ RunTime:0.0004s ]
SQL: SHOW COLUMNS FROM `think_thumb` [ RunTime:0.0009s ]
SQL: SELECT `mid` FROM `think_thumb` WHERE ( goods_sn=1000004 ) LIMIT 1   [ RunTime:0.0001s ]
SQL: SHOW COLUMNS FROM `think_goods_specify` [ RunTime:0.0004s ]
SQL: SELECT `goods_price` FROM `think_goods_specify` WHERE ( goods_sn=1000004 ) LIMIT 1   [ RunTime:0.0001s ]
SQL: SELECT * FROM `think_goods_specify` WHERE ( goods_id=7 )  [ RunTime:0.0001s ]
SQL: SHOW COLUMNS FROM `think_goods` [ RunTime:0.0005s ]
SQL: SELECT `goods_package` FROM `think_goods` WHERE ( goods_id=7 ) LIMIT 1   [ RunTime:0.0002s ]
SQL: SELECT `mid` FROM `think_thumb` WHERE ( goods_sn=1000004 ) LIMIT 1   [ RunTime:0.0001s ]
SQL: SELECT `goods_price` FROM `think_goods_specify` WHERE ( goods_sn=1000004 ) LIMIT 1   [ RunTime:0.0001s ]
SQL: SELECT * FROM `think_goods_specify` WHERE ( goods_id=7 )  [ RunTime:0.0001s ]
SQL: SELECT `goods_package` FROM `think_goods` WHERE ( goods_id=7 ) LIMIT 1   [ RunTime:0.0001s ]
SQL: SELECT `mid` FROM `think_thumb` WHERE ( goods_sn=1012 ) LIMIT 1   [ RunTime:0.0001s ]
SQL: SELECT `goods_price` FROM `think_goods_specify` WHERE ( goods_sn=1012 ) LIMIT 1   [ RunTime:0.0001s ]
SQL: SELECT * FROM `think_goods_specify` WHERE ( goods_id=20 )  [ RunTime:0.0001s ]
SQL: SELECT `goods_package` FROM `think_goods` WHERE ( goods_id=20 ) LIMIT 1   [ RunTime:0.0001s ]
SQL: SELECT `mid` FROM `think_thumb` WHERE ( goods_sn=1011 ) LIMIT 1   [ RunTime:0.0001s ]
SQL: SELECT `goods_price` FROM `think_goods_specify` WHERE ( goods_sn=1011 ) LIMIT 1   [ RunTime:0.0001s ]
SQL: SELECT * FROM `think_goods_specify` WHERE ( goods_id=20 )  [ RunTime:0.0001s ]
SQL: SELECT `goods_package` FROM `think_goods` WHERE ( goods_id=20 ) LIMIT 1   [ RunTime:0.0001s ]
SQL: SELECT `mid` FROM `think_thumb` WHERE ( goods_sn=1010 ) LIMIT 1   [ RunTime:0.0002s ]
SQL: SELECT `goods_price` FROM `think_goods_specify` WHERE ( goods_sn=1010 ) LIMIT 1   [ RunTime:0.0002s ]
SQL: SELECT * FROM `think_goods_specify` WHERE ( goods_id=20 )  [ RunTime:0.0001s ]
SQL: SELECT `goods_package` FROM `think_goods` WHERE ( goods_id=20 ) LIMIT 1   [ RunTime:0.0002s ]
INFO: [ view_parse ] --START--
INFO: [ template_filter ] --START--
INFO: Run Behavior\ContentReplaceBehavior [ RunTime:0.000148s ]
INFO: [ template_filter ] --END-- [ RunTime:0.000229s ]
INFO: Run Behavior\ParseTemplateBehavior [ RunTime:0.017595s ]
INFO: [ view_parse ] --END-- [ RunTime:0.017659s ]
INFO: [ view_filter ] --START--
INFO: Run Behavior\WriteHtmlCacheBehavior [ RunTime:0.000051s ]
INFO: [ view_filter ] --END-- [ RunTime:0.000080s ]
INFO: [ app_end ] --START--
INFO: Run Behavior\ShowPageTraceBehavior [ RunTime:0.000036s ]
INFO: [ app_end ] --END-- [ RunTime:0.000069s ]

[ 2016-10-21T00:31:03+08:00 ] 127.0.0.1 /home/pay/shopcart
INFO: [ app_init ] --START--
INFO: Run Behavior\BuildLiteBehavior [ RunTime:0.000015s ]
INFO: [ app_init ] --END-- [ RunTime:0.000099s ]
INFO: [ app_begin ] --START--
INFO: Run Behavior\ReadHtmlCacheBehavior [ RunTime:0.000044s ]
INFO: [ app_begin ] --END-- [ RunTime:0.000087s ]
NOTIC: [2048] Declaration of Home\Controller\PayController::success() should be compatible with Think\Controller::success($message = '', $jumpUrl = '', $ajax = false) /var/www/shop/App/Home/Controller/PayController.class.php 第 0 行.
SQL: SHOW COLUMNS FROM `think_shopcart` [ RunTime:0.0007s ]
SQL: SELECT * FROM `think_shopcart` WHERE ( user_id=4 )  [ RunTime:0.0003s ]
SQL: SHOW COLUMNS FROM `think_thumb` [ RunTime:0.0006s ]
SQL: SELECT `mid` FROM `think_thumb` WHERE ( goods_sn=1000004 ) LIMIT 1   [ RunTime:0.0001s ]
SQL: SHOW COLUMNS FROM `think_goods_specify` [ RunTime:0.0006s ]
SQL: SELECT `goods_price` FROM `think_goods_specify` WHERE ( goods_sn=1000004 ) LIMIT 1   [ RunTime:0.0001s ]
SQL: SELECT * FROM `think_goods_specify` WHERE ( goods_id=7 )  [ RunTime:0.0001s ]
SQL: SHOW COLUMNS FROM `think_goods` [ RunTime:0.0008s ]
SQL: SELECT `goods_package` FROM `think_goods` WHERE ( goods_id=7 ) LIMIT 1   [ RunTime:0.0001s ]
SQL: SELECT `mid` FROM `think_thumb` WHERE ( goods_sn=1000004 ) LIMIT 1   [ RunTime:0.0001s ]
SQL: SELECT `goods_price` FROM `think_goods_specify` WHERE ( goods_sn=1000004 ) LIMIT 1   [ RunTime:0.0001s ]
SQL: SELECT * FROM `think_goods_specify` WHERE ( goods_id=7 )  [ RunTime:0.0001s ]
SQL: SELECT `goods_package` FROM `think_goods` WHERE ( goods_id=7 ) LIMIT 1   [ RunTime:0.0001s ]
SQL: SELECT `mid` FROM `think_thumb` WHERE ( goods_sn=1012 ) LIMIT 1   [ RunTime:0.0001s ]
SQL: SELECT `goods_price` FROM `think_goods_specify` WHERE ( goods_sn=1012 ) LIMIT 1   [ RunTime:0.0001s ]
SQL: SELECT * FROM `think_goods_specify` WHERE ( goods_id=20 )  [ RunTime:0.0001s ]
SQL: SELECT `goods_package` FROM `think_goods` WHERE ( goods_id=20 ) LIMIT 1   [ RunTime:0.0001s ]
SQL: SELECT `mid` FROM `think_thumb` WHERE ( goods_sn=1011 ) LIMIT 1   [ RunTime:0.0001s ]
SQL: SELECT `goods_price` FROM `think_goods_specify` WHERE ( goods_sn=1011 ) LIMIT 1   [ RunTime:0.0001s ]
SQL: SELECT * FROM `think_goods_specify` WHERE ( goods_id=20 )  [ RunTime:0.0001s ]
SQL: SELECT `goods_package` FROM `think_goods` WHERE ( goods_id=20 ) LIMIT 1   [ RunTime:0.0001s ]
INFO: [ view_parse ] --START--
INFO: [ template_filter ] --START--
INFO: Run Behavior\ContentReplaceBehavior [ RunTime:0.000091s ]
INFO: [ template_filter ] --END-- [ RunTime:0.000140s ]
INFO: Run Behavior\ParseTemplateBehavior [ RunTime:0.012212s ]
INFO: [ view_parse ] --END-- [ RunTime:0.012287s ]
INFO: [ view_filter ] --START--
INFO: Run Behavior\WriteHtmlCacheBehavior [ RunTime:0.000066s ]
INFO: [ view_filter ] --END-- [ RunTime:0.000110s ]
INFO: [ app_end ] --START--
INFO: Run Behavior\ShowPageTraceBehavior [ RunTime:0.000068s ]
INFO: [ app_end ] --END-- [ RunTime:0.000122s ]

[ 2016-10-21T00:31:04+08:00 ] 127.0.0.1 /home/pay/shopcart
INFO: [ app_init ] --START--
INFO: Run Behavior\BuildLiteBehavior [ RunTime:0.000017s ]
INFO: [ app_init ] --END-- [ RunTime:0.000122s ]
INFO: [ app_begin ] --START--
INFO: Run Behavior\ReadHtmlCacheBehavior [ RunTime:0.000037s ]
INFO: [ app_begin ] --END-- [ RunTime:0.000076s ]
NOTIC: [2048] Declaration of Home\Controller\PayController::success() should be compatible with Think\Controller::success($message = '', $jumpUrl = '', $ajax = false) /var/www/shop/App/Home/Controller/PayController.class.php 第 0 行.
SQL: SHOW COLUMNS FROM `think_shopcart` [ RunTime:0.0005s ]
SQL: SELECT * FROM `think_shopcart` WHERE ( user_id=4 )  [ RunTime:0.0001s ]
SQL: SHOW COLUMNS FROM `think_thumb` [ RunTime:0.0004s ]
SQL: SELECT `mid` FROM `think_thumb` WHERE ( goods_sn=1000004 ) LIMIT 1   [ RunTime:0.0001s ]
SQL: SHOW COLUMNS FROM `think_goods_specify` [ RunTime:0.0004s ]
SQL: SELECT `goods_price` FROM `think_goods_specify` WHERE ( goods_sn=1000004 ) LIMIT 1   [ RunTime:0.0001s ]
SQL: SELECT * FROM `think_goods_specify` WHERE ( goods_id=7 )  [ RunTime:0.0001s ]
SQL: SHOW COLUMNS FROM `think_goods` [ RunTime:0.0005s ]
SQL: SELECT `goods_package` FROM `think_goods` WHERE ( goods_id=7 ) LIMIT 1   [ RunTime:0.0001s ]
SQL: SELECT `mid` FROM `think_thumb` WHERE ( goods_sn=1000004 ) LIMIT 1   [ RunTime:0.0001s ]
SQL: SELECT `goods_price` FROM `think_goods_specify` WHERE ( goods_sn=1000004 ) LIMIT 1   [ RunTime:0.0001s ]
SQL: SELECT * FROM `think_goods_specify` WHERE ( goods_id=7 )  [ RunTime:0.0001s ]
SQL: SELECT `goods_package` FROM `think_goods` WHERE ( goods_id=7 ) LIMIT 1   [ RunTime:0.0001s ]
SQL: SELECT `mid` FROM `think_thumb` WHERE ( goods_sn=1012 ) LIMIT 1   [ RunTime:0.0001s ]
SQL: SELECT `goods_price` FROM `think_goods_specify` WHERE ( goods_sn=1012 ) LIMIT 1   [ RunTime:0.0001s ]
SQL: SELECT * FROM `think_goods_specify` WHERE ( goods_id=20 )  [ RunTime:0.0001s ]
SQL: SELECT `goods_package` FROM `think_goods` WHERE ( goods_id=20 ) LIMIT 1   [ RunTime:0.0001s ]
SQL: SELECT `mid` FROM `think_thumb` WHERE ( goods_sn=1011 ) LIMIT 1   [ RunTime:0.0001s ]
SQL: SELECT `goods_price` FROM `think_goods_specify` WHERE ( goods_sn=1011 ) LIMIT 1   [ RunTime:0.0001s ]
SQL: SELECT * FROM `think_goods_specify` WHERE ( goods_id=20 )  [ RunTime:0.0001s ]
SQL: SELECT `goods_package` FROM `think_goods` WHERE ( goods_id=20 ) LIMIT 1   [ RunTime:0.0001s ]
INFO: [ view_parse ] --START--
INFO: [ template_filter ] --START--
INFO: Run Behavior\ContentReplaceBehavior [ RunTime:0.000068s ]
INFO: [ template_filter ] --END-- [ RunTime:0.000107s ]
INFO: Run Behavior\ParseTemplateBehavior [ RunTime:0.014409s ]
INFO: [ view_parse ] --END-- [ RunTime:0.014449s ]
INFO: [ view_filter ] --START--
INFO: Run Behavior\WriteHtmlCacheBehavior [ RunTime:0.000031s ]
INFO: [ view_filter ] --END-- [ RunTime:0.000051s ]
INFO: [ app_end ] --START--
INFO: Run Behavior\ShowPageTraceBehavior [ RunTime:0.000025s ]
INFO: [ app_end ] --END-- [ RunTime:0.000048s ]

[ 2016-10-21T22:51:50+08:00 ] 127.0.0.1 /
INFO: [ app_init ] --START--
INFO: Run Behavior\BuildLiteBehavior [ RunTime:0.000014s ]
INFO: [ app_init ] --END-- [ RunTime:0.000662s ]
INFO: [ app_begin ] --START--
INFO: Run Behavior\ReadHtmlCacheBehavior [ RunTime:0.000700s ]
INFO: [ app_begin ] --END-- [ RunTime:0.000749s ]
INFO: [ view_parse ] --START--
INFO: [ template_filter ] --START--
INFO: Run Behavior\ContentReplaceBehavior [ RunTime:0.000574s ]
INFO: [ template_filter ] --END-- [ RunTime:0.000625s ]
NOTIC: [8] Undefined index: is_login /var/www/shop/App/Runtime/Cache/Home/cab9ec1f0b89a360204f3694ccc01daa.php 第 28 行.
INFO: Run Behavior\ParseTemplateBehavior [ RunTime:0.039317s ]
INFO: [ view_parse ] --END-- [ RunTime:0.039346s ]
INFO: [ view_filter ] --START--
INFO: Run Behavior\WriteHtmlCacheBehavior [ RunTime:0.000393s ]
INFO: [ view_filter ] --END-- [ RunTime:0.000419s ]
INFO: [ app_end ] --START--
INFO: Run Behavior\ShowPageTraceBehavior [ RunTime:0.000722s ]
INFO: [ app_end ] --END-- [ RunTime:0.000755s ]

