[ 2016-10-13T10:08:39+08:00 ] 127.0.0.1 /admin/admin
INFO: [ app_init ] --START--
INFO: Run Behavior\BuildLiteBehavior [ RunTime:0.000009s ]
INFO: [ app_init ] --END-- [ RunTime:0.000064s ]
INFO: [ app_begin ] --START--
INFO: Run Behavior\ReadHtmlCacheBehavior [ RunTime:0.000063s ]
INFO: [ app_begin ] --END-- [ RunTime:0.000121s ]
INFO: [ view_parse ] --START--
INFO: [ template_filter ] --START--
INFO: Run Behavior\ContentReplaceBehavior [ RunTime:0.000031s ]
INFO: [ template_filter ] --END-- [ RunTime:0.000074s ]
INFO: Run Behavior\ParseTemplateBehavior [ RunTime:0.001903s ]
INFO: [ view_parse ] --END-- [ RunTime:0.001947s ]
INFO: [ view_filter ] --START--
INFO: Run Behavior\WriteHtmlCacheBehavior [ RunTime:0.000037s ]
INFO: [ view_filter ] --END-- [ RunTime:0.000066s ]
INFO: [ app_end ] --START--
INFO: Run Behavior\ShowPageTraceBehavior [ RunTime:0.000030s ]
INFO: [ app_end ] --END-- [ RunTime:0.000059s ]

[ 2016-10-13T10:08:39+08:00 ] 127.0.0.1 /admin/login
INFO: [ app_init ] --START--
INFO: Run Behavior\BuildLiteBehavior [ RunTime:0.000020s ]
INFO: [ app_init ] --END-- [ RunTime:0.000129s ]
INFO: [ app_begin ] --START--
INFO: Run Behavior\ReadHtmlCacheBehavior [ RunTime:0.000036s ]
INFO: [ app_begin ] --END-- [ RunTime:0.000072s ]
INFO: [ view_parse ] --START--
INFO: [ template_filter ] --START--
INFO: Run Behavior\ContentReplaceBehavior [ RunTime:0.000060s ]
INFO: [ template_filter ] --END-- [ RunTime:0.000119s ]
INFO: Run Behavior\ParseTemplateBehavior [ RunTime:0.002912s ]
INFO: [ view_parse ] --END-- [ RunTime:0.002962s ]
INFO: [ view_filter ] --START--
INFO: Run Behavior\WriteHtmlCacheBehavior [ RunTime:0.000035s ]
INFO: [ view_filter ] --END-- [ RunTime:0.000062s ]
INFO: [ app_end ] --START--
INFO: Run Behavior\ShowPageTraceBehavior [ RunTime:0.000040s ]
INFO: [ app_end ] --END-- [ RunTime:0.000079s ]

[ 2016-10-13T10:08:44+08:00 ] 127.0.0.1 /admin/login/check
INFO: [ app_init ] --START--
INFO: Run Behavior\BuildLiteBehavior [ RunTime:0.000033s ]
INFO: [ app_init ] --END-- [ RunTime:0.000222s ]
INFO: [ app_begin ] --START--
INFO: Run Behavior\ReadHtmlCacheBehavior [ RunTime:0.000095s ]
INFO: [ app_begin ] --END-- [ RunTime:0.000187s ]
SQL: SHOW COLUMNS FROM `think_admin` [ RunTime:0.0007s ]
SQL: SELECT * FROM `think_admin` WHERE ( account='penn' ) LIMIT 1   [ RunTime:0.0004s ]
INFO: [ app_end ] --START--
INFO: Run Behavior\ShowPageTraceBehavior [ RunTime:0.000087s ]
INFO: [ app_end ] --END-- [ RunTime:0.000148s ]

[ 2016-10-13T10:08:45+08:00 ] 127.0.0.1 /admin/admin
INFO: [ app_init ] --START--
INFO: Run Behavior\BuildLiteBehavior [ RunTime:0.000010s ]
INFO: [ app_init ] --END-- [ RunTime:0.000079s ]
INFO: [ app_begin ] --START--
INFO: Run Behavior\ReadHtmlCacheBehavior [ RunTime:0.000026s ]
INFO: [ app_begin ] --END-- [ RunTime:0.000053s ]
INFO: [ view_parse ] --START--
INFO: [ template_filter ] --START--
INFO: Run Behavior\ContentReplaceBehavior [ RunTime:0.000041s ]
INFO: [ template_filter ] --END-- [ RunTime:0.000084s ]
INFO: Run Behavior\ParseTemplateBehavior [ RunTime:0.001224s ]
INFO: [ view_parse ] --END-- [ RunTime:0.001255s ]
INFO: [ view_filter ] --START--
INFO: Run Behavior\WriteHtmlCacheBehavior [ RunTime:0.000031s ]
INFO: [ view_filter ] --END-- [ RunTime:0.000051s ]
INFO: [ app_end ] --START--
INFO: Run Behavior\ShowPageTraceBehavior [ RunTime:0.000021s ]
INFO: [ app_end ] --END-- [ RunTime:0.000044s ]

[ 2016-10-13T10:08:45+08:00 ] 127.0.0.1 /Admin/Admin/top
INFO: [ app_init ] --START--
INFO: Run Behavior\BuildLiteBehavior [ RunTime:0.000012s ]
INFO: [ app_init ] --END-- [ RunTime:0.000100s ]
INFO: [ app_begin ] --START--
INFO: Run Behavior\ReadHtmlCacheBehavior [ RunTime:0.000039s ]
INFO: [ app_begin ] --END-- [ RunTime:0.000080s ]
INFO: [ view_parse ] --START--
INFO: [ template_filter ] --START--
INFO: Run Behavior\ContentReplaceBehavior [ RunTime:0.000060s ]
INFO: [ template_filter ] --END-- [ RunTime:0.000133s ]
INFO: Run Behavior\ParseTemplateBehavior [ RunTime:0.001996s ]
INFO: [ view_parse ] --END-- [ RunTime:0.002040s ]
INFO: [ view_filter ] --START--
INFO: Run Behavior\WriteHtmlCacheBehavior [ RunTime:0.000040s ]
INFO: [ view_filter ] --END-- [ RunTime:0.000072s ]
INFO: [ app_end ] --START--
INFO: Run Behavior\ShowPageTraceBehavior [ RunTime:0.000033s ]
INFO: [ app_end ] --END-- [ RunTime:0.000066s ]

[ 2016-10-13T10:08:45+08:00 ] 127.0.0.1 /Admin/Admin/left
INFO: [ app_init ] --START--
INFO: Run Behavior\BuildLiteBehavior [ RunTime:0.000013s ]
INFO: [ app_init ] --END-- [ RunTime:0.000089s ]
INFO: [ app_begin ] --START--
INFO: Run Behavior\ReadHtmlCacheBehavior [ RunTime:0.000055s ]
INFO: [ app_begin ] --END-- [ RunTime:0.000121s ]
INFO: [ view_parse ] --START--
INFO: [ template_filter ] --START--
INFO: Run Behavior\ContentReplaceBehavior [ RunTime:0.000066s ]
INFO: [ template_filter ] --END-- [ RunTime:0.000143s ]
INFO: Run Behavior\ParseTemplateBehavior [ RunTime:0.002654s ]
INFO: [ view_parse ] --END-- [ RunTime:0.002723s ]
INFO: [ view_filter ] --START--
INFO: Run Behavior\WriteHtmlCacheBehavior [ RunTime:0.000057s ]
INFO: [ view_filter ] --END-- [ RunTime:0.000103s ]
INFO: [ app_end ] --START--
INFO: Run Behavior\ShowPageTraceBehavior [ RunTime:0.000046s ]
INFO: [ app_end ] --END-- [ RunTime:0.000091s ]

[ 2016-10-13T10:08:45+08:00 ] 127.0.0.1 /Admin/Admin/right
INFO: [ app_init ] --START--
INFO: Run Behavior\BuildLiteBehavior [ RunTime:0.000011s ]
INFO: [ app_init ] --END-- [ RunTime:0.000070s ]
INFO: [ app_begin ] --START--
INFO: Run Behavior\ReadHtmlCacheBehavior [ RunTime:0.000030s ]
INFO: [ app_begin ] --END-- [ RunTime:0.000061s ]
INFO: [ view_parse ] --START--
INFO: [ template_filter ] --START--
INFO: Run Behavior\ContentReplaceBehavior [ RunTime:0.000039s ]
INFO: [ template_filter ] --END-- [ RunTime:0.000081s ]
INFO: Run Behavior\ParseTemplateBehavior [ RunTime:0.001448s ]
INFO: [ view_parse ] --END-- [ RunTime:0.001482s ]
INFO: [ view_filter ] --START--
INFO: Run Behavior\WriteHtmlCacheBehavior [ RunTime:0.000031s ]
INFO: [ view_filter ] --END-- [ RunTime:0.000056s ]
INFO: [ app_end ] --START--
INFO: Run Behavior\ShowPageTraceBehavior [ RunTime:0.000025s ]
INFO: [ app_end ] --END-- [ RunTime:0.000051s ]

[ 2016-10-13T10:08:45+08:00 ] 127.0.0.1 /Admin/Admin/foot
INFO: [ app_init ] --START--
INFO: Run Behavior\BuildLiteBehavior [ RunTime:0.000011s ]
INFO: [ app_init ] --END-- [ RunTime:0.000071s ]
INFO: [ app_begin ] --START--
INFO: Run Behavior\ReadHtmlCacheBehavior [ RunTime:0.000030s ]
INFO: [ app_begin ] --END-- [ RunTime:0.000060s ]
INFO: [ view_parse ] --START--
INFO: [ template_filter ] --START--
INFO: Run Behavior\ContentReplaceBehavior [ RunTime:0.000052s ]
INFO: [ template_filter ] --END-- [ RunTime:0.000114s ]
INFO: Run Behavior\ParseTemplateBehavior [ RunTime:0.001875s ]
INFO: [ view_parse ] --END-- [ RunTime:0.001915s ]
INFO: [ view_filter ] --START--
INFO: Run Behavior\WriteHtmlCacheBehavior [ RunTime:0.000046s ]
INFO: [ view_filter ] --END-- [ RunTime:0.000081s ]
INFO: [ app_end ] --START--
INFO: Run Behavior\ShowPageTraceBehavior [ RunTime:0.000025s ]
INFO: [ app_end ] --END-- [ RunTime:0.000048s ]

[ 2016-10-13T10:08:49+08:00 ] 127.0.0.1 /Admin/Goods/add
INFO: [ app_init ] --START--
INFO: Run Behavior\BuildLiteBehavior [ RunTime:0.000012s ]
INFO: [ app_init ] --END-- [ RunTime:0.000120s ]
INFO: [ app_begin ] --START--
INFO: Run Behavior\ReadHtmlCacheBehavior [ RunTime:0.000038s ]
INFO: [ app_begin ] --END-- [ RunTime:0.000074s ]
SQL: SHOW COLUMNS FROM `think_goods_category` [ RunTime:0.0009s ]
SQL: SELECT * FROM `think_goods_category`  [ RunTime:0.0004s ]
INFO: [ view_parse ] --START--
INFO: [ template_filter ] --START--
INFO: Run Behavior\ContentReplaceBehavior [ RunTime:0.000151s ]
INFO: [ template_filter ] --END-- [ RunTime:0.000236s ]
NOTIC: [8] Undefined variable: errno /var/www/shop/App/Runtime/Cache/Admin/c4eb750b05a3ec9b1c52c27480c12d23.php 第 80 行.
INFO: Run Behavior\ParseTemplateBehavior [ RunTime:0.008376s ]
INFO: [ view_parse ] --END-- [ RunTime:0.008444s ]
INFO: [ view_filter ] --START--
INFO: Run Behavior\WriteHtmlCacheBehavior [ RunTime:0.000073s ]
INFO: [ view_filter ] --END-- [ RunTime:0.000124s ]
INFO: [ app_end ] --START--
INFO: Run Behavior\ShowPageTraceBehavior [ RunTime:0.000066s ]
INFO: [ app_end ] --END-- [ RunTime:0.000124s ]

[ 2016-10-13T10:09:32+08:00 ] 127.0.0.1 /admin/admin
INFO: [ app_init ] --START--
INFO: Run Behavior\BuildLiteBehavior [ RunTime:0.000012s ]
INFO: [ app_init ] --END-- [ RunTime:0.000091s ]
INFO: [ app_begin ] --START--
INFO: Run Behavior\ReadHtmlCacheBehavior [ RunTime:0.000042s ]
INFO: [ app_begin ] --END-- [ RunTime:0.000085s ]
INFO: [ view_parse ] --START--
INFO: [ template_filter ] --START--
INFO: Run Behavior\ContentReplaceBehavior [ RunTime:0.000059s ]
INFO: [ template_filter ] --END-- [ RunTime:0.000120s ]
INFO: Run Behavior\ParseTemplateBehavior [ RunTime:0.001666s ]
INFO: [ view_parse ] --END-- [ RunTime:0.001720s ]
INFO: [ view_filter ] --START--
INFO: Run Behavior\WriteHtmlCacheBehavior [ RunTime:0.000053s ]
INFO: [ view_filter ] --END-- [ RunTime:0.000094s ]
INFO: [ app_end ] --START--
INFO: Run Behavior\ShowPageTraceBehavior [ RunTime:0.000066s ]
INFO: [ app_end ] --END-- [ RunTime:0.000113s ]

[ 2016-10-13T10:09:32+08:00 ] 127.0.0.1 /Admin/Admin/top
INFO: [ app_init ] --START--
INFO: Run Behavior\BuildLiteBehavior [ RunTime:0.000014s ]
INFO: [ app_init ] --END-- [ RunTime:0.000093s ]
INFO: [ app_begin ] --START--
INFO: Run Behavior\ReadHtmlCacheBehavior [ RunTime:0.000042s ]
INFO: [ app_begin ] --END-- [ RunTime:0.000084s ]
INFO: [ view_parse ] --START--
INFO: [ template_filter ] --START--
INFO: Run Behavior\ContentReplaceBehavior [ RunTime:0.000051s ]
INFO: [ template_filter ] --END-- [ RunTime:0.000111s ]
INFO: Run Behavior\ParseTemplateBehavior [ RunTime:0.001573s ]
INFO: [ view_parse ] --END-- [ RunTime:0.001621s ]
INFO: [ view_filter ] --START--
INFO: Run Behavior\WriteHtmlCacheBehavior [ RunTime:0.000043s ]
INFO: [ view_filter ] --END-- [ RunTime:0.000078s ]
INFO: [ app_end ] --START--
INFO: Run Behavior\ShowPageTraceBehavior [ RunTime:0.000036s ]
INFO: [ app_end ] --END-- [ RunTime:0.000074s ]

[ 2016-10-13T10:09:32+08:00 ] 127.0.0.1 /Admin/Admin/left
INFO: [ app_init ] --START--
INFO: Run Behavior\BuildLiteBehavior [ RunTime:0.000014s ]
INFO: [ app_init ] --END-- [ RunTime:0.000091s ]
INFO: [ app_begin ] --START--
INFO: Run Behavior\ReadHtmlCacheBehavior [ RunTime:0.000026s ]
INFO: [ app_begin ] --END-- [ RunTime:0.000051s ]
INFO: [ view_parse ] --START--
INFO: [ template_filter ] --START--
INFO: Run Behavior\ContentReplaceBehavior [ RunTime:0.000064s ]
INFO: [ template_filter ] --END-- [ RunTime:0.000136s ]
INFO: Run Behavior\ParseTemplateBehavior [ RunTime:0.002102s ]
INFO: [ view_parse ] --END-- [ RunTime:0.002159s ]
INFO: [ view_filter ] --START--
INFO: Run Behavior\WriteHtmlCacheBehavior [ RunTime:0.000052s ]
INFO: [ view_filter ] --END-- [ RunTime:0.000092s ]
INFO: [ app_end ] --START--
INFO: Run Behavior\ShowPageTraceBehavior [ RunTime:0.000044s ]
INFO: [ app_end ] --END-- [ RunTime:0.000085s ]

[ 2016-10-13T10:09:32+08:00 ] 127.0.0.1 /Admin/Admin/right
INFO: [ app_init ] --START--
INFO: Run Behavior\BuildLiteBehavior [ RunTime:0.000009s ]
INFO: [ app_init ] --END-- [ RunTime:0.000057s ]
INFO: [ app_begin ] --START--
INFO: Run Behavior\ReadHtmlCacheBehavior [ RunTime:0.000027s ]
INFO: [ app_begin ] --END-- [ RunTime:0.000056s ]
INFO: [ view_parse ] --START--
INFO: [ template_filter ] --START--
INFO: Run Behavior\ContentReplaceBehavior [ RunTime:0.000048s ]
INFO: [ template_filter ] --END-- [ RunTime:0.000098s ]
INFO: Run Behavior\ParseTemplateBehavior [ RunTime:0.001224s ]
INFO: [ view_parse ] --END-- [ RunTime:0.001265s ]
INFO: [ view_filter ] --START--
INFO: Run Behavior\WriteHtmlCacheBehavior [ RunTime:0.000034s ]
INFO: [ view_filter ] --END-- [ RunTime:0.000062s ]
INFO: [ app_end ] --START--
INFO: Run Behavior\ShowPageTraceBehavior [ RunTime:0.000022s ]
INFO: [ app_end ] --END-- [ RunTime:0.000043s ]

[ 2016-10-13T10:09:32+08:00 ] 127.0.0.1 /Admin/Admin/foot
INFO: [ app_init ] --START--
INFO: Run Behavior\BuildLiteBehavior [ RunTime:0.000011s ]
INFO: [ app_init ] --END-- [ RunTime:0.000075s ]
INFO: [ app_begin ] --START--
INFO: Run Behavior\ReadHtmlCacheBehavior [ RunTime:0.000034s ]
INFO: [ app_begin ] --END-- [ RunTime:0.000074s ]
INFO: [ view_parse ] --START--
INFO: [ template_filter ] --START--
INFO: Run Behavior\ContentReplaceBehavior [ RunTime:0.000049s ]
INFO: [ template_filter ] --END-- [ RunTime:0.000106s ]
INFO: Run Behavior\ParseTemplateBehavior [ RunTime:0.001356s ]
INFO: [ view_parse ] --END-- [ RunTime:0.001405s ]
INFO: [ view_filter ] --START--
INFO: Run Behavior\WriteHtmlCacheBehavior [ RunTime:0.000041s ]
INFO: [ view_filter ] --END-- [ RunTime:0.000074s ]
INFO: [ app_end ] --START--
INFO: Run Behavior\ShowPageTraceBehavior [ RunTime:0.000035s ]
INFO: [ app_end ] --END-- [ RunTime:0.000070s ]

[ 2016-10-13T10:09:35+08:00 ] 127.0.0.1 /Admin/Goods/showList
INFO: [ app_init ] --START--
INFO: Run Behavior\BuildLiteBehavior [ RunTime:0.000014s ]
INFO: [ app_init ] --END-- [ RunTime:0.000099s ]
INFO: [ app_begin ] --START--
INFO: Run Behavior\ReadHtmlCacheBehavior [ RunTime:0.000071s ]
INFO: [ app_begin ] --END-- [ RunTime:0.000122s ]
SQL: SHOW COLUMNS FROM `think_goods` [ RunTime:0.0008s ]
SQL: SELECT COUNT(*) AS tp_count FROM `think_goods` WHERE ( 1=1 ) LIMIT 1   [ RunTime:0.0003s ]
SQL: SELECT * FROM `think_goods` WHERE ( 1=1 ) ORDER BY addtime LIMIT 0,5   [ RunTime:0.0007s ]
INFO: [ view_parse ] --START--
INFO: [ template_filter ] --START--
INFO: Run Behavior\ContentReplaceBehavior [ RunTime:0.000082s ]
INFO: [ template_filter ] --END-- [ RunTime:0.000130s ]
NOTIC: [8] Undefined index: id /var/www/shop/App/Runtime/Cache/Admin/7ef89f5880ee88ed6cf25a8cbc8b43c3.php 第 104 行.
NOTIC: [8] Undefined index: id /var/www/shop/App/Runtime/Cache/Admin/7ef89f5880ee88ed6cf25a8cbc8b43c3.php 第 134 行.
NOTIC: [8] Undefined index: p /var/www/shop/App/Runtime/Cache/Admin/7ef89f5880ee88ed6cf25a8cbc8b43c3.php 第 134 行.
NOTIC: [8] Undefined index: id /var/www/shop/App/Runtime/Cache/Admin/7ef89f5880ee88ed6cf25a8cbc8b43c3.php 第 134 行.
NOTIC: [8] Undefined index: p /var/www/shop/App/Runtime/Cache/Admin/7ef89f5880ee88ed6cf25a8cbc8b43c3.php 第 134 行.
NOTIC: [8] Undefined index: id /var/www/shop/App/Runtime/Cache/Admin/7ef89f5880ee88ed6cf25a8cbc8b43c3.php 第 134 行.
NOTIC: [8] Undefined index: p /var/www/shop/App/Runtime/Cache/Admin/7ef89f5880ee88ed6cf25a8cbc8b43c3.php 第 134 行.
NOTIC: [8] Undefined index: id /var/www/shop/App/Runtime/Cache/Admin/7ef89f5880ee88ed6cf25a8cbc8b43c3.php 第 134 行.
NOTIC: [8] Undefined index: p /var/www/shop/App/Runtime/Cache/Admin/7ef89f5880ee88ed6cf25a8cbc8b43c3.php 第 134 行.
NOTIC: [8] Undefined index: id /var/www/shop/App/Runtime/Cache/Admin/7ef89f5880ee88ed6cf25a8cbc8b43c3.php 第 134 行.
NOTIC: [8] Undefined index: p /var/www/shop/App/Runtime/Cache/Admin/7ef89f5880ee88ed6cf25a8cbc8b43c3.php 第 134 行.
INFO: Run Behavior\ParseTemplateBehavior [ RunTime:0.006763s ]
INFO: [ view_parse ] --END-- [ RunTime:0.006814s ]
INFO: [ view_filter ] --START--
INFO: Run Behavior\WriteHtmlCacheBehavior [ RunTime:0.000042s ]
INFO: [ view_filter ] --END-- [ RunTime:0.000071s ]
INFO: [ app_end ] --START--
INFO: Run Behavior\ShowPageTraceBehavior [ RunTime:0.000039s ]
INFO: [ app_end ] --END-- [ RunTime:0.000073s ]

[ 2016-10-13T10:09:39+08:00 ] 127.0.0.1 /index.php/Admin/Goods/showList/p/2.html
INFO: [ app_init ] --START--
INFO: Run Behavior\BuildLiteBehavior [ RunTime:0.000030s ]
INFO: [ app_init ] --END-- [ RunTime:0.000226s ]
INFO: [ app_begin ] --START--
INFO: Run Behavior\ReadHtmlCacheBehavior [ RunTime:0.000080s ]
INFO: [ app_begin ] --END-- [ RunTime:0.000151s ]
SQL: SHOW COLUMNS FROM `think_goods` [ RunTime:0.0007s ]
SQL: SELECT COUNT(*) AS tp_count FROM `think_goods` WHERE ( 1=1 ) LIMIT 1   [ RunTime:0.0002s ]
SQL: SELECT * FROM `think_goods` WHERE ( 1=1 ) ORDER BY addtime LIMIT 5,5   [ RunTime:0.0004s ]
INFO: [ view_parse ] --START--
INFO: [ template_filter ] --START--
INFO: Run Behavior\ContentReplaceBehavior [ RunTime:0.000090s ]
INFO: [ template_filter ] --END-- [ RunTime:0.000144s ]
NOTIC: [8] Undefined index: id /var/www/shop/App/Runtime/Cache/Admin/7ef89f5880ee88ed6cf25a8cbc8b43c3.php 第 104 行.
NOTIC: [8] Undefined index: id /var/www/shop/App/Runtime/Cache/Admin/7ef89f5880ee88ed6cf25a8cbc8b43c3.php 第 134 行.
NOTIC: [8] Undefined index: id /var/www/shop/App/Runtime/Cache/Admin/7ef89f5880ee88ed6cf25a8cbc8b43c3.php 第 134 行.
NOTIC: [8] Undefined index: id /var/www/shop/App/Runtime/Cache/Admin/7ef89f5880ee88ed6cf25a8cbc8b43c3.php 第 134 行.
NOTIC: [8] Undefined index: id /var/www/shop/App/Runtime/Cache/Admin/7ef89f5880ee88ed6cf25a8cbc8b43c3.php 第 134 行.
NOTIC: [8] Undefined index: id /var/www/shop/App/Runtime/Cache/Admin/7ef89f5880ee88ed6cf25a8cbc8b43c3.php 第 134 行.
INFO: Run Behavior\ParseTemplateBehavior [ RunTime:0.006030s ]
INFO: [ view_parse ] --END-- [ RunTime:0.006072s ]
INFO: [ view_filter ] --START--
INFO: Run Behavior\WriteHtmlCacheBehavior [ RunTime:0.000047s ]
INFO: [ view_filter ] --END-- [ RunTime:0.000079s ]
INFO: [ app_end ] --START--
INFO: Run Behavior\ShowPageTraceBehavior [ RunTime:0.000041s ]
INFO: [ app_end ] --END-- [ RunTime:0.000078s ]

[ 2016-10-13T10:09:41+08:00 ] 127.0.0.1 /index.php/Admin/Goods/showList/p/1.html
INFO: [ app_init ] --START--
INFO: Run Behavior\BuildLiteBehavior [ RunTime:0.000019s ]
INFO: [ app_init ] --END-- [ RunTime:0.000124s ]
INFO: [ app_begin ] --START--
INFO: Run Behavior\ReadHtmlCacheBehavior [ RunTime:0.000058s ]
INFO: [ app_begin ] --END-- [ RunTime:0.000126s ]
SQL: SHOW COLUMNS FROM `think_goods` [ RunTime:0.0010s ]
SQL: SELECT COUNT(*) AS tp_count FROM `think_goods` WHERE ( 1=1 ) LIMIT 1   [ RunTime:0.0001s ]
SQL: SELECT * FROM `think_goods` WHERE ( 1=1 ) ORDER BY addtime LIMIT 0,5   [ RunTime:0.0002s ]
INFO: [ view_parse ] --START--
INFO: [ template_filter ] --START--
INFO: Run Behavior\ContentReplaceBehavior [ RunTime:0.000141s ]
INFO: [ template_filter ] --END-- [ RunTime:0.000231s ]
NOTIC: [8] Undefined index: id /var/www/shop/App/Runtime/Cache/Admin/7ef89f5880ee88ed6cf25a8cbc8b43c3.php 第 104 行.
NOTIC: [8] Undefined index: id /var/www/shop/App/Runtime/Cache/Admin/7ef89f5880ee88ed6cf25a8cbc8b43c3.php 第 134 行.
NOTIC: [8] Undefined index: id /var/www/shop/App/Runtime/Cache/Admin/7ef89f5880ee88ed6cf25a8cbc8b43c3.php 第 134 行.
NOTIC: [8] Undefined index: id /var/www/shop/App/Runtime/Cache/Admin/7ef89f5880ee88ed6cf25a8cbc8b43c3.php 第 134 行.
NOTIC: [8] Undefined index: id /var/www/shop/App/Runtime/Cache/Admin/7ef89f5880ee88ed6cf25a8cbc8b43c3.php 第 134 行.
NOTIC: [8] Undefined index: id /var/www/shop/App/Runtime/Cache/Admin/7ef89f5880ee88ed6cf25a8cbc8b43c3.php 第 134 行.
INFO: Run Behavior\ParseTemplateBehavior [ RunTime:0.008198s ]
INFO: [ view_parse ] --END-- [ RunTime:0.008268s ]
INFO: [ view_filter ] --START--
INFO: Run Behavior\WriteHtmlCacheBehavior [ RunTime:0.000066s ]
INFO: [ view_filter ] --END-- [ RunTime:0.000144s ]
INFO: [ app_end ] --START--
INFO: Run Behavior\ShowPageTraceBehavior [ RunTime:0.000042s ]
INFO: [ app_end ] --END-- [ RunTime:0.000083s ]

[ 2016-10-13T10:09:43+08:00 ] 127.0.0.1 /Admin/Admin/__MEMBER__/showList
INFO: [ app_init ] --START--
INFO: Run Behavior\BuildLiteBehavior [ RunTime:0.000020s ]
INFO: [ app_init ] --END-- [ RunTime:0.000154s ]
INFO: [ app_begin ] --START--
INFO: Run Behavior\ReadHtmlCacheBehavior [ RunTime:0.000065s ]
INFO: [ app_begin ] --END-- [ RunTime:0.000126s ]
ERR: 非法操作:__MEMBER__

[ 2016-10-13T10:09:45+08:00 ] 127.0.0.1 /Admin/Account/showList
INFO: [ app_init ] --START--
INFO: Run Behavior\BuildLiteBehavior [ RunTime:0.000018s ]
INFO: [ app_init ] --END-- [ RunTime:0.000124s ]
INFO: [ app_begin ] --START--
INFO: Run Behavior\ReadHtmlCacheBehavior [ RunTime:0.000058s ]
INFO: [ app_begin ] --END-- [ RunTime:0.000120s ]
SQL: SHOW COLUMNS FROM `think_admin` [ RunTime:0.0011s ]
SQL: SELECT COUNT(*) AS tp_count FROM `think_admin` WHERE ( 1=1 ) LIMIT 1   [ RunTime:0.0002s ]
SQL: SELECT * FROM `think_admin` WHERE ( 1=1 ) ORDER BY addtime LIMIT 0,5   [ RunTime:0.0003s ]
INFO: [ view_parse ] --START--
INFO: [ template_filter ] --START--
INFO: Run Behavior\ContentReplaceBehavior [ RunTime:0.000080s ]
INFO: [ template_filter ] --END-- [ RunTime:0.000135s ]
NOTIC: [8] Use of undefined constant id - assumed 'id' /var/www/shop/App/Runtime/Cache/Admin/9c4d50d5e537aa8f375642b9e878dcaa.php 第 104 行.
NOTIC: [8] Undefined variable: val /var/www/shop/App/Runtime/Cache/Admin/9c4d50d5e537aa8f375642b9e878dcaa.php 第 104 行.
NOTIC: [8] Undefined index: p /var/www/shop/App/Runtime/Cache/Admin/9c4d50d5e537aa8f375642b9e878dcaa.php 第 135 行.
NOTIC: [8] Undefined index: p /var/www/shop/App/Runtime/Cache/Admin/9c4d50d5e537aa8f375642b9e878dcaa.php 第 135 行.
INFO: Run Behavior\ParseTemplateBehavior [ RunTime:0.005254s ]
INFO: [ view_parse ] --END-- [ RunTime:0.005305s ]
INFO: [ view_filter ] --START--
INFO: Run Behavior\WriteHtmlCacheBehavior [ RunTime:0.000044s ]
INFO: [ view_filter ] --END-- [ RunTime:0.000074s ]
INFO: [ app_end ] --START--
INFO: Run Behavior\ShowPageTraceBehavior [ RunTime:0.000039s ]
INFO: [ app_end ] --END-- [ RunTime:0.000072s ]

[ 2016-10-13T10:09:47+08:00 ] 127.0.0.1 /Admin/Img/showList
INFO: [ app_init ] --START--
INFO: Run Behavior\BuildLiteBehavior [ RunTime:0.000020s ]
INFO: [ app_init ] --END-- [ RunTime:0.000143s ]
INFO: [ app_begin ] --START--
INFO: Run Behavior\ReadHtmlCacheBehavior [ RunTime:0.000073s ]
INFO: [ app_begin ] --END-- [ RunTime:0.000161s ]
SQL: SHOW COLUMNS FROM `think_thumb` [ RunTime:0.0009s ]
SQL: SELECT COUNT(*) AS tp_count FROM `think_thumb` WHERE ( 1=1 ) LIMIT 1   [ RunTime:0.0003s ]
SQL: SELECT * FROM `think_thumb` WHERE ( 1=1 ) ORDER BY id LIMIT 0,5   [ RunTime:0.0003s ]
INFO: [ view_parse ] --START--
INFO: [ template_filter ] --START--
INFO: Run Behavior\ContentReplaceBehavior [ RunTime:0.000094s ]
INFO: [ template_filter ] --END-- [ RunTime:0.000153s ]
NOTIC: [8] Undefined variable: errno /var/www/shop/App/Runtime/Cache/Admin/e37382270089a8483f3b76373e56a7eb.php 第 90 行.
NOTIC: [8] Use of undefined constant id - assumed 'id' /var/www/shop/App/Runtime/Cache/Admin/e37382270089a8483f3b76373e56a7eb.php 第 104 行.
NOTIC: [8] Undefined variable: val /var/www/shop/App/Runtime/Cache/Admin/e37382270089a8483f3b76373e56a7eb.php 第 104 行.
NOTIC: [8] Undefined index: p /var/www/shop/App/Runtime/Cache/Admin/e37382270089a8483f3b76373e56a7eb.php 第 138 行.
NOTIC: [8] Undefined index: p /var/www/shop/App/Runtime/Cache/Admin/e37382270089a8483f3b76373e56a7eb.php 第 138 行.
NOTIC: [8] Undefined index: p /var/www/shop/App/Runtime/Cache/Admin/e37382270089a8483f3b76373e56a7eb.php 第 138 行.
NOTIC: [8] Undefined index: p /var/www/shop/App/Runtime/Cache/Admin/e37382270089a8483f3b76373e56a7eb.php 第 138 行.
NOTIC: [8] Undefined index: p /var/www/shop/App/Runtime/Cache/Admin/e37382270089a8483f3b76373e56a7eb.php 第 138 行.
INFO: Run Behavior\ParseTemplateBehavior [ RunTime:0.006397s ]
INFO: [ view_parse ] --END-- [ RunTime:0.006451s ]
INFO: [ view_filter ] --START--
INFO: Run Behavior\WriteHtmlCacheBehavior [ RunTime:0.000063s ]
INFO: [ view_filter ] --END-- [ RunTime:0.000136s ]
INFO: [ app_end ] --START--
INFO: Run Behavior\ShowPageTraceBehavior [ RunTime:0.000034s ]
INFO: [ app_end ] --END-- [ RunTime:0.000064s ]

[ 2016-10-13T10:09:50+08:00 ] 127.0.0.1 /Admin/Goods/showList
INFO: [ app_init ] --START--
INFO: Run Behavior\BuildLiteBehavior [ RunTime:0.000029s ]
INFO: [ app_init ] --END-- [ RunTime:0.000206s ]
INFO: [ app_begin ] --START--
INFO: Run Behavior\ReadHtmlCacheBehavior [ RunTime:0.000096s ]
INFO: [ app_begin ] --END-- [ RunTime:0.000193s ]
SQL: SHOW COLUMNS FROM `think_goods` [ RunTime:0.0012s ]
SQL: SELECT COUNT(*) AS tp_count FROM `think_goods` WHERE ( 1=1 ) LIMIT 1   [ RunTime:0.0001s ]
SQL: SELECT * FROM `think_goods` WHERE ( 1=1 ) ORDER BY addtime LIMIT 0,5   [ RunTime:0.0001s ]
INFO: [ view_parse ] --START--
INFO: [ template_filter ] --START--
INFO: Run Behavior\ContentReplaceBehavior [ RunTime:0.000112s ]
INFO: [ template_filter ] --END-- [ RunTime:0.000203s ]
NOTIC: [8] Undefined index: id /var/www/shop/App/Runtime/Cache/Admin/7ef89f5880ee88ed6cf25a8cbc8b43c3.php 第 104 行.
NOTIC: [8] Undefined index: id /var/www/shop/App/Runtime/Cache/Admin/7ef89f5880ee88ed6cf25a8cbc8b43c3.php 第 134 行.
NOTIC: [8] Undefined index: p /var/www/shop/App/Runtime/Cache/Admin/7ef89f5880ee88ed6cf25a8cbc8b43c3.php 第 134 行.
NOTIC: [8] Undefined index: id /var/www/shop/App/Runtime/Cache/Admin/7ef89f5880ee88ed6cf25a8cbc8b43c3.php 第 134 行.
NOTIC: [8] Undefined index: p /var/www/shop/App/Runtime/Cache/Admin/7ef89f5880ee88ed6cf25a8cbc8b43c3.php 第 134 行.
NOTIC: [8] Undefined index: id /var/www/shop/App/Runtime/Cache/Admin/7ef89f5880ee88ed6cf25a8cbc8b43c3.php 第 134 行.
NOTIC: [8] Undefined index: p /var/www/shop/App/Runtime/Cache/Admin/7ef89f5880ee88ed6cf25a8cbc8b43c3.php 第 134 行.
NOTIC: [8] Undefined index: id /var/www/shop/App/Runtime/Cache/Admin/7ef89f5880ee88ed6cf25a8cbc8b43c3.php 第 134 行.
NOTIC: [8] Undefined index: p /var/www/shop/App/Runtime/Cache/Admin/7ef89f5880ee88ed6cf25a8cbc8b43c3.php 第 134 行.
NOTIC: [8] Undefined index: id /var/www/shop/App/Runtime/Cache/Admin/7ef89f5880ee88ed6cf25a8cbc8b43c3.php 第 134 行.
NOTIC: [8] Undefined index: p /var/www/shop/App/Runtime/Cache/Admin/7ef89f5880ee88ed6cf25a8cbc8b43c3.php 第 134 行.
INFO: Run Behavior\ParseTemplateBehavior [ RunTime:0.005903s ]
INFO: [ view_parse ] --END-- [ RunTime:0.005942s ]
INFO: [ view_filter ] --START--
INFO: Run Behavior\WriteHtmlCacheBehavior [ RunTime:0.000056s ]
INFO: [ view_filter ] --END-- [ RunTime:0.000102s ]
INFO: [ app_end ] --START--
INFO: Run Behavior\ShowPageTraceBehavior [ RunTime:0.000038s ]
INFO: [ app_end ] --END-- [ RunTime:0.000072s ]

[ 2016-10-13T10:09:53+08:00 ] 127.0.0.1 /Admin/Goods/edit
INFO: [ app_init ] --START--
INFO: Run Behavior\BuildLiteBehavior [ RunTime:0.000034s ]
INFO: [ app_init ] --END-- [ RunTime:0.000216s ]
INFO: [ app_begin ] --START--
INFO: Run Behavior\ReadHtmlCacheBehavior [ RunTime:0.000069s ]
INFO: [ app_begin ] --END-- [ RunTime:0.000133s ]
SQL: SHOW COLUMNS FROM `think_goods_category` [ RunTime:0.0009s ]
SQL: SELECT * FROM `think_goods_category`  [ RunTime:0.0001s ]
INFO: [ view_parse ] --START--
INFO: [ template_filter ] --START--
INFO: Run Behavior\ContentReplaceBehavior [ RunTime:0.000077s ]
INFO: [ template_filter ] --END-- [ RunTime:0.000126s ]
NOTIC: [8] Undefined variable: errno /var/www/shop/App/Runtime/Cache/Admin/a7acda2ddd30ea547eb62f2f930658e6.php 第 60 行.
NOTIC: [8] Undefined variable: data /var/www/shop/App/Runtime/Cache/Admin/a7acda2ddd30ea547eb62f2f930658e6.php 第 71 行.
NOTIC: [8] Undefined variable: data /var/www/shop/App/Runtime/Cache/Admin/a7acda2ddd30ea547eb62f2f930658e6.php 第 75 行.
NOTIC: [8] Undefined variable: data /var/www/shop/App/Runtime/Cache/Admin/a7acda2ddd30ea547eb62f2f930658e6.php 第 79 行.
NOTIC: [8] Undefined variable: data /var/www/shop/App/Runtime/Cache/Admin/a7acda2ddd30ea547eb62f2f930658e6.php 第 83 行.
NOTIC: [8] Undefined variable: data /var/www/shop/App/Runtime/Cache/Admin/a7acda2ddd30ea547eb62f2f930658e6.php 第 87 行.
NOTIC: [8] Undefined variable: data /var/www/shop/App/Runtime/Cache/Admin/a7acda2ddd30ea547eb62f2f930658e6.php 第 91 行.
NOTIC: [8] Undefined variable: data /var/www/shop/App/Runtime/Cache/Admin/a7acda2ddd30ea547eb62f2f930658e6.php 第 95 行.
NOTIC: [8] Undefined variable: data /var/www/shop/App/Runtime/Cache/Admin/a7acda2ddd30ea547eb62f2f930658e6.php 第 99 行.
NOTIC: [8] Undefined variable: data /var/www/shop/App/Runtime/Cache/Admin/a7acda2ddd30ea547eb62f2f930658e6.php 第 107 行.
NOTIC: [8] Undefined variable: data /var/www/shop/App/Runtime/Cache/Admin/a7acda2ddd30ea547eb62f2f930658e6.php 第 117 行.
NOTIC: [8] Undefined variable: data /var/www/shop/App/Runtime/Cache/Admin/a7acda2ddd30ea547eb62f2f930658e6.php 第 133 行.
NOTIC: [8] Undefined variable: data /var/www/shop/App/Runtime/Cache/Admin/a7acda2ddd30ea547eb62f2f930658e6.php 第 133 行.
NOTIC: [8] Undefined variable: data /var/www/shop/App/Runtime/Cache/Admin/a7acda2ddd30ea547eb62f2f930658e6.php 第 133 行.
NOTIC: [8] Undefined variable: data /var/www/shop/App/Runtime/Cache/Admin/a7acda2ddd30ea547eb62f2f930658e6.php 第 133 行.
NOTIC: [8] Undefined variable: data /var/www/shop/App/Runtime/Cache/Admin/a7acda2ddd30ea547eb62f2f930658e6.php 第 133 行.
NOTIC: [8] Undefined variable: data /var/www/shop/App/Runtime/Cache/Admin/a7acda2ddd30ea547eb62f2f930658e6.php 第 133 行.
NOTIC: [8] Undefined variable: data /var/www/shop/App/Runtime/Cache/Admin/a7acda2ddd30ea547eb62f2f930658e6.php 第 133 行.
NOTIC: [8] Undefined variable: data /var/www/shop/App/Runtime/Cache/Admin/a7acda2ddd30ea547eb62f2f930658e6.php 第 133 行.
NOTIC: [8] Undefined variable: goods_description /var/www/shop/App/Runtime/Cache/Admin/a7acda2ddd30ea547eb62f2f930658e6.php 第 151 行.
NOTIC: [8] Undefined variable: data /var/www/shop/App/Runtime/Cache/Admin/a7acda2ddd30ea547eb62f2f930658e6.php 第 160 行.
INFO: Run Behavior\ParseTemplateBehavior [ RunTime:0.007130s ]
INFO: [ view_parse ] --END-- [ RunTime:0.007174s ]
INFO: [ view_filter ] --START--
INFO: Run Behavior\WriteHtmlCacheBehavior [ RunTime:0.000042s ]
INFO: [ view_filter ] --END-- [ RunTime:0.000070s ]
INFO: [ app_end ] --START--
INFO: Run Behavior\ShowPageTraceBehavior [ RunTime:0.000036s ]
INFO: [ app_end ] --END-- [ RunTime:0.000068s ]

[ 2016-10-13T10:09:53+08:00 ] 127.0.0.1 /Admin/Goods/add
INFO: [ app_init ] --START--
INFO: Run Behavior\BuildLiteBehavior [ RunTime:0.000019s ]
INFO: [ app_init ] --END-- [ RunTime:0.000127s ]
INFO: [ app_begin ] --START--
INFO: Run Behavior\ReadHtmlCacheBehavior [ RunTime:0.000056s ]
INFO: [ app_begin ] --END-- [ RunTime:0.000118s ]
SQL: SHOW COLUMNS FROM `think_goods_category` [ RunTime:0.0005s ]
SQL: SELECT * FROM `think_goods_category`  [ RunTime:0.0001s ]
INFO: [ view_parse ] --START--
INFO: [ template_filter ] --START--
INFO: Run Behavior\ContentReplaceBehavior [ RunTime:0.000109s ]
INFO: [ template_filter ] --END-- [ RunTime:0.000167s ]
NOTIC: [8] Undefined variable: errno /var/www/shop/App/Runtime/Cache/Admin/c4eb750b05a3ec9b1c52c27480c12d23.php 第 80 行.
INFO: Run Behavior\ParseTemplateBehavior [ RunTime:0.006378s ]
INFO: [ view_parse ] --END-- [ RunTime:0.006422s ]
INFO: [ view_filter ] --START--
INFO: Run Behavior\WriteHtmlCacheBehavior [ RunTime:0.000046s ]
INFO: [ view_filter ] --END-- [ RunTime:0.000096s ]
INFO: [ app_end ] --START--
INFO: Run Behavior\ShowPageTraceBehavior [ RunTime:0.000045s ]
INFO: [ app_end ] --END-- [ RunTime:0.000089s ]

[ 2016-10-13T10:09:56+08:00 ] 127.0.0.1 /Admin/Goods/showList
INFO: [ app_init ] --START--
INFO: Run Behavior\BuildLiteBehavior [ RunTime:0.000020s ]
INFO: [ app_init ] --END-- [ RunTime:0.000154s ]
INFO: [ app_begin ] --START--
INFO: Run Behavior\ReadHtmlCacheBehavior [ RunTime:0.000103s ]
INFO: [ app_begin ] --END-- [ RunTime:0.000215s ]
SQL: SHOW COLUMNS FROM `think_goods` [ RunTime:0.0008s ]
SQL: SELECT COUNT(*) AS tp_count FROM `think_goods` WHERE ( 1=1 ) LIMIT 1   [ RunTime:0.0001s ]
SQL: SELECT * FROM `think_goods` WHERE ( 1=1 ) ORDER BY addtime LIMIT 0,5   [ RunTime:0.0001s ]
INFO: [ view_parse ] --START--
INFO: [ template_filter ] --START--
INFO: Run Behavior\ContentReplaceBehavior [ RunTime:0.000088s ]
INFO: [ template_filter ] --END-- [ RunTime:0.000142s ]
NOTIC: [8] Undefined index: id /var/www/shop/App/Runtime/Cache/Admin/7ef89f5880ee88ed6cf25a8cbc8b43c3.php 第 104 行.
NOTIC: [8] Undefined index: id /var/www/shop/App/Runtime/Cache/Admin/7ef89f5880ee88ed6cf25a8cbc8b43c3.php 第 134 行.
NOTIC: [8] Undefined index: p /var/www/shop/App/Runtime/Cache/Admin/7ef89f5880ee88ed6cf25a8cbc8b43c3.php 第 134 行.
NOTIC: [8] Undefined index: id /var/www/shop/App/Runtime/Cache/Admin/7ef89f5880ee88ed6cf25a8cbc8b43c3.php 第 134 行.
NOTIC: [8] Undefined index: p /var/www/shop/App/Runtime/Cache/Admin/7ef89f5880ee88ed6cf25a8cbc8b43c3.php 第 134 行.
NOTIC: [8] Undefined index: id /var/www/shop/App/Runtime/Cache/Admin/7ef89f5880ee88ed6cf25a8cbc8b43c3.php 第 134 行.
NOTIC: [8] Undefined index: p /var/www/shop/App/Runtime/Cache/Admin/7ef89f5880ee88ed6cf25a8cbc8b43c3.php 第 134 行.
NOTIC: [8] Undefined index: id /var/www/shop/App/Runtime/Cache/Admin/7ef89f5880ee88ed6cf25a8cbc8b43c3.php 第 134 行.
NOTIC: [8] Undefined index: p /var/www/shop/App/Runtime/Cache/Admin/7ef89f5880ee88ed6cf25a8cbc8b43c3.php 第 134 行.
NOTIC: [8] Undefined index: id /var/www/shop/App/Runtime/Cache/Admin/7ef89f5880ee88ed6cf25a8cbc8b43c3.php 第 134 行.
NOTIC: [8] Undefined index: p /var/www/shop/App/Runtime/Cache/Admin/7ef89f5880ee88ed6cf25a8cbc8b43c3.php 第 134 行.
INFO: Run Behavior\ParseTemplateBehavior [ RunTime:0.005627s ]
INFO: [ view_parse ] --END-- [ RunTime:0.005669s ]
INFO: [ view_filter ] --START--
INFO: Run Behavior\WriteHtmlCacheBehavior [ RunTime:0.000045s ]
INFO: [ view_filter ] --END-- [ RunTime:0.000075s ]
INFO: [ app_end ] --START--
INFO: Run Behavior\ShowPageTraceBehavior [ RunTime:0.000056s ]
INFO: [ app_end ] --END-- [ RunTime:0.000109s ]

[ 2016-10-13T10:09:59+08:00 ] 127.0.0.1 /index.php/Admin/Goods/edit?act=edit&id=15&sn=0
INFO: [ app_init ] --START--
INFO: Run Behavior\BuildLiteBehavior [ RunTime:0.000014s ]
INFO: [ app_init ] --END-- [ RunTime:0.000100s ]
INFO: [ app_begin ] --START--
INFO: Run Behavior\ReadHtmlCacheBehavior [ RunTime:0.000047s ]
INFO: [ app_begin ] --END-- [ RunTime:0.000092s ]
SQL: SHOW COLUMNS FROM `think_goods` [ RunTime:0.0009s ]
SQL: SELECT * FROM `think_goods` WHERE `goods_id` = 15 LIMIT 1   [ RunTime:0.0004s ]
SQL: SHOW COLUMNS FROM `think_attr` [ RunTime:0.0007s ]
SQL: SELECT `picture_description` FROM `think_attr` WHERE ( goods_sn=0 ) LIMIT 1   [ RunTime:0.0004s ]
SQL: SHOW COLUMNS FROM `think_goods_category` [ RunTime:0.0007s ]
SQL: SELECT * FROM `think_goods_category`  [ RunTime:0.0001s ]
INFO: [ view_parse ] --START--
INFO: [ template_filter ] --START--
INFO: Run Behavior\ContentReplaceBehavior [ RunTime:0.000086s ]
INFO: [ template_filter ] --END-- [ RunTime:0.000151s ]
NOTIC: [8] Undefined variable: errno /var/www/shop/App/Runtime/Cache/Admin/a7acda2ddd30ea547eb62f2f930658e6.php 第 60 行.
INFO: Run Behavior\ParseTemplateBehavior [ RunTime:0.008362s ]
INFO: [ view_parse ] --END-- [ RunTime:0.008427s ]
INFO: [ view_filter ] --START--
INFO: Run Behavior\WriteHtmlCacheBehavior [ RunTime:0.000067s ]
INFO: [ view_filter ] --END-- [ RunTime:0.000117s ]
INFO: [ app_end ] --START--
INFO: Run Behavior\ShowPageTraceBehavior [ RunTime:0.000043s ]
INFO: [ app_end ] --END-- [ RunTime:0.000079s ]

