[ 2016-09-29T00:16:11+08:00 ] 127.0.0.1 /Api/AddressDefault
INFO: [ app_init ] --START--
INFO: Run Behavior\BuildLiteBehavior [ RunTime:0.000019s ]
INFO: [ app_init ] --END-- [ RunTime:0.000131s ]
INFO: [ app_begin ] --START--
INFO: Run Behavior\ReadHtmlCacheBehavior [ RunTime:0.000039s ]
INFO: [ app_begin ] --END-- [ RunTime:0.000074s ]
SQL: SHOW COLUMNS FROM `think_address` [ RunTime:0.0005s ]
SQL: UPDATE `think_address` SET `is_default`='0' WHERE ( user_id='4' ) [ RunTime:0.0034s ]
SQL: UPDATE `think_address` SET `is_default`='1' WHERE ( id=10 ) [ RunTime:0.0024s ]
INFO: [ app_end ] --START--
INFO: Run Behavior\ShowPageTraceBehavior [ RunTime:0.000068s ]
INFO: [ app_end ] --END-- [ RunTime:0.000101s ]

[ 2016-09-29T09:42:38+08:00 ] 127.0.0.1 /Api/AddressDefault
INFO: [ app_init ] --START--
INFO: Run Behavior\BuildLiteBehavior [ RunTime:0.000009s ]
INFO: [ app_init ] --END-- [ RunTime:0.000063s ]
INFO: [ app_begin ] --START--
INFO: Run Behavior\ReadHtmlCacheBehavior [ RunTime:0.000036s ]
INFO: [ app_begin ] --END-- [ RunTime:0.000068s ]
SQL: SHOW COLUMNS FROM `think_address` [ RunTime:0.0005s ]
SQL: UPDATE `think_address` SET `is_default`='0' WHERE ( user_id='4' ) [ RunTime:0.0053s ]
SQL: UPDATE `think_address` SET `is_default`='1' WHERE ( id=18 ) [ RunTime:0.0048s ]
INFO: [ app_end ] --START--
INFO: Run Behavior\ShowPageTraceBehavior [ RunTime:0.000079s ]
INFO: [ app_end ] --END-- [ RunTime:0.000123s ]

[ 2016-09-29T09:43:15+08:00 ] 127.0.0.1 /Api/AddressDefault
INFO: [ app_init ] --START--
INFO: Run Behavior\BuildLiteBehavior [ RunTime:0.000008s ]
INFO: [ app_init ] --END-- [ RunTime:0.000060s ]
INFO: [ app_begin ] --START--
INFO: Run Behavior\ReadHtmlCacheBehavior [ RunTime:0.000024s ]
INFO: [ app_begin ] --END-- [ RunTime:0.000048s ]
SQL: SHOW COLUMNS FROM `think_address` [ RunTime:0.0004s ]
SQL: UPDATE `think_address` SET `is_default`='0' WHERE ( user_id='4' ) [ RunTime:0.0044s ]
SQL: UPDATE `think_address` SET `is_default`='1' WHERE ( id=10 ) [ RunTime:0.0032s ]
INFO: [ app_end ] --START--
INFO: Run Behavior\ShowPageTraceBehavior [ RunTime:0.000070s ]
INFO: [ app_end ] --END-- [ RunTime:0.000106s ]

[ 2016-09-29T11:07:56+08:00 ] 127.0.0.1 /Api/AddressDefault
INFO: [ app_init ] --START--
INFO: Run Behavior\BuildLiteBehavior [ RunTime:0.000015s ]
INFO: [ app_init ] --END-- [ RunTime:0.000111s ]
INFO: [ app_begin ] --START--
INFO: Run Behavior\ReadHtmlCacheBehavior [ RunTime:0.000049s ]
INFO: [ app_begin ] --END-- [ RunTime:0.000097s ]
SQL: SHOW COLUMNS FROM `think_address` [ RunTime:0.0005s ]
SQL: UPDATE `think_address` SET `is_default`='0' WHERE ( user_id='4' ) [ RunTime:0.0036s ]
SQL: UPDATE `think_address` SET `is_default`='1' WHERE ( id=32 ) [ RunTime:0.0025s ]
INFO: [ app_end ] --START--
INFO: Run Behavior\ShowPageTraceBehavior [ RunTime:0.000103s ]
INFO: [ app_end ] --END-- [ RunTime:0.000202s ]

[ 2016-09-29T14:54:01+08:00 ] 127.0.0.1 /Api/AddressDefault
INFO: [ app_init ] --START--
INFO: Run Behavior\BuildLiteBehavior [ RunTime:0.000009s ]
INFO: [ app_init ] --END-- [ RunTime:0.000062s ]
INFO: [ app_begin ] --START--
INFO: Run Behavior\ReadHtmlCacheBehavior [ RunTime:0.000026s ]
INFO: [ app_begin ] --END-- [ RunTime:0.000050s ]
SQL: SHOW COLUMNS FROM `think_address` [ RunTime:0.0004s ]
SQL: UPDATE `think_address` SET `is_default`='0' WHERE ( user_id='4' ) [ RunTime:0.0093s ]
SQL: UPDATE `think_address` SET `is_default`='1' WHERE ( id=10 ) [ RunTime:0.0051s ]
INFO: [ app_end ] --START--
INFO: Run Behavior\ShowPageTraceBehavior [ RunTime:0.000130s ]
INFO: [ app_end ] --END-- [ RunTime:0.000216s ]

[ 2016-09-29T23:35:43+08:00 ] 127.0.0.1 /Api/AddressDefault
INFO: [ app_init ] --START--
INFO: Run Behavior\BuildLiteBehavior [ RunTime:0.000013s ]
INFO: [ app_init ] --END-- [ RunTime:0.000098s ]
INFO: [ app_begin ] --START--
INFO: Run Behavior\ReadHtmlCacheBehavior [ RunTime:0.000054s ]
INFO: [ app_begin ] --END-- [ RunTime:0.000108s ]
SQL: SHOW COLUMNS FROM `think_address` [ RunTime:0.0005s ]
SQL: UPDATE `think_address` SET `is_default`='0' WHERE ( user_id='4' ) [ RunTime:0.0056s ]
SQL: UPDATE `think_address` SET `is_default`='1' WHERE ( id=15 ) [ RunTime:0.0046s ]
INFO: [ app_end ] --START--
INFO: Run Behavior\ShowPageTraceBehavior [ RunTime:0.000089s ]
INFO: [ app_end ] --END-- [ RunTime:0.000145s ]

