[ 2016-10-02T14:49:41+08:00 ] 127.0.0.1 /Api/AddressDefault
INFO: [ app_init ] --START--
INFO: Run Behavior\BuildLiteBehavior [ RunTime:0.000014s ]
INFO: [ app_init ] --END-- [ RunTime:0.000089s ]
INFO: [ app_begin ] --START--
INFO: Run Behavior\ReadHtmlCacheBehavior [ RunTime:0.000030s ]
INFO: [ app_begin ] --END-- [ RunTime:0.000065s ]
SQL: SHOW COLUMNS FROM `think_address` [ RunTime:0.0009s ]
SQL: UPDATE `think_address` SET `is_default`='0' WHERE ( user_id='4' ) [ RunTime:0.0089s ]
SQL: UPDATE `think_address` SET `is_default`='1' WHERE ( id=10 ) [ RunTime:0.0051s ]
INFO: [ app_end ] --START--
INFO: Run Behavior\ShowPageTraceBehavior [ RunTime:0.000063s ]
INFO: [ app_end ] --END-- [ RunTime:0.000104s ]

[ 2016-10-02T14:49:43+08:00 ] 127.0.0.1 /Api/AddressDefault
INFO: [ app_init ] --START--
INFO: Run Behavior\BuildLiteBehavior [ RunTime:0.000019s ]
INFO: [ app_init ] --END-- [ RunTime:0.000133s ]
INFO: [ app_begin ] --START--
INFO: Run Behavior\ReadHtmlCacheBehavior [ RunTime:0.000338s ]
INFO: [ app_begin ] --END-- [ RunTime:0.000543s ]
SQL: SHOW COLUMNS FROM `think_address` [ RunTime:0.0009s ]
SQL: UPDATE `think_address` SET `is_default`='0' WHERE ( user_id='4' ) [ RunTime:0.0216s ]
SQL: UPDATE `think_address` SET `is_default`='1' WHERE ( id=17 ) [ RunTime:0.0026s ]
INFO: [ app_end ] --START--
INFO: Run Behavior\ShowPageTraceBehavior [ RunTime:0.000105s ]
INFO: [ app_end ] --END-- [ RunTime:0.000163s ]

[ 2016-10-02T14:49:45+08:00 ] 127.0.0.1 /Api/AddressDefault
INFO: [ app_init ] --START--
INFO: Run Behavior\BuildLiteBehavior [ RunTime:0.000020s ]
INFO: [ app_init ] --END-- [ RunTime:0.000126s ]
INFO: [ app_begin ] --START--
INFO: Run Behavior\ReadHtmlCacheBehavior [ RunTime:0.000050s ]
INFO: [ app_begin ] --END-- [ RunTime:0.000107s ]
SQL: SHOW COLUMNS FROM `think_address` [ RunTime:0.0006s ]
SQL: UPDATE `think_address` SET `is_default`='0' WHERE ( user_id='4' ) [ RunTime:0.0043s ]
SQL: UPDATE `think_address` SET `is_default`='1' WHERE ( id=10 ) [ RunTime:0.0023s ]
INFO: [ app_end ] --START--
INFO: Run Behavior\ShowPageTraceBehavior [ RunTime:0.000071s ]
INFO: [ app_end ] --END-- [ RunTime:0.000120s ]

[ 2016-10-02T14:49:46+08:00 ] 127.0.0.1 /Api/AddressDefault
INFO: [ app_init ] --START--
INFO: Run Behavior\BuildLiteBehavior [ RunTime:0.000025s ]
INFO: [ app_init ] --END-- [ RunTime:0.000176s ]
INFO: [ app_begin ] --START--
INFO: Run Behavior\ReadHtmlCacheBehavior [ RunTime:0.000035s ]
INFO: [ app_begin ] --END-- [ RunTime:0.000067s ]
SQL: SHOW COLUMNS FROM `think_address` [ RunTime:0.0007s ]
SQL: UPDATE `think_address` SET `is_default`='0' WHERE ( user_id='4' ) [ RunTime:0.0043s ]
SQL: UPDATE `think_address` SET `is_default`='1' WHERE ( id=15 ) [ RunTime:0.0022s ]
INFO: [ app_end ] --START--
INFO: Run Behavior\ShowPageTraceBehavior [ RunTime:0.000088s ]
INFO: [ app_end ] --END-- [ RunTime:0.000142s ]

[ 2016-10-02T14:49:47+08:00 ] 127.0.0.1 /Api/AddressDefault
INFO: [ app_init ] --START--
INFO: Run Behavior\BuildLiteBehavior [ RunTime:0.000011s ]
INFO: [ app_init ] --END-- [ RunTime:0.000076s ]
INFO: [ app_begin ] --START--
INFO: Run Behavior\ReadHtmlCacheBehavior [ RunTime:0.000030s ]
INFO: [ app_begin ] --END-- [ RunTime:0.000062s ]
SQL: SHOW COLUMNS FROM `think_address` [ RunTime:0.0006s ]
SQL: UPDATE `think_address` SET `is_default`='0' WHERE ( user_id='4' ) [ RunTime:0.0043s ]
SQL: UPDATE `think_address` SET `is_default`='1' WHERE ( id=32 ) [ RunTime:0.0022s ]
INFO: [ app_end ] --START--
INFO: Run Behavior\ShowPageTraceBehavior [ RunTime:0.000060s ]
INFO: [ app_end ] --END-- [ RunTime:0.000093s ]

[ 2016-10-02T14:49:48+08:00 ] 127.0.0.1 /Api/AddressDefault
INFO: [ app_init ] --START--
INFO: Run Behavior\BuildLiteBehavior [ RunTime:0.000031s ]
INFO: [ app_init ] --END-- [ RunTime:0.000206s ]
INFO: [ app_begin ] --START--
INFO: Run Behavior\ReadHtmlCacheBehavior [ RunTime:0.000090s ]
INFO: [ app_begin ] --END-- [ RunTime:0.000187s ]
SQL: SHOW COLUMNS FROM `think_address` [ RunTime:0.0013s ]
SQL: UPDATE `think_address` SET `is_default`='0' WHERE ( user_id='4' ) [ RunTime:0.0027s ]
SQL: UPDATE `think_address` SET `is_default`='1' WHERE ( id=10 ) [ RunTime:0.0013s ]
INFO: [ app_end ] --START--
INFO: Run Behavior\ShowPageTraceBehavior [ RunTime:0.000054s ]
INFO: [ app_end ] --END-- [ RunTime:0.000097s ]

[ 2016-10-02T14:52:24+08:00 ] 127.0.0.1 /Api/AddressDefault
INFO: [ app_init ] --START--
INFO: Run Behavior\BuildLiteBehavior [ RunTime:0.000018s ]
INFO: [ app_init ] --END-- [ RunTime:0.000137s ]
INFO: [ app_begin ] --START--
INFO: Run Behavior\ReadHtmlCacheBehavior [ RunTime:0.000063s ]
INFO: [ app_begin ] --END-- [ RunTime:0.000121s ]
SQL: SHOW COLUMNS FROM `think_address` [ RunTime:0.0008s ]
SQL: UPDATE `think_address` SET `is_default`='0' WHERE ( user_id='4' ) [ RunTime:0.0046s ]
SQL: UPDATE `think_address` SET `is_default`='1' WHERE ( id=17 ) [ RunTime:0.0022s ]
INFO: [ app_end ] --START--
INFO: Run Behavior\ShowPageTraceBehavior [ RunTime:0.000125s ]
INFO: [ app_end ] --END-- [ RunTime:0.000194s ]

[ 2016-10-02T14:53:05+08:00 ] 127.0.0.1 /Api/AddressDefault
INFO: [ app_init ] --START--
INFO: Run Behavior\BuildLiteBehavior [ RunTime:0.000018s ]
INFO: [ app_init ] --END-- [ RunTime:0.000124s ]
INFO: [ app_begin ] --START--
INFO: Run Behavior\ReadHtmlCacheBehavior [ RunTime:0.000051s ]
INFO: [ app_begin ] --END-- [ RunTime:0.000109s ]
SQL: SHOW COLUMNS FROM `think_address` [ RunTime:0.0007s ]
SQL: UPDATE `think_address` SET `is_default`='0' WHERE ( user_id='4' ) [ RunTime:0.0066s ]
SQL: UPDATE `think_address` SET `is_default`='1' WHERE ( id=10 ) [ RunTime:0.0024s ]
INFO: [ app_end ] --START--
INFO: Run Behavior\ShowPageTraceBehavior [ RunTime:0.000090s ]
INFO: [ app_end ] --END-- [ RunTime:0.000148s ]

[ 2016-10-02T14:53:06+08:00 ] 127.0.0.1 /Api/AddressDefault
INFO: [ app_init ] --START--
INFO: Run Behavior\BuildLiteBehavior [ RunTime:0.000011s ]
INFO: [ app_init ] --END-- [ RunTime:0.000081s ]
INFO: [ app_begin ] --START--
INFO: Run Behavior\ReadHtmlCacheBehavior [ RunTime:0.000033s ]
INFO: [ app_begin ] --END-- [ RunTime:0.000064s ]
SQL: SHOW COLUMNS FROM `think_address` [ RunTime:0.0007s ]
SQL: UPDATE `think_address` SET `is_default`='0' WHERE ( user_id='4' ) [ RunTime:0.0042s ]
SQL: UPDATE `think_address` SET `is_default`='1' WHERE ( id=15 ) [ RunTime:0.0024s ]
INFO: [ app_end ] --START--
INFO: Run Behavior\ShowPageTraceBehavior [ RunTime:0.000077s ]
INFO: [ app_end ] --END-- [ RunTime:0.000112s ]

[ 2016-10-02T14:53:06+08:00 ] 127.0.0.1 /Api/AddressDefault
INFO: [ app_init ] --START--
INFO: Run Behavior\BuildLiteBehavior [ RunTime:0.000021s ]
INFO: [ app_init ] --END-- [ RunTime:0.000134s ]
INFO: [ app_begin ] --START--
INFO: Run Behavior\ReadHtmlCacheBehavior [ RunTime:0.000053s ]
INFO: [ app_begin ] --END-- [ RunTime:0.000111s ]
SQL: SHOW COLUMNS FROM `think_address` [ RunTime:0.0010s ]
SQL: UPDATE `think_address` SET `is_default`='0' WHERE ( user_id='4' ) [ RunTime:0.0045s ]
SQL: UPDATE `think_address` SET `is_default`='1' WHERE ( id=15 ) [ RunTime:0.0028s ]
INFO: [ app_end ] --START--
INFO: Run Behavior\ShowPageTraceBehavior [ RunTime:0.000084s ]
INFO: [ app_end ] --END-- [ RunTime:0.000144s ]

[ 2016-10-02T14:53:07+08:00 ] 127.0.0.1 /Api/AddressDefault
INFO: [ app_init ] --START--
INFO: Run Behavior\BuildLiteBehavior [ RunTime:0.000030s ]
INFO: [ app_init ] --END-- [ RunTime:0.000196s ]
INFO: [ app_begin ] --START--
INFO: Run Behavior\ReadHtmlCacheBehavior [ RunTime:0.000079s ]
INFO: [ app_begin ] --END-- [ RunTime:0.000174s ]
SQL: SHOW COLUMNS FROM `think_address` [ RunTime:0.0009s ]
SQL: UPDATE `think_address` SET `is_default`='0' WHERE ( user_id='4' ) [ RunTime:0.0043s ]
SQL: UPDATE `think_address` SET `is_default`='1' WHERE ( id=32 ) [ RunTime:0.0023s ]
INFO: [ app_end ] --START--
INFO: Run Behavior\ShowPageTraceBehavior [ RunTime:0.000077s ]
INFO: [ app_end ] --END-- [ RunTime:0.000123s ]

[ 2016-10-02T14:53:09+08:00 ] 127.0.0.1 /Api/AddressDefault
INFO: [ app_init ] --START--
INFO: Run Behavior\BuildLiteBehavior [ RunTime:0.000011s ]
INFO: [ app_init ] --END-- [ RunTime:0.000071s ]
INFO: [ app_begin ] --START--
INFO: Run Behavior\ReadHtmlCacheBehavior [ RunTime:0.000045s ]
INFO: [ app_begin ] --END-- [ RunTime:0.000089s ]
SQL: SHOW COLUMNS FROM `think_address` [ RunTime:0.0005s ]
SQL: UPDATE `think_address` SET `is_default`='0' WHERE ( user_id='4' ) [ RunTime:0.0070s ]
SQL: UPDATE `think_address` SET `is_default`='1' WHERE ( id=15 ) [ RunTime:0.0047s ]
INFO: [ app_end ] --START--
INFO: Run Behavior\ShowPageTraceBehavior [ RunTime:0.000072s ]
INFO: [ app_end ] --END-- [ RunTime:0.000109s ]

[ 2016-10-02T14:53:11+08:00 ] 127.0.0.1 /Api/AddressDefault
INFO: [ app_init ] --START--
INFO: Run Behavior\BuildLiteBehavior [ RunTime:0.000021s ]
INFO: [ app_init ] --END-- [ RunTime:0.000208s ]
INFO: [ app_begin ] --START--
INFO: Run Behavior\ReadHtmlCacheBehavior [ RunTime:0.000047s ]
INFO: [ app_begin ] --END-- [ RunTime:0.000088s ]
SQL: SHOW COLUMNS FROM `think_address` [ RunTime:0.0006s ]
SQL: UPDATE `think_address` SET `is_default`='0' WHERE ( user_id='4' ) [ RunTime:0.0060s ]
SQL: UPDATE `think_address` SET `is_default`='1' WHERE ( id=10 ) [ RunTime:0.0024s ]
INFO: [ app_end ] --START--
INFO: Run Behavior\ShowPageTraceBehavior [ RunTime:0.000066s ]
INFO: [ app_end ] --END-- [ RunTime:0.000094s ]

[ 2016-10-02T14:53:14+08:00 ] 127.0.0.1 /Api/AddressDefault
INFO: [ app_init ] --START--
INFO: Run Behavior\BuildLiteBehavior [ RunTime:0.000013s ]
INFO: [ app_init ] --END-- [ RunTime:0.000089s ]
INFO: [ app_begin ] --START--
INFO: Run Behavior\ReadHtmlCacheBehavior [ RunTime:0.000037s ]
INFO: [ app_begin ] --END-- [ RunTime:0.000076s ]
SQL: SHOW COLUMNS FROM `think_address` [ RunTime:0.0009s ]
SQL: UPDATE `think_address` SET `is_default`='0' WHERE ( user_id='4' ) [ RunTime:0.0070s ]
SQL: UPDATE `think_address` SET `is_default`='1' WHERE ( id=17 ) [ RunTime:0.0050s ]
INFO: [ app_end ] --START--
INFO: Run Behavior\ShowPageTraceBehavior [ RunTime:0.000092s ]
INFO: [ app_end ] --END-- [ RunTime:0.000151s ]

[ 2016-10-02T14:53:17+08:00 ] 127.0.0.1 /Api/AddressDefault
INFO: [ app_init ] --START--
INFO: Run Behavior\BuildLiteBehavior [ RunTime:0.000015s ]
INFO: [ app_init ] --END-- [ RunTime:0.000108s ]
INFO: [ app_begin ] --START--
INFO: Run Behavior\ReadHtmlCacheBehavior [ RunTime:0.000041s ]
INFO: [ app_begin ] --END-- [ RunTime:0.000079s ]
SQL: SHOW COLUMNS FROM `think_address` [ RunTime:0.0007s ]
SQL: UPDATE `think_address` SET `is_default`='0' WHERE ( user_id='4' ) [ RunTime:0.0067s ]
SQL: UPDATE `think_address` SET `is_default`='1' WHERE ( id=10 ) [ RunTime:0.0049s ]
INFO: [ app_end ] --START--
INFO: Run Behavior\ShowPageTraceBehavior [ RunTime:0.000106s ]
INFO: [ app_end ] --END-- [ RunTime:0.000166s ]

[ 2016-10-02T14:55:06+08:00 ] 127.0.0.1 /Api/AddressDefault
INFO: [ app_init ] --START--
INFO: Run Behavior\BuildLiteBehavior [ RunTime:0.000009s ]
INFO: [ app_init ] --END-- [ RunTime:0.000063s ]
INFO: [ app_begin ] --START--
INFO: Run Behavior\ReadHtmlCacheBehavior [ RunTime:0.000027s ]
INFO: [ app_begin ] --END-- [ RunTime:0.000050s ]
SQL: SHOW COLUMNS FROM `think_address` [ RunTime:0.0004s ]
SQL: UPDATE `think_address` SET `is_default`='0' WHERE ( user_id='4' ) [ RunTime:0.0060s ]
SQL: UPDATE `think_address` SET `is_default`='1' WHERE ( id=15 ) [ RunTime:0.0022s ]
INFO: [ app_end ] --START--
INFO: Run Behavior\ShowPageTraceBehavior [ RunTime:0.000105s ]
INFO: [ app_end ] --END-- [ RunTime:0.000162s ]

[ 2016-10-02T15:03:39+08:00 ] 127.0.0.1 /Api/AddressDefault
INFO: [ app_init ] --START--
INFO: Run Behavior\BuildLiteBehavior [ RunTime:0.000014s ]
INFO: [ app_init ] --END-- [ RunTime:0.000092s ]
INFO: [ app_begin ] --START--
INFO: Run Behavior\ReadHtmlCacheBehavior [ RunTime:0.000038s ]
INFO: [ app_begin ] --END-- [ RunTime:0.000080s ]
SQL: SHOW COLUMNS FROM `think_address` [ RunTime:0.0018s ]
SQL: UPDATE `think_address` SET `is_default`='0' WHERE ( user_id='4' ) [ RunTime:0.0100s ]
SQL: UPDATE `think_address` SET `is_default`='1' WHERE ( id=10 ) [ RunTime:0.0046s ]
INFO: [ app_end ] --START--
INFO: Run Behavior\ShowPageTraceBehavior [ RunTime:0.000079s ]
INFO: [ app_end ] --END-- [ RunTime:0.000123s ]

[ 2016-10-02T15:03:42+08:00 ] 127.0.0.1 /Api/AddressDefault
INFO: [ app_init ] --START--
INFO: Run Behavior\BuildLiteBehavior [ RunTime:0.000018s ]
INFO: [ app_init ] --END-- [ RunTime:0.000135s ]
INFO: [ app_begin ] --START--
INFO: Run Behavior\ReadHtmlCacheBehavior [ RunTime:0.000062s ]
INFO: [ app_begin ] --END-- [ RunTime:0.000118s ]
SQL: SHOW COLUMNS FROM `think_address` [ RunTime:0.0016s ]
SQL: UPDATE `think_address` SET `is_default`='0' WHERE ( user_id='4' ) [ RunTime:0.0068s ]
SQL: UPDATE `think_address` SET `is_default`='1' WHERE ( id=17 ) [ RunTime:0.0045s ]
INFO: [ app_end ] --START--
INFO: Run Behavior\ShowPageTraceBehavior [ RunTime:0.000107s ]
INFO: [ app_end ] --END-- [ RunTime:0.000181s ]

[ 2016-10-02T15:03:44+08:00 ] 127.0.0.1 /Api/AddressDefault
INFO: [ app_init ] --START--
INFO: Run Behavior\BuildLiteBehavior [ RunTime:0.000054s ]
INFO: [ app_init ] --END-- [ RunTime:0.000227s ]
INFO: [ app_begin ] --START--
INFO: Run Behavior\ReadHtmlCacheBehavior [ RunTime:0.000063s ]
INFO: [ app_begin ] --END-- [ RunTime:0.000146s ]
SQL: SHOW COLUMNS FROM `think_address` [ RunTime:0.0007s ]
SQL: UPDATE `think_address` SET `is_default`='0' WHERE ( user_id='4' ) [ RunTime:0.0067s ]
SQL: UPDATE `think_address` SET `is_default`='1' WHERE ( id=17 ) [ RunTime:0.0047s ]
INFO: [ app_end ] --START--
INFO: Run Behavior\ShowPageTraceBehavior [ RunTime:0.000090s ]
INFO: [ app_end ] --END-- [ RunTime:0.000147s ]

[ 2016-10-02T15:05:05+08:00 ] 127.0.0.1 /Api/AddressDefault
INFO: [ app_init ] --START--
INFO: Run Behavior\BuildLiteBehavior [ RunTime:0.000009s ]
INFO: [ app_init ] --END-- [ RunTime:0.000057s ]
INFO: [ app_begin ] --START--
INFO: Run Behavior\ReadHtmlCacheBehavior [ RunTime:0.000023s ]
INFO: [ app_begin ] --END-- [ RunTime:0.000047s ]
SQL: SHOW COLUMNS FROM `think_address` [ RunTime:0.0009s ]
SQL: UPDATE `think_address` SET `is_default`='0' WHERE ( user_id='4' ) [ RunTime:0.0082s ]
SQL: UPDATE `think_address` SET `is_default`='1' WHERE ( id=10 ) [ RunTime:0.0047s ]
INFO: [ app_end ] --START--
INFO: Run Behavior\ShowPageTraceBehavior [ RunTime:0.000084s ]
INFO: [ app_end ] --END-- [ RunTime:0.000140s ]

[ 2016-10-02T15:05:08+08:00 ] 127.0.0.1 /Api/AddressDefault
INFO: [ app_init ] --START--
INFO: Run Behavior\BuildLiteBehavior [ RunTime:0.000009s ]
INFO: [ app_init ] --END-- [ RunTime:0.000062s ]
INFO: [ app_begin ] --START--
INFO: Run Behavior\ReadHtmlCacheBehavior [ RunTime:0.000038s ]
INFO: [ app_begin ] --END-- [ RunTime:0.000072s ]
SQL: SHOW COLUMNS FROM `think_address` [ RunTime:0.0005s ]
SQL: UPDATE `think_address` SET `is_default`='0' WHERE ( user_id='4' ) [ RunTime:0.0067s ]
SQL: UPDATE `think_address` SET `is_default`='1' WHERE ( id=15 ) [ RunTime:0.0048s ]
INFO: [ app_end ] --START--
INFO: Run Behavior\ShowPageTraceBehavior [ RunTime:0.000082s ]
INFO: [ app_end ] --END-- [ RunTime:0.000132s ]

[ 2016-10-02T15:05:12+08:00 ] 127.0.0.1 /Api/AddressDefault
INFO: [ app_init ] --START--
INFO: Run Behavior\BuildLiteBehavior [ RunTime:0.000017s ]
INFO: [ app_init ] --END-- [ RunTime:0.000121s ]
INFO: [ app_begin ] --START--
INFO: Run Behavior\ReadHtmlCacheBehavior [ RunTime:0.000051s ]
INFO: [ app_begin ] --END-- [ RunTime:0.000104s ]
SQL: SHOW COLUMNS FROM `think_address` [ RunTime:0.0007s ]
SQL: UPDATE `think_address` SET `is_default`='0' WHERE ( user_id='4' ) [ RunTime:0.0042s ]
SQL: UPDATE `think_address` SET `is_default`='1' WHERE ( id=10 ) [ RunTime:0.0021s ]
INFO: [ app_end ] --START--
INFO: Run Behavior\ShowPageTraceBehavior [ RunTime:0.000084s ]
INFO: [ app_end ] --END-- [ RunTime:0.000134s ]

[ 2016-10-02T15:05:15+08:00 ] 127.0.0.1 /Api/AddressDefault
INFO: [ app_init ] --START--
INFO: Run Behavior\BuildLiteBehavior [ RunTime:0.000030s ]
INFO: [ app_init ] --END-- [ RunTime:0.000211s ]
INFO: [ app_begin ] --START--
INFO: Run Behavior\ReadHtmlCacheBehavior [ RunTime:0.000092s ]
INFO: [ app_begin ] --END-- [ RunTime:0.000195s ]
SQL: SHOW COLUMNS FROM `think_address` [ RunTime:0.0005s ]
SQL: UPDATE `think_address` SET `is_default`='0' WHERE ( user_id='4' ) [ RunTime:0.0042s ]
SQL: UPDATE `think_address` SET `is_default`='1' WHERE ( id=17 ) [ RunTime:0.0021s ]
INFO: [ app_end ] --START--
INFO: Run Behavior\ShowPageTraceBehavior [ RunTime:0.000087s ]
INFO: [ app_end ] --END-- [ RunTime:0.000141s ]

[ 2016-10-02T15:05:17+08:00 ] 127.0.0.1 /Api/AddressDefault
INFO: [ app_init ] --START--
INFO: Run Behavior\BuildLiteBehavior [ RunTime:0.000028s ]
INFO: [ app_init ] --END-- [ RunTime:0.000183s ]
INFO: [ app_begin ] --START--
INFO: Run Behavior\ReadHtmlCacheBehavior [ RunTime:0.000079s ]
INFO: [ app_begin ] --END-- [ RunTime:0.000169s ]
SQL: SHOW COLUMNS FROM `think_address` [ RunTime:0.0013s ]
SQL: UPDATE `think_address` SET `is_default`='0' WHERE ( user_id='4' ) [ RunTime:0.0044s ]
SQL: UPDATE `think_address` SET `is_default`='1' WHERE ( id=32 ) [ RunTime:0.0022s ]
INFO: [ app_end ] --START--
INFO: Run Behavior\ShowPageTraceBehavior [ RunTime:0.000073s ]
INFO: [ app_end ] --END-- [ RunTime:0.000125s ]

[ 2016-10-02T15:05:28+08:00 ] 127.0.0.1 /Api/AddressDefault
INFO: [ app_init ] --START--
INFO: Run Behavior\BuildLiteBehavior [ RunTime:0.000028s ]
INFO: [ app_init ] --END-- [ RunTime:0.000234s ]
INFO: [ app_begin ] --START--
INFO: Run Behavior\ReadHtmlCacheBehavior [ RunTime:0.000086s ]
INFO: [ app_begin ] --END-- [ RunTime:0.000143s ]
SQL: SHOW COLUMNS FROM `think_address` [ RunTime:0.0008s ]
SQL: UPDATE `think_address` SET `is_default`='0' WHERE ( user_id='4' ) [ RunTime:0.0066s ]
SQL: UPDATE `think_address` SET `is_default`='1' WHERE ( id=17 ) [ RunTime:0.0045s ]
INFO: [ app_end ] --START--
INFO: Run Behavior\ShowPageTraceBehavior [ RunTime:0.000071s ]
INFO: [ app_end ] --END-- [ RunTime:0.000097s ]

[ 2016-10-02T15:06:19+08:00 ] 127.0.0.1 /Api/AddressDefault
INFO: [ app_init ] --START--
INFO: Run Behavior\BuildLiteBehavior [ RunTime:0.000018s ]
INFO: [ app_init ] --END-- [ RunTime:0.000114s ]
INFO: [ app_begin ] --START--
INFO: Run Behavior\ReadHtmlCacheBehavior [ RunTime:0.000048s ]
INFO: [ app_begin ] --END-- [ RunTime:0.000105s ]
SQL: SHOW COLUMNS FROM `think_address` [ RunTime:0.0007s ]
SQL: UPDATE `think_address` SET `is_default`='0' WHERE ( user_id='4' ) [ RunTime:0.0067s ]
SQL: UPDATE `think_address` SET `is_default`='1' WHERE ( id=10 ) [ RunTime:0.0047s ]
INFO: [ app_end ] --START--
INFO: Run Behavior\ShowPageTraceBehavior [ RunTime:0.000105s ]
INFO: [ app_end ] --END-- [ RunTime:0.000169s ]

[ 2016-10-02T15:06:21+08:00 ] 127.0.0.1 /Api/AddressDefault
INFO: [ app_init ] --START--
INFO: Run Behavior\BuildLiteBehavior [ RunTime:0.000019s ]
INFO: [ app_init ] --END-- [ RunTime:0.000129s ]
INFO: [ app_begin ] --START--
INFO: Run Behavior\ReadHtmlCacheBehavior [ RunTime:0.000056s ]
INFO: [ app_begin ] --END-- [ RunTime:0.000112s ]
SQL: SHOW COLUMNS FROM `think_address` [ RunTime:0.0008s ]
SQL: UPDATE `think_address` SET `is_default`='0' WHERE ( user_id='4' ) [ RunTime:0.0071s ]
SQL: UPDATE `think_address` SET `is_default`='1' WHERE ( id=15 ) [ RunTime:0.0048s ]
INFO: [ app_end ] --START--
INFO: Run Behavior\ShowPageTraceBehavior [ RunTime:0.000115s ]
INFO: [ app_end ] --END-- [ RunTime:0.000184s ]

[ 2016-10-02T15:06:23+08:00 ] 127.0.0.1 /Api/AddressDefault
INFO: [ app_init ] --START--
INFO: Run Behavior\BuildLiteBehavior [ RunTime:0.000019s ]
INFO: [ app_init ] --END-- [ RunTime:0.000122s ]
INFO: [ app_begin ] --START--
INFO: Run Behavior\ReadHtmlCacheBehavior [ RunTime:0.000073s ]
INFO: [ app_begin ] --END-- [ RunTime:0.000149s ]
SQL: SHOW COLUMNS FROM `think_address` [ RunTime:0.0013s ]
SQL: UPDATE `think_address` SET `is_default`='0' WHERE ( user_id='4' ) [ RunTime:0.0045s ]
SQL: UPDATE `think_address` SET `is_default`='1' WHERE ( id=17 ) [ RunTime:0.0022s ]
INFO: [ app_end ] --START--
INFO: Run Behavior\ShowPageTraceBehavior [ RunTime:0.000050s ]
INFO: [ app_end ] --END-- [ RunTime:0.000076s ]

[ 2016-10-02T15:06:33+08:00 ] 127.0.0.1 /Api/AddressDefault
INFO: [ app_init ] --START--
INFO: Run Behavior\BuildLiteBehavior [ RunTime:0.000018s ]
INFO: [ app_init ] --END-- [ RunTime:0.000125s ]
INFO: [ app_begin ] --START--
INFO: Run Behavior\ReadHtmlCacheBehavior [ RunTime:0.000055s ]
INFO: [ app_begin ] --END-- [ RunTime:0.000106s ]
SQL: SHOW COLUMNS FROM `think_address` [ RunTime:0.0008s ]
SQL: UPDATE `think_address` SET `is_default`='0' WHERE ( user_id='4' ) [ RunTime:0.0058s ]
SQL: UPDATE `think_address` SET `is_default`='1' WHERE ( id=10 ) [ RunTime:0.0021s ]
INFO: [ app_end ] --START--
INFO: Run Behavior\ShowPageTraceBehavior [ RunTime:0.000082s ]
INFO: [ app_end ] --END-- [ RunTime:0.000129s ]

[ 2016-10-02T15:06:36+08:00 ] 127.0.0.1 /Api/AddressDefault
INFO: [ app_init ] --START--
INFO: Run Behavior\BuildLiteBehavior [ RunTime:0.000010s ]
INFO: [ app_init ] --END-- [ RunTime:0.000065s ]
INFO: [ app_begin ] --START--
INFO: Run Behavior\ReadHtmlCacheBehavior [ RunTime:0.000027s ]
INFO: [ app_begin ] --END-- [ RunTime:0.000051s ]
SQL: SHOW COLUMNS FROM `think_address` [ RunTime:0.0005s ]
SQL: UPDATE `think_address` SET `is_default`='0' WHERE ( user_id='4' ) [ RunTime:0.0093s ]
SQL: UPDATE `think_address` SET `is_default`='1' WHERE ( id=15 ) [ RunTime:0.0050s ]
INFO: [ app_end ] --START--
INFO: Run Behavior\ShowPageTraceBehavior [ RunTime:0.000131s ]
INFO: [ app_end ] --END-- [ RunTime:0.000218s ]

[ 2016-10-02T15:07:05+08:00 ] 127.0.0.1 /Api/AddressDefault
INFO: [ app_init ] --START--
INFO: Run Behavior\BuildLiteBehavior [ RunTime:0.000016s ]
INFO: [ app_init ] --END-- [ RunTime:0.000118s ]
INFO: [ app_begin ] --START--
INFO: Run Behavior\ReadHtmlCacheBehavior [ RunTime:0.000038s ]
INFO: [ app_begin ] --END-- [ RunTime:0.000063s ]
SQL: SHOW COLUMNS FROM `think_address` [ RunTime:0.0007s ]
SQL: UPDATE `think_address` SET `is_default`='0' WHERE ( user_id='4' ) [ RunTime:0.0069s ]
SQL: UPDATE `think_address` SET `is_default`='1' WHERE ( id=10 ) [ RunTime:0.0048s ]
INFO: [ app_end ] --START--
INFO: Run Behavior\ShowPageTraceBehavior [ RunTime:0.000083s ]
INFO: [ app_end ] --END-- [ RunTime:0.000123s ]

[ 2016-10-02T15:07:07+08:00 ] 127.0.0.1 /Api/AddressDefault
INFO: [ app_init ] --START--
INFO: Run Behavior\BuildLiteBehavior [ RunTime:0.000009s ]
INFO: [ app_init ] --END-- [ RunTime:0.000063s ]
INFO: [ app_begin ] --START--
INFO: Run Behavior\ReadHtmlCacheBehavior [ RunTime:0.000027s ]
INFO: [ app_begin ] --END-- [ RunTime:0.000051s ]
SQL: SHOW COLUMNS FROM `think_address` [ RunTime:0.0009s ]
SQL: UPDATE `think_address` SET `is_default`='0' WHERE ( user_id='4' ) [ RunTime:0.0069s ]
SQL: UPDATE `think_address` SET `is_default`='1' WHERE ( id=17 ) [ RunTime:0.0047s ]
INFO: [ app_end ] --START--
INFO: Run Behavior\ShowPageTraceBehavior [ RunTime:0.000082s ]
INFO: [ app_end ] --END-- [ RunTime:0.000131s ]

[ 2016-10-02T15:11:18+08:00 ] 127.0.0.1 /Api/AddressDefault
INFO: [ app_init ] --START--
INFO: Run Behavior\BuildLiteBehavior [ RunTime:0.000009s ]
INFO: [ app_init ] --END-- [ RunTime:0.000065s ]
INFO: [ app_begin ] --START--
INFO: Run Behavior\ReadHtmlCacheBehavior [ RunTime:0.000028s ]
INFO: [ app_begin ] --END-- [ RunTime:0.000055s ]
SQL: SHOW COLUMNS FROM `think_address` [ RunTime:0.0005s ]
SQL: UPDATE `think_address` SET `is_default`='0' WHERE ( user_id='4' ) [ RunTime:0.0096s ]
SQL: UPDATE `think_address` SET `is_default`='1' WHERE ( id=10 ) [ RunTime:0.0048s ]
INFO: [ app_end ] --START--
INFO: Run Behavior\ShowPageTraceBehavior [ RunTime:0.000085s ]
INFO: [ app_end ] --END-- [ RunTime:0.000127s ]

[ 2016-10-02T15:11:23+08:00 ] 127.0.0.1 /Api/AddressDefault
INFO: [ app_init ] --START--
INFO: Run Behavior\BuildLiteBehavior [ RunTime:0.000019s ]
INFO: [ app_init ] --END-- [ RunTime:0.000138s ]
INFO: [ app_begin ] --START--
INFO: Run Behavior\ReadHtmlCacheBehavior [ RunTime:0.000062s ]
INFO: [ app_begin ] --END-- [ RunTime:0.000117s ]
SQL: SHOW COLUMNS FROM `think_address` [ RunTime:0.0005s ]
SQL: UPDATE `think_address` SET `is_default`='0' WHERE ( user_id='4' ) [ RunTime:0.0053s ]
SQL: UPDATE `think_address` SET `is_default`='1' WHERE ( id=15 ) [ RunTime:0.0024s ]
INFO: [ app_end ] --START--
INFO: Run Behavior\ShowPageTraceBehavior [ RunTime:0.000126s ]
INFO: [ app_end ] --END-- [ RunTime:0.000200s ]

[ 2016-10-02T15:11:25+08:00 ] 127.0.0.1 /Api/AddressDefault
INFO: [ app_init ] --START--
INFO: Run Behavior\BuildLiteBehavior [ RunTime:0.000029s ]
INFO: [ app_init ] --END-- [ RunTime:0.000186s ]
INFO: [ app_begin ] --START--
INFO: Run Behavior\ReadHtmlCacheBehavior [ RunTime:0.000089s ]
INFO: [ app_begin ] --END-- [ RunTime:0.000184s ]
SQL: SHOW COLUMNS FROM `think_address` [ RunTime:0.0008s ]
SQL: UPDATE `think_address` SET `is_default`='0' WHERE ( user_id='4' ) [ RunTime:0.0043s ]
SQL: UPDATE `think_address` SET `is_default`='1' WHERE ( id=10 ) [ RunTime:0.0025s ]
INFO: [ app_end ] --START--
INFO: Run Behavior\ShowPageTraceBehavior [ RunTime:0.000060s ]
INFO: [ app_end ] --END-- [ RunTime:0.000098s ]

[ 2016-10-02T15:11:27+08:00 ] 127.0.0.1 /Api/AddressDefault
INFO: [ app_init ] --START--
INFO: Run Behavior\BuildLiteBehavior [ RunTime:0.000028s ]
INFO: [ app_init ] --END-- [ RunTime:0.000203s ]
INFO: [ app_begin ] --START--
INFO: Run Behavior\ReadHtmlCacheBehavior [ RunTime:0.000096s ]
INFO: [ app_begin ] --END-- [ RunTime:0.000194s ]
SQL: SHOW COLUMNS FROM `think_address` [ RunTime:0.0013s ]
SQL: UPDATE `think_address` SET `is_default`='0' WHERE ( user_id='4' ) [ RunTime:0.0071s ]
SQL: UPDATE `think_address` SET `is_default`='1' WHERE ( id=15 ) [ RunTime:0.0049s ]
INFO: [ app_end ] --START--
INFO: Run Behavior\ShowPageTraceBehavior [ RunTime:0.000104s ]
INFO: [ app_end ] --END-- [ RunTime:0.000162s ]

[ 2016-10-02T15:11:28+08:00 ] 127.0.0.1 /Api/AddressDefault
INFO: [ app_init ] --START--
INFO: Run Behavior\BuildLiteBehavior [ RunTime:0.000032s ]
INFO: [ app_init ] --END-- [ RunTime:0.000206s ]
INFO: [ app_begin ] --START--
INFO: Run Behavior\ReadHtmlCacheBehavior [ RunTime:0.000085s ]
INFO: [ app_begin ] --END-- [ RunTime:0.000182s ]
SQL: SHOW COLUMNS FROM `think_address` [ RunTime:0.0005s ]
SQL: UPDATE `think_address` SET `is_default`='0' WHERE ( user_id='4' ) [ RunTime:0.0068s ]
SQL: UPDATE `think_address` SET `is_default`='1' WHERE ( id=10 ) [ RunTime:0.0048s ]
INFO: [ app_end ] --START--
INFO: Run Behavior\ShowPageTraceBehavior [ RunTime:0.000060s ]
INFO: [ app_end ] --END-- [ RunTime:0.000097s ]

[ 2016-10-02T15:11:33+08:00 ] 127.0.0.1 /Api/AddressDefault
INFO: [ app_init ] --START--
INFO: Run Behavior\BuildLiteBehavior [ RunTime:0.000009s ]
INFO: [ app_init ] --END-- [ RunTime:0.000060s ]
INFO: [ app_begin ] --START--
INFO: Run Behavior\ReadHtmlCacheBehavior [ RunTime:0.000025s ]
INFO: [ app_begin ] --END-- [ RunTime:0.000050s ]
SQL: SHOW COLUMNS FROM `think_address` [ RunTime:0.0006s ]
SQL: UPDATE `think_address` SET `is_default`='0' WHERE ( user_id='4' ) [ RunTime:0.0096s ]
SQL: UPDATE `think_address` SET `is_default`='1' WHERE ( id=10 ) [ RunTime:0.0046s ]
INFO: [ app_end ] --START--
INFO: Run Behavior\ShowPageTraceBehavior [ RunTime:0.000074s ]
INFO: [ app_end ] --END-- [ RunTime:0.000123s ]

[ 2016-10-02T15:14:13+08:00 ] 127.0.0.1 /Api/AddressDefault
INFO: [ app_init ] --START--
INFO: Run Behavior\BuildLiteBehavior [ RunTime:0.000018s ]
INFO: [ app_init ] --END-- [ RunTime:0.000120s ]
INFO: [ app_begin ] --START--
INFO: Run Behavior\ReadHtmlCacheBehavior [ RunTime:0.000053s ]
INFO: [ app_begin ] --END-- [ RunTime:0.000114s ]
SQL: SHOW COLUMNS FROM `think_address` [ RunTime:0.0008s ]
SQL: UPDATE `think_address` SET `is_default`='0' WHERE ( user_id='4' ) [ RunTime:0.0098s ]
SQL: UPDATE `think_address` SET `is_default`='1' WHERE ( id=10 ) [ RunTime:0.0048s ]
INFO: [ app_end ] --START--
INFO: Run Behavior\ShowPageTraceBehavior [ RunTime:0.000059s ]
INFO: [ app_end ] --END-- [ RunTime:0.000091s ]

[ 2016-10-02T15:14:14+08:00 ] 127.0.0.1 /Api/AddressDefault
INFO: [ app_init ] --START--
INFO: Run Behavior\BuildLiteBehavior [ RunTime:0.000009s ]
INFO: [ app_init ] --END-- [ RunTime:0.000067s ]
INFO: [ app_begin ] --START--
INFO: Run Behavior\ReadHtmlCacheBehavior [ RunTime:0.000100s ]
INFO: [ app_begin ] --END-- [ RunTime:0.000191s ]
SQL: SHOW COLUMNS FROM `think_address` [ RunTime:0.0007s ]
SQL: UPDATE `think_address` SET `is_default`='0' WHERE ( user_id='4' ) [ RunTime:0.0066s ]
SQL: UPDATE `think_address` SET `is_default`='1' WHERE ( id=10 ) [ RunTime:0.0047s ]
INFO: [ app_end ] --START--
INFO: Run Behavior\ShowPageTraceBehavior [ RunTime:0.000111s ]
INFO: [ app_end ] --END-- [ RunTime:0.000171s ]

[ 2016-10-02T15:14:14+08:00 ] 127.0.0.1 /Api/AddressDefault
INFO: [ app_init ] --START--
INFO: Run Behavior\BuildLiteBehavior [ RunTime:0.000017s ]
INFO: [ app_init ] --END-- [ RunTime:0.000117s ]
INFO: [ app_begin ] --START--
INFO: Run Behavior\ReadHtmlCacheBehavior [ RunTime:0.000057s ]
INFO: [ app_begin ] --END-- [ RunTime:0.000117s ]
SQL: SHOW COLUMNS FROM `think_address` [ RunTime:0.0010s ]
SQL: UPDATE `think_address` SET `is_default`='0' WHERE ( user_id='4' ) [ RunTime:0.0071s ]
SQL: UPDATE `think_address` SET `is_default`='1' WHERE ( id=10 ) [ RunTime:0.0046s ]
INFO: [ app_end ] --START--
INFO: Run Behavior\ShowPageTraceBehavior [ RunTime:0.000092s ]
INFO: [ app_end ] --END-- [ RunTime:0.000150s ]

[ 2016-10-02T15:14:15+08:00 ] 127.0.0.1 /Api/AddressDefault
INFO: [ app_init ] --START--
INFO: Run Behavior\BuildLiteBehavior [ RunTime:0.000019s ]
INFO: [ app_init ] --END-- [ RunTime:0.000124s ]
INFO: [ app_begin ] --START--
INFO: Run Behavior\ReadHtmlCacheBehavior [ RunTime:0.000047s ]
INFO: [ app_begin ] --END-- [ RunTime:0.000102s ]
SQL: SHOW COLUMNS FROM `think_address` [ RunTime:0.0004s ]
SQL: UPDATE `think_address` SET `is_default`='0' WHERE ( user_id='4' ) [ RunTime:0.0041s ]
SQL: UPDATE `think_address` SET `is_default`='1' WHERE ( id=10 ) [ RunTime:0.0022s ]
INFO: [ app_end ] --START--
INFO: Run Behavior\ShowPageTraceBehavior [ RunTime:0.000088s ]
INFO: [ app_end ] --END-- [ RunTime:0.000152s ]

[ 2016-10-02T15:14:15+08:00 ] 127.0.0.1 /Api/AddressDefault
INFO: [ app_init ] --START--
INFO: Run Behavior\BuildLiteBehavior [ RunTime:0.000010s ]
INFO: [ app_init ] --END-- [ RunTime:0.000067s ]
INFO: [ app_begin ] --START--
INFO: Run Behavior\ReadHtmlCacheBehavior [ RunTime:0.000026s ]
INFO: [ app_begin ] --END-- [ RunTime:0.000054s ]
SQL: SHOW COLUMNS FROM `think_address` [ RunTime:0.0006s ]
SQL: UPDATE `think_address` SET `is_default`='0' WHERE ( user_id='4' ) [ RunTime:0.0042s ]
SQL: UPDATE `think_address` SET `is_default`='1' WHERE ( id=10 ) [ RunTime:0.0022s ]
INFO: [ app_end ] --START--
INFO: Run Behavior\ShowPageTraceBehavior [ RunTime:0.000302s ]
INFO: [ app_end ] --END-- [ RunTime:0.000366s ]

[ 2016-10-02T15:14:15+08:00 ] 127.0.0.1 /Api/AddressDefault
INFO: [ app_init ] --START--
INFO: Run Behavior\BuildLiteBehavior [ RunTime:0.000029s ]
INFO: [ app_init ] --END-- [ RunTime:0.000195s ]
INFO: [ app_begin ] --START--
INFO: Run Behavior\ReadHtmlCacheBehavior [ RunTime:0.000065s ]
INFO: [ app_begin ] --END-- [ RunTime:0.000142s ]
SQL: SHOW COLUMNS FROM `think_address` [ RunTime:0.0010s ]
SQL: UPDATE `think_address` SET `is_default`='0' WHERE ( user_id='4' ) [ RunTime:0.0042s ]
SQL: UPDATE `think_address` SET `is_default`='1' WHERE ( id=10 ) [ RunTime:0.0020s ]
INFO: [ app_end ] --START--
INFO: Run Behavior\ShowPageTraceBehavior [ RunTime:0.000052s ]
INFO: [ app_end ] --END-- [ RunTime:0.000084s ]

[ 2016-10-02T15:14:16+08:00 ] 127.0.0.1 /Api/AddressDefault
INFO: [ app_init ] --START--
INFO: Run Behavior\BuildLiteBehavior [ RunTime:0.000010s ]
INFO: [ app_init ] --END-- [ RunTime:0.000064s ]
INFO: [ app_begin ] --START--
INFO: Run Behavior\ReadHtmlCacheBehavior [ RunTime:0.000024s ]
INFO: [ app_begin ] --END-- [ RunTime:0.000049s ]
SQL: SHOW COLUMNS FROM `think_address` [ RunTime:0.0012s ]
SQL: UPDATE `think_address` SET `is_default`='0' WHERE ( user_id='4' ) [ RunTime:0.0045s ]
SQL: UPDATE `think_address` SET `is_default`='1' WHERE ( id=10 ) [ RunTime:0.0025s ]
INFO: [ app_end ] --START--
INFO: Run Behavior\ShowPageTraceBehavior [ RunTime:0.000087s ]
INFO: [ app_end ] --END-- [ RunTime:0.000144s ]

[ 2016-10-02T15:14:18+08:00 ] 127.0.0.1 /Api/AddressDefault
INFO: [ app_init ] --START--
INFO: Run Behavior\BuildLiteBehavior [ RunTime:0.000020s ]
INFO: [ app_init ] --END-- [ RunTime:0.000138s ]
INFO: [ app_begin ] --START--
INFO: Run Behavior\ReadHtmlCacheBehavior [ RunTime:0.000061s ]
INFO: [ app_begin ] --END-- [ RunTime:0.000120s ]
SQL: SHOW COLUMNS FROM `think_address` [ RunTime:0.0011s ]
SQL: UPDATE `think_address` SET `is_default`='0' WHERE ( user_id='4' ) [ RunTime:0.0043s ]
SQL: UPDATE `think_address` SET `is_default`='1' WHERE ( id=15 ) [ RunTime:0.0024s ]
INFO: [ app_end ] --START--
INFO: Run Behavior\ShowPageTraceBehavior [ RunTime:0.000100s ]
INFO: [ app_end ] --END-- [ RunTime:0.000160s ]

[ 2016-10-02T15:14:20+08:00 ] 127.0.0.1 /Api/AddressDefault
INFO: [ app_init ] --START--
INFO: Run Behavior\BuildLiteBehavior [ RunTime:0.000033s ]
INFO: [ app_init ] --END-- [ RunTime:0.000209s ]
INFO: [ app_begin ] --START--
INFO: Run Behavior\ReadHtmlCacheBehavior [ RunTime:0.000081s ]
INFO: [ app_begin ] --END-- [ RunTime:0.000171s ]
SQL: SHOW COLUMNS FROM `think_address` [ RunTime:0.0008s ]
SQL: UPDATE `think_address` SET `is_default`='0' WHERE ( user_id='4' ) [ RunTime:0.0069s ]
SQL: UPDATE `think_address` SET `is_default`='1' WHERE ( id=17 ) [ RunTime:0.0033s ]
INFO: [ app_end ] --START--
INFO: Run Behavior\ShowPageTraceBehavior [ RunTime:0.000089s ]
INFO: [ app_end ] --END-- [ RunTime:0.000153s ]

[ 2016-10-02T15:14:23+08:00 ] 127.0.0.1 /Api/AddressDefault
INFO: [ app_init ] --START--
INFO: Run Behavior\BuildLiteBehavior [ RunTime:0.000020s ]
INFO: [ app_init ] --END-- [ RunTime:0.000139s ]
INFO: [ app_begin ] --START--
INFO: Run Behavior\ReadHtmlCacheBehavior [ RunTime:0.000060s ]
INFO: [ app_begin ] --END-- [ RunTime:0.000131s ]
SQL: SHOW COLUMNS FROM `think_address` [ RunTime:0.0010s ]
SQL: UPDATE `think_address` SET `is_default`='0' WHERE ( user_id='4' ) [ RunTime:0.0045s ]
SQL: UPDATE `think_address` SET `is_default`='1' WHERE ( id=15 ) [ RunTime:0.0046s ]
INFO: [ app_end ] --START--
INFO: Run Behavior\ShowPageTraceBehavior [ RunTime:0.000102s ]
INFO: [ app_end ] --END-- [ RunTime:0.000157s ]

[ 2016-10-02T15:14:25+08:00 ] 127.0.0.1 /Api/AddressDefault
INFO: [ app_init ] --START--
INFO: Run Behavior\BuildLiteBehavior [ RunTime:0.000020s ]
INFO: [ app_init ] --END-- [ RunTime:0.000161s ]
INFO: [ app_begin ] --START--
INFO: Run Behavior\ReadHtmlCacheBehavior [ RunTime:0.000048s ]
INFO: [ app_begin ] --END-- [ RunTime:0.000103s ]
SQL: SHOW COLUMNS FROM `think_address` [ RunTime:0.0007s ]
SQL: UPDATE `think_address` SET `is_default`='0' WHERE ( user_id='4' ) [ RunTime:0.0070s ]
SQL: UPDATE `think_address` SET `is_default`='1' WHERE ( id=17 ) [ RunTime:0.0048s ]
INFO: [ app_end ] --START--
INFO: Run Behavior\ShowPageTraceBehavior [ RunTime:0.000091s ]
INFO: [ app_end ] --END-- [ RunTime:0.000146s ]

[ 2016-10-02T15:14:27+08:00 ] 127.0.0.1 /Api/AddressDefault
INFO: [ app_init ] --START--
INFO: Run Behavior\BuildLiteBehavior [ RunTime:0.000013s ]
INFO: [ app_init ] --END-- [ RunTime:0.000086s ]
INFO: [ app_begin ] --START--
INFO: Run Behavior\ReadHtmlCacheBehavior [ RunTime:0.000042s ]
INFO: [ app_begin ] --END-- [ RunTime:0.000083s ]
SQL: SHOW COLUMNS FROM `think_address` [ RunTime:0.0005s ]
SQL: UPDATE `think_address` SET `is_default`='0' WHERE ( user_id='4' ) [ RunTime:0.0068s ]
SQL: UPDATE `think_address` SET `is_default`='1' WHERE ( id=15 ) [ RunTime:0.0048s ]
INFO: [ app_end ] --START--
INFO: Run Behavior\ShowPageTraceBehavior [ RunTime:0.000106s ]
INFO: [ app_end ] --END-- [ RunTime:0.000165s ]

[ 2016-10-02T15:14:28+08:00 ] 127.0.0.1 /Api/AddressDefault
INFO: [ app_init ] --START--
INFO: Run Behavior\BuildLiteBehavior [ RunTime:0.000023s ]
INFO: [ app_init ] --END-- [ RunTime:0.000144s ]
INFO: [ app_begin ] --START--
INFO: Run Behavior\ReadHtmlCacheBehavior [ RunTime:0.000042s ]
INFO: [ app_begin ] --END-- [ RunTime:0.000086s ]
SQL: SHOW COLUMNS FROM `think_address` [ RunTime:0.0007s ]
SQL: UPDATE `think_address` SET `is_default`='0' WHERE ( user_id='4' ) [ RunTime:0.0068s ]
SQL: UPDATE `think_address` SET `is_default`='1' WHERE ( id=10 ) [ RunTime:0.0046s ]
INFO: [ app_end ] --START--
INFO: Run Behavior\ShowPageTraceBehavior [ RunTime:0.000077s ]
INFO: [ app_end ] --END-- [ RunTime:0.000128s ]

[ 2016-10-02T15:14:30+08:00 ] 127.0.0.1 /Api/AddressDefault
INFO: [ app_init ] --START--
INFO: Run Behavior\BuildLiteBehavior [ RunTime:0.000031s ]
INFO: [ app_init ] --END-- [ RunTime:0.000220s ]
INFO: [ app_begin ] --START--
INFO: Run Behavior\ReadHtmlCacheBehavior [ RunTime:0.000088s ]
INFO: [ app_begin ] --END-- [ RunTime:0.000179s ]
SQL: SHOW COLUMNS FROM `think_address` [ RunTime:0.0005s ]
SQL: UPDATE `think_address` SET `is_default`='0' WHERE ( user_id='4' ) [ RunTime:0.0043s ]
SQL: UPDATE `think_address` SET `is_default`='1' WHERE ( id=32 ) [ RunTime:0.0022s ]
INFO: [ app_end ] --START--
INFO: Run Behavior\ShowPageTraceBehavior [ RunTime:0.000064s ]
INFO: [ app_end ] --END-- [ RunTime:0.000094s ]

[ 2016-10-02T15:14:33+08:00 ] 127.0.0.1 /Api/AddressDefault
INFO: [ app_init ] --START--
INFO: Run Behavior\BuildLiteBehavior [ RunTime:0.000014s ]
INFO: [ app_init ] --END-- [ RunTime:0.000097s ]
INFO: [ app_begin ] --START--
INFO: Run Behavior\ReadHtmlCacheBehavior [ RunTime:0.000040s ]
INFO: [ app_begin ] --END-- [ RunTime:0.000077s ]
SQL: SHOW COLUMNS FROM `think_address` [ RunTime:0.0005s ]
SQL: UPDATE `think_address` SET `is_default`='0' WHERE ( user_id='4' ) [ RunTime:0.0057s ]
SQL: UPDATE `think_address` SET `is_default`='1' WHERE ( id=15 ) [ RunTime:0.0022s ]
INFO: [ app_end ] --START--
INFO: Run Behavior\ShowPageTraceBehavior [ RunTime:0.000111s ]
INFO: [ app_end ] --END-- [ RunTime:0.000169s ]

[ 2016-10-02T15:14:35+08:00 ] 127.0.0.1 /Api/AddressDefault
INFO: [ app_init ] --START--
INFO: Run Behavior\BuildLiteBehavior [ RunTime:0.000034s ]
INFO: [ app_init ] --END-- [ RunTime:0.000258s ]
INFO: [ app_begin ] --START--
INFO: Run Behavior\ReadHtmlCacheBehavior [ RunTime:0.000092s ]
INFO: [ app_begin ] --END-- [ RunTime:0.000157s ]
SQL: SHOW COLUMNS FROM `think_address` [ RunTime:0.0007s ]
SQL: UPDATE `think_address` SET `is_default`='0' WHERE ( user_id='4' ) [ RunTime:0.0082s ]
SQL: UPDATE `think_address` SET `is_default`='1' WHERE ( id=10 ) [ RunTime:0.0047s ]
INFO: [ app_end ] --START--
INFO: Run Behavior\ShowPageTraceBehavior [ RunTime:0.000062s ]
INFO: [ app_end ] --END-- [ RunTime:0.000087s ]

[ 2016-10-02T15:15:10+08:00 ] 127.0.0.1 /Api/AddressDefault
INFO: [ app_init ] --START--
INFO: Run Behavior\BuildLiteBehavior [ RunTime:0.000014s ]
INFO: [ app_init ] --END-- [ RunTime:0.000091s ]
INFO: [ app_begin ] --START--
INFO: Run Behavior\ReadHtmlCacheBehavior [ RunTime:0.000037s ]
INFO: [ app_begin ] --END-- [ RunTime:0.000077s ]
SQL: SHOW COLUMNS FROM `think_address` [ RunTime:0.0005s ]
SQL: UPDATE `think_address` SET `is_default`='0' WHERE ( user_id='4' ) [ RunTime:0.0072s ]
SQL: UPDATE `think_address` SET `is_default`='1' WHERE ( id=15 ) [ RunTime:0.0049s ]
INFO: [ app_end ] --START--
INFO: Run Behavior\ShowPageTraceBehavior [ RunTime:0.000118s ]
INFO: [ app_end ] --END-- [ RunTime:0.000197s ]

[ 2016-10-02T15:15:12+08:00 ] 127.0.0.1 /Api/AddressDefault
INFO: [ app_init ] --START--
INFO: Run Behavior\BuildLiteBehavior [ RunTime:0.000019s ]
INFO: [ app_init ] --END-- [ RunTime:0.000132s ]
INFO: [ app_begin ] --START--
INFO: Run Behavior\ReadHtmlCacheBehavior [ RunTime:0.000055s ]
INFO: [ app_begin ] --END-- [ RunTime:0.000110s ]
SQL: SHOW COLUMNS FROM `think_address` [ RunTime:0.0006s ]
SQL: UPDATE `think_address` SET `is_default`='0' WHERE ( user_id='4' ) [ RunTime:0.0068s ]
SQL: UPDATE `think_address` SET `is_default`='1' WHERE ( id=17 ) [ RunTime:0.0053s ]
INFO: [ app_end ] --START--
INFO: Run Behavior\ShowPageTraceBehavior [ RunTime:0.000079s ]
INFO: [ app_end ] --END-- [ RunTime:0.000122s ]

[ 2016-10-02T15:15:31+08:00 ] 127.0.0.1 /Api/AddressDefault
INFO: [ app_init ] --START--
INFO: Run Behavior\BuildLiteBehavior [ RunTime:0.000020s ]
INFO: [ app_init ] --END-- [ RunTime:0.000138s ]
INFO: [ app_begin ] --START--
INFO: Run Behavior\ReadHtmlCacheBehavior [ RunTime:0.000095s ]
INFO: [ app_begin ] --END-- [ RunTime:0.000193s ]
SQL: SHOW COLUMNS FROM `think_address` [ RunTime:0.0004s ]
SQL: UPDATE `think_address` SET `is_default`='0' WHERE ( user_id='4' ) [ RunTime:0.0044s ]
SQL: UPDATE `think_address` SET `is_default`='1' WHERE ( id=10 ) [ RunTime:0.0022s ]
INFO: [ app_end ] --START--
INFO: Run Behavior\ShowPageTraceBehavior [ RunTime:0.000104s ]
INFO: [ app_end ] --END-- [ RunTime:0.000164s ]

[ 2016-10-02T15:15:45+08:00 ] 127.0.0.1 /Api/AddressDefault
INFO: [ app_init ] --START--
INFO: Run Behavior\BuildLiteBehavior [ RunTime:0.000019s ]
INFO: [ app_init ] --END-- [ RunTime:0.000155s ]
INFO: [ app_begin ] --START--
INFO: Run Behavior\ReadHtmlCacheBehavior [ RunTime:0.000062s ]
INFO: [ app_begin ] --END-- [ RunTime:0.000120s ]
SQL: SHOW COLUMNS FROM `think_address` [ RunTime:0.0013s ]
SQL: UPDATE `think_address` SET `is_default`='0' WHERE ( user_id='4' ) [ RunTime:0.0058s ]
SQL: UPDATE `think_address` SET `is_default`='1' WHERE ( id=10 ) [ RunTime:0.0049s ]
INFO: [ app_end ] --START--
INFO: Run Behavior\ShowPageTraceBehavior [ RunTime:0.000106s ]
INFO: [ app_end ] --END-- [ RunTime:0.000165s ]

