[ 2016-11-05T09:48:36+08:00 ] 127.0.0.1 /Api/Goods/differentCart
INFO: [ app_init ] --START--
INFO: Run Behavior\BuildLiteBehavior [ RunTime:0.000015s ]
INFO: [ app_init ] --END-- [ RunTime:0.000102s ]
INFO: [ app_begin ] --START--
INFO: Run Behavior\ReadHtmlCacheBehavior [ RunTime:0.000051s ]
INFO: [ app_begin ] --END-- [ RunTime:0.000113s ]
SQL: SHOW COLUMNS FROM `think_shopcart` [ RunTime:0.0004s ]
SQL: SELECT COUNT(*) AS tp_Count FROM `think_shopcart` WHERE ( user_id=4 ) LIMIT 1   [ RunTime:0.0002s ]
INFO: [ app_end ] --START--
INFO: Run Behavior\ShowPageTraceBehavior [ RunTime:0.000040s ]
INFO: [ app_end ] --END-- [ RunTime:0.000064s ]

[ 2016-11-05T09:48:38+08:00 ] 127.0.0.1 /Api/Goods/differentCart
INFO: [ app_init ] --START--
INFO: Run Behavior\BuildLiteBehavior [ RunTime:0.000018s ]
INFO: [ app_init ] --END-- [ RunTime:0.000126s ]
INFO: [ app_begin ] --START--
INFO: Run Behavior\ReadHtmlCacheBehavior [ RunTime:0.000051s ]
INFO: [ app_begin ] --END-- [ RunTime:0.000106s ]
SQL: SHOW COLUMNS FROM `think_shopcart` [ RunTime:0.0011s ]
SQL: SELECT COUNT(*) AS tp_Count FROM `think_shopcart` WHERE ( user_id=4 ) LIMIT 1   [ RunTime:0.0001s ]
INFO: [ app_end ] --START--
INFO: Run Behavior\ShowPageTraceBehavior [ RunTime:0.000054s ]
INFO: [ app_end ] --END-- [ RunTime:0.000093s ]

[ 2016-11-05T09:48:43+08:00 ] 127.0.0.1 /Api/Goods/differentCart
INFO: [ app_init ] --START--
INFO: Run Behavior\BuildLiteBehavior [ RunTime:0.000015s ]
INFO: [ app_init ] --END-- [ RunTime:0.000102s ]
INFO: [ app_begin ] --START--
INFO: Run Behavior\ReadHtmlCacheBehavior [ RunTime:0.000036s ]
INFO: [ app_begin ] --END-- [ RunTime:0.000075s ]
SQL: SHOW COLUMNS FROM `think_shopcart` [ RunTime:0.0005s ]
SQL: SELECT COUNT(*) AS tp_Count FROM `think_shopcart` WHERE ( user_id=4 ) LIMIT 1   [ RunTime:0.0001s ]
INFO: [ app_end ] --START--
INFO: Run Behavior\ShowPageTraceBehavior [ RunTime:0.000055s ]
INFO: [ app_end ] --END-- [ RunTime:0.000097s ]

[ 2016-11-05T09:48:49+08:00 ] 127.0.0.1 /Api/Goods/differentCart
INFO: [ app_init ] --START--
INFO: Run Behavior\BuildLiteBehavior [ RunTime:0.000011s ]
INFO: [ app_init ] --END-- [ RunTime:0.000082s ]
INFO: [ app_begin ] --START--
INFO: Run Behavior\ReadHtmlCacheBehavior [ RunTime:0.000036s ]
INFO: [ app_begin ] --END-- [ RunTime:0.000079s ]
SQL: SHOW COLUMNS FROM `think_shopcart` [ RunTime:0.0007s ]
SQL: SELECT COUNT(*) AS tp_Count FROM `think_shopcart` WHERE ( user_id=4 ) LIMIT 1   [ RunTime:0.0001s ]
INFO: [ app_end ] --START--
INFO: Run Behavior\ShowPageTraceBehavior [ RunTime:0.000055s ]
INFO: [ app_end ] --END-- [ RunTime:0.000094s ]

[ 2016-11-05T09:48:54+08:00 ] 127.0.0.1 /Api/Goods/differentCart
INFO: [ app_init ] --START--
INFO: Run Behavior\BuildLiteBehavior [ RunTime:0.000021s ]
INFO: [ app_init ] --END-- [ RunTime:0.000164s ]
INFO: [ app_begin ] --START--
INFO: Run Behavior\ReadHtmlCacheBehavior [ RunTime:0.000061s ]
INFO: [ app_begin ] --END-- [ RunTime:0.000112s ]
SQL: SHOW COLUMNS FROM `think_shopcart` [ RunTime:0.0006s ]
SQL: SELECT COUNT(*) AS tp_Count FROM `think_shopcart` WHERE ( user_id=4 ) LIMIT 1   [ RunTime:0.0010s ]
INFO: [ app_end ] --START--
INFO: Run Behavior\ShowPageTraceBehavior [ RunTime:0.000084s ]
INFO: [ app_end ] --END-- [ RunTime:0.000133s ]

[ 2016-11-05T09:48:57+08:00 ] 127.0.0.1 /Api/Goods/differentCart
INFO: [ app_init ] --START--
INFO: Run Behavior\BuildLiteBehavior [ RunTime:0.000015s ]
INFO: [ app_init ] --END-- [ RunTime:0.000105s ]
INFO: [ app_begin ] --START--
INFO: Run Behavior\ReadHtmlCacheBehavior [ RunTime:0.000029s ]
INFO: [ app_begin ] --END-- [ RunTime:0.000057s ]
SQL: SHOW COLUMNS FROM `think_shopcart` [ RunTime:0.0005s ]
SQL: SELECT COUNT(*) AS tp_Count FROM `think_shopcart` WHERE ( user_id=4 ) LIMIT 1   [ RunTime:0.0001s ]
INFO: [ app_end ] --START--
INFO: Run Behavior\ShowPageTraceBehavior [ RunTime:0.000049s ]
INFO: [ app_end ] --END-- [ RunTime:0.000075s ]

[ 2016-11-05T09:49:00+08:00 ] 127.0.0.1 /Api/Goods/differentCart
INFO: [ app_init ] --START--
INFO: Run Behavior\BuildLiteBehavior [ RunTime:0.000012s ]
INFO: [ app_init ] --END-- [ RunTime:0.000075s ]
INFO: [ app_begin ] --START--
INFO: Run Behavior\ReadHtmlCacheBehavior [ RunTime:0.000025s ]
INFO: [ app_begin ] --END-- [ RunTime:0.000048s ]
SQL: SHOW COLUMNS FROM `think_shopcart` [ RunTime:0.0006s ]
SQL: SELECT COUNT(*) AS tp_Count FROM `think_shopcart` WHERE ( user_id=4 ) LIMIT 1   [ RunTime:0.0001s ]
INFO: [ app_end ] --START--
INFO: Run Behavior\ShowPageTraceBehavior [ RunTime:0.000094s ]
INFO: [ app_end ] --END-- [ RunTime:0.000140s ]

[ 2016-11-05T09:49:27+08:00 ] 127.0.0.1 /Api/Goods/differentCart
INFO: [ app_init ] --START--
INFO: Run Behavior\BuildLiteBehavior [ RunTime:0.000022s ]
INFO: [ app_init ] --END-- [ RunTime:0.000152s ]
INFO: [ app_begin ] --START--
INFO: Run Behavior\ReadHtmlCacheBehavior [ RunTime:0.000040s ]
INFO: [ app_begin ] --END-- [ RunTime:0.000077s ]
SQL: SHOW COLUMNS FROM `think_shopcart` [ RunTime:0.0006s ]
SQL: SELECT COUNT(*) AS tp_Count FROM `think_shopcart` WHERE ( user_id=4 ) LIMIT 1   [ RunTime:0.0001s ]
INFO: [ app_end ] --START--
INFO: Run Behavior\ShowPageTraceBehavior [ RunTime:0.000066s ]
INFO: [ app_end ] --END-- [ RunTime:0.000102s ]

[ 2016-11-05T09:49:31+08:00 ] 127.0.0.1 /Api/Goods/differentCart
INFO: [ app_init ] --START--
INFO: Run Behavior\BuildLiteBehavior [ RunTime:0.000013s ]
INFO: [ app_init ] --END-- [ RunTime:0.000109s ]
INFO: [ app_begin ] --START--
INFO: Run Behavior\ReadHtmlCacheBehavior [ RunTime:0.000042s ]
INFO: [ app_begin ] --END-- [ RunTime:0.000084s ]
SQL: SHOW COLUMNS FROM `think_shopcart` [ RunTime:0.0006s ]
SQL: SELECT COUNT(*) AS tp_Count FROM `think_shopcart` WHERE ( user_id=4 ) LIMIT 1   [ RunTime:0.0001s ]
INFO: [ app_end ] --START--
INFO: Run Behavior\ShowPageTraceBehavior [ RunTime:0.000073s ]
INFO: [ app_end ] --END-- [ RunTime:0.000114s ]

[ 2016-11-05T09:49:39+08:00 ] 127.0.0.1 /Api/Goods/differentCart
INFO: [ app_init ] --START--
INFO: Run Behavior\BuildLiteBehavior [ RunTime:0.000013s ]
INFO: [ app_init ] --END-- [ RunTime:0.000091s ]
INFO: [ app_begin ] --START--
INFO: Run Behavior\ReadHtmlCacheBehavior [ RunTime:0.000046s ]
INFO: [ app_begin ] --END-- [ RunTime:0.000095s ]
SQL: SHOW COLUMNS FROM `think_shopcart` [ RunTime:0.0009s ]
SQL: SELECT COUNT(*) AS tp_Count FROM `think_shopcart` WHERE ( user_id=4 ) LIMIT 1   [ RunTime:0.0001s ]
INFO: [ app_end ] --START--
INFO: Run Behavior\ShowPageTraceBehavior [ RunTime:0.000060s ]
INFO: [ app_end ] --END-- [ RunTime:0.000104s ]

[ 2016-11-05T09:49:50+08:00 ] 127.0.0.1 /Api/Goods/differentCart
INFO: [ app_init ] --START--
INFO: Run Behavior\BuildLiteBehavior [ RunTime:0.000008s ]
INFO: [ app_init ] --END-- [ RunTime:0.000059s ]
INFO: [ app_begin ] --START--
INFO: Run Behavior\ReadHtmlCacheBehavior [ RunTime:0.000094s ]
INFO: [ app_begin ] --END-- [ RunTime:0.000161s ]
SQL: SHOW COLUMNS FROM `think_shopcart` [ RunTime:0.0007s ]
SQL: SELECT COUNT(*) AS tp_Count FROM `think_shopcart` WHERE ( user_id=4 ) LIMIT 1   [ RunTime:0.0001s ]
INFO: [ app_end ] --START--
INFO: Run Behavior\ShowPageTraceBehavior [ RunTime:0.000074s ]
INFO: [ app_end ] --END-- [ RunTime:0.000135s ]

[ 2016-11-05T09:49:51+08:00 ] 127.0.0.1 /Api/Goods/differentCart
INFO: [ app_init ] --START--
INFO: Run Behavior\BuildLiteBehavior [ RunTime:0.000009s ]
INFO: [ app_init ] --END-- [ RunTime:0.000057s ]
INFO: [ app_begin ] --START--
INFO: Run Behavior\ReadHtmlCacheBehavior [ RunTime:0.000024s ]
INFO: [ app_begin ] --END-- [ RunTime:0.000047s ]
SQL: SHOW COLUMNS FROM `think_shopcart` [ RunTime:0.0006s ]
SQL: SELECT COUNT(*) AS tp_Count FROM `think_shopcart` WHERE ( user_id=4 ) LIMIT 1   [ RunTime:0.0001s ]
INFO: [ app_end ] --START--
INFO: Run Behavior\ShowPageTraceBehavior [ RunTime:0.000054s ]
INFO: [ app_end ] --END-- [ RunTime:0.000094s ]

[ 2016-11-05T09:50:02+08:00 ] 127.0.0.1 /Api/Goods/differentCart
INFO: [ app_init ] --START--
INFO: Run Behavior\BuildLiteBehavior [ RunTime:0.000009s ]
INFO: [ app_init ] --END-- [ RunTime:0.000058s ]
INFO: [ app_begin ] --START--
INFO: Run Behavior\ReadHtmlCacheBehavior [ RunTime:0.000027s ]
INFO: [ app_begin ] --END-- [ RunTime:0.000066s ]
SQL: SHOW COLUMNS FROM `think_shopcart` [ RunTime:0.0006s ]
SQL: SELECT COUNT(*) AS tp_Count FROM `think_shopcart` WHERE ( user_id=4 ) LIMIT 1   [ RunTime:0.0001s ]
INFO: [ app_end ] --START--
INFO: Run Behavior\ShowPageTraceBehavior [ RunTime:0.000081s ]
INFO: [ app_end ] --END-- [ RunTime:0.000154s ]

[ 2016-11-05T09:50:07+08:00 ] 127.0.0.1 /Api/Goods/differentCart
INFO: [ app_init ] --START--
INFO: Run Behavior\BuildLiteBehavior [ RunTime:0.000013s ]
INFO: [ app_init ] --END-- [ RunTime:0.000090s ]
INFO: [ app_begin ] --START--
INFO: Run Behavior\ReadHtmlCacheBehavior [ RunTime:0.000066s ]
INFO: [ app_begin ] --END-- [ RunTime:0.000129s ]
SQL: SHOW COLUMNS FROM `think_shopcart` [ RunTime:0.0007s ]
SQL: SELECT COUNT(*) AS tp_Count FROM `think_shopcart` WHERE ( user_id=4 ) LIMIT 1   [ RunTime:0.0001s ]
INFO: [ app_end ] --START--
INFO: Run Behavior\ShowPageTraceBehavior [ RunTime:0.000064s ]
INFO: [ app_end ] --END-- [ RunTime:0.000106s ]

[ 2016-11-05T09:50:12+08:00 ] 127.0.0.1 /Api/Goods/differentCart
INFO: [ app_init ] --START--
INFO: Run Behavior\BuildLiteBehavior [ RunTime:0.000026s ]
INFO: [ app_init ] --END-- [ RunTime:0.000100s ]
INFO: [ app_begin ] --START--
INFO: Run Behavior\ReadHtmlCacheBehavior [ RunTime:0.000071s ]
INFO: [ app_begin ] --END-- [ RunTime:0.000154s ]
SQL: SHOW COLUMNS FROM `think_shopcart` [ RunTime:0.0008s ]
SQL: SELECT COUNT(*) AS tp_Count FROM `think_shopcart` WHERE ( user_id=4 ) LIMIT 1   [ RunTime:0.0001s ]
INFO: [ app_end ] --START--
INFO: Run Behavior\ShowPageTraceBehavior [ RunTime:0.000069s ]
INFO: [ app_end ] --END-- [ RunTime:0.000119s ]

[ 2016-11-05T09:50:18+08:00 ] 127.0.0.1 /Api/Goods/differentCart
INFO: [ app_init ] --START--
INFO: Run Behavior\BuildLiteBehavior [ RunTime:0.000013s ]
INFO: [ app_init ] --END-- [ RunTime:0.000082s ]
INFO: [ app_begin ] --START--
INFO: Run Behavior\ReadHtmlCacheBehavior [ RunTime:0.000032s ]
INFO: [ app_begin ] --END-- [ RunTime:0.000077s ]
SQL: SHOW COLUMNS FROM `think_shopcart` [ RunTime:0.0005s ]
SQL: SELECT COUNT(*) AS tp_Count FROM `think_shopcart` WHERE ( user_id=4 ) LIMIT 1   [ RunTime:0.0001s ]
INFO: [ app_end ] --START--
INFO: Run Behavior\ShowPageTraceBehavior [ RunTime:0.000052s ]
INFO: [ app_end ] --END-- [ RunTime:0.000090s ]

[ 2016-11-05T10:52:59+08:00 ] 127.0.0.1 /Api/Goods/differentCart
INFO: [ app_init ] --START--
INFO: Run Behavior\BuildLiteBehavior [ RunTime:0.000018s ]
INFO: [ app_init ] --END-- [ RunTime:0.000114s ]
INFO: [ app_begin ] --START--
INFO: Run Behavior\ReadHtmlCacheBehavior [ RunTime:0.000048s ]
INFO: [ app_begin ] --END-- [ RunTime:0.000099s ]
SQL: SHOW COLUMNS FROM `think_shopcart` [ RunTime:0.0005s ]
SQL: SELECT COUNT(*) AS tp_Count FROM `think_shopcart` WHERE ( user_id=4 ) LIMIT 1   [ RunTime:0.0001s ]
INFO: [ app_end ] --START--
INFO: Run Behavior\ShowPageTraceBehavior [ RunTime:0.000044s ]
INFO: [ app_end ] --END-- [ RunTime:0.000083s ]

[ 2016-11-05T10:53:02+08:00 ] 127.0.0.1 /Api/Goods/differentCart
INFO: [ app_init ] --START--
INFO: Run Behavior\BuildLiteBehavior [ RunTime:0.000009s ]
INFO: [ app_init ] --END-- [ RunTime:0.000061s ]
INFO: [ app_begin ] --START--
INFO: Run Behavior\ReadHtmlCacheBehavior [ RunTime:0.000025s ]
INFO: [ app_begin ] --END-- [ RunTime:0.000053s ]
SQL: SHOW COLUMNS FROM `think_shopcart` [ RunTime:0.0004s ]
SQL: SELECT COUNT(*) AS tp_Count FROM `think_shopcart` WHERE ( user_id=4 ) LIMIT 1   [ RunTime:0.0001s ]
INFO: [ app_end ] --START--
INFO: Run Behavior\ShowPageTraceBehavior [ RunTime:0.000052s ]
INFO: [ app_end ] --END-- [ RunTime:0.000087s ]

[ 2016-11-05T10:53:07+08:00 ] 127.0.0.1 /Api/Goods/differentCart
INFO: [ app_init ] --START--
INFO: Run Behavior\BuildLiteBehavior [ RunTime:0.000014s ]
INFO: [ app_init ] --END-- [ RunTime:0.000092s ]
INFO: [ app_begin ] --START--
INFO: Run Behavior\ReadHtmlCacheBehavior [ RunTime:0.000029s ]
INFO: [ app_begin ] --END-- [ RunTime:0.000063s ]
SQL: SHOW COLUMNS FROM `think_shopcart` [ RunTime:0.0006s ]
SQL: SELECT COUNT(*) AS tp_Count FROM `think_shopcart` WHERE ( user_id=4 ) LIMIT 1   [ RunTime:0.0001s ]
INFO: [ app_end ] --START--
INFO: Run Behavior\ShowPageTraceBehavior [ RunTime:0.000044s ]
INFO: [ app_end ] --END-- [ RunTime:0.000068s ]

[ 2016-11-05T10:53:08+08:00 ] 127.0.0.1 /Api/Goods/differentCart
INFO: [ app_init ] --START--
INFO: Run Behavior\BuildLiteBehavior [ RunTime:0.000013s ]
INFO: [ app_init ] --END-- [ RunTime:0.000084s ]
INFO: [ app_begin ] --START--
INFO: Run Behavior\ReadHtmlCacheBehavior [ RunTime:0.000038s ]
INFO: [ app_begin ] --END-- [ RunTime:0.000078s ]
SQL: SHOW COLUMNS FROM `think_shopcart` [ RunTime:0.0007s ]
SQL: SELECT COUNT(*) AS tp_Count FROM `think_shopcart` WHERE ( user_id=4 ) LIMIT 1   [ RunTime:0.0001s ]
INFO: [ app_end ] --START--
INFO: Run Behavior\ShowPageTraceBehavior [ RunTime:0.000052s ]
INFO: [ app_end ] --END-- [ RunTime:0.000090s ]

[ 2016-11-05T10:53:11+08:00 ] 127.0.0.1 /Api/Goods/differentCart
INFO: [ app_init ] --START--
INFO: Run Behavior\BuildLiteBehavior [ RunTime:0.000015s ]
INFO: [ app_init ] --END-- [ RunTime:0.000097s ]
INFO: [ app_begin ] --START--
INFO: Run Behavior\ReadHtmlCacheBehavior [ RunTime:0.000049s ]
INFO: [ app_begin ] --END-- [ RunTime:0.000103s ]
SQL: SHOW COLUMNS FROM `think_shopcart` [ RunTime:0.0009s ]
SQL: SELECT COUNT(*) AS tp_Count FROM `think_shopcart` WHERE ( user_id=4 ) LIMIT 1   [ RunTime:0.0001s ]
INFO: [ app_end ] --START--
INFO: Run Behavior\ShowPageTraceBehavior [ RunTime:0.000070s ]
INFO: [ app_end ] --END-- [ RunTime:0.000117s ]

[ 2016-11-05T10:53:13+08:00 ] 127.0.0.1 /Api/Goods/differentCart
INFO: [ app_init ] --START--
INFO: Run Behavior\BuildLiteBehavior [ RunTime:0.000012s ]
INFO: [ app_init ] --END-- [ RunTime:0.000086s ]
INFO: [ app_begin ] --START--
INFO: Run Behavior\ReadHtmlCacheBehavior [ RunTime:0.000034s ]
INFO: [ app_begin ] --END-- [ RunTime:0.000072s ]
SQL: SHOW COLUMNS FROM `think_shopcart` [ RunTime:0.0006s ]
SQL: SELECT COUNT(*) AS tp_Count FROM `think_shopcart` WHERE ( user_id=4 ) LIMIT 1   [ RunTime:0.0001s ]
INFO: [ app_end ] --START--
INFO: Run Behavior\ShowPageTraceBehavior [ RunTime:0.000040s ]
INFO: [ app_end ] --END-- [ RunTime:0.000065s ]

[ 2016-11-05T10:53:17+08:00 ] 127.0.0.1 /Api/Goods/differentCart
INFO: [ app_init ] --START--
INFO: Run Behavior\BuildLiteBehavior [ RunTime:0.000011s ]
INFO: [ app_init ] --END-- [ RunTime:0.000082s ]
INFO: [ app_begin ] --START--
INFO: Run Behavior\ReadHtmlCacheBehavior [ RunTime:0.000024s ]
INFO: [ app_begin ] --END-- [ RunTime:0.000051s ]
SQL: SHOW COLUMNS FROM `think_shopcart` [ RunTime:0.0007s ]
SQL: SELECT COUNT(*) AS tp_Count FROM `think_shopcart` WHERE ( user_id=4 ) LIMIT 1   [ RunTime:0.0001s ]
INFO: [ app_end ] --START--
INFO: Run Behavior\ShowPageTraceBehavior [ RunTime:0.000040s ]
INFO: [ app_end ] --END-- [ RunTime:0.000062s ]

[ 2016-11-05T10:53:18+08:00 ] 127.0.0.1 /Api/Goods/shopCart
INFO: [ app_init ] --START--
INFO: Run Behavior\BuildLiteBehavior [ RunTime:0.000021s ]
INFO: [ app_init ] --END-- [ RunTime:0.000143s ]
INFO: [ app_begin ] --START--
INFO: Run Behavior\ReadHtmlCacheBehavior [ RunTime:0.000055s ]
INFO: [ app_begin ] --END-- [ RunTime:0.000124s ]
SQL: SHOW COLUMNS FROM `think_shopcart` [ RunTime:0.0010s ]
SQL: SELECT * FROM `think_shopcart` WHERE ( goods_type ='奶香味' AND goods_package ='大陆装' ) LIMIT 1   [ RunTime:0.0004s ]
SQL: UPDATE `think_shopcart` SET `goods_num`=goods_num+1 WHERE ( goods_type ='奶香味' AND goods_package ='大陆装' ) [ RunTime:0.0004s ]
SQL: SELECT COUNT(*) AS tp_Count FROM `think_shopcart` WHERE ( user_id=4 ) LIMIT 1   [ RunTime:0.0003s ]
INFO: [ app_end ] --START--
INFO: Run Behavior\ShowPageTraceBehavior [ RunTime:0.000088s ]
INFO: [ app_end ] --END-- [ RunTime:0.000149s ]

[ 2016-11-05T10:53:20+08:00 ] 127.0.0.1 /Api/Goods/differentCart
INFO: [ app_init ] --START--
INFO: Run Behavior\BuildLiteBehavior [ RunTime:0.000015s ]
INFO: [ app_init ] --END-- [ RunTime:0.000105s ]
INFO: [ app_begin ] --START--
INFO: Run Behavior\ReadHtmlCacheBehavior [ RunTime:0.000042s ]
INFO: [ app_begin ] --END-- [ RunTime:0.000088s ]
SQL: SHOW COLUMNS FROM `think_shopcart` [ RunTime:0.0007s ]
SQL: SELECT COUNT(*) AS tp_Count FROM `think_shopcart` WHERE ( user_id=4 ) LIMIT 1   [ RunTime:0.0001s ]
INFO: [ app_end ] --START--
INFO: Run Behavior\ShowPageTraceBehavior [ RunTime:0.000058s ]
INFO: [ app_end ] --END-- [ RunTime:0.000098s ]

[ 2016-11-05T10:53:23+08:00 ] 127.0.0.1 /Api/Goods/differentCart
INFO: [ app_init ] --START--
INFO: Run Behavior\BuildLiteBehavior [ RunTime:0.000017s ]
INFO: [ app_init ] --END-- [ RunTime:0.000154s ]
INFO: [ app_begin ] --START--
INFO: Run Behavior\ReadHtmlCacheBehavior [ RunTime:0.000054s ]
INFO: [ app_begin ] --END-- [ RunTime:0.000109s ]
SQL: SHOW COLUMNS FROM `think_shopcart` [ RunTime:0.0008s ]
SQL: SELECT COUNT(*) AS tp_Count FROM `think_shopcart` WHERE ( user_id=4 ) LIMIT 1   [ RunTime:0.0001s ]
INFO: [ app_end ] --START--
INFO: Run Behavior\ShowPageTraceBehavior [ RunTime:0.000114s ]
INFO: [ app_end ] --END-- [ RunTime:0.000185s ]

[ 2016-11-05T10:53:26+08:00 ] 127.0.0.1 /Api/Goods/differentCart
INFO: [ app_init ] --START--
INFO: Run Behavior\BuildLiteBehavior [ RunTime:0.000008s ]
INFO: [ app_init ] --END-- [ RunTime:0.000055s ]
INFO: [ app_begin ] --START--
INFO: Run Behavior\ReadHtmlCacheBehavior [ RunTime:0.000021s ]
INFO: [ app_begin ] --END-- [ RunTime:0.000061s ]
SQL: SHOW COLUMNS FROM `think_shopcart` [ RunTime:0.0004s ]
SQL: SELECT COUNT(*) AS tp_Count FROM `think_shopcart` WHERE ( user_id=4 ) LIMIT 1   [ RunTime:0.0001s ]
INFO: [ app_end ] --START--
INFO: Run Behavior\ShowPageTraceBehavior [ RunTime:0.000057s ]
INFO: [ app_end ] --END-- [ RunTime:0.000089s ]

[ 2016-11-05T10:53:29+08:00 ] 127.0.0.1 /Api/Goods/change_type
INFO: [ app_init ] --START--
INFO: Run Behavior\BuildLiteBehavior [ RunTime:0.000023s ]
INFO: [ app_init ] --END-- [ RunTime:0.000109s ]
INFO: [ app_begin ] --START--
INFO: Run Behavior\ReadHtmlCacheBehavior [ RunTime:0.000044s ]
INFO: [ app_begin ] --END-- [ RunTime:0.000093s ]
SQL: SHOW COLUMNS FROM `think_goods_specify` [ RunTime:0.0005s ]
SQL: SELECT * FROM `think_goods_specify` WHERE ( goods_type ='香粒米脆味' AND goods_id ='29' ) LIMIT 1   [ RunTime:0.0002s ]

[ 2016-11-05T10:53:30+08:00 ] 127.0.0.1 /Api/Goods/shopCart
INFO: [ app_init ] --START--
INFO: Run Behavior\BuildLiteBehavior [ RunTime:0.000021s ]
INFO: [ app_init ] --END-- [ RunTime:0.000158s ]
INFO: [ app_begin ] --START--
INFO: Run Behavior\ReadHtmlCacheBehavior [ RunTime:0.000053s ]
INFO: [ app_begin ] --END-- [ RunTime:0.000109s ]
SQL: SHOW COLUMNS FROM `think_shopcart` [ RunTime:0.0009s ]
SQL: SELECT * FROM `think_shopcart` WHERE ( goods_type ='香粒米脆味' AND goods_package ='直装' ) LIMIT 1   [ RunTime:0.0003s ]
SQL: SHOW COLUMNS FROM `think_goods_specify` [ RunTime:0.0007s ]
SQL: SELECT `goods_sn` FROM `think_goods_specify` WHERE ( goods_type ='香粒米脆味' AND goods_id =29 ) LIMIT 1   [ RunTime:0.0003s ]
SQL: INSERT INTO `think_shopcart` (`goods_type`,`goods_package`,`goods_num`,`goods_id`,`goods_name`,`goods_cost`,`goods_type1`,`goods_type2`,`addtime`,`user_id`,`goods_sn`) VALUES ('香粒米脆味','直装','1','29','亿滋 趣多多曲奇饼干缤纷逗巧克力味255g 家庭装','15.3','口味','包装','1478314410','4','200000302') [ RunTime:0.0006s ]
SQL: SELECT COUNT(*) AS tp_Count FROM `think_shopcart` WHERE ( user_id=4 ) LIMIT 1   [ RunTime:0.0004s ]
INFO: [ app_end ] --START--
INFO: Run Behavior\ShowPageTraceBehavior [ RunTime:0.000060s ]
INFO: [ app_end ] --END-- [ RunTime:0.000095s ]

[ 2016-11-05T10:53:31+08:00 ] 127.0.0.1 /Api/Goods/change_type
INFO: [ app_init ] --START--
INFO: Run Behavior\BuildLiteBehavior [ RunTime:0.000014s ]
INFO: [ app_init ] --END-- [ RunTime:0.000095s ]
INFO: [ app_begin ] --START--
INFO: Run Behavior\ReadHtmlCacheBehavior [ RunTime:0.000036s ]
INFO: [ app_begin ] --END-- [ RunTime:0.000072s ]
SQL: SHOW COLUMNS FROM `think_goods_specify` [ RunTime:0.0008s ]
SQL: SELECT * FROM `think_goods_specify` WHERE ( goods_type ='巧克力味' AND goods_id ='29' ) LIMIT 1   [ RunTime:0.0002s ]

[ 2016-11-05T10:53:31+08:00 ] 127.0.0.1 /Api/Goods/shopCart
INFO: [ app_init ] --START--
INFO: Run Behavior\BuildLiteBehavior [ RunTime:0.000030s ]
INFO: [ app_init ] --END-- [ RunTime:0.000194s ]
INFO: [ app_begin ] --START--
INFO: Run Behavior\ReadHtmlCacheBehavior [ RunTime:0.000071s ]
INFO: [ app_begin ] --END-- [ RunTime:0.000146s ]
SQL: SHOW COLUMNS FROM `think_shopcart` [ RunTime:0.0016s ]
SQL: SELECT * FROM `think_shopcart` WHERE ( goods_type ='巧克力味' AND goods_package ='袋装' ) LIMIT 1   [ RunTime:0.0005s ]
SQL: SHOW COLUMNS FROM `think_goods_specify` [ RunTime:0.0007s ]
SQL: SELECT `goods_sn` FROM `think_goods_specify` WHERE ( goods_type ='巧克力味' AND goods_id =29 ) LIMIT 1   [ RunTime:0.0003s ]
SQL: INSERT INTO `think_shopcart` (`goods_type`,`goods_package`,`goods_num`,`goods_id`,`goods_name`,`goods_cost`,`goods_type1`,`goods_type2`,`addtime`,`user_id`,`goods_sn`) VALUES ('巧克力味','袋装','1','29','亿滋 趣多多曲奇饼干缤纷逗巧克力味255g 家庭装','14.9','口味','包装','1478314411','4','200000301') [ RunTime:0.0004s ]
SQL: SELECT COUNT(*) AS tp_Count FROM `think_shopcart` WHERE ( user_id=4 ) LIMIT 1   [ RunTime:0.0003s ]
INFO: [ app_end ] --START--
INFO: Run Behavior\ShowPageTraceBehavior [ RunTime:0.000080s ]
INFO: [ app_end ] --END-- [ RunTime:0.000134s ]

[ 2016-11-05T10:53:34+08:00 ] 127.0.0.1 /Api/Goods/differentCart
INFO: [ app_init ] --START--
INFO: Run Behavior\BuildLiteBehavior [ RunTime:0.000016s ]
INFO: [ app_init ] --END-- [ RunTime:0.000099s ]
INFO: [ app_begin ] --START--
INFO: Run Behavior\ReadHtmlCacheBehavior [ RunTime:0.000039s ]
INFO: [ app_begin ] --END-- [ RunTime:0.000081s ]
SQL: SHOW COLUMNS FROM `think_shopcart` [ RunTime:0.0006s ]
SQL: SELECT COUNT(*) AS tp_Count FROM `think_shopcart` WHERE ( user_id=4 ) LIMIT 1   [ RunTime:0.0001s ]
INFO: [ app_end ] --START--
INFO: Run Behavior\ShowPageTraceBehavior [ RunTime:0.000041s ]
INFO: [ app_end ] --END-- [ RunTime:0.000064s ]

[ 2016-11-05T10:53:39+08:00 ] 127.0.0.1 /Api/Goods/makeTempOrder
INFO: [ app_init ] --START--
INFO: Run Behavior\BuildLiteBehavior [ RunTime:0.000018s ]
INFO: [ app_init ] --END-- [ RunTime:0.000075s ]
INFO: [ app_begin ] --START--
INFO: Run Behavior\ReadHtmlCacheBehavior [ RunTime:0.000062s ]
INFO: [ app_begin ] --END-- [ RunTime:0.000121s ]
SQL: SHOW COLUMNS FROM `think_temporary_order` [ RunTime:0.0005s ]
SQL: DELETE FROM `think_temporary_order` WHERE ( user_id=4 ) [ RunTime:0.0006s ]
SQL: SHOW COLUMNS FROM `think_shopcart` [ RunTime:0.0010s ]
SQL: UPDATE `think_shopcart` SET `is_order`='0' WHERE ( 1=1 ) [ RunTime:0.0002s ]
SQL: UPDATE `think_shopcart` SET `is_order`='1' WHERE ( cart_id=155 ) [ RunTime:0.0002s ]
SQL: INSERT INTO `think_temporary_order` (`user_id`,`cart_id`,`addtime`) VALUES ('4','155','1478314419') [ RunTime:0.0002s ]
SQL: UPDATE `think_shopcart` SET `is_order`='1' WHERE ( cart_id=150 ) [ RunTime:0.0002s ]
SQL: INSERT INTO `think_temporary_order` (`user_id`,`cart_id`,`addtime`) VALUES ('4','150','1478314419') [ RunTime:0.0002s ]
INFO: [ app_end ] --START--
INFO: Run Behavior\ShowPageTraceBehavior [ RunTime:0.000104s ]
INFO: [ app_end ] --END-- [ RunTime:0.000186s ]

[ 2016-11-05T10:53:39+08:00 ] 127.0.0.1 /Api/Goods/differentCart
INFO: [ app_init ] --START--
INFO: Run Behavior\BuildLiteBehavior [ RunTime:0.000013s ]
INFO: [ app_init ] --END-- [ RunTime:0.000086s ]
INFO: [ app_begin ] --START--
INFO: Run Behavior\ReadHtmlCacheBehavior [ RunTime:0.000037s ]
INFO: [ app_begin ] --END-- [ RunTime:0.000079s ]
SQL: SHOW COLUMNS FROM `think_shopcart` [ RunTime:0.0005s ]
SQL: SELECT COUNT(*) AS tp_Count FROM `think_shopcart` WHERE ( user_id=4 ) LIMIT 1   [ RunTime:0.0002s ]
INFO: [ app_end ] --START--
INFO: Run Behavior\ShowPageTraceBehavior [ RunTime:0.000054s ]
INFO: [ app_end ] --END-- [ RunTime:0.000095s ]

[ 2016-11-05T10:54:08+08:00 ] 127.0.0.1 /Api/Goods/makeOrder
INFO: [ app_init ] --START--
INFO: Run Behavior\BuildLiteBehavior [ RunTime:0.000019s ]
INFO: [ app_init ] --END-- [ RunTime:0.000099s ]
INFO: [ app_begin ] --START--
INFO: Run Behavior\ReadHtmlCacheBehavior [ RunTime:0.000039s ]
INFO: [ app_begin ] --END-- [ RunTime:0.000074s ]
SQL: SHOW COLUMNS FROM `think_order` [ RunTime:0.0007s ]
SQL: INSERT INTO `think_order` (`order_id`,`user_id`,`status`,`message`,`addtime`,`receiver`,`phone`,`province`,`city`,`district`,`street`,`express_style`,`express_fee`,`total_money`) VALUES ('147831444800042456','4','0','我只是来测试的，别在意～～','1478314448','山治 ','13333333333','香港特别行政区','深水埗区','','暂时不知道在哪里~~!- -','韵达','12','61.1') [ RunTime:0.0004s ]
SQL: SHOW COLUMNS FROM `think_shopcart` [ RunTime:0.0006s ]
SQL: SELECT * FROM `think_shopcart` WHERE ( cart_id=155 )  [ RunTime:0.0002s ]
SQL: SHOW COLUMNS FROM `think_thumb` [ RunTime:0.0005s ]
SQL: SELECT `mid` FROM `think_thumb` WHERE ( goods_sn=200000302 ) LIMIT 1   [ RunTime:0.0001s ]
SQL: SHOW COLUMNS FROM `think_order_detail` [ RunTime:0.0005s ]
SQL: INSERT INTO `think_order_detail` (`order_id`,`goods_id`,`goods_sn`,`goods_name`,`goods_type1`,`goods_type`,`goods_type2`,`goods_package`,`goods_num`,`goods_price`,`goods_thumb`,`addtime`) VALUES ('147831444800042456','29','200000302','亿滋 趣多多曲奇饼干缤纷逗巧克力味255g 家庭装','口味','香粒米脆味','包装','直装','1','15.3','/Public/Uploads/goods/sn200000302/TB1B5lrHFXXXXXxXXXXXXXXXXXX_!!0-item_pic_mid.jpg','1478314448') [ RunTime:0.0007s ]
NOTIC: [8] Use of undefined constant fasle - assumed 'fasle' /var/www/shop/App/Api/Controller/GoodsController.class.php 第 211 行.
SQL: DELETE FROM `think_shopcart` WHERE ( cart_id=155 ) [ RunTime:0.0004s ]
SQL: SHOW COLUMNS FROM `think_goods_specify` [ RunTime:0.0008s ]
SQL: UPDATE `think_goods_specify` SET `goods_num`=goods_num-1 WHERE ( goods_sn=200000302 ) [ RunTime:0.0004s ]
SQL: SELECT * FROM `think_shopcart` WHERE ( cart_id=150 )  [ RunTime:0.0003s ]
SQL: SELECT `mid` FROM `think_thumb` WHERE ( goods_sn=200000401 ) LIMIT 1   [ RunTime:0.0002s ]
SQL: INSERT INTO `think_order_detail` (`order_id`,`goods_id`,`goods_sn`,`goods_name`,`goods_type1`,`goods_type`,`goods_type2`,`goods_package`,`goods_num`,`goods_price`,`goods_thumb`,`addtime`) VALUES ('147831444800042456','30','200000401','良品铺子碧根果奶香味190g坚果零食 干果炒货 山核桃','口味','奶香味','包装','大陆装','2','16.9','/Public/Uploads/goods/sn200000401/TB1iAw9KFXXXXaDXVXXXXXXXXXX_!!0-item_pic_mid.jpg','1478314448') [ RunTime:0.0004s ]
NOTIC: [8] Use of undefined constant fasle - assumed 'fasle' /var/www/shop/App/Api/Controller/GoodsController.class.php 第 211 行.
SQL: DELETE FROM `think_shopcart` WHERE ( cart_id=150 ) [ RunTime:0.0003s ]
SQL: UPDATE `think_goods_specify` SET `goods_num`=goods_num-2 WHERE ( goods_sn=200000401 ) [ RunTime:0.0004s ]
SQL: SHOW COLUMNS FROM `think_temporary_order` [ RunTime:0.0008s ]
SQL: DELETE FROM `think_temporary_order` WHERE ( 1=1 ) [ RunTime:0.0003s ]
INFO: [ app_end ] --START--
INFO: Run Behavior\ShowPageTraceBehavior [ RunTime:0.000105s ]
INFO: [ app_end ] --END-- [ RunTime:0.000162s ]

[ 2016-11-05T10:54:08+08:00 ] 127.0.0.1 /Api/Goods/differentCart
INFO: [ app_init ] --START--
INFO: Run Behavior\BuildLiteBehavior [ RunTime:0.000015s ]
INFO: [ app_init ] --END-- [ RunTime:0.000094s ]
INFO: [ app_begin ] --START--
INFO: Run Behavior\ReadHtmlCacheBehavior [ RunTime:0.000043s ]
INFO: [ app_begin ] --END-- [ RunTime:0.000087s ]
SQL: SHOW COLUMNS FROM `think_shopcart` [ RunTime:0.0006s ]
SQL: SELECT COUNT(*) AS tp_Count FROM `think_shopcart` WHERE ( user_id=4 ) LIMIT 1   [ RunTime:0.0002s ]
INFO: [ app_end ] --START--
INFO: Run Behavior\ShowPageTraceBehavior [ RunTime:0.000043s ]
INFO: [ app_end ] --END-- [ RunTime:0.000067s ]

[ 2016-11-05T10:54:12+08:00 ] 127.0.0.1 /Api/Order/payment?order_id=147831444800042456
INFO: [ app_init ] --START--
INFO: Run Behavior\BuildLiteBehavior [ RunTime:0.000015s ]
INFO: [ app_init ] --END-- [ RunTime:0.000106s ]
INFO: [ app_begin ] --START--
INFO: Run Behavior\ReadHtmlCacheBehavior [ RunTime:0.000032s ]
INFO: [ app_begin ] --END-- [ RunTime:0.000059s ]
SQL: SHOW COLUMNS FROM `think_order` [ RunTime:0.0007s ]
SQL: UPDATE `think_order` SET `status`='1' WHERE ( order_id=147831444800042456 ) [ RunTime:0.0004s ]
INFO: [ app_end ] --START--
INFO: Run Behavior\ShowPageTraceBehavior [ RunTime:0.000068s ]
INFO: [ app_end ] --END-- [ RunTime:0.000110s ]

[ 2016-11-05T10:54:12+08:00 ] 127.0.0.1 /Api/Goods/differentCart
INFO: [ app_init ] --START--
INFO: Run Behavior\BuildLiteBehavior [ RunTime:0.000013s ]
INFO: [ app_init ] --END-- [ RunTime:0.000092s ]
INFO: [ app_begin ] --START--
INFO: Run Behavior\ReadHtmlCacheBehavior [ RunTime:0.000038s ]
INFO: [ app_begin ] --END-- [ RunTime:0.000078s ]
SQL: SHOW COLUMNS FROM `think_shopcart` [ RunTime:0.0008s ]
SQL: SELECT COUNT(*) AS tp_Count FROM `think_shopcart` WHERE ( user_id=4 ) LIMIT 1   [ RunTime:0.0001s ]
INFO: [ app_end ] --START--
INFO: Run Behavior\ShowPageTraceBehavior [ RunTime:0.000043s ]
INFO: [ app_end ] --END-- [ RunTime:0.000088s ]

[ 2016-11-05T10:54:14+08:00 ] 127.0.0.1 /Api/Goods/differentCart
INFO: [ app_init ] --START--
INFO: Run Behavior\BuildLiteBehavior [ RunTime:0.000014s ]
INFO: [ app_init ] --END-- [ RunTime:0.000088s ]
INFO: [ app_begin ] --START--
INFO: Run Behavior\ReadHtmlCacheBehavior [ RunTime:0.000044s ]
INFO: [ app_begin ] --END-- [ RunTime:0.000093s ]
SQL: SHOW COLUMNS FROM `think_shopcart` [ RunTime:0.0007s ]
SQL: SELECT COUNT(*) AS tp_Count FROM `think_shopcart` WHERE ( user_id=4 ) LIMIT 1   [ RunTime:0.0001s ]
INFO: [ app_end ] --START--
INFO: Run Behavior\ShowPageTraceBehavior [ RunTime:0.000057s ]
INFO: [ app_end ] --END-- [ RunTime:0.000094s ]

[ 2016-11-05T10:54:23+08:00 ] 127.0.0.1 /Api/Order/remind?order_id=147831444800042456
INFO: [ app_init ] --START--
INFO: Run Behavior\BuildLiteBehavior [ RunTime:0.000010s ]
INFO: [ app_init ] --END-- [ RunTime:0.000065s ]
INFO: [ app_begin ] --START--
INFO: Run Behavior\ReadHtmlCacheBehavior [ RunTime:0.000027s ]
INFO: [ app_begin ] --END-- [ RunTime:0.000050s ]
SQL: SHOW COLUMNS FROM `think_order` [ RunTime:0.0006s ]
SQL: UPDATE `think_order` SET `remind_sent`='1' WHERE ( order_id=147831444800042456 ) [ RunTime:0.0004s ]
INFO: [ app_end ] --START--
INFO: Run Behavior\ShowPageTraceBehavior [ RunTime:0.000071s ]
INFO: [ app_end ] --END-- [ RunTime:0.000113s ]

[ 2016-11-05T10:54:31+08:00 ] 127.0.0.1 /Api/Order/sentOrder?order_id=147831444800042456
INFO: [ app_init ] --START--
INFO: Run Behavior\BuildLiteBehavior [ RunTime:0.000010s ]
INFO: [ app_init ] --END-- [ RunTime:0.000068s ]
INFO: [ app_begin ] --START--
INFO: Run Behavior\ReadHtmlCacheBehavior [ RunTime:0.000046s ]
INFO: [ app_begin ] --END-- [ RunTime:0.000085s ]
SQL: SHOW COLUMNS FROM `think_order` [ RunTime:0.0009s ]
SQL: UPDATE `think_order` SET `status`='2' WHERE ( order_id=147831444800042456 ) [ RunTime:0.0005s ]
SQL: UPDATE `think_order` SET `remind_sent`='0' WHERE ( order_id=147831444800042456 ) [ RunTime:0.0004s ]
INFO: [ app_end ] --START--
INFO: Run Behavior\ShowPageTraceBehavior [ RunTime:0.000086s ]
INFO: [ app_end ] --END-- [ RunTime:0.000139s ]

[ 2016-11-05T10:54:42+08:00 ] 127.0.0.1 /Api/Goods/differentCart
INFO: [ app_init ] --START--
INFO: Run Behavior\BuildLiteBehavior [ RunTime:0.000014s ]
INFO: [ app_init ] --END-- [ RunTime:0.000093s ]
INFO: [ app_begin ] --START--
INFO: Run Behavior\ReadHtmlCacheBehavior [ RunTime:0.000048s ]
INFO: [ app_begin ] --END-- [ RunTime:0.000097s ]
SQL: SHOW COLUMNS FROM `think_shopcart` [ RunTime:0.0007s ]
SQL: SELECT COUNT(*) AS tp_Count FROM `think_shopcart` WHERE ( user_id=4 ) LIMIT 1   [ RunTime:0.0001s ]
INFO: [ app_end ] --START--
INFO: Run Behavior\ShowPageTraceBehavior [ RunTime:0.000058s ]
INFO: [ app_end ] --END-- [ RunTime:0.000098s ]

[ 2016-11-05T10:54:45+08:00 ] 127.0.0.1 /Api/Order/sureGoods?order_id=147831444800042456
INFO: [ app_init ] --START--
INFO: Run Behavior\BuildLiteBehavior [ RunTime:0.000013s ]
INFO: [ app_init ] --END-- [ RunTime:0.000088s ]
INFO: [ app_begin ] --START--
INFO: Run Behavior\ReadHtmlCacheBehavior [ RunTime:0.000038s ]
INFO: [ app_begin ] --END-- [ RunTime:0.000085s ]
SQL: SHOW COLUMNS FROM `think_order` [ RunTime:0.0007s ]
SQL: UPDATE `think_order` SET `status`='3' WHERE ( order_id=147831444800042456 ) [ RunTime:0.0004s ]
INFO: [ app_end ] --START--
INFO: Run Behavior\ShowPageTraceBehavior [ RunTime:0.000065s ]
INFO: [ app_end ] --END-- [ RunTime:0.000106s ]

[ 2016-11-05T10:54:46+08:00 ] 127.0.0.1 /Api/Goods/differentCart
INFO: [ app_init ] --START--
INFO: Run Behavior\BuildLiteBehavior [ RunTime:0.000014s ]
INFO: [ app_init ] --END-- [ RunTime:0.000095s ]
INFO: [ app_begin ] --START--
INFO: Run Behavior\ReadHtmlCacheBehavior [ RunTime:0.000040s ]
INFO: [ app_begin ] --END-- [ RunTime:0.000082s ]
SQL: SHOW COLUMNS FROM `think_shopcart` [ RunTime:0.0006s ]
SQL: SELECT COUNT(*) AS tp_Count FROM `think_shopcart` WHERE ( user_id=4 ) LIMIT 1   [ RunTime:0.0001s ]
INFO: [ app_end ] --START--
INFO: Run Behavior\ShowPageTraceBehavior [ RunTime:0.000057s ]
INFO: [ app_end ] --END-- [ RunTime:0.000096s ]

[ 2016-11-05T10:55:00+08:00 ] 127.0.0.1 /Api/Goods/differentCart
INFO: [ app_init ] --START--
INFO: Run Behavior\BuildLiteBehavior [ RunTime:0.000012s ]
INFO: [ app_init ] --END-- [ RunTime:0.000087s ]
INFO: [ app_begin ] --START--
INFO: Run Behavior\ReadHtmlCacheBehavior [ RunTime:0.000026s ]
INFO: [ app_begin ] --END-- [ RunTime:0.000053s ]
SQL: SHOW COLUMNS FROM `think_shopcart` [ RunTime:0.0004s ]
SQL: SELECT COUNT(*) AS tp_Count FROM `think_shopcart` WHERE ( user_id=4 ) LIMIT 1   [ RunTime:0.0001s ]
INFO: [ app_end ] --START--
INFO: Run Behavior\ShowPageTraceBehavior [ RunTime:0.000040s ]
INFO: [ app_end ] --END-- [ RunTime:0.000063s ]

[ 2016-11-05T10:55:21+08:00 ] 127.0.0.1 /Api/Order/uploadPic
INFO: [ app_init ] --START--
INFO: Run Behavior\BuildLiteBehavior [ RunTime:0.000014s ]
INFO: [ app_init ] --END-- [ RunTime:0.000100s ]
INFO: [ app_begin ] --START--
INFO: Run Behavior\ReadHtmlCacheBehavior [ RunTime:0.000041s ]
INFO: [ app_begin ] --END-- [ RunTime:0.000087s ]
NOTIC: [2] call_user_func() expects parameter 1 to be a valid callback, no array or string given /var/www/shop/ThinkPHP/Library/Think/Upload.class.php 第 170 行.

[ 2016-11-05T10:55:31+08:00 ] 127.0.0.1 /Api/Order/uploadPic
INFO: [ app_init ] --START--
INFO: Run Behavior\BuildLiteBehavior [ RunTime:0.000010s ]
INFO: [ app_init ] --END-- [ RunTime:0.000066s ]
INFO: [ app_begin ] --START--
INFO: Run Behavior\ReadHtmlCacheBehavior [ RunTime:0.000026s ]
INFO: [ app_begin ] --END-- [ RunTime:0.000053s ]
NOTIC: [2] call_user_func() expects parameter 1 to be a valid callback, no array or string given /var/www/shop/ThinkPHP/Library/Think/Upload.class.php 第 170 行.

[ 2016-11-05T10:55:32+08:00 ] 127.0.0.1 /Api/Order/uploadComment
INFO: [ app_init ] --START--
INFO: Run Behavior\BuildLiteBehavior [ RunTime:0.000028s ]
INFO: [ app_init ] --END-- [ RunTime:0.000152s ]
INFO: [ app_begin ] --START--
INFO: Run Behavior\ReadHtmlCacheBehavior [ RunTime:0.000051s ]
INFO: [ app_begin ] --END-- [ RunTime:0.000105s ]
SQL: SHOW COLUMNS FROM `think_order_detail` [ RunTime:0.0005s ]
SQL: SELECT * FROM `think_order_detail` WHERE ( order_id=147831444800042456 AND goods_sn=200000302 ) LIMIT 1   [ RunTime:0.0003s ]
SQL: SHOW COLUMNS FROM `think_person_comment` [ RunTime:0.0006s ]
SQL: INSERT INTO `think_person_comment` (`goods_sn`,`comment_type`,`comment`,`order_id`,`picture`,`user_id`,`goods_id`,`goods_name`,`goods_type1`,`type1_name`,`goods_type2`,`type2_name`,`goods_thumb`,`addtime`) VALUES ('200000302','中评','还行还行，不算特别好的～！','147831444800042456','a:1:{i:0;s:96:\"/Public/Uploads/comment/person/user_id4/order_id147831444800042456/sn200000302/581d4a19df6f6.jpg\";}','4','29','亿滋 趣多多曲奇饼干缤纷逗巧克力味255g 家庭装','口味','香粒米脆味','包装','直装','/Public/Uploads/goods/sn200000302/TB1B5lrHFXXXXXxXXXXXXXXXXXX_!!0-item_pic_mid.jpg','1478314532') [ RunTime:0.0003s ]
SQL: SHOW COLUMNS FROM `think_comment` [ RunTime:0.0006s ]
SQL: INSERT INTO `think_comment` (`comment_type`,`comment`,`picture`,`user_id`,`goods_id`,`goods_type1`,`type1_name`,`goods_type2`,`type2_name`,`addtime`,`user_name`) VALUES ('中评','还行还行，不算特别好的～！','a:1:{i:0;s:96:\"/Public/Uploads/comment/person/user_id4/order_id147831444800042456/sn200000302/581d4a19df6f6.jpg\";}','4','29','口味','香粒米脆味','包装','直装','1478314532','penn') [ RunTime:0.0035s ]
SQL: SHOW COLUMNS FROM `think_order` [ RunTime:0.0005s ]
SQL: UPDATE `think_order` SET `status`='4' WHERE ( order_id=147831444800042456 ) [ RunTime:0.0003s ]
INFO: [ app_end ] --START--
INFO: Run Behavior\ShowPageTraceBehavior [ RunTime:0.000048s ]
INFO: [ app_end ] --END-- [ RunTime:0.000072s ]

[ 2016-11-05T10:55:32+08:00 ] 127.0.0.1 /Api/Order/uploadComment
INFO: [ app_init ] --START--
INFO: Run Behavior\BuildLiteBehavior [ RunTime:0.000011s ]
INFO: [ app_init ] --END-- [ RunTime:0.000063s ]
INFO: [ app_begin ] --START--
INFO: Run Behavior\ReadHtmlCacheBehavior [ RunTime:0.000034s ]
INFO: [ app_begin ] --END-- [ RunTime:0.000068s ]
SQL: SHOW COLUMNS FROM `think_order_detail` [ RunTime:0.0005s ]
SQL: SELECT * FROM `think_order_detail` WHERE ( order_id=147831444800042456 AND goods_sn=200000401 ) LIMIT 1   [ RunTime:0.0003s ]
SQL: SHOW COLUMNS FROM `think_person_comment` [ RunTime:0.0008s ]
SQL: INSERT INTO `think_person_comment` (`goods_sn`,`comment_type`,`comment`,`order_id`,`picture`,`user_id`,`goods_id`,`goods_name`,`goods_type1`,`type1_name`,`goods_type2`,`type2_name`,`goods_thumb`,`addtime`) VALUES ('200000401','好评','很好吃的～！','147831444800042456','a:1:{i:0;s:96:\"/Public/Uploads/comment/person/user_id4/order_id147831444800042456/sn200000401/581d4a234fae7.jpg\";}','4','30','良品铺子碧根果奶香味190g坚果零食 干果炒货 山核桃','口味','奶香味','包装','大陆装','/Public/Uploads/goods/sn200000401/TB1iAw9KFXXXXaDXVXXXXXXXXXX_!!0-item_pic_mid.jpg','1478314532') [ RunTime:0.0003s ]
SQL: SHOW COLUMNS FROM `think_comment` [ RunTime:0.0007s ]
SQL: INSERT INTO `think_comment` (`comment_type`,`comment`,`picture`,`user_id`,`goods_id`,`goods_type1`,`type1_name`,`goods_type2`,`type2_name`,`addtime`,`user_name`) VALUES ('好评','很好吃的～！','a:1:{i:0;s:96:\"/Public/Uploads/comment/person/user_id4/order_id147831444800042456/sn200000401/581d4a234fae7.jpg\";}','4','30','口味','奶香味','包装','大陆装','1478314532','penn') [ RunTime:0.0027s ]
SQL: SHOW COLUMNS FROM `think_order` [ RunTime:0.0009s ]
SQL: UPDATE `think_order` SET `status`='4' WHERE ( order_id=147831444800042456 ) [ RunTime:0.0003s ]
INFO: [ app_end ] --START--
INFO: Run Behavior\ShowPageTraceBehavior [ RunTime:0.000073s ]
INFO: [ app_end ] --END-- [ RunTime:0.000112s ]

[ 2016-11-05T10:55:33+08:00 ] 127.0.0.1 /Api/Goods/differentCart
INFO: [ app_init ] --START--
INFO: Run Behavior\BuildLiteBehavior [ RunTime:0.000016s ]
INFO: [ app_init ] --END-- [ RunTime:0.000097s ]
INFO: [ app_begin ] --START--
INFO: Run Behavior\ReadHtmlCacheBehavior [ RunTime:0.000044s ]
INFO: [ app_begin ] --END-- [ RunTime:0.000085s ]
SQL: SHOW COLUMNS FROM `think_shopcart` [ RunTime:0.0007s ]
SQL: SELECT COUNT(*) AS tp_Count FROM `think_shopcart` WHERE ( user_id=4 ) LIMIT 1   [ RunTime:0.0001s ]
INFO: [ app_end ] --START--
INFO: Run Behavior\ShowPageTraceBehavior [ RunTime:0.000057s ]
INFO: [ app_end ] --END-- [ RunTime:0.000099s ]

[ 2016-11-05T10:55:42+08:00 ] 127.0.0.1 /Api/Goods/differentCart
INFO: [ app_init ] --START--
INFO: Run Behavior\BuildLiteBehavior [ RunTime:0.000013s ]
INFO: [ app_init ] --END-- [ RunTime:0.000088s ]
INFO: [ app_begin ] --START--
INFO: Run Behavior\ReadHtmlCacheBehavior [ RunTime:0.000035s ]
INFO: [ app_begin ] --END-- [ RunTime:0.000070s ]
SQL: SHOW COLUMNS FROM `think_shopcart` [ RunTime:0.0007s ]
SQL: SELECT COUNT(*) AS tp_Count FROM `think_shopcart` WHERE ( user_id=4 ) LIMIT 1   [ RunTime:0.0001s ]
INFO: [ app_end ] --START--
INFO: Run Behavior\ShowPageTraceBehavior [ RunTime:0.000055s ]
INFO: [ app_end ] --END-- [ RunTime:0.000086s ]

[ 2016-11-05T10:55:46+08:00 ] 127.0.0.1 /Api/Goods/makeTempOrder
INFO: [ app_init ] --START--
INFO: Run Behavior\BuildLiteBehavior [ RunTime:0.000017s ]
INFO: [ app_init ] --END-- [ RunTime:0.000120s ]
INFO: [ app_begin ] --START--
INFO: Run Behavior\ReadHtmlCacheBehavior [ RunTime:0.000058s ]
INFO: [ app_begin ] --END-- [ RunTime:0.000117s ]
SQL: SHOW COLUMNS FROM `think_temporary_order` [ RunTime:0.0006s ]
SQL: DELETE FROM `think_temporary_order` WHERE ( user_id=4 ) [ RunTime:0.0002s ]
SQL: SHOW COLUMNS FROM `think_shopcart` [ RunTime:0.0008s ]
SQL: UPDATE `think_shopcart` SET `is_order`='0' WHERE ( 1=1 ) [ RunTime:0.0003s ]
SQL: UPDATE `think_shopcart` SET `is_order`='1' WHERE ( cart_id=149 ) [ RunTime:0.0003s ]
SQL: INSERT INTO `think_temporary_order` (`user_id`,`cart_id`,`addtime`) VALUES ('4','149','1478314546') [ RunTime:0.0002s ]
SQL: UPDATE `think_shopcart` SET `is_order`='1' WHERE ( cart_id=156 ) [ RunTime:0.0003s ]
SQL: INSERT INTO `think_temporary_order` (`user_id`,`cart_id`,`addtime`) VALUES ('4','156','1478314546') [ RunTime:0.0002s ]
INFO: [ app_end ] --START--
INFO: Run Behavior\ShowPageTraceBehavior [ RunTime:0.000076s ]
INFO: [ app_end ] --END-- [ RunTime:0.000124s ]

[ 2016-11-05T10:55:46+08:00 ] 127.0.0.1 /Api/Goods/differentCart
INFO: [ app_init ] --START--
INFO: Run Behavior\BuildLiteBehavior [ RunTime:0.000014s ]
INFO: [ app_init ] --END-- [ RunTime:0.000090s ]
INFO: [ app_begin ] --START--
INFO: Run Behavior\ReadHtmlCacheBehavior [ RunTime:0.000037s ]
INFO: [ app_begin ] --END-- [ RunTime:0.000075s ]
SQL: SHOW COLUMNS FROM `think_shopcart` [ RunTime:0.0005s ]
SQL: SELECT COUNT(*) AS tp_Count FROM `think_shopcart` WHERE ( user_id=4 ) LIMIT 1   [ RunTime:0.0002s ]
INFO: [ app_end ] --START--
INFO: Run Behavior\ShowPageTraceBehavior [ RunTime:0.000045s ]
INFO: [ app_end ] --END-- [ RunTime:0.000072s ]

[ 2016-11-05T10:56:19+08:00 ] 127.0.0.1 /Api/Goods/makeOrder
INFO: [ app_init ] --START--
INFO: Run Behavior\BuildLiteBehavior [ RunTime:0.000053s ]
INFO: [ app_init ] --END-- [ RunTime:0.000223s ]
INFO: [ app_begin ] --START--
INFO: Run Behavior\ReadHtmlCacheBehavior [ RunTime:0.000054s ]
INFO: [ app_begin ] --END-- [ RunTime:0.000104s ]
SQL: SHOW COLUMNS FROM `think_order` [ RunTime:0.0010s ]
SQL: INSERT INTO `think_order` (`order_id`,`user_id`,`status`,`message`,`addtime`,`receiver`,`phone`,`province`,`city`,`district`,`street`,`express_style`,`express_fee`,`total_money`) VALUES ('147831457900045601','4','0','再次测试使用～～！','1478314579','皮城女警          ','13422222222','上海市','上海市市辖区','静安区','皮城戒备19区','顺丰','20','205.6') [ RunTime:0.0005s ]
SQL: SHOW COLUMNS FROM `think_shopcart` [ RunTime:0.0008s ]
SQL: SELECT * FROM `think_shopcart` WHERE ( cart_id=149 )  [ RunTime:0.0003s ]
SQL: SHOW COLUMNS FROM `think_thumb` [ RunTime:0.0006s ]
SQL: SELECT `mid` FROM `think_thumb` WHERE ( goods_sn=1000001 ) LIMIT 1   [ RunTime:0.0002s ]
SQL: SHOW COLUMNS FROM `think_order_detail` [ RunTime:0.0008s ]
SQL: INSERT INTO `think_order_detail` (`order_id`,`goods_id`,`goods_sn`,`goods_name`,`goods_type1`,`goods_type`,`goods_type2`,`goods_package`,`goods_num`,`goods_price`,`goods_thumb`,`addtime`) VALUES ('147831457900045601','7','1000001','良品铺子 手剥松子218g 坚果炒货 巴西松子','口味','原味','包装','手袋单人份','3','56.9','/Public/Uploads/goods/sn1000001/01_mid.jpg','1478314579') [ RunTime:0.0005s ]
NOTIC: [8] Use of undefined constant fasle - assumed 'fasle' /var/www/shop/App/Api/Controller/GoodsController.class.php 第 211 行.
SQL: DELETE FROM `think_shopcart` WHERE ( cart_id=149 ) [ RunTime:0.0003s ]
SQL: SHOW COLUMNS FROM `think_goods_specify` [ RunTime:0.0006s ]
SQL: UPDATE `think_goods_specify` SET `goods_num`=goods_num-3 WHERE ( goods_sn=1000001 ) [ RunTime:0.0004s ]
SQL: SELECT * FROM `think_shopcart` WHERE ( cart_id=156 )  [ RunTime:0.0003s ]
SQL: SELECT `mid` FROM `think_thumb` WHERE ( goods_sn=200000301 ) LIMIT 1   [ RunTime:0.0001s ]
SQL: INSERT INTO `think_order_detail` (`order_id`,`goods_id`,`goods_sn`,`goods_name`,`goods_type1`,`goods_type`,`goods_type2`,`goods_package`,`goods_num`,`goods_price`,`goods_thumb`,`addtime`) VALUES ('147831457900045601','29','200000301','亿滋 趣多多曲奇饼干缤纷逗巧克力味255g 家庭装','口味','巧克力味','包装','袋装','1','14.9','/Public/Uploads/goods/sn200000301/big_mid.jpg','1478314579') [ RunTime:0.0003s ]
NOTIC: [8] Use of undefined constant fasle - assumed 'fasle' /var/www/shop/App/Api/Controller/GoodsController.class.php 第 211 行.
SQL: DELETE FROM `think_shopcart` WHERE ( cart_id=156 ) [ RunTime:0.0003s ]
SQL: UPDATE `think_goods_specify` SET `goods_num`=goods_num-1 WHERE ( goods_sn=200000301 ) [ RunTime:0.0003s ]
SQL: SHOW COLUMNS FROM `think_temporary_order` [ RunTime:0.0006s ]
SQL: DELETE FROM `think_temporary_order` WHERE ( 1=1 ) [ RunTime:0.0002s ]
INFO: [ app_end ] --START--
INFO: Run Behavior\ShowPageTraceBehavior [ RunTime:0.000078s ]
INFO: [ app_end ] --END-- [ RunTime:0.000119s ]

[ 2016-11-05T10:56:19+08:00 ] 127.0.0.1 /Api/Goods/differentCart
INFO: [ app_init ] --START--
INFO: Run Behavior\BuildLiteBehavior [ RunTime:0.000014s ]
INFO: [ app_init ] --END-- [ RunTime:0.000096s ]
INFO: [ app_begin ] --START--
INFO: Run Behavior\ReadHtmlCacheBehavior [ RunTime:0.000037s ]
INFO: [ app_begin ] --END-- [ RunTime:0.000076s ]
SQL: SHOW COLUMNS FROM `think_shopcart` [ RunTime:0.0008s ]
SQL: SELECT COUNT(*) AS tp_Count FROM `think_shopcart` WHERE ( user_id=4 ) LIMIT 1   [ RunTime:0.0003s ]
INFO: [ app_end ] --START--
INFO: Run Behavior\ShowPageTraceBehavior [ RunTime:0.000058s ]
INFO: [ app_end ] --END-- [ RunTime:0.000094s ]

[ 2016-11-05T10:56:21+08:00 ] 127.0.0.1 /Api/Order/payment?order_id=147831457900045601
INFO: [ app_init ] --START--
INFO: Run Behavior\BuildLiteBehavior [ RunTime:0.000008s ]
INFO: [ app_init ] --END-- [ RunTime:0.000055s ]
INFO: [ app_begin ] --START--
INFO: Run Behavior\ReadHtmlCacheBehavior [ RunTime:0.000023s ]
INFO: [ app_begin ] --END-- [ RunTime:0.000044s ]
SQL: SHOW COLUMNS FROM `think_order` [ RunTime:0.0005s ]
SQL: UPDATE `think_order` SET `status`='1' WHERE ( order_id=147831457900045601 ) [ RunTime:0.0002s ]
INFO: [ app_end ] --START--
INFO: Run Behavior\ShowPageTraceBehavior [ RunTime:0.000050s ]
INFO: [ app_end ] --END-- [ RunTime:0.000081s ]

[ 2016-11-05T10:56:21+08:00 ] 127.0.0.1 /Api/Goods/differentCart
INFO: [ app_init ] --START--
INFO: Run Behavior\BuildLiteBehavior [ RunTime:0.000015s ]
INFO: [ app_init ] --END-- [ RunTime:0.000094s ]
INFO: [ app_begin ] --START--
INFO: Run Behavior\ReadHtmlCacheBehavior [ RunTime:0.000045s ]
INFO: [ app_begin ] --END-- [ RunTime:0.000090s ]
SQL: SHOW COLUMNS FROM `think_shopcart` [ RunTime:0.0005s ]
SQL: SELECT COUNT(*) AS tp_Count FROM `think_shopcart` WHERE ( user_id=4 ) LIMIT 1   [ RunTime:0.0001s ]
INFO: [ app_end ] --START--
INFO: Run Behavior\ShowPageTraceBehavior [ RunTime:0.000056s ]
INFO: [ app_end ] --END-- [ RunTime:0.000095s ]

[ 2016-11-05T10:56:23+08:00 ] 127.0.0.1 /Api/Goods/differentCart
INFO: [ app_init ] --START--
INFO: Run Behavior\BuildLiteBehavior [ RunTime:0.000018s ]
INFO: [ app_init ] --END-- [ RunTime:0.000115s ]
INFO: [ app_begin ] --START--
INFO: Run Behavior\ReadHtmlCacheBehavior [ RunTime:0.000048s ]
INFO: [ app_begin ] --END-- [ RunTime:0.000098s ]
SQL: SHOW COLUMNS FROM `think_shopcart` [ RunTime:0.0006s ]
SQL: SELECT COUNT(*) AS tp_Count FROM `think_shopcart` WHERE ( user_id=4 ) LIMIT 1   [ RunTime:0.0001s ]
INFO: [ app_end ] --START--
INFO: Run Behavior\ShowPageTraceBehavior [ RunTime:0.000060s ]
INFO: [ app_end ] --END-- [ RunTime:0.000108s ]

[ 2016-11-05T10:56:32+08:00 ] 127.0.0.1 /Api/Order/remind?order_id=147831457900045601
INFO: [ app_init ] --START--
INFO: Run Behavior\BuildLiteBehavior [ RunTime:0.000009s ]
INFO: [ app_init ] --END-- [ RunTime:0.000072s ]
INFO: [ app_begin ] --START--
INFO: Run Behavior\ReadHtmlCacheBehavior [ RunTime:0.000058s ]
INFO: [ app_begin ] --END-- [ RunTime:0.000095s ]
SQL: SHOW COLUMNS FROM `think_order` [ RunTime:0.0006s ]
SQL: UPDATE `think_order` SET `remind_sent`='1' WHERE ( order_id=147831457900045601 ) [ RunTime:0.0003s ]
INFO: [ app_end ] --START--
INFO: Run Behavior\ShowPageTraceBehavior [ RunTime:0.000048s ]
INFO: [ app_end ] --END-- [ RunTime:0.000072s ]

[ 2016-11-05T10:56:42+08:00 ] 127.0.0.1 /Api/Goods/differentCart
INFO: [ app_init ] --START--
INFO: Run Behavior\BuildLiteBehavior [ RunTime:0.000013s ]
INFO: [ app_init ] --END-- [ RunTime:0.000091s ]
INFO: [ app_begin ] --START--
INFO: Run Behavior\ReadHtmlCacheBehavior [ RunTime:0.000034s ]
INFO: [ app_begin ] --END-- [ RunTime:0.000076s ]
SQL: SHOW COLUMNS FROM `think_shopcart` [ RunTime:0.0005s ]
SQL: SELECT COUNT(*) AS tp_Count FROM `think_shopcart` WHERE ( user_id=4 ) LIMIT 1   [ RunTime:0.0001s ]
INFO: [ app_end ] --START--
INFO: Run Behavior\ShowPageTraceBehavior [ RunTime:0.000060s ]
INFO: [ app_end ] --END-- [ RunTime:0.000105s ]

[ 2016-11-05T10:56:51+08:00 ] 127.0.0.1 /Api/Order/sentOrder?order_id=147831457900045601
INFO: [ app_init ] --START--
INFO: Run Behavior\BuildLiteBehavior [ RunTime:0.000012s ]
INFO: [ app_init ] --END-- [ RunTime:0.000076s ]
INFO: [ app_begin ] --START--
INFO: Run Behavior\ReadHtmlCacheBehavior [ RunTime:0.000047s ]
INFO: [ app_begin ] --END-- [ RunTime:0.000087s ]
SQL: SHOW COLUMNS FROM `think_order` [ RunTime:0.0007s ]
SQL: UPDATE `think_order` SET `status`='2' WHERE ( order_id=147831457900045601 ) [ RunTime:0.0005s ]
SQL: UPDATE `think_order` SET `remind_sent`='0' WHERE ( order_id=147831457900045601 ) [ RunTime:0.0003s ]
INFO: [ app_end ] --START--
INFO: Run Behavior\ShowPageTraceBehavior [ RunTime:0.000073s ]
INFO: [ app_end ] --END-- [ RunTime:0.000114s ]

[ 2016-11-05T10:56:57+08:00 ] 127.0.0.1 /Api/Goods/differentCart
INFO: [ app_init ] --START--
INFO: Run Behavior\BuildLiteBehavior [ RunTime:0.000009s ]
INFO: [ app_init ] --END-- [ RunTime:0.000061s ]
INFO: [ app_begin ] --START--
INFO: Run Behavior\ReadHtmlCacheBehavior [ RunTime:0.000023s ]
INFO: [ app_begin ] --END-- [ RunTime:0.000046s ]
SQL: SHOW COLUMNS FROM `think_shopcart` [ RunTime:0.0006s ]
SQL: SELECT COUNT(*) AS tp_Count FROM `think_shopcart` WHERE ( user_id=4 ) LIMIT 1   [ RunTime:0.0001s ]
INFO: [ app_end ] --START--
INFO: Run Behavior\ShowPageTraceBehavior [ RunTime:0.000056s ]
INFO: [ app_end ] --END-- [ RunTime:0.000096s ]

[ 2016-11-05T10:57:00+08:00 ] 127.0.0.1 /Api/Order/sureGoods?order_id=147831457900045601
INFO: [ app_init ] --START--
INFO: Run Behavior\BuildLiteBehavior [ RunTime:0.000010s ]
INFO: [ app_init ] --END-- [ RunTime:0.000067s ]
INFO: [ app_begin ] --START--
INFO: Run Behavior\ReadHtmlCacheBehavior [ RunTime:0.000040s ]
INFO: [ app_begin ] --END-- [ RunTime:0.000079s ]
SQL: SHOW COLUMNS FROM `think_order` [ RunTime:0.0004s ]
SQL: UPDATE `think_order` SET `status`='3' WHERE ( order_id=147831457900045601 ) [ RunTime:0.0003s ]
INFO: [ app_end ] --START--
INFO: Run Behavior\ShowPageTraceBehavior [ RunTime:0.000045s ]
INFO: [ app_end ] --END-- [ RunTime:0.000070s ]

[ 2016-11-05T10:57:01+08:00 ] 127.0.0.1 /Api/Goods/differentCart
INFO: [ app_init ] --START--
INFO: Run Behavior\BuildLiteBehavior [ RunTime:0.000016s ]
INFO: [ app_init ] --END-- [ RunTime:0.000094s ]
INFO: [ app_begin ] --START--
INFO: Run Behavior\ReadHtmlCacheBehavior [ RunTime:0.000041s ]
INFO: [ app_begin ] --END-- [ RunTime:0.000082s ]
SQL: SHOW COLUMNS FROM `think_shopcart` [ RunTime:0.0006s ]
SQL: SELECT COUNT(*) AS tp_Count FROM `think_shopcart` WHERE ( user_id=4 ) LIMIT 1   [ RunTime:0.0001s ]
INFO: [ app_end ] --START--
INFO: Run Behavior\ShowPageTraceBehavior [ RunTime:0.000056s ]
INFO: [ app_end ] --END-- [ RunTime:0.000097s ]

[ 2016-11-05T10:57:05+08:00 ] 127.0.0.1 /Api/Goods/differentCart
INFO: [ app_init ] --START--
INFO: Run Behavior\BuildLiteBehavior [ RunTime:0.000009s ]
INFO: [ app_init ] --END-- [ RunTime:0.000058s ]
INFO: [ app_begin ] --START--
INFO: Run Behavior\ReadHtmlCacheBehavior [ RunTime:0.000023s ]
INFO: [ app_begin ] --END-- [ RunTime:0.000045s ]
SQL: SHOW COLUMNS FROM `think_shopcart` [ RunTime:0.0005s ]
SQL: SELECT COUNT(*) AS tp_Count FROM `think_shopcart` WHERE ( user_id=4 ) LIMIT 1   [ RunTime:0.0001s ]
INFO: [ app_end ] --START--
INFO: Run Behavior\ShowPageTraceBehavior [ RunTime:0.000038s ]
INFO: [ app_end ] --END-- [ RunTime:0.000062s ]

[ 2016-11-05T10:57:34+08:00 ] 127.0.0.1 /Api/Order/uploadPic
INFO: [ app_init ] --START--
INFO: Run Behavior\BuildLiteBehavior [ RunTime:0.000020s ]
INFO: [ app_init ] --END-- [ RunTime:0.000141s ]
INFO: [ app_begin ] --START--
INFO: Run Behavior\ReadHtmlCacheBehavior [ RunTime:0.000062s ]
INFO: [ app_begin ] --END-- [ RunTime:0.000146s ]
NOTIC: [2] call_user_func() expects parameter 1 to be a valid callback, no array or string given /var/www/shop/ThinkPHP/Library/Think/Upload.class.php 第 170 行.

[ 2016-11-05T10:57:43+08:00 ] 127.0.0.1 /Api/Order/uploadComment
INFO: [ app_init ] --START--
INFO: Run Behavior\BuildLiteBehavior [ RunTime:0.000027s ]
INFO: [ app_init ] --END-- [ RunTime:0.000196s ]
INFO: [ app_begin ] --START--
INFO: Run Behavior\ReadHtmlCacheBehavior [ RunTime:0.000057s ]
INFO: [ app_begin ] --END-- [ RunTime:0.000111s ]
NOTIC: [8] Undefined index: picture /var/www/shop/App/Api/Controller/OrderController.class.php 第 72 行.
SQL: SHOW COLUMNS FROM `think_order_detail` [ RunTime:0.0009s ]
SQL: SELECT * FROM `think_order_detail` WHERE ( order_id=147831457900045601 AND goods_sn=1000001 ) LIMIT 1   [ RunTime:0.0004s ]
SQL: SHOW COLUMNS FROM `think_person_comment` [ RunTime:0.0007s ]
SQL: INSERT INTO `think_person_comment` (`goods_sn`,`comment_type`,`comment`,`order_id`,`user_id`,`picture`,`goods_id`,`goods_name`,`goods_type1`,`type1_name`,`goods_type2`,`type2_name`,`goods_thumb`,`addtime`) VALUES ('1000001','差评','差差～～！','147831457900045601','4','N;','7','良品铺子 手剥松子218g 坚果炒货 巴西松子','口味','原味','包装','手袋单人份','/Public/Uploads/goods/sn1000001/01_mid.jpg','1478314663') [ RunTime:0.0003s ]
SQL: SHOW COLUMNS FROM `think_comment` [ RunTime:0.0004s ]
SQL: INSERT INTO `think_comment` (`comment_type`,`comment`,`user_id`,`picture`,`goods_id`,`goods_type1`,`type1_name`,`goods_type2`,`type2_name`,`addtime`,`user_name`) VALUES ('差评','差差～～！','4','N;','7','口味','原味','包装','手袋单人份','1478314663','penn') [ RunTime:0.0049s ]
SQL: SHOW COLUMNS FROM `think_order` [ RunTime:0.0007s ]
SQL: UPDATE `think_order` SET `status`='4' WHERE ( order_id=147831457900045601 ) [ RunTime:0.0004s ]
INFO: [ app_end ] --START--
INFO: Run Behavior\ShowPageTraceBehavior [ RunTime:0.000094s ]
INFO: [ app_end ] --END-- [ RunTime:0.000145s ]

[ 2016-11-05T10:57:43+08:00 ] 127.0.0.1 /Api/Order/uploadComment
INFO: [ app_init ] --START--
INFO: Run Behavior\BuildLiteBehavior [ RunTime:0.000024s ]
INFO: [ app_init ] --END-- [ RunTime:0.000174s ]
INFO: [ app_begin ] --START--
INFO: Run Behavior\ReadHtmlCacheBehavior [ RunTime:0.000027s ]
INFO: [ app_begin ] --END-- [ RunTime:0.000055s ]
SQL: SHOW COLUMNS FROM `think_order_detail` [ RunTime:0.0006s ]
SQL: SELECT * FROM `think_order_detail` WHERE ( order_id=147831457900045601 AND goods_sn=200000301 ) LIMIT 1   [ RunTime:0.0003s ]
SQL: SHOW COLUMNS FROM `think_person_comment` [ RunTime:0.0006s ]
SQL: INSERT INTO `think_person_comment` (`goods_sn`,`comment_type`,`comment`,`order_id`,`picture`,`user_id`,`goods_id`,`goods_name`,`goods_type1`,`type1_name`,`goods_type2`,`type2_name`,`goods_thumb`,`addtime`) VALUES ('200000301','差评','差到爆炸的～！','147831457900045601','a:1:{i:0;s:96:\"/Public/Uploads/comment/person/user_id4/order_id147831457900045601/sn200000301/581d4a9e74b89.jpg\";}','4','29','亿滋 趣多多曲奇饼干缤纷逗巧克力味255g 家庭装','口味','巧克力味','包装','袋装','/Public/Uploads/goods/sn200000301/big_mid.jpg','1478314663') [ RunTime:0.0003s ]
SQL: SHOW COLUMNS FROM `think_comment` [ RunTime:0.0006s ]
SQL: INSERT INTO `think_comment` (`comment_type`,`comment`,`picture`,`user_id`,`goods_id`,`goods_type1`,`type1_name`,`goods_type2`,`type2_name`,`addtime`,`user_name`) VALUES ('差评','差到爆炸的～！','a:1:{i:0;s:96:\"/Public/Uploads/comment/person/user_id4/order_id147831457900045601/sn200000301/581d4a9e74b89.jpg\";}','4','29','口味','巧克力味','包装','袋装','1478314663','penn') [ RunTime:0.0037s ]
SQL: SHOW COLUMNS FROM `think_order` [ RunTime:0.0009s ]
SQL: UPDATE `think_order` SET `status`='4' WHERE ( order_id=147831457900045601 ) [ RunTime:0.0004s ]
INFO: [ app_end ] --START--
INFO: Run Behavior\ShowPageTraceBehavior [ RunTime:0.000061s ]
INFO: [ app_end ] --END-- [ RunTime:0.000099s ]

[ 2016-11-05T10:57:45+08:00 ] 127.0.0.1 /Api/Goods/differentCart
INFO: [ app_init ] --START--
INFO: Run Behavior\BuildLiteBehavior [ RunTime:0.000014s ]
INFO: [ app_init ] --END-- [ RunTime:0.000091s ]
INFO: [ app_begin ] --START--
INFO: Run Behavior\ReadHtmlCacheBehavior [ RunTime:0.000054s ]
INFO: [ app_begin ] --END-- [ RunTime:0.000097s ]
SQL: SHOW COLUMNS FROM `think_shopcart` [ RunTime:0.0007s ]
SQL: SELECT COUNT(*) AS tp_Count FROM `think_shopcart` WHERE ( user_id=4 ) LIMIT 1   [ RunTime:0.0001s ]
INFO: [ app_end ] --START--
INFO: Run Behavior\ShowPageTraceBehavior [ RunTime:0.000059s ]
INFO: [ app_end ] --END-- [ RunTime:0.000107s ]

[ 2016-11-05T21:59:38+08:00 ] 127.0.0.1 /Api/Admin/validate?code=555
INFO: [ app_init ] --START--
INFO: Run Behavior\BuildLiteBehavior [ RunTime:0.000011s ]
INFO: [ app_init ] --END-- [ RunTime:0.000077s ]
INFO: [ app_begin ] --START--
INFO: Run Behavior\ReadHtmlCacheBehavior [ RunTime:0.000058s ]
INFO: [ app_begin ] --END-- [ RunTime:0.000107s ]

[ 2016-11-05T21:59:52+08:00 ] 127.0.0.1 /Api/Admin/validateCode?code=555
INFO: [ app_init ] --START--
INFO: Run Behavior\BuildLiteBehavior [ RunTime:0.000011s ]
INFO: [ app_init ] --END-- [ RunTime:0.000071s ]
INFO: [ app_begin ] --START--
INFO: Run Behavior\ReadHtmlCacheBehavior [ RunTime:0.000027s ]
INFO: [ app_begin ] --END-- [ RunTime:0.000050s ]

[ 2016-11-05T22:00:42+08:00 ] 127.0.0.1 /Api/Admin/validateCode?code=5555
INFO: [ app_init ] --START--
INFO: Run Behavior\BuildLiteBehavior [ RunTime:0.000015s ]
INFO: [ app_init ] --END-- [ RunTime:0.000105s ]
INFO: [ app_begin ] --START--
INFO: Run Behavior\ReadHtmlCacheBehavior [ RunTime:0.000061s ]
INFO: [ app_begin ] --END-- [ RunTime:0.000114s ]
INFO: [ app_end ] --START--
INFO: Run Behavior\ShowPageTraceBehavior [ RunTime:0.000061s ]
INFO: [ app_end ] --END-- [ RunTime:0.000114s ]

[ 2016-11-05T22:00:47+08:00 ] 127.0.0.1 /Api/Admin/validateCode?code=98657564df
INFO: [ app_init ] --START--
INFO: Run Behavior\BuildLiteBehavior [ RunTime:0.000013s ]
INFO: [ app_init ] --END-- [ RunTime:0.000092s ]
INFO: [ app_begin ] --START--
INFO: Run Behavior\ReadHtmlCacheBehavior [ RunTime:0.000041s ]
INFO: [ app_begin ] --END-- [ RunTime:0.000078s ]
INFO: [ app_end ] --START--
INFO: Run Behavior\ShowPageTraceBehavior [ RunTime:0.000038s ]
INFO: [ app_end ] --END-- [ RunTime:0.000075s ]

[ 2016-11-05T22:00:52+08:00 ] 127.0.0.1 /Api/Admin/validateCode?code=4352dsd
INFO: [ app_init ] --START--
INFO: Run Behavior\BuildLiteBehavior [ RunTime:0.000012s ]
INFO: [ app_init ] --END-- [ RunTime:0.000106s ]
INFO: [ app_begin ] --START--
INFO: Run Behavior\ReadHtmlCacheBehavior [ RunTime:0.000048s ]
INFO: [ app_begin ] --END-- [ RunTime:0.000090s ]
INFO: [ app_end ] --START--
INFO: Run Behavior\ShowPageTraceBehavior [ RunTime:0.000042s ]
INFO: [ app_end ] --END-- [ RunTime:0.000081s ]

[ 2016-11-05T22:01:06+08:00 ] 127.0.0.1 /Api/Admin/validateCode?code=dadasd23432
INFO: [ app_init ] --START--
INFO: Run Behavior\BuildLiteBehavior [ RunTime:0.000011s ]
INFO: [ app_init ] --END-- [ RunTime:0.000080s ]
INFO: [ app_begin ] --START--
INFO: Run Behavior\ReadHtmlCacheBehavior [ RunTime:0.000046s ]
INFO: [ app_begin ] --END-- [ RunTime:0.000086s ]
INFO: [ app_end ] --START--
INFO: Run Behavior\ShowPageTraceBehavior [ RunTime:0.000034s ]
INFO: [ app_end ] --END-- [ RunTime:0.000063s ]

[ 2016-11-05T22:01:27+08:00 ] 127.0.0.1 /Api/Admin/validateCode?code=21321321
INFO: [ app_init ] --START--
INFO: Run Behavior\BuildLiteBehavior [ RunTime:0.000010s ]
INFO: [ app_init ] --END-- [ RunTime:0.000067s ]
INFO: [ app_begin ] --START--
INFO: Run Behavior\ReadHtmlCacheBehavior [ RunTime:0.000028s ]
INFO: [ app_begin ] --END-- [ RunTime:0.000051s ]
INFO: [ app_end ] --START--
INFO: Run Behavior\ShowPageTraceBehavior [ RunTime:0.000026s ]
INFO: [ app_end ] --END-- [ RunTime:0.000048s ]

[ 2016-11-05T22:03:01+08:00 ] 127.0.0.1 /Api/Admin/validateCode?code=sadasdsad
INFO: [ app_init ] --START--
INFO: Run Behavior\BuildLiteBehavior [ RunTime:0.000011s ]
INFO: [ app_init ] --END-- [ RunTime:0.000078s ]
INFO: [ app_begin ] --START--
INFO: Run Behavior\ReadHtmlCacheBehavior [ RunTime:0.000036s ]
INFO: [ app_begin ] --END-- [ RunTime:0.000065s ]
INFO: [ app_end ] --START--
INFO: Run Behavior\ShowPageTraceBehavior [ RunTime:0.000032s ]
INFO: [ app_end ] --END-- [ RunTime:0.000069s ]

[ 2016-11-05T22:03:43+08:00 ] 127.0.0.1 /Api/Admin/validateCode?code=431243
INFO: [ app_init ] --START--
INFO: Run Behavior\BuildLiteBehavior [ RunTime:0.000010s ]
INFO: [ app_init ] --END-- [ RunTime:0.000070s ]
INFO: [ app_begin ] --START--
INFO: Run Behavior\ReadHtmlCacheBehavior [ RunTime:0.000031s ]
INFO: [ app_begin ] --END-- [ RunTime:0.000057s ]
INFO: [ app_end ] --START--
INFO: Run Behavior\ShowPageTraceBehavior [ RunTime:0.000027s ]
INFO: [ app_end ] --END-- [ RunTime:0.000050s ]

[ 2016-11-05T22:04:25+08:00 ] 127.0.0.1 /Api/Admin/validateCode?code=
INFO: [ app_init ] --START--
INFO: Run Behavior\BuildLiteBehavior [ RunTime:0.000014s ]
INFO: [ app_init ] --END-- [ RunTime:0.000089s ]
INFO: [ app_begin ] --START--
INFO: Run Behavior\ReadHtmlCacheBehavior [ RunTime:0.000037s ]
INFO: [ app_begin ] --END-- [ RunTime:0.000074s ]
INFO: [ app_end ] --START--
INFO: Run Behavior\ShowPageTraceBehavior [ RunTime:0.000033s ]
INFO: [ app_end ] --END-- [ RunTime:0.000071s ]

[ 2016-11-05T22:04:31+08:00 ] 127.0.0.1 /Api/Admin/validateCode?code=21312312
INFO: [ app_init ] --START--
INFO: Run Behavior\BuildLiteBehavior [ RunTime:0.000010s ]
INFO: [ app_init ] --END-- [ RunTime:0.000075s ]
INFO: [ app_begin ] --START--
INFO: Run Behavior\ReadHtmlCacheBehavior [ RunTime:0.000045s ]
INFO: [ app_begin ] --END-- [ RunTime:0.000082s ]
INFO: [ app_end ] --START--
INFO: Run Behavior\ShowPageTraceBehavior [ RunTime:0.000030s ]
INFO: [ app_end ] --END-- [ RunTime:0.000055s ]

[ 2016-11-05T22:09:15+08:00 ] 127.0.0.1 /Api/Admin/validateCode?code=555
INFO: [ app_init ] --START--
INFO: Run Behavior\BuildLiteBehavior [ RunTime:0.000036s ]
INFO: [ app_init ] --END-- [ RunTime:0.000233s ]
INFO: [ app_begin ] --START--
INFO: Run Behavior\ReadHtmlCacheBehavior [ RunTime:0.000067s ]
INFO: [ app_begin ] --END-- [ RunTime:0.000131s ]
SQL: SHOW COLUMNS FROM `think_admin` [ RunTime:0.0008s ]
SQL: SELECT `password` FROM `think_admin` WHERE ( power=1 ) LIMIT 1   [ RunTime:0.0003s ]
INFO: [ app_end ] --START--
INFO: Run Behavior\ShowPageTraceBehavior [ RunTime:0.000113s ]
INFO: [ app_end ] --END-- [ RunTime:0.000182s ]

[ 2016-11-05T22:09:23+08:00 ] 127.0.0.1 /Api/Admin/validateCode?code=123
INFO: [ app_init ] --START--
INFO: Run Behavior\BuildLiteBehavior [ RunTime:0.000013s ]
INFO: [ app_init ] --END-- [ RunTime:0.000091s ]
INFO: [ app_begin ] --START--
INFO: Run Behavior\ReadHtmlCacheBehavior [ RunTime:0.000043s ]
INFO: [ app_begin ] --END-- [ RunTime:0.000083s ]
SQL: SHOW COLUMNS FROM `think_admin` [ RunTime:0.0008s ]
SQL: SELECT `password` FROM `think_admin` WHERE ( power=1 ) LIMIT 1   [ RunTime:0.0001s ]
INFO: [ app_end ] --START--
INFO: Run Behavior\ShowPageTraceBehavior [ RunTime:0.000082s ]
INFO: [ app_end ] --END-- [ RunTime:0.000131s ]

[ 2016-11-05T22:09:27+08:00 ] 127.0.0.1 /Api/Admin/validateCode?code=123456
INFO: [ app_init ] --START--
INFO: Run Behavior\BuildLiteBehavior [ RunTime:0.000016s ]
INFO: [ app_init ] --END-- [ RunTime:0.000136s ]
INFO: [ app_begin ] --START--
INFO: Run Behavior\ReadHtmlCacheBehavior [ RunTime:0.000053s ]
INFO: [ app_begin ] --END-- [ RunTime:0.000103s ]
SQL: SHOW COLUMNS FROM `think_admin` [ RunTime:0.0007s ]
SQL: SELECT `password` FROM `think_admin` WHERE ( power=1 ) LIMIT 1   [ RunTime:0.0001s ]
INFO: [ app_end ] --START--
INFO: Run Behavior\ShowPageTraceBehavior [ RunTime:0.000071s ]
INFO: [ app_end ] --END-- [ RunTime:0.000112s ]

[ 2016-11-05T22:10:44+08:00 ] 127.0.0.1 /Api/Admin/validateCode?code=5465
INFO: [ app_init ] --START--
INFO: Run Behavior\BuildLiteBehavior [ RunTime:0.000010s ]
INFO: [ app_init ] --END-- [ RunTime:0.000071s ]
INFO: [ app_begin ] --START--
INFO: Run Behavior\ReadHtmlCacheBehavior [ RunTime:0.000032s ]
INFO: [ app_begin ] --END-- [ RunTime:0.000060s ]
SQL: SHOW COLUMNS FROM `think_admin` [ RunTime:0.0004s ]
SQL: SELECT `password` FROM `think_admin` WHERE ( power=1 ) LIMIT 1   [ RunTime:0.0001s ]
INFO: [ app_end ] --START--
INFO: Run Behavior\ShowPageTraceBehavior [ RunTime:0.000037s ]
INFO: [ app_end ] --END-- [ RunTime:0.000064s ]

[ 2016-11-05T22:10:48+08:00 ] 127.0.0.1 /Api/Admin/validateCode?code=123456
INFO: [ app_init ] --START--
INFO: Run Behavior\BuildLiteBehavior [ RunTime:0.000016s ]
INFO: [ app_init ] --END-- [ RunTime:0.000105s ]
INFO: [ app_begin ] --START--
INFO: Run Behavior\ReadHtmlCacheBehavior [ RunTime:0.000050s ]
INFO: [ app_begin ] --END-- [ RunTime:0.000098s ]
SQL: SHOW COLUMNS FROM `think_admin` [ RunTime:0.0009s ]
SQL: SELECT `password` FROM `think_admin` WHERE ( power=1 ) LIMIT 1   [ RunTime:0.0001s ]
INFO: [ app_end ] --START--
INFO: Run Behavior\ShowPageTraceBehavior [ RunTime:0.000051s ]
INFO: [ app_end ] --END-- [ RunTime:0.000085s ]

[ 2016-11-05T22:14:37+08:00 ] 127.0.0.1 /Api/Admin/validateCode?code=33425123
INFO: [ app_init ] --START--
INFO: Run Behavior\BuildLiteBehavior [ RunTime:0.000012s ]
INFO: [ app_init ] --END-- [ RunTime:0.000090s ]
INFO: [ app_begin ] --START--
INFO: Run Behavior\ReadHtmlCacheBehavior [ RunTime:0.000042s ]
INFO: [ app_begin ] --END-- [ RunTime:0.000080s ]
SQL: SHOW COLUMNS FROM `think_admin` [ RunTime:0.0005s ]
SQL: SELECT `password` FROM `think_admin` WHERE ( power=1 ) LIMIT 1   [ RunTime:0.0001s ]
INFO: [ app_end ] --START--
INFO: Run Behavior\ShowPageTraceBehavior [ RunTime:0.000047s ]
INFO: [ app_end ] --END-- [ RunTime:0.000084s ]

[ 2016-11-05T22:14:41+08:00 ] 127.0.0.1 /Api/Admin/validateCode?code=123456
INFO: [ app_init ] --START--
INFO: Run Behavior\BuildLiteBehavior [ RunTime:0.000009s ]
INFO: [ app_init ] --END-- [ RunTime:0.000066s ]
INFO: [ app_begin ] --START--
INFO: Run Behavior\ReadHtmlCacheBehavior [ RunTime:0.000036s ]
INFO: [ app_begin ] --END-- [ RunTime:0.000074s ]
SQL: SHOW COLUMNS FROM `think_admin` [ RunTime:0.0005s ]
SQL: SELECT `password` FROM `think_admin` WHERE ( power=1 ) LIMIT 1   [ RunTime:0.0001s ]
INFO: [ app_end ] --START--
INFO: Run Behavior\ShowPageTraceBehavior [ RunTime:0.000040s ]
INFO: [ app_end ] --END-- [ RunTime:0.000064s ]

[ 2016-11-05T22:14:41+08:00 ] 127.0.0.1 /Api/Admin/freeze?id=2
INFO: [ app_init ] --START--
INFO: Run Behavior\BuildLiteBehavior [ RunTime:0.000011s ]
INFO: [ app_init ] --END-- [ RunTime:0.000070s ]
INFO: [ app_begin ] --START--
INFO: Run Behavior\ReadHtmlCacheBehavior [ RunTime:0.000030s ]
INFO: [ app_begin ] --END-- [ RunTime:0.000059s ]
INFO: [ app_end ] --START--
INFO: Run Behavior\ShowPageTraceBehavior [ RunTime:0.000025s ]
INFO: [ app_end ] --END-- [ RunTime:0.000055s ]

[ 2016-11-05T22:14:48+08:00 ] 127.0.0.1 /Api/Admin/validateCode?code=123456
INFO: [ app_init ] --START--
INFO: Run Behavior\BuildLiteBehavior [ RunTime:0.000012s ]
INFO: [ app_init ] --END-- [ RunTime:0.000094s ]
INFO: [ app_begin ] --START--
INFO: Run Behavior\ReadHtmlCacheBehavior [ RunTime:0.000041s ]
INFO: [ app_begin ] --END-- [ RunTime:0.000076s ]
SQL: SHOW COLUMNS FROM `think_admin` [ RunTime:0.0004s ]
SQL: SELECT `password` FROM `think_admin` WHERE ( power=1 ) LIMIT 1   [ RunTime:0.0001s ]
INFO: [ app_end ] --START--
INFO: Run Behavior\ShowPageTraceBehavior [ RunTime:0.000046s ]
INFO: [ app_end ] --END-- [ RunTime:0.000071s ]

[ 2016-11-05T22:16:43+08:00 ] 127.0.0.1 /Api/Admin/validateCode?code=123456
INFO: [ app_init ] --START--
INFO: Run Behavior\BuildLiteBehavior [ RunTime:0.000009s ]
INFO: [ app_init ] --END-- [ RunTime:0.000064s ]
INFO: [ app_begin ] --START--
INFO: Run Behavior\ReadHtmlCacheBehavior [ RunTime:0.000026s ]
INFO: [ app_begin ] --END-- [ RunTime:0.000050s ]
SQL: SHOW COLUMNS FROM `think_admin` [ RunTime:0.0004s ]
SQL: SELECT `password` FROM `think_admin` WHERE ( power=1 ) LIMIT 1   [ RunTime:0.0001s ]
INFO: [ app_end ] --START--
INFO: Run Behavior\ShowPageTraceBehavior [ RunTime:0.000035s ]
INFO: [ app_end ] --END-- [ RunTime:0.000060s ]

[ 2016-11-05T22:16:43+08:00 ] 127.0.0.1 /Api/Admin/operate?id=2&act=unblock
INFO: [ app_init ] --START--
INFO: Run Behavior\BuildLiteBehavior [ RunTime:0.000012s ]
INFO: [ app_init ] --END-- [ RunTime:0.000081s ]
INFO: [ app_begin ] --START--
INFO: Run Behavior\ReadHtmlCacheBehavior [ RunTime:0.000035s ]
INFO: [ app_begin ] --END-- [ RunTime:0.000069s ]
INFO: [ app_end ] --START--
INFO: Run Behavior\ShowPageTraceBehavior [ RunTime:0.000030s ]
INFO: [ app_end ] --END-- [ RunTime:0.000064s ]

[ 2016-11-05T22:16:48+08:00 ] 127.0.0.1 /Api/Admin/validateCode?code=123456
INFO: [ app_init ] --START--
INFO: Run Behavior\BuildLiteBehavior [ RunTime:0.000012s ]
INFO: [ app_init ] --END-- [ RunTime:0.000084s ]
INFO: [ app_begin ] --START--
INFO: Run Behavior\ReadHtmlCacheBehavior [ RunTime:0.000039s ]
INFO: [ app_begin ] --END-- [ RunTime:0.000082s ]
SQL: SHOW COLUMNS FROM `think_admin` [ RunTime:0.0006s ]
SQL: SELECT `password` FROM `think_admin` WHERE ( power=1 ) LIMIT 1   [ RunTime:0.0001s ]
INFO: [ app_end ] --START--
INFO: Run Behavior\ShowPageTraceBehavior [ RunTime:0.000079s ]
INFO: [ app_end ] --END-- [ RunTime:0.000132s ]

[ 2016-11-05T22:16:48+08:00 ] 127.0.0.1 /Api/Admin/operate?id=2&act=block
INFO: [ app_init ] --START--
INFO: Run Behavior\BuildLiteBehavior [ RunTime:0.000010s ]
INFO: [ app_init ] --END-- [ RunTime:0.000070s ]
INFO: [ app_begin ] --START--
INFO: Run Behavior\ReadHtmlCacheBehavior [ RunTime:0.000030s ]
INFO: [ app_begin ] --END-- [ RunTime:0.000059s ]
INFO: [ app_end ] --START--
INFO: Run Behavior\ShowPageTraceBehavior [ RunTime:0.000025s ]
INFO: [ app_end ] --END-- [ RunTime:0.000055s ]

[ 2016-11-05T22:16:54+08:00 ] 127.0.0.1 /Api/Admin/validateCode?code=123456
INFO: [ app_init ] --START--
INFO: Run Behavior\BuildLiteBehavior [ RunTime:0.000018s ]
INFO: [ app_init ] --END-- [ RunTime:0.000129s ]
INFO: [ app_begin ] --START--
INFO: Run Behavior\ReadHtmlCacheBehavior [ RunTime:0.000061s ]
INFO: [ app_begin ] --END-- [ RunTime:0.000120s ]
SQL: SHOW COLUMNS FROM `think_admin` [ RunTime:0.0007s ]
SQL: SELECT `password` FROM `think_admin` WHERE ( power=1 ) LIMIT 1   [ RunTime:0.0001s ]
INFO: [ app_end ] --START--
INFO: Run Behavior\ShowPageTraceBehavior [ RunTime:0.000059s ]
INFO: [ app_end ] --END-- [ RunTime:0.000094s ]

[ 2016-11-05T22:16:54+08:00 ] 127.0.0.1 /Api/Admin/operate?id=3&act=delete
INFO: [ app_init ] --START--
INFO: Run Behavior\BuildLiteBehavior [ RunTime:0.000013s ]
INFO: [ app_init ] --END-- [ RunTime:0.000084s ]
INFO: [ app_begin ] --START--
INFO: Run Behavior\ReadHtmlCacheBehavior [ RunTime:0.000035s ]
INFO: [ app_begin ] --END-- [ RunTime:0.000071s ]
INFO: [ app_end ] --START--
INFO: Run Behavior\ShowPageTraceBehavior [ RunTime:0.000036s ]
INFO: [ app_end ] --END-- [ RunTime:0.000062s ]

[ 2016-11-05T22:22:55+08:00 ] 127.0.0.1 /Api/Admin/validateCode?code=123456
INFO: [ app_init ] --START--
INFO: Run Behavior\BuildLiteBehavior [ RunTime:0.000013s ]
INFO: [ app_init ] --END-- [ RunTime:0.000087s ]
INFO: [ app_begin ] --START--
INFO: Run Behavior\ReadHtmlCacheBehavior [ RunTime:0.000040s ]
INFO: [ app_begin ] --END-- [ RunTime:0.000074s ]
SQL: SHOW COLUMNS FROM `think_admin` [ RunTime:0.0006s ]
SQL: SELECT `password` FROM `think_admin` WHERE ( power=1 ) LIMIT 1   [ RunTime:0.0002s ]
INFO: [ app_end ] --START--
INFO: Run Behavior\ShowPageTraceBehavior [ RunTime:0.000043s ]
INFO: [ app_end ] --END-- [ RunTime:0.000077s ]

[ 2016-11-05T22:22:55+08:00 ] 127.0.0.1 /Api/Admin/operate?id=2&act=block
INFO: [ app_init ] --START--
INFO: Run Behavior\BuildLiteBehavior [ RunTime:0.000011s ]
INFO: [ app_init ] --END-- [ RunTime:0.000073s ]
INFO: [ app_begin ] --START--
INFO: Run Behavior\ReadHtmlCacheBehavior [ RunTime:0.000030s ]
INFO: [ app_begin ] --END-- [ RunTime:0.000061s ]
SQL: SHOW COLUMNS FROM `think_admin` [ RunTime:0.0006s ]
SQL: UPDATE `think_admin` SET `is_block`='1' WHERE ( id=2 ) [ RunTime:0.0004s ]
INFO: [ app_end ] --START--
INFO: Run Behavior\ShowPageTraceBehavior [ RunTime:0.000061s ]
INFO: [ app_end ] --END-- [ RunTime:0.000099s ]

[ 2016-11-05T22:23:03+08:00 ] 127.0.0.1 /Api/Admin/validateCode?code=123456
INFO: [ app_init ] --START--
INFO: Run Behavior\BuildLiteBehavior [ RunTime:0.000019s ]
INFO: [ app_init ] --END-- [ RunTime:0.000141s ]
INFO: [ app_begin ] --START--
INFO: Run Behavior\ReadHtmlCacheBehavior [ RunTime:0.000066s ]
INFO: [ app_begin ] --END-- [ RunTime:0.000122s ]
SQL: SHOW COLUMNS FROM `think_admin` [ RunTime:0.0006s ]
SQL: SELECT `password` FROM `think_admin` WHERE ( power=1 ) LIMIT 1   [ RunTime:0.0002s ]
INFO: [ app_end ] --START--
INFO: Run Behavior\ShowPageTraceBehavior [ RunTime:0.000081s ]
INFO: [ app_end ] --END-- [ RunTime:0.000137s ]

[ 2016-11-05T22:23:03+08:00 ] 127.0.0.1 /Api/Admin/operate?id=2&act=unblock
INFO: [ app_init ] --START--
INFO: Run Behavior\BuildLiteBehavior [ RunTime:0.000011s ]
INFO: [ app_init ] --END-- [ RunTime:0.000074s ]
INFO: [ app_begin ] --START--
INFO: Run Behavior\ReadHtmlCacheBehavior [ RunTime:0.000032s ]
INFO: [ app_begin ] --END-- [ RunTime:0.000064s ]
SQL: SHOW COLUMNS FROM `think_admin` [ RunTime:0.0006s ]
SQL: UPDATE `think_admin` SET `is_block`='0' WHERE ( id=2 ) [ RunTime:0.0003s ]
INFO: [ app_end ] --START--
INFO: Run Behavior\ShowPageTraceBehavior [ RunTime:0.000043s ]
INFO: [ app_end ] --END-- [ RunTime:0.000076s ]

[ 2016-11-05T22:23:09+08:00 ] 127.0.0.1 /Api/Admin/validateCode?code=123456
INFO: [ app_init ] --START--
INFO: Run Behavior\BuildLiteBehavior [ RunTime:0.000009s ]
INFO: [ app_init ] --END-- [ RunTime:0.000069s ]
INFO: [ app_begin ] --START--
INFO: Run Behavior\ReadHtmlCacheBehavior [ RunTime:0.000067s ]
INFO: [ app_begin ] --END-- [ RunTime:0.000124s ]
SQL: SHOW COLUMNS FROM `think_admin` [ RunTime:0.0004s ]
SQL: SELECT `password` FROM `think_admin` WHERE ( power=1 ) LIMIT 1   [ RunTime:0.0001s ]
INFO: [ app_end ] --START--
INFO: Run Behavior\ShowPageTraceBehavior [ RunTime:0.000047s ]
INFO: [ app_end ] --END-- [ RunTime:0.000073s ]

[ 2016-11-05T22:23:09+08:00 ] 127.0.0.1 /Api/Admin/operate?id=2&act=unblock
INFO: [ app_init ] --START--
INFO: Run Behavior\BuildLiteBehavior [ RunTime:0.000017s ]
INFO: [ app_init ] --END-- [ RunTime:0.000127s ]
INFO: [ app_begin ] --START--
INFO: Run Behavior\ReadHtmlCacheBehavior [ RunTime:0.000047s ]
INFO: [ app_begin ] --END-- [ RunTime:0.000094s ]
SQL: SHOW COLUMNS FROM `think_admin` [ RunTime:0.0009s ]
SQL: UPDATE `think_admin` SET `is_block`='0' WHERE ( id=2 ) [ RunTime:0.0003s ]
INFO: [ app_end ] --START--
INFO: Run Behavior\ShowPageTraceBehavior [ RunTime:0.000052s ]
INFO: [ app_end ] --END-- [ RunTime:0.000094s ]

[ 2016-11-05T22:23:15+08:00 ] 127.0.0.1 /Api/Admin/validateCode?code=123456
INFO: [ app_init ] --START--
INFO: Run Behavior\BuildLiteBehavior [ RunTime:0.000018s ]
INFO: [ app_init ] --END-- [ RunTime:0.000134s ]
INFO: [ app_begin ] --START--
INFO: Run Behavior\ReadHtmlCacheBehavior [ RunTime:0.000066s ]
INFO: [ app_begin ] --END-- [ RunTime:0.000117s ]
SQL: SHOW COLUMNS FROM `think_admin` [ RunTime:0.0009s ]
SQL: SELECT `password` FROM `think_admin` WHERE ( power=1 ) LIMIT 1   [ RunTime:0.0001s ]
INFO: [ app_end ] --START--
INFO: Run Behavior\ShowPageTraceBehavior [ RunTime:0.000104s ]
INFO: [ app_end ] --END-- [ RunTime:0.000210s ]

[ 2016-11-05T22:23:15+08:00 ] 127.0.0.1 /Api/Admin/operate?id=2&act=block
INFO: [ app_init ] --START--
INFO: Run Behavior\BuildLiteBehavior [ RunTime:0.000008s ]
INFO: [ app_init ] --END-- [ RunTime:0.000056s ]
INFO: [ app_begin ] --START--
INFO: Run Behavior\ReadHtmlCacheBehavior [ RunTime:0.000022s ]
INFO: [ app_begin ] --END-- [ RunTime:0.000044s ]
SQL: SHOW COLUMNS FROM `think_admin` [ RunTime:0.0007s ]
SQL: UPDATE `think_admin` SET `is_block`='1' WHERE ( id=2 ) [ RunTime:0.0003s ]
INFO: [ app_end ] --START--
INFO: Run Behavior\ShowPageTraceBehavior [ RunTime:0.000051s ]
INFO: [ app_end ] --END-- [ RunTime:0.000085s ]

